Loaded module: gcc/12.3.0-binutils-2.40
Loaded module: cuda/12.2.2
n_test:  	1044
n_top:  	298
n_right:  	224
n_bottom:	298
n_left:  	224
n_int:  	1028
n_ext:  	1048
n_obs:  	90000
n:      	90000
We are computing on the device!

It took 6.689061e-04 seconds to setup the segments!


It took 1.6805e-01 seconds to solve the linear system for segment 1.


It took 1.6809e-01 seconds to solve all the linear systems.


It took 3.0192e-02 seconds to compute the scattered field matrices for segment 1.


It took 1.7172e-04 seconds to compute the combined scattered fields in the observation points.


It took 2.9908e-02 seconds to compute the interior field matrices for segment 1.


It took 2.6720e-05 seconds to compute the combined interior fields in the observation points.


It took 8.1691e-05 seconds to compute the combined incident fields in the observation points.


It took 1.3618e-01 seconds to solve the linear system for segment 1.


It took 1.3619e-01 seconds to solve all the linear systems.


It took 3.0069e-02 seconds to compute the scattered field matrices for segment 1.


It took 3.4942e-05 seconds to compute the combined scattered fields in the observation points.


It took 2.9796e-02 seconds to compute the interior field matrices for segment 1.


It took 2.4116e-05 seconds to compute the combined interior fields in the observation points.


It took 4.4025e-05 seconds to compute the combined incident fields in the observation points.

DESTRUCTED!
n_test:  	1044
n_top:  	298
n_right:  	224
n_bottom:	298
n_left:  	224
n_int:  	1028
n_ext:  	1048
n_obs:  	90000
n:      	90000
We are computing on the device!

It took 4.573520e-04 seconds to setup the segments!


It took 1.4536e-01 seconds to solve the linear system for segment 1.


It took 1.4538e-01 seconds to solve all the linear systems.


It took 3.0126e-02 seconds to compute the scattered field matrices for segment 1.


It took 7.9278e-05 seconds to compute the combined scattered fields in the observation points.


It took 7.0445e-05 seconds to compute the combined incident fields in the observation points.


It took 1.4343e-01 seconds to solve the linear system for segment 1.


It took 1.4345e-01 seconds to solve all the linear systems.


It took 3.0009e-02 seconds to compute the scattered field matrices for segment 1.


It took 2.5548e-05 seconds to compute the combined scattered fields in the observation points.


It took 4.4837e-05 seconds to compute the combined incident fields in the observation points.

DESTRUCTED!
n_test:  	744
n_top:  	148
n_right:  	224
n_bottom:	148
n_left:  	224
n_int:  	728
n_ext:  	748
n_obs:  	90000
n:      	90000
We are computing on the device!

It took 8.714381e-04 seconds to setup the segments!


It took 1.9284e-01 seconds to solve the linear system for segment 2.


It took 1.9863e-01 seconds to solve the linear system for segment 1.


It took 1.9887e-01 seconds to solve all the linear systems.


It took 2.0820e-02 seconds to compute the scattered field matrices for segment 1.


It took 2.0650e-02 seconds to compute the scattered field matrices for segment 2.


It took 2.2445e-04 seconds to compute the combined scattered fields in the observation points.


It took 2.1920e-02 seconds to compute the interior field matrices for segment 1.


It took 2.1872e-02 seconds to compute the interior field matrices for segment 2.


It took 4.2764e-05 seconds to compute the combined interior fields in the observation points.


It took 1.0682e-04 seconds to compute the combined incident fields in the observation points.


It took 1.6790e-01 seconds to solve the linear system for segment 1.


It took 1.6903e-01 seconds to solve the linear system for segment 2.


It took 1.6913e-01 seconds to solve all the linear systems.


It took 2.0739e-02 seconds to compute the scattered field matrices for segment 1.


It took 2.0736e-02 seconds to compute the scattered field matrices for segment 2.


It took 4.5488e-05 seconds to compute the combined scattered fields in the observation points.


It took 2.1849e-02 seconds to compute the interior field matrices for segment 1.


It took 2.1861e-02 seconds to compute the interior field matrices for segment 2.


It took 4.2413e-05 seconds to compute the combined interior fields in the observation points.


It took 4.3345e-05 seconds to compute the combined incident fields in the observation points.

DESTRUCTED!
n_test:  	744
n_top:  	148
n_right:  	224
n_bottom:	148
n_left:  	224
n_int:  	728
n_ext:  	748
n_obs:  	90000
n:      	90000
We are computing on the device!

It took 6.463630e-04 seconds to setup the segments!


It took 1.8945e-01 seconds to solve the linear system for segment 1.


It took 2.0304e-01 seconds to solve the linear system for segment 2.


It took 2.0326e-01 seconds to solve all the linear systems.


It took 2.0793e-02 seconds to compute the scattered field matrices for segment 1.


It took 2.0583e-02 seconds to compute the scattered field matrices for segment 2.


It took 1.1317e-04 seconds to compute the combined scattered fields in the observation points.


It took 6.8973e-05 seconds to compute the combined incident fields in the observation points.


It took 1.7089e-01 seconds to solve the linear system for segment 2.


It took 1.7303e-01 seconds to solve the linear system for segment 1.


It took 1.7309e-01 seconds to solve all the linear systems.


It took 2.0678e-02 seconds to compute the scattered field matrices for segment 1.


It took 2.0669e-02 seconds to compute the scattered field matrices for segment 2.


It took 4.4757e-05 seconds to compute the combined scattered fields in the observation points.


It took 4.9634e-05 seconds to compute the combined incident fields in the observation points.

DESTRUCTED!
n_test:  	644
n_top:  	98
n_right:  	224
n_bottom:	98
n_left:  	224
n_int:  	628
n_ext:  	648
n_obs:  	90000
n:      	90000
We are computing on the device!

It took 1.031587e-03 seconds to setup the segments!


It took 2.6596e-01 seconds to solve the linear system for segment 3.


It took 2.7292e-01 seconds to solve the linear system for segment 1.


It took 2.7492e-01 seconds to solve the linear system for segment 2.


It took 2.7525e-01 seconds to solve all the linear systems.


It took 1.8652e-02 seconds to compute the scattered field matrices for segment 1.


It took 1.8401e-02 seconds to compute the scattered field matrices for segment 2.


It took 1.8540e-02 seconds to compute the scattered field matrices for segment 3.


It took 4.7446e-04 seconds to compute the combined scattered fields in the observation points.


It took 1.8398e-02 seconds to compute the interior field matrices for segment 1.


It took 1.8487e-02 seconds to compute the interior field matrices for segment 2.


It took 1.8400e-02 seconds to compute the interior field matrices for segment 3.


It took 6.6740e-05 seconds to compute the combined interior fields in the observation points.


It took 1.0495e-04 seconds to compute the combined incident fields in the observation points.


It took 2.3857e-01 seconds to solve the linear system for segment 1.


It took 2.4833e-01 seconds to solve the linear system for segment 3.


It took 2.4937e-01 seconds to solve the linear system for segment 2.


It took 2.4954e-01 seconds to solve all the linear systems.


It took 1.8392e-02 seconds to compute the scattered field matrices for segment 1.


It took 1.8413e-02 seconds to compute the scattered field matrices for segment 2.


It took 1.8456e-02 seconds to compute the scattered field matrices for segment 3.


It took 6.3154e-05 seconds to compute the combined scattered fields in the observation points.


It took 1.8305e-02 seconds to compute the interior field matrices for segment 1.


It took 1.8427e-02 seconds to compute the interior field matrices for segment 2.


It took 1.8478e-02 seconds to compute the interior field matrices for segment 3.


It took 6.1181e-05 seconds to compute the combined interior fields in the observation points.


It took 4.3985e-05 seconds to compute the combined incident fields in the observation points.

DESTRUCTED!
n_test:  	644
n_top:  	98
n_right:  	224
n_bottom:	98
n_left:  	224
n_int:  	628
n_ext:  	648
n_obs:  	90000
n:      	90000
We are computing on the device!

It took 8.566871e-04 seconds to setup the segments!


It took 2.5769e-01 seconds to solve the linear system for segment 2.


It took 2.5844e-01 seconds to solve the linear system for segment 3.


It took 2.5902e-01 seconds to solve the linear system for segment 1.


It took 2.5923e-01 seconds to solve all the linear systems.


It took 1.8582e-02 seconds to compute the scattered field matrices for segment 1.


It took 1.8384e-02 seconds to compute the scattered field matrices for segment 2.


It took 1.8506e-02 seconds to compute the scattered field matrices for segment 3.


It took 1.3977e-04 seconds to compute the combined scattered fields in the observation points.


It took 7.1146e-05 seconds to compute the combined incident fields in the observation points.


It took 2.4447e-01 seconds to solve the linear system for segment 3.


It took 2.4655e-01 seconds to solve the linear system for segment 1.


It took 2.4755e-01 seconds to solve the linear system for segment 2.


It took 2.4763e-01 seconds to solve all the linear systems.


It took 1.8403e-02 seconds to compute the scattered field matrices for segment 1.


It took 1.8407e-02 seconds to compute the scattered field matrices for segment 2.


It took 1.8397e-02 seconds to compute the scattered field matrices for segment 3.


It took 6.1712e-05 seconds to compute the combined scattered fields in the observation points.


It took 4.3795e-05 seconds to compute the combined incident fields in the observation points.

DESTRUCTED!
n_test:  	594
n_top:  	73
n_right:  	224
n_bottom:	73
n_left:  	224
n_int:  	578
n_ext:  	598
n_obs:  	90000
n:      	90000
We are computing on the device!

It took 1.204775e-03 seconds to setup the segments!


It took 2.6084e-01 seconds to solve the linear system for segment 3.


It took 3.2015e-01 seconds to solve the linear system for segment 1.


It took 3.2214e-01 seconds to solve the linear system for segment 2.


It took 3.2268e-01 seconds to solve the linear system for segment 4.


It took 3.2305e-01 seconds to solve all the linear systems.


It took 1.9785e-02 seconds to compute the scattered field matrices for segment 1.


It took 1.9662e-02 seconds to compute the scattered field matrices for segment 2.


It took 1.9732e-02 seconds to compute the scattered field matrices for segment 3.


It took 1.9675e-02 seconds to compute the scattered field matrices for segment 4.


It took 4.8537e-04 seconds to compute the combined scattered fields in the observation points.


It took 2.0391e-02 seconds to compute the interior field matrices for segment 1.


It took 2.0334e-02 seconds to compute the interior field matrices for segment 2.


It took 2.0369e-02 seconds to compute the interior field matrices for segment 3.


It took 2.0354e-02 seconds to compute the interior field matrices for segment 4.


It took 7.8577e-05 seconds to compute the combined interior fields in the observation points.


It took 1.0761e-04 seconds to compute the combined incident fields in the observation points.


It took 2.3467e-01 seconds to solve the linear system for segment 3.


It took 2.9460e-01 seconds to solve the linear system for segment 2.


It took 2.9595e-01 seconds to solve the linear system for segment 4.


It took 2.9873e-01 seconds to solve the linear system for segment 1.


It took 2.9888e-01 seconds to solve all the linear systems.


It took 1.9645e-02 seconds to compute the scattered field matrices for segment 1.


It took 1.9623e-02 seconds to compute the scattered field matrices for segment 2.


It took 1.9644e-02 seconds to compute the scattered field matrices for segment 3.


It took 1.9709e-02 seconds to compute the scattered field matrices for segment 4.


It took 8.0359e-05 seconds to compute the combined scattered fields in the observation points.


It took 2.0351e-02 seconds to compute the interior field matrices for segment 1.


It took 2.0308e-02 seconds to compute the interior field matrices for segment 2.


It took 2.0298e-02 seconds to compute the interior field matrices for segment 3.


It took 2.0282e-02 seconds to compute the interior field matrices for segment 4.


It took 7.9528e-05 seconds to compute the combined interior fields in the observation points.


It took 4.3925e-05 seconds to compute the combined incident fields in the observation points.

DESTRUCTED!
n_test:  	594
n_top:  	73
n_right:  	224
n_bottom:	73
n_left:  	224
n_int:  	578
n_ext:  	598
n_obs:  	90000
n:      	90000
We are computing on the device!

It took 1.032909e-03 seconds to setup the segments!


It took 2.6434e-01 seconds to solve the linear system for segment 3.


It took 3.1226e-01 seconds to solve the linear system for segment 4.


It took 3.1399e-01 seconds to solve the linear system for segment 2.


It took 3.1451e-01 seconds to solve the linear system for segment 1.


It took 3.1468e-01 seconds to solve all the linear systems.


It took 1.9735e-02 seconds to compute the scattered field matrices for segment 1.


It took 1.9674e-02 seconds to compute the scattered field matrices for segment 2.


It took 1.9675e-02 seconds to compute the scattered field matrices for segment 3.


It took 1.9615e-02 seconds to compute the scattered field matrices for segment 4.


It took 2.1705e-04 seconds to compute the combined scattered fields in the observation points.


It took 7.0605e-05 seconds to compute the combined incident fields in the observation points.


It took 2.5975e-01 seconds to solve the linear system for segment 3.


It took 3.1554e-01 seconds to solve the linear system for segment 4.


It took 3.1750e-01 seconds to solve the linear system for segment 2.


It took 3.1852e-01 seconds to solve the linear system for segment 1.


It took 3.1863e-01 seconds to solve all the linear systems.


It took 1.9672e-02 seconds to compute the scattered field matrices for segment 1.


It took 1.9656e-02 seconds to compute the scattered field matrices for segment 2.


It took 1.9663e-02 seconds to compute the scattered field matrices for segment 3.


It took 1.9626e-02 seconds to compute the scattered field matrices for segment 4.


It took 7.9458e-05 seconds to compute the combined scattered fields in the observation points.


It took 4.1803e-05 seconds to compute the combined incident fields in the observation points.

DESTRUCTED!
n_test:  	564
n_top:  	58
n_right:  	224
n_bottom:	58
n_left:  	224
n_int:  	548
n_ext:  	568
n_obs:  	90000
n:      	90000
We are computing on the device!

It took 1.543720e-03 seconds to setup the segments!


It took 2.9647e-01 seconds to solve the linear system for segment 4.


It took 3.5023e-01 seconds to solve the linear system for segment 3.


It took 3.6472e-01 seconds to solve the linear system for segment 5.


It took 3.6759e-01 seconds to solve the linear system for segment 2.


It took 3.6843e-01 seconds to solve the linear system for segment 1.


It took 3.6886e-01 seconds to solve all the linear systems.


It took 1.6335e-02 seconds to compute the scattered field matrices for segment 1.


It took 1.5957e-02 seconds to compute the scattered field matrices for segment 2.


It took 1.5956e-02 seconds to compute the scattered field matrices for segment 3.


It took 1.5963e-02 seconds to compute the scattered field matrices for segment 4.


It took 1.5910e-02 seconds to compute the scattered field matrices for segment 5.


It took 3.2334e-04 seconds to compute the combined scattered fields in the observation points.


It took 1.6038e-02 seconds to compute the interior field matrices for segment 1.


It took 1.6057e-02 seconds to compute the interior field matrices for segment 2.


It took 1.5996e-02 seconds to compute the interior field matrices for segment 3.


It took 1.6009e-02 seconds to compute the interior field matrices for segment 4.


It took 1.6011e-02 seconds to compute the interior field matrices for segment 5.


It took 9.8307e-05 seconds to compute the combined interior fields in the observation points.


It took 1.2718e-04 seconds to compute the combined incident fields in the observation points.


It took 2.5840e-01 seconds to solve the linear system for segment 4.


It took 3.3690e-01 seconds to solve the linear system for segment 3.


It took 3.4849e-01 seconds to solve the linear system for segment 5.


It took 3.5583e-01 seconds to solve the linear system for segment 1.


It took 3.5843e-01 seconds to solve the linear system for segment 2.


It took 3.5855e-01 seconds to solve all the linear systems.


It took 1.5992e-02 seconds to compute the scattered field matrices for segment 1.


It took 1.5975e-02 seconds to compute the scattered field matrices for segment 2.


It took 1.5940e-02 seconds to compute the scattered field matrices for segment 3.


It took 1.6000e-02 seconds to compute the scattered field matrices for segment 4.


It took 1.5933e-02 seconds to compute the scattered field matrices for segment 5.


It took 9.9648e-05 seconds to compute the combined scattered fields in the observation points.


It took 1.6056e-02 seconds to compute the interior field matrices for segment 1.


It took 1.6009e-02 seconds to compute the interior field matrices for segment 2.


It took 1.6016e-02 seconds to compute the interior field matrices for segment 3.


It took 1.6020e-02 seconds to compute the interior field matrices for segment 4.


It took 1.6095e-02 seconds to compute the interior field matrices for segment 5.


It took 9.9549e-05 seconds to compute the combined interior fields in the observation points.


It took 4.3505e-05 seconds to compute the combined incident fields in the observation points.

DESTRUCTED!
n_test:  	564
n_top:  	58
n_right:  	224
n_bottom:	58
n_left:  	224
n_int:  	548
n_ext:  	568
n_obs:  	90000
n:      	90000
We are computing on the device!

It took 1.169762e-03 seconds to setup the segments!


It took 3.5094e-01 seconds to solve the linear system for segment 1.


It took 3.5146e-01 seconds to solve the linear system for segment 5.


It took 3.5880e-01 seconds to solve the linear system for segment 4.


It took 3.6061e-01 seconds to solve the linear system for segment 2.


It took 3.6136e-01 seconds to solve the linear system for segment 3.


It took 3.6161e-01 seconds to solve all the linear systems.


It took 1.6067e-02 seconds to compute the scattered field matrices for segment 1.


It took 1.5970e-02 seconds to compute the scattered field matrices for segment 2.


It took 1.6022e-02 seconds to compute the scattered field matrices for segment 3.


It took 1.5982e-02 seconds to compute the scattered field matrices for segment 4.


It took 1.5966e-02 seconds to compute the scattered field matrices for segment 5.


It took 1.8873e-04 seconds to compute the combined scattered fields in the observation points.


It took 7.2408e-05 seconds to compute the combined incident fields in the observation points.


It took 2.6076e-01 seconds to solve the linear system for segment 4.


It took 3.2639e-01 seconds to solve the linear system for segment 3.


It took 3.3645e-01 seconds to solve the linear system for segment 5.


It took 3.3994e-01 seconds to solve the linear system for segment 2.


It took 3.4678e-01 seconds to solve the linear system for segment 1.


It took 3.4688e-01 seconds to solve all the linear systems.


It took 1.5952e-02 seconds to compute the scattered field matrices for segment 1.


It took 1.5969e-02 seconds to compute the scattered field matrices for segment 2.


It took 1.5905e-02 seconds to compute the scattered field matrices for segment 3.


It took 1.5913e-02 seconds to compute the scattered field matrices for segment 4.


It took 1.5902e-02 seconds to compute the scattered field matrices for segment 5.


It took 1.0150e-04 seconds to compute the combined scattered fields in the observation points.


It took 4.6219e-05 seconds to compute the combined incident fields in the observation points.

DESTRUCTED!
n_test:  	1044
n_top:  	298
n_right:  	224
n_bottom:	298
n_left:  	224
n_int:  	1028
n_ext:  	1048
n_obs:  	90000
n:      	90000
We are computing on the device!

It took 6.467341e-04 seconds to setup the segments!


It took 1.7059e-01 seconds to solve the linear system for segment 1.


It took 1.7062e-01 seconds to solve all the linear systems.


It took 3.0094e-02 seconds to compute the scattered field matrices for segment 1.


It took 1.7137e-04 seconds to compute the combined scattered fields in the observation points.


It took 2.9930e-02 seconds to compute the interior field matrices for segment 1.


It took 2.6800e-05 seconds to compute the combined interior fields in the observation points.


It took 8.8462e-05 seconds to compute the combined incident fields in the observation points.


It took 1.3926e-01 seconds to solve the linear system for segment 1.


It took 1.3928e-01 seconds to solve all the linear systems.


It took 3.0052e-02 seconds to compute the scattered field matrices for segment 1.


It took 2.6359e-05 seconds to compute the combined scattered fields in the observation points.


It took 2.9841e-02 seconds to compute the interior field matrices for segment 1.


It took 2.4817e-05 seconds to compute the combined interior fields in the observation points.


It took 4.3294e-05 seconds to compute the combined incident fields in the observation points.

DESTRUCTED!
n_test:  	1044
n_top:  	298
n_right:  	224
n_bottom:	298
n_left:  	224
n_int:  	1028
n_ext:  	1048
n_obs:  	90000
n:      	90000
We are computing on the device!

It took 4.818270e-04 seconds to setup the segments!


It took 1.4242e-01 seconds to solve the linear system for segment 1.


It took 1.4244e-01 seconds to solve all the linear systems.


It took 3.0029e-02 seconds to compute the scattered field matrices for segment 1.


It took 7.7235e-05 seconds to compute the combined scattered fields in the observation points.


It took 6.7360e-05 seconds to compute the combined incident fields in the observation points.


It took 1.2489e-01 seconds to solve the linear system for segment 1.


It took 1.2491e-01 seconds to solve all the linear systems.


It took 3.0036e-02 seconds to compute the scattered field matrices for segment 1.


It took 2.4867e-05 seconds to compute the combined scattered fields in the observation points.


It took 4.2974e-05 seconds to compute the combined incident fields in the observation points.

DESTRUCTED!
n_test:  	744
n_top:  	148
n_right:  	224
n_bottom:	148
n_left:  	224
n_int:  	728
n_ext:  	748
n_obs:  	90000
n:      	90000
We are computing on the device!

It took 8.610229e-04 seconds to setup the segments!


It took 1.9500e-01 seconds to solve the linear system for segment 2.


It took 1.9833e-01 seconds to solve the linear system for segment 1.


It took 1.9861e-01 seconds to solve all the linear systems.


It took 2.0861e-02 seconds to compute the scattered field matrices for segment 1.


It took 2.0672e-02 seconds to compute the scattered field matrices for segment 2.


It took 2.1725e-04 seconds to compute the combined scattered fields in the observation points.


It took 2.1894e-02 seconds to compute the interior field matrices for segment 1.


It took 2.1847e-02 seconds to compute the interior field matrices for segment 2.


It took 4.4005e-05 seconds to compute the combined interior fields in the observation points.


It took 9.7055e-05 seconds to compute the combined incident fields in the observation points.


It took 1.8052e-01 seconds to solve the linear system for segment 2.


It took 1.8161e-01 seconds to solve the linear system for segment 1.


It took 1.8172e-01 seconds to solve all the linear systems.


It took 2.0783e-02 seconds to compute the scattered field matrices for segment 1.


It took 2.0724e-02 seconds to compute the scattered field matrices for segment 2.


It took 4.4566e-05 seconds to compute the combined scattered fields in the observation points.


It took 2.1896e-02 seconds to compute the interior field matrices for segment 1.


It took 2.1907e-02 seconds to compute the interior field matrices for segment 2.


It took 4.4697e-05 seconds to compute the combined interior fields in the observation points.


It took 4.5488e-05 seconds to compute the combined incident fields in the observation points.

DESTRUCTED!
n_test:  	744
n_top:  	148
n_right:  	224
n_bottom:	148
n_left:  	224
n_int:  	728
n_ext:  	748
n_obs:  	90000
n:      	90000
We are computing on the device!

It took 6.505789e-04 seconds to setup the segments!


It took 1.9868e-01 seconds to solve the linear system for segment 1.


It took 2.1587e-01 seconds to solve the linear system for segment 2.


It took 2.1606e-01 seconds to solve all the linear systems.


It took 2.0821e-02 seconds to compute the scattered field matrices for segment 1.


It took 2.0619e-02 seconds to compute the scattered field matrices for segment 2.


It took 1.1530e-04 seconds to compute the combined scattered fields in the observation points.


It took 7.2388e-05 seconds to compute the combined incident fields in the observation points.


It took 1.6034e-01 seconds to solve the linear system for segment 1.


It took 1.9010e-01 seconds to solve the linear system for segment 2.


It took 1.9022e-01 seconds to solve all the linear systems.


It took 2.0684e-02 seconds to compute the scattered field matrices for segment 1.


It took 2.0697e-02 seconds to compute the scattered field matrices for segment 2.


It took 4.5437e-05 seconds to compute the combined scattered fields in the observation points.


It took 4.5218e-05 seconds to compute the combined incident fields in the observation points.

DESTRUCTED!
Traceback (most recent call last):
  File "/usr/lib64/python3.9/site-packages/PIL/ImageFile.py", line 515, in _save
    fh = fp.fileno()
AttributeError: '_idat' object has no attribute 'fileno'

During handling of the above exception, another exception occurred:

Traceback (most recent call last):
  File "/zhome/00/b/147112/bioscat/Scripts/main/forward.py", line 211, in <module>
    segmentTest(num_segments=num_segments, beta = beta, protein_structure = protein_structure)
  File "/zhome/00/b/147112/bioscat/Scripts/main/forward.py", line 160, in segmentTest
    executeForward(x = X, y = Y, num_segments = num_segments, beta = beta, total_grid_points=grid_size, protein_structure = protein_structure, deviceComputation = True, location = location)
  File "/zhome/00/b/147112/bioscat/Scripts/main/forward.py", line 106, in executeForward
    plt.savefig(f'{dir}/tmpplots/{field_typ}{var}_{typ}.png',dpi=300)
  File "/usr/lib64/python3.9/site-packages/matplotlib/pyplot.py", line 966, in savefig
    res = fig.savefig(*args, **kwargs)
  File "/usr/lib64/python3.9/site-packages/matplotlib/figure.py", line 3015, in savefig
    self.canvas.print_figure(fname, **kwargs)
  File "/usr/lib64/python3.9/site-packages/matplotlib/backend_bases.py", line 2255, in print_figure
    result = print_method(
  File "/usr/lib64/python3.9/site-packages/matplotlib/backend_bases.py", line 1669, in wrapper
    return func(*args, **kwargs)
  File "/usr/lib64/python3.9/site-packages/matplotlib/backends/backend_agg.py", line 509, in print_png
    mpl.image.imsave(
  File "/usr/lib64/python3.9/site-packages/matplotlib/image.py", line 1616, in imsave
    image.save(fname, **pil_kwargs)
  File "/usr/lib64/python3.9/site-packages/PIL/Image.py", line 2413, in save
    save_handler(self, fp, filename)
  File "/usr/lib64/python3.9/site-packages/PIL/PngImagePlugin.py", line 1398, in _save
    ImageFile._save(im, _idat(fp, chunk), [("zip", (0, 0) + im.size, 0, rawmode)])
  File "/usr/lib64/python3.9/site-packages/PIL/ImageFile.py", line 519, in _save
    _encode_tile(im, fp, tile, bufsize, None, exc)
  File "/usr/lib64/python3.9/site-packages/PIL/ImageFile.py", line 538, in _encode_tile
    errcode, data = encoder.encode(bufsize)[1:]
KeyboardInterrupt

------------------------------------------------------------
Sender: LSF System <lsfadmin@hpc.dtu.dk>
Subject: Job 23280272: <forward> in cluster <dcc> Exited

Job <forward> was submitted from host <hpclogin1> by user <s194146> in cluster <dcc> at Wed Nov 27 21:27:21 2024
Job was executed on host(s) <64*n-62-12-81>, in queue <gpuh100>, as user <s194146> in cluster <dcc> at Wed Nov 27 21:27:22 2024
</zhome/00/b/147112> was used as the home directory.
</zhome/00/b/147112/bioscat/Scripts/main> was used as the working directory.
Started at Wed Nov 27 21:27:22 2024
Terminated at Wed Nov 27 21:30:18 2024
Results reported at Wed Nov 27 21:30:18 2024

Your job looked like:

------------------------------------------------------------
# LSBATCH: User input
#!/bin/bash
#BSUB -J forward # name
#BSUB -o outfiles/forward_%J.out # output file
#BSUB -q gpuh100
#BSUB -n 64 ## cores
#BSUB -R "rusage[mem=1GB]" 
#BSUB -W 24:00 # useable time in minutes
##BSUB -N # send mail when done
#BSUB -R "span[hosts=1]"
#BSUB -gpu "num=1:mode=exclusive_process"

module load gcc/12.3.0-binutils-2.40
module load cuda/12.2.2
# "Retinin2x2" or "demoleus2x2"

OMP_NUM_THREADS=64 python forward.py 1 1 0 demoleus2x2

OMP_NUM_THREADS=64 python forward.py 1 2 0 demoleus2x2

OMP_NUM_THREADS=64 python forward.py 1 3 0 demoleus2x2

OMP_NUM_THREADS=64 python forward.py 1 4 0 demoleus2x2

OMP_NUM_THREADS=64 python forward.py 1 5 0 demoleus2x2

OMP_NUM_THREADS=64 python forward.py 1 1 90 demoleus2x2

OMP_NUM_THREADS=64 python forward.py 1 2 90 demoleus2x2

OMP_NUM_THREADS=64 python forward.py 1 3 90 demoleus2x2

OMP_NUM_THREADS=64 python forward.py 1 4 90 demoleus2x2

OMP_NUM_THREADS=64 python forward.py 1 5 90 demoleus2x2

OMP_NUM_THREADS=64 python forward.py 1 1 0 Retinin2x2

OMP_NUM_THREADS=64 python forward.py 1 2 0 Retinin2x2

OMP_NUM_THREADS=64 python forward.py 1 3 0 Retinin2x2

OMP_NUM_THREADS=64 python forward.py 1 4 0 Retinin2x2

OMP_NUM_THREADS=64 python forward.py 1 5 0 Retinin2x2

OMP_NUM_THREADS=64 python forward.py 1 1 90 Retinin2x2

OMP_NUM_THREADS=64 python forward.py 1 2 90 Retinin2x2

OMP_NUM_THREADS=64 python forward.py 1 3 90 Retinin2x2

(... more ...)
------------------------------------------------------------

TERM_OWNER: job killed by owner.
Exited with exit code 130.

Resource usage summary:

    CPU time :                                   566.00 sec.
    Max Memory :                                 235 MB
    Average Memory :                             221.00 MB
    Total Requested Memory :                     65536.00 MB
    Delta Memory :                               65301.00 MB
    Max Swap :                                   -
    Max Processes :                              4
    Max Threads :                                71
    Run time :                                   176 sec.
    Turnaround time :                            177 sec.

The output (if any) is above this job summary.

