Loaded module: gcc/12.3.0-binutils-2.40
Loaded module: cuda/12.2.2
n_test:  	1744
n_top:  	498
n_right:  	374
n_bottom:	498
n_left:  	374
n_int:  	1728
n_ext:  	1748
n_obs:  	90000
n:      	90000
We are computing on the device!

It took 6.889261e-04 seconds to setup the segments!


It took 3.2465e-01 seconds to solve the linear system for segment 1.


It took 3.2469e-01 seconds to solve all the linear systems.


It took 4.6651e-02 seconds to compute the scattered field matrices for segment 1.


It took 2.2578e-04 seconds to compute the combined scattered fields in the observation points.


It took 5.1387e-02 seconds to compute the interior field matrices for segment 1.


It took 3.0615e-05 seconds to compute the combined interior fields in the observation points.


It took 1.0059e-04 seconds to compute the combined incident fields in the observation points.


It took 2.8979e-01 seconds to solve the linear system for segment 1.


It took 2.8982e-01 seconds to solve all the linear systems.


It took 4.6477e-02 seconds to compute the scattered field matrices for segment 1.


It took 3.2168e-05 seconds to compute the combined scattered fields in the observation points.


It took 5.1248e-02 seconds to compute the interior field matrices for segment 1.


It took 3.0255e-05 seconds to compute the combined interior fields in the observation points.


It took 4.3404e-05 seconds to compute the combined incident fields in the observation points.

DESTRUCTED!
n_test:  	1744
n_top:  	498
n_right:  	374
n_bottom:	498
n_left:  	374
n_int:  	1728
n_ext:  	1748
n_obs:  	90000
n:      	90000
We are computing on the device!

It took 4.607060e-04 seconds to setup the segments!


It took 2.9504e-01 seconds to solve the linear system for segment 1.


It took 2.9507e-01 seconds to solve all the linear systems.


It took 4.6383e-02 seconds to compute the scattered field matrices for segment 1.


It took 9.2618e-05 seconds to compute the combined scattered fields in the observation points.


It took 5.1333e-02 seconds to compute the interior field matrices for segment 1.


It took 3.1137e-05 seconds to compute the combined interior fields in the observation points.


It took 9.0735e-05 seconds to compute the combined incident fields in the observation points.


It took 2.8239e-01 seconds to solve the linear system for segment 1.


It took 2.8241e-01 seconds to solve all the linear systems.


It took 4.6376e-02 seconds to compute the scattered field matrices for segment 1.


It took 3.0556e-05 seconds to compute the combined scattered fields in the observation points.


It took 5.1357e-02 seconds to compute the interior field matrices for segment 1.


It took 3.0385e-05 seconds to compute the combined interior fields in the observation points.


It took 4.3244e-05 seconds to compute the combined incident fields in the observation points.

DESTRUCTED!
n_test:  	1244
n_top:  	248
n_right:  	374
n_bottom:	248
n_left:  	374
n_int:  	1228
n_ext:  	1248
n_obs:  	90000
n:      	90000
We are computing on the device!

It took 8.705561e-04 seconds to setup the segments!


It took 3.8965e-01 seconds to solve the linear system for segment 2.


It took 3.9172e-01 seconds to solve the linear system for segment 1.


It took 3.9204e-01 seconds to solve all the linear systems.


It took 3.7500e-02 seconds to compute the scattered field matrices for segment 1.


It took 3.6658e-02 seconds to compute the scattered field matrices for segment 2.


It took 2.5181e-04 seconds to compute the combined scattered fields in the observation points.


It took 3.3487e-02 seconds to compute the interior field matrices for segment 1.


It took 3.3611e-02 seconds to compute the interior field matrices for segment 2.


It took 4.7500e-05 seconds to compute the combined interior fields in the observation points.


It took 1.1482e-04 seconds to compute the combined incident fields in the observation points.


It took 3.5273e-01 seconds to solve the linear system for segment 2.


It took 3.5687e-01 seconds to solve the linear system for segment 1.


It took 3.5699e-01 seconds to solve all the linear systems.


It took 3.7300e-02 seconds to compute the scattered field matrices for segment 1.


It took 3.7137e-02 seconds to compute the scattered field matrices for segment 2.


It took 4.9093e-05 seconds to compute the combined scattered fields in the observation points.


It took 3.3603e-02 seconds to compute the interior field matrices for segment 1.


It took 3.3531e-02 seconds to compute the interior field matrices for segment 2.


It took 4.8161e-05 seconds to compute the combined interior fields in the observation points.


It took 4.3315e-05 seconds to compute the combined incident fields in the observation points.

DESTRUCTED!
n_test:  	1244
n_top:  	248
n_right:  	374
n_bottom:	248
n_left:  	374
n_int:  	1228
n_ext:  	1248
n_obs:  	90000
n:      	90000
We are computing on the device!

It took 6.434291e-04 seconds to setup the segments!


It took 3.8278e-01 seconds to solve the linear system for segment 2.


It took 3.8484e-01 seconds to solve the linear system for segment 1.


It took 3.8499e-01 seconds to solve all the linear systems.


It took 3.7280e-02 seconds to compute the scattered field matrices for segment 1.


It took 3.6528e-02 seconds to compute the scattered field matrices for segment 2.


It took 1.2818e-04 seconds to compute the combined scattered fields in the observation points.


It took 3.3496e-02 seconds to compute the interior field matrices for segment 1.


It took 3.3477e-02 seconds to compute the interior field matrices for segment 2.


It took 4.7281e-05 seconds to compute the combined interior fields in the observation points.


It took 1.0607e-04 seconds to compute the combined incident fields in the observation points.


It took 2.9900e-01 seconds to solve the linear system for segment 1.


It took 3.5824e-01 seconds to solve the linear system for segment 2.


It took 3.5839e-01 seconds to solve all the linear systems.


It took 3.7291e-02 seconds to compute the scattered field matrices for segment 1.


It took 3.7170e-02 seconds to compute the scattered field matrices for segment 2.


It took 4.9473e-05 seconds to compute the combined scattered fields in the observation points.


It took 3.3618e-02 seconds to compute the interior field matrices for segment 1.


It took 3.3521e-02 seconds to compute the interior field matrices for segment 2.


It took 4.8873e-05 seconds to compute the combined interior fields in the observation points.


It took 4.5328e-05 seconds to compute the combined incident fields in the observation points.

DESTRUCTED!
n_test:  	994
n_top:  	123
n_right:  	374
n_bottom:	123
n_left:  	374
n_int:  	978
n_ext:  	998
n_obs:  	90000
n:      	90000
We are computing on the device!

It took 1.253447e-03 seconds to setup the segments!


It took 4.2337e-01 seconds to solve the linear system for segment 1.


It took 5.4337e-01 seconds to solve the linear system for segment 2.


It took 5.5076e-01 seconds to solve the linear system for segment 3.


It took 5.5298e-01 seconds to solve the linear system for segment 4.


It took 5.5336e-01 seconds to solve all the linear systems.


It took 3.3847e-02 seconds to compute the scattered field matrices for segment 1.


It took 3.3266e-02 seconds to compute the scattered field matrices for segment 2.


It took 3.3313e-02 seconds to compute the scattered field matrices for segment 3.


It took 3.3356e-02 seconds to compute the scattered field matrices for segment 4.


It took 3.9673e-04 seconds to compute the combined scattered fields in the observation points.


It took 3.3988e-02 seconds to compute the interior field matrices for segment 1.


It took 3.4060e-02 seconds to compute the interior field matrices for segment 2.


It took 3.4128e-02 seconds to compute the interior field matrices for segment 3.


It took 3.4001e-02 seconds to compute the interior field matrices for segment 4.


It took 8.4195e-05 seconds to compute the combined interior fields in the observation points.


It took 1.5522e-04 seconds to compute the combined incident fields in the observation points.


It took 5.1003e-01 seconds to solve the linear system for segment 1.


It took 5.1760e-01 seconds to solve the linear system for segment 4.


It took 5.1988e-01 seconds to solve the linear system for segment 3.


It took 5.2136e-01 seconds to solve the linear system for segment 2.


It took 5.2147e-01 seconds to solve all the linear systems.


It took 3.3391e-02 seconds to compute the scattered field matrices for segment 1.


It took 3.3384e-02 seconds to compute the scattered field matrices for segment 2.


It took 3.3306e-02 seconds to compute the scattered field matrices for segment 3.


It took 3.3602e-02 seconds to compute the scattered field matrices for segment 4.


It took 8.5507e-05 seconds to compute the combined scattered fields in the observation points.


It took 3.4025e-02 seconds to compute the interior field matrices for segment 1.


It took 3.4003e-02 seconds to compute the interior field matrices for segment 2.


It took 3.4083e-02 seconds to compute the interior field matrices for segment 3.


It took 3.4082e-02 seconds to compute the interior field matrices for segment 4.


It took 8.6839e-05 seconds to compute the combined interior fields in the observation points.


It took 4.4246e-05 seconds to compute the combined incident fields in the observation points.

DESTRUCTED!
n_test:  	994
n_top:  	123
n_right:  	374
n_bottom:	123
n_left:  	374
n_int:  	978
n_ext:  	998
n_obs:  	90000
n:      	90000
We are computing on the device!

It took 1.065737e-03 seconds to setup the segments!


It took 4.0522e-01 seconds to solve the linear system for segment 1.


It took 5.2691e-01 seconds to solve the linear system for segment 4.


It took 5.3113e-01 seconds to solve the linear system for segment 2.


It took 5.3477e-01 seconds to solve the linear system for segment 3.


It took 5.3506e-01 seconds to solve all the linear systems.


It took 3.3585e-02 seconds to compute the scattered field matrices for segment 1.


It took 3.3328e-02 seconds to compute the scattered field matrices for segment 2.


It took 3.3369e-02 seconds to compute the scattered field matrices for segment 3.


It took 3.3287e-02 seconds to compute the scattered field matrices for segment 4.


It took 2.5419e-04 seconds to compute the combined scattered fields in the observation points.


It took 3.4020e-02 seconds to compute the interior field matrices for segment 1.


It took 3.4081e-02 seconds to compute the interior field matrices for segment 2.


It took 3.4079e-02 seconds to compute the interior field matrices for segment 3.


It took 3.4053e-02 seconds to compute the interior field matrices for segment 4.


It took 8.4075e-05 seconds to compute the combined interior fields in the observation points.


It took 1.2655e-04 seconds to compute the combined incident fields in the observation points.


It took 3.8864e-01 seconds to solve the linear system for segment 1.


It took 5.1390e-01 seconds to solve the linear system for segment 4.


It took 5.2003e-01 seconds to solve the linear system for segment 3.


It took 5.2196e-01 seconds to solve the linear system for segment 2.


It took 5.2208e-01 seconds to solve all the linear systems.


It took 3.3418e-02 seconds to compute the scattered field matrices for segment 1.


It took 3.3354e-02 seconds to compute the scattered field matrices for segment 2.


It took 3.3356e-02 seconds to compute the scattered field matrices for segment 3.


It took 3.3306e-02 seconds to compute the scattered field matrices for segment 4.


It took 9.8086e-05 seconds to compute the combined scattered fields in the observation points.


It took 3.4050e-02 seconds to compute the interior field matrices for segment 1.


It took 3.4024e-02 seconds to compute the interior field matrices for segment 2.


It took 3.4013e-02 seconds to compute the interior field matrices for segment 3.


It took 3.4049e-02 seconds to compute the interior field matrices for segment 4.


It took 8.2253e-05 seconds to compute the combined interior fields in the observation points.


It took 4.2544e-05 seconds to compute the combined incident fields in the observation points.

DESTRUCTED!
/zhome/00/b/147112/.lsbatch/1732725986.23278156.shell: line 22: 2139533 Segmentation fault      OMP_NUM_THREADS=64 python forward.py 1 6 0 demoleus2x2

------------------------------------------------------------
Sender: LSF System <lsfadmin@hpc.dtu.dk>
Subject: Job 23278156: <forward> in cluster <dcc> Exited

Job <forward> was submitted from host <n-62-11-47> by user <s194146> in cluster <dcc> at Wed Nov 27 17:46:26 2024
Job was executed on host(s) <64*n-62-12-81>, in queue <gpuh100>, as user <s194146> in cluster <dcc> at Wed Nov 27 17:46:27 2024
</zhome/00/b/147112> was used as the home directory.
</zhome/00/b/147112/bioscat/Scripts/main> was used as the working directory.
Started at Wed Nov 27 17:46:27 2024
Terminated at Wed Nov 27 17:47:53 2024
Results reported at Wed Nov 27 17:47:53 2024

Your job looked like:

------------------------------------------------------------
# LSBATCH: User input
#!/bin/bash
#BSUB -J forward # name
#BSUB -o outfiles/forward_%J.out # output file
#BSUB -q gpuh100
#BSUB -n 64 ## cores
#BSUB -R "rusage[mem=1GB]" 
#BSUB -W 24:00 # useable time in minutes
##BSUB -N # send mail when done
#BSUB -R "span[hosts=1]"
#BSUB -gpu "num=1:mode=exclusive_process"

module load gcc/12.3.0-binutils-2.40
module load cuda/12.2.2
# "Retinin2x2" or "demoleus2x2"

OMP_NUM_THREADS=64 python forward.py 1 1 0 demoleus2x2

OMP_NUM_THREADS=64 python forward.py 1 2 0 demoleus2x2

OMP_NUM_THREADS=64 python forward.py 1 4 0 demoleus2x2

OMP_NUM_THREADS=64 python forward.py 1 6 0 demoleus2x2
------------------------------------------------------------

Exited with exit code 139.

Resource usage summary:

    CPU time :                                   255.00 sec.
    Max Memory :                                 250 MB
    Average Memory :                             250.00 MB
    Total Requested Memory :                     65536.00 MB
    Delta Memory :                               65286.00 MB
    Max Swap :                                   -
    Max Processes :                              4
    Max Threads :                                71
    Run time :                                   86 sec.
    Turnaround time :                            87 sec.

The output (if any) is above this job summary.

