Loaded module: gcc/12.3.0-binutils-2.40
Loaded module: cuda/12.2.2
n_test:  	1044
n_top:  	298
n_right:  	224
n_bottom:	298
n_left:  	224
n_int:  	1028
n_ext:  	1048
n_obs:  	90000
n:      	90000
We are computing on the device!

It took 6.097988e-04 seconds to setup the segments!


It took 1.7790e-01 seconds to solve the linear system for segment 1.


It took 1.7793e-01 seconds to solve all the linear systems.


It took 3.0161e-02 seconds to compute the scattered field matrices for segment 1.


It took 1.7271e-04 seconds to compute the combined scattered fields in the observation points.


It took 3.0004e-02 seconds to compute the interior field matrices for segment 1.


It took 2.4336e-05 seconds to compute the combined interior fields in the observation points.


It took 7.8577e-05 seconds to compute the combined incident fields in the observation points.


It took 1.3958e-01 seconds to solve the linear system for segment 1.


It took 1.3961e-01 seconds to solve all the linear systems.


It took 2.9990e-02 seconds to compute the scattered field matrices for segment 1.


It took 2.5658e-05 seconds to compute the combined scattered fields in the observation points.


It took 2.9873e-02 seconds to compute the interior field matrices for segment 1.


It took 2.4256e-05 seconds to compute the combined interior fields in the observation points.


It took 3.9910e-05 seconds to compute the combined incident fields in the observation points.

DESTRUCTED!
n_test:  	1044
n_top:  	298
n_right:  	224
n_bottom:	298
n_left:  	224
n_int:  	1028
n_ext:  	1048
n_obs:  	90000
n:      	90000
We are computing on the device!

It took 4.277481e-04 seconds to setup the segments!


It took 1.5479e-01 seconds to solve the linear system for segment 1.


It took 1.5481e-01 seconds to solve all the linear systems.


It took 3.0028e-02 seconds to compute the scattered field matrices for segment 1.


It took 7.3630e-05 seconds to compute the combined scattered fields in the observation points.


It took 2.9905e-02 seconds to compute the interior field matrices for segment 1.


It took 2.4146e-05 seconds to compute the combined interior fields in the observation points.


It took 7.8356e-05 seconds to compute the combined incident fields in the observation points.


It took 1.3486e-01 seconds to solve the linear system for segment 1.


It took 1.3488e-01 seconds to solve all the linear systems.


It took 2.9973e-02 seconds to compute the scattered field matrices for segment 1.


It took 2.4927e-05 seconds to compute the combined scattered fields in the observation points.


It took 2.9845e-02 seconds to compute the interior field matrices for segment 1.


It took 2.3996e-05 seconds to compute the combined interior fields in the observation points.


It took 4.0700e-05 seconds to compute the combined incident fields in the observation points.

DESTRUCTED!
n_test:  	744
n_top:  	148
n_right:  	224
n_bottom:	148
n_left:  	224
n_int:  	728
n_ext:  	748
n_obs:  	90000
n:      	90000
We are computing on the device!

It took 8.098260e-04 seconds to setup the segments!


It took 2.1160e-01 seconds to solve the linear system for segment 1.


It took 2.1350e-01 seconds to solve the linear system for segment 2.


It took 2.1378e-01 seconds to solve all the linear systems.


It took 2.0864e-02 seconds to compute the scattered field matrices for segment 1.


It took 2.0814e-02 seconds to compute the scattered field matrices for segment 2.


It took 3.6244e-04 seconds to compute the combined scattered fields in the observation points.


It took 2.2011e-02 seconds to compute the interior field matrices for segment 1.


It took 2.1943e-02 seconds to compute the interior field matrices for segment 2.


It took 4.8913e-05 seconds to compute the combined interior fields in the observation points.


It took 9.1447e-05 seconds to compute the combined incident fields in the observation points.


It took 1.8367e-01 seconds to solve the linear system for segment 2.


It took 1.8662e-01 seconds to solve the linear system for segment 1.


It took 1.8673e-01 seconds to solve all the linear systems.


It took 2.0810e-02 seconds to compute the scattered field matrices for segment 1.


It took 2.0810e-02 seconds to compute the scattered field matrices for segment 2.


It took 4.3765e-05 seconds to compute the combined scattered fields in the observation points.


It took 2.1836e-02 seconds to compute the interior field matrices for segment 1.


It took 2.1873e-02 seconds to compute the interior field matrices for segment 2.


It took 4.1852e-05 seconds to compute the combined interior fields in the observation points.


It took 4.1982e-05 seconds to compute the combined incident fields in the observation points.

DESTRUCTED!
n_test:  	744
n_top:  	148
n_right:  	224
n_bottom:	148
n_left:  	224
n_int:  	728
n_ext:  	748
n_obs:  	90000
n:      	90000
We are computing on the device!

It took 5.968888e-04 seconds to setup the segments!


It took 2.1310e-01 seconds to solve the linear system for segment 2.


It took 2.1365e-01 seconds to solve the linear system for segment 1.


It took 2.1387e-01 seconds to solve all the linear systems.


It took 2.0846e-02 seconds to compute the scattered field matrices for segment 1.


It took 2.0748e-02 seconds to compute the scattered field matrices for segment 2.


It took 1.0597e-04 seconds to compute the combined scattered fields in the observation points.


It took 2.2023e-02 seconds to compute the interior field matrices for segment 1.


It took 2.1903e-02 seconds to compute the interior field matrices for segment 2.


It took 4.1261e-05 seconds to compute the combined interior fields in the observation points.


It took 8.4586e-05 seconds to compute the combined incident fields in the observation points.


It took 1.6553e-01 seconds to solve the linear system for segment 1.


It took 1.9268e-01 seconds to solve the linear system for segment 2.


It took 1.9281e-01 seconds to solve all the linear systems.


It took 2.0793e-02 seconds to compute the scattered field matrices for segment 1.


It took 2.0817e-02 seconds to compute the scattered field matrices for segment 2.


It took 4.0801e-05 seconds to compute the combined scattered fields in the observation points.


It took 2.1900e-02 seconds to compute the interior field matrices for segment 1.


It took 2.1944e-02 seconds to compute the interior field matrices for segment 2.


It took 4.2633e-05 seconds to compute the combined interior fields in the observation points.


It took 3.9559e-05 seconds to compute the combined incident fields in the observation points.

DESTRUCTED!
n_test:  	644
n_top:  	98
n_right:  	224
n_bottom:	98
n_left:  	224
n_int:  	628
n_ext:  	648
n_obs:  	90000
n:      	90000
We are computing on the device!

It took 9.936688e-04 seconds to setup the segments!


It took 2.4485e-01 seconds to solve the linear system for segment 3.


It took 2.9363e-01 seconds to solve the linear system for segment 1.


It took 2.9470e-01 seconds to solve the linear system for segment 2.


It took 2.9501e-01 seconds to solve all the linear systems.


It took 1.8754e-02 seconds to compute the scattered field matrices for segment 1.


It took 1.8427e-02 seconds to compute the scattered field matrices for segment 2.


It took 1.8426e-02 seconds to compute the scattered field matrices for segment 3.


It took 2.4339e-04 seconds to compute the combined scattered fields in the observation points.


It took 1.8423e-02 seconds to compute the interior field matrices for segment 1.


It took 1.8481e-02 seconds to compute the interior field matrices for segment 2.


It took 1.8489e-02 seconds to compute the interior field matrices for segment 3.


It took 5.8998e-05 seconds to compute the combined interior fields in the observation points.


It took 1.0962e-04 seconds to compute the combined incident fields in the observation points.


It took 2.0611e-01 seconds to solve the linear system for segment 3.


It took 2.5364e-01 seconds to solve the linear system for segment 1.


It took 2.5478e-01 seconds to solve the linear system for segment 2.


It took 2.5489e-01 seconds to solve all the linear systems.


It took 1.8491e-02 seconds to compute the scattered field matrices for segment 1.


It took 1.8491e-02 seconds to compute the scattered field matrices for segment 2.


It took 1.8426e-02 seconds to compute the scattered field matrices for segment 3.


It took 6.0560e-05 seconds to compute the combined scattered fields in the observation points.


It took 1.8442e-02 seconds to compute the interior field matrices for segment 1.


It took 1.8499e-02 seconds to compute the interior field matrices for segment 2.


It took 1.8523e-02 seconds to compute the interior field matrices for segment 3.


It took 6.0820e-05 seconds to compute the combined interior fields in the observation points.


It took 4.2533e-05 seconds to compute the combined incident fields in the observation points.

DESTRUCTED!
n_test:  	644
n_top:  	98
n_right:  	224
n_bottom:	98
n_left:  	224
n_int:  	628
n_ext:  	648
n_obs:  	90000
n:      	90000
We are computing on the device!

It took 7.341730e-04 seconds to setup the segments!


It took 2.5443e-01 seconds to solve the linear system for segment 3.


It took 2.9274e-01 seconds to solve the linear system for segment 1.


It took 2.9364e-01 seconds to solve the linear system for segment 2.


It took 2.9382e-01 seconds to solve all the linear systems.


It took 1.8638e-02 seconds to compute the scattered field matrices for segment 1.


It took 1.8457e-02 seconds to compute the scattered field matrices for segment 2.


It took 1.8521e-02 seconds to compute the scattered field matrices for segment 3.


It took 1.4440e-04 seconds to compute the combined scattered fields in the observation points.


It took 1.8451e-02 seconds to compute the interior field matrices for segment 1.


It took 1.8471e-02 seconds to compute the interior field matrices for segment 2.


It took 1.8448e-02 seconds to compute the interior field matrices for segment 3.


It took 5.7245e-05 seconds to compute the combined interior fields in the observation points.


It took 8.3444e-05 seconds to compute the combined incident fields in the observation points.


It took 2.2756e-01 seconds to solve the linear system for segment 3.


It took 2.6031e-01 seconds to solve the linear system for segment 1.


It took 2.6147e-01 seconds to solve the linear system for segment 2.


It took 2.6155e-01 seconds to solve all the linear systems.


It took 1.8484e-02 seconds to compute the scattered field matrices for segment 1.


It took 1.8426e-02 seconds to compute the scattered field matrices for segment 2.


It took 1.8494e-02 seconds to compute the scattered field matrices for segment 3.


It took 5.8227e-05 seconds to compute the combined scattered fields in the observation points.


It took 1.8427e-02 seconds to compute the interior field matrices for segment 1.


It took 1.8539e-02 seconds to compute the interior field matrices for segment 2.


It took 1.8519e-02 seconds to compute the interior field matrices for segment 3.


It took 5.8527e-05 seconds to compute the combined interior fields in the observation points.


It took 3.9599e-05 seconds to compute the combined incident fields in the observation points.

DESTRUCTED!
n_test:  	594
n_top:  	73
n_right:  	224
n_bottom:	73
n_left:  	224
n_int:  	578
n_ext:  	598
n_obs:  	90000
n:      	90000
We are computing on the device!

It took 1.112907e-03 seconds to setup the segments!


It took 2.8081e-01 seconds to solve the linear system for segment 3.


It took 3.4121e-01 seconds to solve the linear system for segment 1.


It took 3.4409e-01 seconds to solve the linear system for segment 4.


It took 3.5212e-01 seconds to solve the linear system for segment 2.


It took 3.5251e-01 seconds to solve all the linear systems.


It took 1.9835e-02 seconds to compute the scattered field matrices for segment 1.


It took 1.9720e-02 seconds to compute the scattered field matrices for segment 2.


It took 1.9714e-02 seconds to compute the scattered field matrices for segment 3.


It took 1.9674e-02 seconds to compute the scattered field matrices for segment 4.


It took 4.5543e-04 seconds to compute the combined scattered fields in the observation points.


It took 2.0453e-02 seconds to compute the interior field matrices for segment 1.


It took 2.0373e-02 seconds to compute the interior field matrices for segment 2.


It took 2.0395e-02 seconds to compute the interior field matrices for segment 3.


It took 2.0376e-02 seconds to compute the interior field matrices for segment 4.


It took 7.7285e-05 seconds to compute the combined interior fields in the observation points.


It took 1.1382e-04 seconds to compute the combined incident fields in the observation points.


It took 2.3900e-01 seconds to solve the linear system for segment 3.


It took 2.9984e-01 seconds to solve the linear system for segment 2.


It took 3.0832e-01 seconds to solve the linear system for segment 1.


It took 3.0933e-01 seconds to solve the linear system for segment 4.


It took 3.0948e-01 seconds to solve all the linear systems.


It took 1.9726e-02 seconds to compute the scattered field matrices for segment 1.


It took 1.9663e-02 seconds to compute the scattered field matrices for segment 2.


It took 1.9650e-02 seconds to compute the scattered field matrices for segment 3.


It took 1.9715e-02 seconds to compute the scattered field matrices for segment 4.


It took 8.1992e-05 seconds to compute the combined scattered fields in the observation points.


It took 2.0399e-02 seconds to compute the interior field matrices for segment 1.


It took 2.0336e-02 seconds to compute the interior field matrices for segment 2.


It took 2.0351e-02 seconds to compute the interior field matrices for segment 3.


It took 2.0353e-02 seconds to compute the interior field matrices for segment 4.


It took 7.6604e-05 seconds to compute the combined interior fields in the observation points.


It took 4.1352e-05 seconds to compute the combined incident fields in the observation points.

DESTRUCTED!
n_test:  	594
n_top:  	73
n_right:  	224
n_bottom:	73
n_left:  	224
n_int:  	578
n_ext:  	598
n_obs:  	90000
n:      	90000
We are computing on the device!

It took 9.580869e-04 seconds to setup the segments!


It took 2.7235e-01 seconds to solve the linear system for segment 3.


It took 3.4122e-01 seconds to solve the linear system for segment 4.


It took 3.4654e-01 seconds to solve the linear system for segment 1.


It took 3.5392e-01 seconds to solve the linear system for segment 2.


It took 3.5412e-01 seconds to solve all the linear systems.


It took 1.9809e-02 seconds to compute the scattered field matrices for segment 1.


It took 1.9681e-02 seconds to compute the scattered field matrices for segment 2.


It took 1.9630e-02 seconds to compute the scattered field matrices for segment 3.


It took 1.9692e-02 seconds to compute the scattered field matrices for segment 4.


It took 1.7716e-04 seconds to compute the combined scattered fields in the observation points.


It took 2.0462e-02 seconds to compute the interior field matrices for segment 1.


It took 2.0378e-02 seconds to compute the interior field matrices for segment 2.


It took 2.0396e-02 seconds to compute the interior field matrices for segment 3.


It took 2.0358e-02 seconds to compute the interior field matrices for segment 4.


It took 7.5323e-05 seconds to compute the combined interior fields in the observation points.


It took 1.0720e-04 seconds to compute the combined incident fields in the observation points.


It took 2.2619e-01 seconds to solve the linear system for segment 3.


It took 2.8080e-01 seconds to solve the linear system for segment 1.


It took 3.0570e-01 seconds to solve the linear system for segment 2.


It took 3.0677e-01 seconds to solve the linear system for segment 4.


It took 3.0688e-01 seconds to solve all the linear systems.


It took 1.9778e-02 seconds to compute the scattered field matrices for segment 1.


It took 1.9615e-02 seconds to compute the scattered field matrices for segment 2.


It took 1.9669e-02 seconds to compute the scattered field matrices for segment 3.


It took 1.9739e-02 seconds to compute the scattered field matrices for segment 4.


It took 7.5813e-05 seconds to compute the combined scattered fields in the observation points.


It took 2.0412e-02 seconds to compute the interior field matrices for segment 1.


It took 2.0345e-02 seconds to compute the interior field matrices for segment 2.


It took 2.0375e-02 seconds to compute the interior field matrices for segment 3.


It took 2.0379e-02 seconds to compute the interior field matrices for segment 4.


It took 7.4982e-05 seconds to compute the combined interior fields in the observation points.


It took 4.1041e-05 seconds to compute the combined incident fields in the observation points.

DESTRUCTED!
n_test:  	564
n_top:  	58
n_right:  	224
n_bottom:	58
n_left:  	224
n_int:  	548
n_ext:  	568
n_obs:  	90000
n:      	90000
We are computing on the device!

It took 1.279055e-03 seconds to setup the segments!


It took 3.5746e-01 seconds to solve the linear system for segment 3.


It took 3.8586e-01 seconds to solve the linear system for segment 5.


It took 4.2397e-01 seconds to solve the linear system for segment 4.


It took 4.2517e-01 seconds to solve the linear system for segment 1.


It took 4.2612e-01 seconds to solve the linear system for segment 2.


It took 4.2658e-01 seconds to solve all the linear systems.


It took 1.6243e-02 seconds to compute the scattered field matrices for segment 1.


It took 1.5991e-02 seconds to compute the scattered field matrices for segment 2.


It took 1.6023e-02 seconds to compute the scattered field matrices for segment 3.


It took 1.5964e-02 seconds to compute the scattered field matrices for segment 4.


It took 1.5901e-02 seconds to compute the scattered field matrices for segment 5.


It took 5.5895e-04 seconds to compute the combined scattered fields in the observation points.


It took 1.6110e-02 seconds to compute the interior field matrices for segment 1.


It took 1.6099e-02 seconds to compute the interior field matrices for segment 2.


It took 1.6083e-02 seconds to compute the interior field matrices for segment 3.


It took 1.6084e-02 seconds to compute the interior field matrices for segment 4.


It took 1.6018e-02 seconds to compute the interior field matrices for segment 5.


It took 1.1366e-04 seconds to compute the combined interior fields in the observation points.


It took 1.0897e-04 seconds to compute the combined incident fields in the observation points.


It took 3.3670e-01 seconds to solve the linear system for segment 3.


It took 3.5789e-01 seconds to solve the linear system for segment 5.


It took 3.8851e-01 seconds to solve the linear system for segment 4.


It took 3.9646e-01 seconds to solve the linear system for segment 2.


It took 3.9750e-01 seconds to solve the linear system for segment 1.


It took 3.9766e-01 seconds to solve all the linear systems.


It took 1.5990e-02 seconds to compute the scattered field matrices for segment 1.


It took 1.5970e-02 seconds to compute the scattered field matrices for segment 2.


It took 1.6032e-02 seconds to compute the scattered field matrices for segment 3.


It took 1.5958e-02 seconds to compute the scattered field matrices for segment 4.


It took 1.5951e-02 seconds to compute the scattered field matrices for segment 5.


It took 9.5523e-05 seconds to compute the combined scattered fields in the observation points.


It took 1.6118e-02 seconds to compute the interior field matrices for segment 1.


It took 1.6063e-02 seconds to compute the interior field matrices for segment 2.


It took 1.6058e-02 seconds to compute the interior field matrices for segment 3.


It took 1.6127e-02 seconds to compute the interior field matrices for segment 4.


It took 1.6102e-02 seconds to compute the interior field matrices for segment 5.


It took 9.4862e-05 seconds to compute the combined interior fields in the observation points.


It took 4.0401e-05 seconds to compute the combined incident fields in the observation points.

DESTRUCTED!
n_test:  	564
n_top:  	58
n_right:  	224
n_bottom:	58
n_left:  	224
n_int:  	548
n_ext:  	568
n_obs:  	90000
n:      	90000
We are computing on the device!

It took 1.128170e-03 seconds to setup the segments!


It took 3.2582e-01 seconds to solve the linear system for segment 3.


It took 3.4238e-01 seconds to solve the linear system for segment 5.


It took 3.8122e-01 seconds to solve the linear system for segment 4.


It took 3.8177e-01 seconds to solve the linear system for segment 1.


It took 3.9309e-01 seconds to solve the linear system for segment 2.


It took 3.9334e-01 seconds to solve all the linear systems.


It took 1.6172e-02 seconds to compute the scattered field matrices for segment 1.


It took 1.5992e-02 seconds to compute the scattered field matrices for segment 2.


It took 1.5959e-02 seconds to compute the scattered field matrices for segment 3.


It took 1.5924e-02 seconds to compute the scattered field matrices for segment 4.


It took 1.5910e-02 seconds to compute the scattered field matrices for segment 5.


It took 2.2876e-04 seconds to compute the combined scattered fields in the observation points.


It took 1.6111e-02 seconds to compute the interior field matrices for segment 1.


It took 1.6130e-02 seconds to compute the interior field matrices for segment 2.


It took 1.6102e-02 seconds to compute the interior field matrices for segment 3.


It took 1.6087e-02 seconds to compute the interior field matrices for segment 4.


It took 1.6048e-02 seconds to compute the interior field matrices for segment 5.


It took 9.4310e-05 seconds to compute the combined interior fields in the observation points.


It took 1.2052e-04 seconds to compute the combined incident fields in the observation points.


It took 3.3747e-01 seconds to solve the linear system for segment 5.


It took 3.5984e-01 seconds to solve the linear system for segment 3.


It took 3.7982e-01 seconds to solve the linear system for segment 4.


It took 3.8210e-01 seconds to solve the linear system for segment 1.


It took 3.8703e-01 seconds to solve the linear system for segment 2.


It took 3.8715e-01 seconds to solve all the linear systems.


It took 1.6047e-02 seconds to compute the scattered field matrices for segment 1.


It took 1.6004e-02 seconds to compute the scattered field matrices for segment 2.


It took 1.5996e-02 seconds to compute the scattered field matrices for segment 3.


It took 1.5976e-02 seconds to compute the scattered field matrices for segment 4.


It took 1.5966e-02 seconds to compute the scattered field matrices for segment 5.


It took 9.4310e-05 seconds to compute the combined scattered fields in the observation points.


It took 1.6112e-02 seconds to compute the interior field matrices for segment 1.


It took 1.6060e-02 seconds to compute the interior field matrices for segment 2.


It took 1.6141e-02 seconds to compute the interior field matrices for segment 3.


It took 1.6094e-02 seconds to compute the interior field matrices for segment 4.


It took 1.6092e-02 seconds to compute the interior field matrices for segment 5.


It took 9.5502e-05 seconds to compute the combined interior fields in the observation points.


It took 4.0591e-05 seconds to compute the combined incident fields in the observation points.

DESTRUCTED!
n_test:  	1044
n_top:  	298
n_right:  	224
n_bottom:	298
n_left:  	224
n_int:  	1028
n_ext:  	1048
n_obs:  	90000
n:      	90000
We are computing on the device!

It took 6.120610e-04 seconds to setup the segments!


It took 1.8155e-01 seconds to solve the linear system for segment 1.


It took 1.8158e-01 seconds to solve all the linear systems.


It took 3.0143e-02 seconds to compute the scattered field matrices for segment 1.


It took 3.5226e-04 seconds to compute the combined scattered fields in the observation points.


It took 2.9969e-02 seconds to compute the interior field matrices for segment 1.


It took 2.4507e-05 seconds to compute the combined interior fields in the observation points.


It took 9.4631e-05 seconds to compute the combined incident fields in the observation points.


It took 1.3219e-01 seconds to solve the linear system for segment 1.


It took 1.3221e-01 seconds to solve all the linear systems.


It took 3.0014e-02 seconds to compute the scattered field matrices for segment 1.


It took 2.5028e-05 seconds to compute the combined scattered fields in the observation points.


It took 2.9851e-02 seconds to compute the interior field matrices for segment 1.


It took 2.4186e-05 seconds to compute the combined interior fields in the observation points.


It took 4.0450e-05 seconds to compute the combined incident fields in the observation points.

DESTRUCTED!
n_test:  	1044
n_top:  	298
n_right:  	224
n_bottom:	298
n_left:  	224
n_int:  	1028
n_ext:  	1048
n_obs:  	90000
n:      	90000
We are computing on the device!

It took 4.130059e-04 seconds to setup the segments!


It took 1.6569e-01 seconds to solve the linear system for segment 1.


It took 1.6571e-01 seconds to solve all the linear systems.


It took 3.0047e-02 seconds to compute the scattered field matrices for segment 1.


It took 7.2148e-05 seconds to compute the combined scattered fields in the observation points.


It took 2.9964e-02 seconds to compute the interior field matrices for segment 1.


It took 2.4817e-05 seconds to compute the combined interior fields in the observation points.


It took 8.2133e-05 seconds to compute the combined incident fields in the observation points.


It took 1.2895e-01 seconds to solve the linear system for segment 1.


It took 1.2896e-01 seconds to solve all the linear systems.


It took 2.9890e-02 seconds to compute the scattered field matrices for segment 1.


It took 2.5048e-05 seconds to compute the combined scattered fields in the observation points.


It took 2.9940e-02 seconds to compute the interior field matrices for segment 1.


It took 2.5108e-05 seconds to compute the combined interior fields in the observation points.


It took 4.1241e-05 seconds to compute the combined incident fields in the observation points.

DESTRUCTED!
n_test:  	744
n_top:  	148
n_right:  	224
n_bottom:	148
n_left:  	224
n_int:  	728
n_ext:  	748
n_obs:  	90000
n:      	90000
We are computing on the device!

It took 8.187399e-04 seconds to setup the segments!


It took 2.1583e-01 seconds to solve the linear system for segment 1.


It took 2.1696e-01 seconds to solve the linear system for segment 2.


It took 2.1721e-01 seconds to solve all the linear systems.


It took 2.0959e-02 seconds to compute the scattered field matrices for segment 1.


It took 2.0894e-02 seconds to compute the scattered field matrices for segment 2.


It took 4.0484e-04 seconds to compute the combined scattered fields in the observation points.


It took 2.2000e-02 seconds to compute the interior field matrices for segment 1.


It took 2.1953e-02 seconds to compute the interior field matrices for segment 2.


It took 4.2834e-05 seconds to compute the combined interior fields in the observation points.


It took 9.8066e-05 seconds to compute the combined incident fields in the observation points.


It took 1.8148e-01 seconds to solve the linear system for segment 1.


It took 1.8401e-01 seconds to solve the linear system for segment 2.


It took 1.8416e-01 seconds to solve all the linear systems.


It took 2.0710e-02 seconds to compute the scattered field matrices for segment 1.


It took 2.0779e-02 seconds to compute the scattered field matrices for segment 2.


It took 4.3285e-05 seconds to compute the combined scattered fields in the observation points.


It took 2.1823e-02 seconds to compute the interior field matrices for segment 1.


It took 2.1896e-02 seconds to compute the interior field matrices for segment 2.


It took 4.2132e-05 seconds to compute the combined interior fields in the observation points.


It took 4.1042e-05 seconds to compute the combined incident fields in the observation points.

DESTRUCTED!
n_test:  	744
n_top:  	148
n_right:  	224
n_bottom:	148
n_left:  	224
n_int:  	728
n_ext:  	748
n_obs:  	90000
n:      	90000
We are computing on the device!

It took 6.077951e-04 seconds to setup the segments!


It took 2.1177e-01 seconds to solve the linear system for segment 2.


It took 2.1291e-01 seconds to solve the linear system for segment 1.


It took 2.1310e-01 seconds to solve all the linear systems.


It took 2.0846e-02 seconds to compute the scattered field matrices for segment 1.


It took 2.0702e-02 seconds to compute the scattered field matrices for segment 2.


It took 1.0564e-04 seconds to compute the combined scattered fields in the observation points.


It took 2.1989e-02 seconds to compute the interior field matrices for segment 1.


It took 2.1916e-02 seconds to compute the interior field matrices for segment 2.


It took 4.2383e-05 seconds to compute the combined interior fields in the observation points.


It took 9.0475e-05 seconds to compute the combined incident fields in the observation points.


It took 1.6793e-01 seconds to solve the linear system for segment 1.


It took 1.6885e-01 seconds to solve the linear system for segment 2.


It took 1.6890e-01 seconds to solve all the linear systems.


It took 2.0805e-02 seconds to compute the scattered field matrices for segment 1.


It took 2.0798e-02 seconds to compute the scattered field matrices for segment 2.


It took 4.3335e-05 seconds to compute the combined scattered fields in the observation points.


It took 2.1872e-02 seconds to compute the interior field matrices for segment 1.


It took 2.1968e-02 seconds to compute the interior field matrices for segment 2.


It took 4.2163e-05 seconds to compute the combined interior fields in the observation points.


It took 4.1642e-05 seconds to compute the combined incident fields in the observation points.

DESTRUCTED!
n_test:  	644
n_top:  	98
n_right:  	224
n_bottom:	98
n_left:  	224
n_int:  	628
n_ext:  	648
n_obs:  	90000
n:      	90000
We are computing on the device!

It took 9.806310e-04 seconds to setup the segments!


It took 2.2678e-01 seconds to solve the linear system for segment 3.


It took 2.7411e-01 seconds to solve the linear system for segment 1.


It took 2.7552e-01 seconds to solve the linear system for segment 2.


It took 2.7588e-01 seconds to solve all the linear systems.


It took 1.8683e-02 seconds to compute the scattered field matrices for segment 1.


It took 1.8432e-02 seconds to compute the scattered field matrices for segment 2.


It took 2.0088e-02 seconds to compute the scattered field matrices for segment 3.


It took 4.1421e-04 seconds to compute the combined scattered fields in the observation points.


It took 1.8437e-02 seconds to compute the interior field matrices for segment 1.


It took 1.8505e-02 seconds to compute the interior field matrices for segment 2.


It took 1.8456e-02 seconds to compute the interior field matrices for segment 3.


It took 5.9209e-05 seconds to compute the combined interior fields in the observation points.


It took 1.1011e-04 seconds to compute the combined incident fields in the observation points.


It took 2.1787e-01 seconds to solve the linear system for segment 3.


It took 2.6061e-01 seconds to solve the linear system for segment 2.


It took 2.6570e-01 seconds to solve the linear system for segment 1.


It took 2.6584e-01 seconds to solve all the linear systems.


It took 1.8484e-02 seconds to compute the scattered field matrices for segment 1.


It took 1.8473e-02 seconds to compute the scattered field matrices for segment 2.


It took 1.8506e-02 seconds to compute the scattered field matrices for segment 3.


It took 6.0700e-05 seconds to compute the combined scattered fields in the observation points.


It took 1.8428e-02 seconds to compute the interior field matrices for segment 1.


It took 1.8453e-02 seconds to compute the interior field matrices for segment 2.


It took 1.8501e-02 seconds to compute the interior field matrices for segment 3.


It took 5.9198e-05 seconds to compute the combined interior fields in the observation points.


It took 4.0841e-05 seconds to compute the combined incident fields in the observation points.

DESTRUCTED!
n_test:  	644
n_top:  	98
n_right:  	224
n_bottom:	98
n_left:  	224
n_int:  	628
n_ext:  	648
n_obs:  	90000
n:      	90000
We are computing on the device!

It took 7.338030e-04 seconds to setup the segments!


It took 2.3251e-01 seconds to solve the linear system for segment 3.


It took 2.6443e-01 seconds to solve the linear system for segment 2.


It took 2.6494e-01 seconds to solve the linear system for segment 1.


It took 2.6514e-01 seconds to solve all the linear systems.


It took 1.8595e-02 seconds to compute the scattered field matrices for segment 1.


It took 1.8396e-02 seconds to compute the scattered field matrices for segment 2.


It took 1.8509e-02 seconds to compute the scattered field matrices for segment 3.


It took 1.3896e-04 seconds to compute the combined scattered fields in the observation points.


It took 1.8426e-02 seconds to compute the interior field matrices for segment 1.


It took 1.8471e-02 seconds to compute the interior field matrices for segment 2.


It took 1.8468e-02 seconds to compute the interior field matrices for segment 3.


It took 5.8998e-05 seconds to compute the combined interior fields in the observation points.


It took 9.0735e-05 seconds to compute the combined incident fields in the observation points.


It took 2.1653e-01 seconds to solve the linear system for segment 3.


It took 2.6701e-01 seconds to solve the linear system for segment 2.


It took 2.6844e-01 seconds to solve the linear system for segment 1.


It took 2.6854e-01 seconds to solve all the linear systems.


It took 1.8451e-02 seconds to compute the scattered field matrices for segment 1.


It took 1.8425e-02 seconds to compute the scattered field matrices for segment 2.


It took 1.8480e-02 seconds to compute the scattered field matrices for segment 3.


It took 6.0019e-05 seconds to compute the combined scattered fields in the observation points.


It took 1.8450e-02 seconds to compute the interior field matrices for segment 1.


It took 1.8498e-02 seconds to compute the interior field matrices for segment 2.


It took 1.8523e-02 seconds to compute the interior field matrices for segment 3.


It took 6.0290e-05 seconds to compute the combined interior fields in the observation points.


It took 4.0020e-05 seconds to compute the combined incident fields in the observation points.

DESTRUCTED!
n_test:  	594
n_top:  	73
n_right:  	224
n_bottom:	73
n_left:  	224
n_int:  	578
n_ext:  	598
n_obs:  	90000
n:      	90000
We are computing on the device!

It took 1.090484e-03 seconds to setup the segments!


It took 2.6151e-01 seconds to solve the linear system for segment 3.


It took 3.3094e-01 seconds to solve the linear system for segment 1.


It took 3.3270e-01 seconds to solve the linear system for segment 2.


It took 3.3419e-01 seconds to solve the linear system for segment 4.


It took 3.3457e-01 seconds to solve all the linear systems.


It took 1.9929e-02 seconds to compute the scattered field matrices for segment 1.


It took 1.9676e-02 seconds to compute the scattered field matrices for segment 2.


It took 1.9716e-02 seconds to compute the scattered field matrices for segment 3.


It took 1.9724e-02 seconds to compute the scattered field matrices for segment 4.


It took 5.1643e-04 seconds to compute the combined scattered fields in the observation points.


It took 2.0412e-02 seconds to compute the interior field matrices for segment 1.


It took 2.0361e-02 seconds to compute the interior field matrices for segment 2.


It took 2.0377e-02 seconds to compute the interior field matrices for segment 3.


It took 2.0412e-02 seconds to compute the interior field matrices for segment 4.


It took 8.5076e-05 seconds to compute the combined interior fields in the observation points.


It took 1.1138e-04 seconds to compute the combined incident fields in the observation points.


It took 2.4005e-01 seconds to solve the linear system for segment 3.


It took 3.1421e-01 seconds to solve the linear system for segment 2.


It took 3.1601e-01 seconds to solve the linear system for segment 1.


It took 3.1701e-01 seconds to solve the linear system for segment 4.


It took 3.1715e-01 seconds to solve all the linear systems.


It took 1.9784e-02 seconds to compute the scattered field matrices for segment 1.


It took 1.9656e-02 seconds to compute the scattered field matrices for segment 2.


It took 1.9644e-02 seconds to compute the scattered field matrices for segment 3.


It took 1.9703e-02 seconds to compute the scattered field matrices for segment 4.


It took 7.5102e-05 seconds to compute the combined scattered fields in the observation points.


It took 2.0358e-02 seconds to compute the interior field matrices for segment 1.


It took 2.0356e-02 seconds to compute the interior field matrices for segment 2.


It took 2.0364e-02 seconds to compute the interior field matrices for segment 3.


It took 2.0339e-02 seconds to compute the interior field matrices for segment 4.


It took 7.4681e-05 seconds to compute the combined interior fields in the observation points.


It took 3.9969e-05 seconds to compute the combined incident fields in the observation points.

DESTRUCTED!
n_test:  	594
n_top:  	73
n_right:  	224
n_bottom:	73
n_left:  	224
n_int:  	578
n_ext:  	598
n_obs:  	90000
n:      	90000
We are computing on the device!

It took 8.701559e-04 seconds to setup the segments!


It took 2.5255e-01 seconds to solve the linear system for segment 3.


It took 3.1797e-01 seconds to solve the linear system for segment 1.


It took 3.2401e-01 seconds to solve the linear system for segment 4.


It took 3.2513e-01 seconds to solve the linear system for segment 2.


It took 3.2531e-01 seconds to solve all the linear systems.


It took 1.9821e-02 seconds to compute the scattered field matrices for segment 1.


It took 1.9703e-02 seconds to compute the scattered field matrices for segment 2.


It took 1.9691e-02 seconds to compute the scattered field matrices for segment 3.


It took 1.9684e-02 seconds to compute the scattered field matrices for segment 4.


It took 2.1804e-04 seconds to compute the combined scattered fields in the observation points.


It took 2.0446e-02 seconds to compute the interior field matrices for segment 1.


It took 2.0353e-02 seconds to compute the interior field matrices for segment 2.


It took 2.0409e-02 seconds to compute the interior field matrices for segment 3.


It took 2.0352e-02 seconds to compute the interior field matrices for segment 4.


It took 7.3840e-05 seconds to compute the combined interior fields in the observation points.


It took 1.1670e-04 seconds to compute the combined incident fields in the observation points.


It took 2.2648e-01 seconds to solve the linear system for segment 3.


It took 2.9722e-01 seconds to solve the linear system for segment 4.


It took 3.0647e-01 seconds to solve the linear system for segment 2.


It took 3.0740e-01 seconds to solve the linear system for segment 1.


It took 3.0750e-01 seconds to solve all the linear systems.


It took 1.9792e-02 seconds to compute the scattered field matrices for segment 1.


It took 1.9658e-02 seconds to compute the scattered field matrices for segment 2.


It took 1.9691e-02 seconds to compute the scattered field matrices for segment 3.


It took 1.9689e-02 seconds to compute the scattered field matrices for segment 4.


It took 7.7796e-05 seconds to compute the combined scattered fields in the observation points.


It took 2.0432e-02 seconds to compute the interior field matrices for segment 1.


It took 2.0368e-02 seconds to compute the interior field matrices for segment 2.


It took 2.0397e-02 seconds to compute the interior field matrices for segment 3.


It took 2.0358e-02 seconds to compute the interior field matrices for segment 4.


It took 7.5372e-05 seconds to compute the combined interior fields in the observation points.


It took 4.1873e-05 seconds to compute the combined incident fields in the observation points.

DESTRUCTED!
n_test:  	564
n_top:  	58
n_right:  	224
n_bottom:	58
n_left:  	224
n_int:  	548
n_ext:  	568
n_obs:  	90000
n:      	90000
We are computing on the device!

It took 1.654564e-03 seconds to setup the segments!


It took 3.2975e-01 seconds to solve the linear system for segment 5.


It took 3.9056e-01 seconds to solve the linear system for segment 1.


It took 3.9180e-01 seconds to solve the linear system for segment 4.


It took 4.0949e-01 seconds to solve the linear system for segment 2.


It took 4.1133e-01 seconds to solve the linear system for segment 3.


It took 4.1190e-01 seconds to solve all the linear systems.


It took 1.6373e-02 seconds to compute the scattered field matrices for segment 1.


It took 1.7504e-02 seconds to compute the scattered field matrices for segment 2.


It took 1.6241e-02 seconds to compute the scattered field matrices for segment 3.


It took 1.6002e-02 seconds to compute the scattered field matrices for segment 4.


It took 1.5983e-02 seconds to compute the scattered field matrices for segment 5.


It took 9.2810e-04 seconds to compute the combined scattered fields in the observation points.


It took 1.6110e-02 seconds to compute the interior field matrices for segment 1.


It took 1.6101e-02 seconds to compute the interior field matrices for segment 2.


It took 1.6067e-02 seconds to compute the interior field matrices for segment 3.


It took 1.6110e-02 seconds to compute the interior field matrices for segment 4.


It took 1.6056e-02 seconds to compute the interior field matrices for segment 5.


It took 1.3355e-04 seconds to compute the combined interior fields in the observation points.


It took 1.5534e-04 seconds to compute the combined incident fields in the observation points.


It took 2.8494e-01 seconds to solve the linear system for segment 5.


It took 3.5487e-01 seconds to solve the linear system for segment 1.


It took 3.6676e-01 seconds to solve the linear system for segment 2.


It took 3.7664e-01 seconds to solve the linear system for segment 4.


It took 3.7760e-01 seconds to solve the linear system for segment 3.


It took 3.7776e-01 seconds to solve all the linear systems.


It took 1.6058e-02 seconds to compute the scattered field matrices for segment 1.


It took 1.5978e-02 seconds to compute the scattered field matrices for segment 2.


It took 1.6010e-02 seconds to compute the scattered field matrices for segment 3.


It took 1.5975e-02 seconds to compute the scattered field matrices for segment 4.


It took 1.5973e-02 seconds to compute the scattered field matrices for segment 5.


It took 1.0655e-04 seconds to compute the combined scattered fields in the observation points.


It took 1.6147e-02 seconds to compute the interior field matrices for segment 1.


It took 1.6083e-02 seconds to compute the interior field matrices for segment 2.


It took 1.6083e-02 seconds to compute the interior field matrices for segment 3.


It took 1.6149e-02 seconds to compute the interior field matrices for segment 4.


It took 1.6131e-02 seconds to compute the interior field matrices for segment 5.


It took 1.0601e-04 seconds to compute the combined interior fields in the observation points.


It took 4.8352e-05 seconds to compute the combined incident fields in the observation points.

DESTRUCTED!
n_test:  	564
n_top:  	58
n_right:  	224
n_bottom:	58
n_left:  	224
n_int:  	548
n_ext:  	568
n_obs:  	90000
n:      	90000
We are computing on the device!

It took 1.356730e-03 seconds to setup the segments!


It took 2.9655e-01 seconds to solve the linear system for segment 5.


It took 3.4541e-01 seconds to solve the linear system for segment 3.


It took 3.9243e-01 seconds to solve the linear system for segment 1.


It took 3.9452e-01 seconds to solve the linear system for segment 2.


It took 3.9560e-01 seconds to solve the linear system for segment 4.


It took 3.9580e-01 seconds to solve all the linear systems.


It took 1.6257e-02 seconds to compute the scattered field matrices for segment 1.


It took 1.6009e-02 seconds to compute the scattered field matrices for segment 2.


It took 1.6014e-02 seconds to compute the scattered field matrices for segment 3.


It took 1.5951e-02 seconds to compute the scattered field matrices for segment 4.


It took 1.5944e-02 seconds to compute the scattered field matrices for segment 5.


It took 2.6429e-04 seconds to compute the combined scattered fields in the observation points.


It took 1.6083e-02 seconds to compute the interior field matrices for segment 1.


It took 1.6128e-02 seconds to compute the interior field matrices for segment 2.


It took 1.6070e-02 seconds to compute the interior field matrices for segment 3.


It took 1.6060e-02 seconds to compute the interior field matrices for segment 4.


It took 1.6075e-02 seconds to compute the interior field matrices for segment 5.


It took 1.0909e-04 seconds to compute the combined interior fields in the observation points.


It took 1.4043e-04 seconds to compute the combined incident fields in the observation points.


It took 2.6910e-01 seconds to solve the linear system for segment 5.


It took 3.4768e-01 seconds to solve the linear system for segment 3.


It took 3.5663e-01 seconds to solve the linear system for segment 4.


It took 3.5774e-01 seconds to solve the linear system for segment 1.


It took 3.5861e-01 seconds to solve the linear system for segment 2.


It took 3.5872e-01 seconds to solve all the linear systems.


It took 1.6048e-02 seconds to compute the scattered field matrices for segment 1.


It took 1.5983e-02 seconds to compute the scattered field matrices for segment 2.


It took 1.5978e-02 seconds to compute the scattered field matrices for segment 3.


It took 1.6016e-02 seconds to compute the scattered field matrices for segment 4.


It took 1.5980e-02 seconds to compute the scattered field matrices for segment 5.


It took 1.1780e-04 seconds to compute the combined scattered fields in the observation points.


It took 1.6117e-02 seconds to compute the interior field matrices for segment 1.


It took 1.6062e-02 seconds to compute the interior field matrices for segment 2.


It took 1.6098e-02 seconds to compute the interior field matrices for segment 3.


It took 1.6086e-02 seconds to compute the interior field matrices for segment 4.


It took 1.6115e-02 seconds to compute the interior field matrices for segment 5.


It took 1.0806e-04 seconds to compute the combined interior fields in the observation points.


It took 7.5062e-05 seconds to compute the combined incident fields in the observation points.

DESTRUCTED!
n_test:  	1044
n_top:  	298
n_right:  	224
n_bottom:	298
n_left:  	224
n_int:  	1028
n_ext:  	1048
n_obs:  	90000
n:      	90000
We are computing on the device!

It took 5.961680e-04 seconds to setup the segments!


It took 1.8488e-01 seconds to solve the linear system for segment 1.


It took 1.8491e-01 seconds to solve all the linear systems.


It took 3.0205e-02 seconds to compute the scattered field matrices for segment 1.


It took 3.2967e-04 seconds to compute the combined scattered fields in the observation points.


It took 2.9976e-02 seconds to compute the interior field matrices for segment 1.


It took 2.4657e-05 seconds to compute the combined interior fields in the observation points.


It took 9.5111e-05 seconds to compute the combined incident fields in the observation points.


It took 1.3941e-01 seconds to solve the linear system for segment 1.


It took 1.3943e-01 seconds to solve all the linear systems.


It took 2.9991e-02 seconds to compute the scattered field matrices for segment 1.


It took 2.5809e-05 seconds to compute the combined scattered fields in the observation points.


It took 2.9873e-02 seconds to compute the interior field matrices for segment 1.


It took 2.4226e-05 seconds to compute the combined interior fields in the observation points.


It took 3.9068e-05 seconds to compute the combined incident fields in the observation points.

DESTRUCTED!
n_test:  	1044
n_top:  	298
n_right:  	224
n_bottom:	298
n_left:  	224
n_int:  	1028
n_ext:  	1048
n_obs:  	90000
n:      	90000
We are computing on the device!

It took 4.067260e-04 seconds to setup the segments!


It took 1.5845e-01 seconds to solve the linear system for segment 1.


It took 1.5847e-01 seconds to solve all the linear systems.


It took 3.0060e-02 seconds to compute the scattered field matrices for segment 1.


It took 7.4601e-05 seconds to compute the combined scattered fields in the observation points.


It took 2.9819e-02 seconds to compute the interior field matrices for segment 1.


It took 2.5568e-05 seconds to compute the combined interior fields in the observation points.


It took 8.3104e-05 seconds to compute the combined incident fields in the observation points.


It took 1.3930e-01 seconds to solve the linear system for segment 1.


It took 1.3932e-01 seconds to solve all the linear systems.


It took 2.9991e-02 seconds to compute the scattered field matrices for segment 1.


It took 2.6470e-05 seconds to compute the combined scattered fields in the observation points.


It took 2.9857e-02 seconds to compute the interior field matrices for segment 1.


It took 2.5468e-05 seconds to compute the combined interior fields in the observation points.


It took 4.1401e-05 seconds to compute the combined incident fields in the observation points.

DESTRUCTED!
n_test:  	744
n_top:  	148
n_right:  	224
n_bottom:	148
n_left:  	224
n_int:  	728
n_ext:  	748
n_obs:  	90000
n:      	90000
We are computing on the device!

It took 8.314981e-04 seconds to setup the segments!


It took 2.0681e-01 seconds to solve the linear system for segment 1.


It took 2.0791e-01 seconds to solve the linear system for segment 2.


It took 2.0819e-01 seconds to solve all the linear systems.


It took 2.1332e-02 seconds to compute the scattered field matrices for segment 1.


It took 2.0827e-02 seconds to compute the scattered field matrices for segment 2.


It took 3.6276e-04 seconds to compute the combined scattered fields in the observation points.


It took 2.1977e-02 seconds to compute the interior field matrices for segment 1.


It took 2.1942e-02 seconds to compute the interior field matrices for segment 2.


It took 5.1137e-05 seconds to compute the combined interior fields in the observation points.


It took 9.2407e-05 seconds to compute the combined incident fields in the observation points.


It took 1.8944e-01 seconds to solve the linear system for segment 1.


It took 1.9079e-01 seconds to solve the linear system for segment 2.


It took 1.9092e-01 seconds to solve all the linear systems.


It took 2.0775e-02 seconds to compute the scattered field matrices for segment 1.


It took 2.0774e-02 seconds to compute the scattered field matrices for segment 2.


It took 4.3074e-05 seconds to compute the combined scattered fields in the observation points.


It took 2.1884e-02 seconds to compute the interior field matrices for segment 1.


It took 2.1947e-02 seconds to compute the interior field matrices for segment 2.


It took 4.0610e-05 seconds to compute the combined interior fields in the observation points.


It took 4.0621e-05 seconds to compute the combined incident fields in the observation points.

DESTRUCTED!
n_test:  	744
n_top:  	148
n_right:  	224
n_bottom:	148
n_left:  	224
n_int:  	728
n_ext:  	748
n_obs:  	90000
n:      	90000
We are computing on the device!

It took 5.847909e-04 seconds to setup the segments!


It took 1.9508e-01 seconds to solve the linear system for segment 1.


It took 2.0036e-01 seconds to solve the linear system for segment 2.


It took 2.0054e-01 seconds to solve all the linear systems.


It took 2.0862e-02 seconds to compute the scattered field matrices for segment 1.


It took 2.0707e-02 seconds to compute the scattered field matrices for segment 2.


It took 1.0884e-04 seconds to compute the combined scattered fields in the observation points.


It took 2.1945e-02 seconds to compute the interior field matrices for segment 1.


It took 2.1894e-02 seconds to compute the interior field matrices for segment 2.


It took 4.1682e-05 seconds to compute the combined interior fields in the observation points.


It took 8.7260e-05 seconds to compute the combined incident fields in the observation points.


It took 1.9344e-01 seconds to solve the linear system for segment 1.


It took 1.9480e-01 seconds to solve the linear system for segment 2.


It took 1.9489e-01 seconds to solve all the linear systems.


It took 2.0803e-02 seconds to compute the scattered field matrices for segment 1.


It took 2.0801e-02 seconds to compute the scattered field matrices for segment 2.


It took 4.2603e-05 seconds to compute the combined scattered fields in the observation points.


It took 2.1859e-02 seconds to compute the interior field matrices for segment 1.


It took 2.1912e-02 seconds to compute the interior field matrices for segment 2.


It took 4.1232e-05 seconds to compute the combined interior fields in the observation points.


It took 4.7140e-05 seconds to compute the combined incident fields in the observation points.

DESTRUCTED!
n_test:  	644
n_top:  	98
n_right:  	224
n_bottom:	98
n_left:  	224
n_int:  	628
n_ext:  	648
n_obs:  	90000
n:      	90000
We are computing on the device!

It took 9.691140e-04 seconds to setup the segments!


It took 2.5176e-01 seconds to solve the linear system for segment 3.


It took 3.0279e-01 seconds to solve the linear system for segment 1.


It took 3.0472e-01 seconds to solve the linear system for segment 2.


It took 3.0499e-01 seconds to solve all the linear systems.


It took 1.8689e-02 seconds to compute the scattered field matrices for segment 1.


It took 1.8443e-02 seconds to compute the scattered field matrices for segment 2.


It took 1.8525e-02 seconds to compute the scattered field matrices for segment 3.


It took 2.5569e-04 seconds to compute the combined scattered fields in the observation points.


It took 1.8471e-02 seconds to compute the interior field matrices for segment 1.


It took 1.8546e-02 seconds to compute the interior field matrices for segment 2.


It took 1.8492e-02 seconds to compute the interior field matrices for segment 3.


It took 6.0480e-05 seconds to compute the combined interior fields in the observation points.


It took 1.1471e-04 seconds to compute the combined incident fields in the observation points.


It took 1.9551e-01 seconds to solve the linear system for segment 3.


It took 2.4728e-01 seconds to solve the linear system for segment 1.


It took 2.4841e-01 seconds to solve the linear system for segment 2.


It took 2.4851e-01 seconds to solve all the linear systems.


It took 1.8428e-02 seconds to compute the scattered field matrices for segment 1.


It took 1.8434e-02 seconds to compute the scattered field matrices for segment 2.


It took 1.8393e-02 seconds to compute the scattered field matrices for segment 3.


It took 6.0230e-05 seconds to compute the combined scattered fields in the observation points.


It took 1.8422e-02 seconds to compute the interior field matrices for segment 1.


It took 1.8452e-02 seconds to compute the interior field matrices for segment 2.


It took 1.8521e-02 seconds to compute the interior field matrices for segment 3.


It took 5.8117e-05 seconds to compute the combined interior fields in the observation points.


It took 4.1272e-05 seconds to compute the combined incident fields in the observation points.

DESTRUCTED!
n_test:  	644
n_top:  	98
n_right:  	224
n_bottom:	98
n_left:  	224
n_int:  	628
n_ext:  	648
n_obs:  	90000
n:      	90000
We are computing on the device!

It took 7.210241e-04 seconds to setup the segments!


It took 2.3225e-01 seconds to solve the linear system for segment 3.


It took 2.7369e-01 seconds to solve the linear system for segment 1.


It took 2.7736e-01 seconds to solve the linear system for segment 2.


It took 2.7753e-01 seconds to solve all the linear systems.


It took 1.8596e-02 seconds to compute the scattered field matrices for segment 1.


It took 1.8402e-02 seconds to compute the scattered field matrices for segment 2.


It took 1.8409e-02 seconds to compute the scattered field matrices for segment 3.


It took 1.3013e-04 seconds to compute the combined scattered fields in the observation points.


It took 1.8422e-02 seconds to compute the interior field matrices for segment 1.


It took 1.8496e-02 seconds to compute the interior field matrices for segment 2.


It took 1.8452e-02 seconds to compute the interior field matrices for segment 3.


It took 5.8998e-05 seconds to compute the combined interior fields in the observation points.


It took 8.9994e-05 seconds to compute the combined incident fields in the observation points.


It took 2.3099e-01 seconds to solve the linear system for segment 3.


It took 2.6358e-01 seconds to solve the linear system for segment 2.


It took 2.6542e-01 seconds to solve the linear system for segment 1.


It took 2.6551e-01 seconds to solve all the linear systems.


It took 1.8480e-02 seconds to compute the scattered field matrices for segment 1.


It took 1.8374e-02 seconds to compute the scattered field matrices for segment 2.


It took 1.8458e-02 seconds to compute the scattered field matrices for segment 3.


It took 6.0661e-05 seconds to compute the combined scattered fields in the observation points.


It took 1.8470e-02 seconds to compute the interior field matrices for segment 1.


It took 1.8416e-02 seconds to compute the interior field matrices for segment 2.


It took 1.8542e-02 seconds to compute the interior field matrices for segment 3.


It took 5.9309e-05 seconds to compute the combined interior fields in the observation points.


It took 5.5673e-05 seconds to compute the combined incident fields in the observation points.

DESTRUCTED!
n_test:  	594
n_top:  	73
n_right:  	224
n_bottom:	73
n_left:  	224
n_int:  	578
n_ext:  	598
n_obs:  	90000
n:      	90000
We are computing on the device!

It took 1.110645e-03 seconds to setup the segments!


It took 2.9179e-01 seconds to solve the linear system for segment 3.


It took 3.5851e-01 seconds to solve the linear system for segment 1.


It took 3.6008e-01 seconds to solve the linear system for segment 2.


It took 3.6064e-01 seconds to solve the linear system for segment 4.


It took 3.6109e-01 seconds to solve all the linear systems.


It took 1.9974e-02 seconds to compute the scattered field matrices for segment 1.


It took 1.9649e-02 seconds to compute the scattered field matrices for segment 2.


It took 1.9668e-02 seconds to compute the scattered field matrices for segment 3.


It took 1.9697e-02 seconds to compute the scattered field matrices for segment 4.


It took 2.8667e-04 seconds to compute the combined scattered fields in the observation points.


It took 2.0453e-02 seconds to compute the interior field matrices for segment 1.


It took 2.0395e-02 seconds to compute the interior field matrices for segment 2.


It took 2.0422e-02 seconds to compute the interior field matrices for segment 3.


It took 2.0400e-02 seconds to compute the interior field matrices for segment 4.


It took 7.6905e-05 seconds to compute the combined interior fields in the observation points.


It took 1.2263e-04 seconds to compute the combined incident fields in the observation points.


It took 2.3929e-01 seconds to solve the linear system for segment 3.


It took 3.0797e-01 seconds to solve the linear system for segment 4.


It took 3.0969e-01 seconds to solve the linear system for segment 1.


It took 3.1022e-01 seconds to solve the linear system for segment 2.


It took 3.1034e-01 seconds to solve all the linear systems.


It took 1.9784e-02 seconds to compute the scattered field matrices for segment 1.


It took 1.9664e-02 seconds to compute the scattered field matrices for segment 2.


It took 1.9647e-02 seconds to compute the scattered field matrices for segment 3.


It took 1.9690e-02 seconds to compute the scattered field matrices for segment 4.


It took 7.5913e-05 seconds to compute the combined scattered fields in the observation points.


It took 2.0420e-02 seconds to compute the interior field matrices for segment 1.


It took 2.0359e-02 seconds to compute the interior field matrices for segment 2.


It took 2.0349e-02 seconds to compute the interior field matrices for segment 3.


It took 2.0338e-02 seconds to compute the interior field matrices for segment 4.


It took 7.6444e-05 seconds to compute the combined interior fields in the observation points.


It took 4.0170e-05 seconds to compute the combined incident fields in the observation points.

DESTRUCTED!
n_test:  	594
n_top:  	73
n_right:  	224
n_bottom:	73
n_left:  	224
n_int:  	578
n_ext:  	598
n_obs:  	90000
n:      	90000
We are computing on the device!

It took 8.639470e-04 seconds to setup the segments!


It took 2.4181e-01 seconds to solve the linear system for segment 3.


It took 3.1139e-01 seconds to solve the linear system for segment 1.


It took 3.1289e-01 seconds to solve the linear system for segment 4.


It took 3.1383e-01 seconds to solve the linear system for segment 2.


It took 3.1403e-01 seconds to solve all the linear systems.


It took 1.9818e-02 seconds to compute the scattered field matrices for segment 1.


It took 1.9693e-02 seconds to compute the scattered field matrices for segment 2.


It took 1.9711e-02 seconds to compute the scattered field matrices for segment 3.


It took 1.9689e-02 seconds to compute the scattered field matrices for segment 4.


It took 1.5618e-04 seconds to compute the combined scattered fields in the observation points.


It took 2.0434e-02 seconds to compute the interior field matrices for segment 1.


It took 2.0366e-02 seconds to compute the interior field matrices for segment 2.


It took 2.0385e-02 seconds to compute the interior field matrices for segment 3.


It took 2.0419e-02 seconds to compute the interior field matrices for segment 4.


It took 7.2788e-05 seconds to compute the combined interior fields in the observation points.


It took 9.6384e-05 seconds to compute the combined incident fields in the observation points.


It took 2.1614e-01 seconds to solve the linear system for segment 3.


It took 3.0705e-01 seconds to solve the linear system for segment 1.


It took 3.1113e-01 seconds to solve the linear system for segment 4.


It took 3.1621e-01 seconds to solve the linear system for segment 2.


It took 3.1634e-01 seconds to solve all the linear systems.


It took 1.9772e-02 seconds to compute the scattered field matrices for segment 1.


It took 1.9642e-02 seconds to compute the scattered field matrices for segment 2.


It took 1.9656e-02 seconds to compute the scattered field matrices for segment 3.


It took 1.9725e-02 seconds to compute the scattered field matrices for segment 4.


It took 7.5212e-05 seconds to compute the combined scattered fields in the observation points.


It took 2.0358e-02 seconds to compute the interior field matrices for segment 1.


It took 2.0342e-02 seconds to compute the interior field matrices for segment 2.


It took 2.0358e-02 seconds to compute the interior field matrices for segment 3.


It took 2.0365e-02 seconds to compute the interior field matrices for segment 4.


It took 7.3870e-05 seconds to compute the combined interior fields in the observation points.


It took 3.8878e-05 seconds to compute the combined incident fields in the observation points.

DESTRUCTED!
n_test:  	564
n_top:  	58
n_right:  	224
n_bottom:	58
n_left:  	224
n_int:  	548
n_ext:  	568
n_obs:  	90000
n:      	90000
We are computing on the device!

It took 1.558341e-03 seconds to setup the segments!


It took 3.1150e-01 seconds to solve the linear system for segment 5.


It took 4.1120e-01 seconds to solve the linear system for segment 1.


It took 4.2246e-01 seconds to solve the linear system for segment 4.


It took 4.2435e-01 seconds to solve the linear system for segment 3.


It took 4.2541e-01 seconds to solve the linear system for segment 2.


It took 4.2601e-01 seconds to solve all the linear systems.


It took 1.6426e-02 seconds to compute the scattered field matrices for segment 1.


It took 1.6038e-02 seconds to compute the scattered field matrices for segment 2.


It took 1.5971e-02 seconds to compute the scattered field matrices for segment 3.


It took 1.5992e-02 seconds to compute the scattered field matrices for segment 4.


It took 1.5902e-02 seconds to compute the scattered field matrices for segment 5.


It took 3.8822e-04 seconds to compute the combined scattered fields in the observation points.


It took 1.6120e-02 seconds to compute the interior field matrices for segment 1.


It took 1.6097e-02 seconds to compute the interior field matrices for segment 2.


It took 1.6099e-02 seconds to compute the interior field matrices for segment 3.


It took 1.6092e-02 seconds to compute the interior field matrices for segment 4.


It took 1.6056e-02 seconds to compute the interior field matrices for segment 5.


It took 1.0452e-04 seconds to compute the combined interior fields in the observation points.


It took 1.3616e-04 seconds to compute the combined incident fields in the observation points.


It took 2.7696e-01 seconds to solve the linear system for segment 5.


It took 3.5713e-01 seconds to solve the linear system for segment 2.


It took 3.5790e-01 seconds to solve the linear system for segment 1.


It took 3.6657e-01 seconds to solve the linear system for segment 3.


It took 3.6910e-01 seconds to solve the linear system for segment 4.


It took 3.6921e-01 seconds to solve all the linear systems.


It took 1.5994e-02 seconds to compute the scattered field matrices for segment 1.


It took 1.5993e-02 seconds to compute the scattered field matrices for segment 2.


It took 1.6017e-02 seconds to compute the scattered field matrices for segment 3.


It took 1.5933e-02 seconds to compute the scattered field matrices for segment 4.


It took 1.5953e-02 seconds to compute the scattered field matrices for segment 5.


It took 1.0631e-04 seconds to compute the combined scattered fields in the observation points.


It took 1.6125e-02 seconds to compute the interior field matrices for segment 1.


It took 1.6067e-02 seconds to compute the interior field matrices for segment 2.


It took 1.6108e-02 seconds to compute the interior field matrices for segment 3.


It took 1.6179e-02 seconds to compute the interior field matrices for segment 4.


It took 1.6126e-02 seconds to compute the interior field matrices for segment 5.


It took 1.0661e-04 seconds to compute the combined interior fields in the observation points.


It took 4.8553e-05 seconds to compute the combined incident fields in the observation points.

DESTRUCTED!
n_test:  	564
n_top:  	58
n_right:  	224
n_bottom:	58
n_left:  	224
n_int:  	548
n_ext:  	568
n_obs:  	90000
n:      	90000
We are computing on the device!

It took 1.180659e-03 seconds to setup the segments!


It took 2.9266e-01 seconds to solve the linear system for segment 5.


It took 3.7964e-01 seconds to solve the linear system for segment 1.


It took 3.9018e-01 seconds to solve the linear system for segment 3.


It took 3.9218e-01 seconds to solve the linear system for segment 4.


It took 3.9321e-01 seconds to solve the linear system for segment 2.


It took 3.9350e-01 seconds to solve all the linear systems.


It took 1.6183e-02 seconds to compute the scattered field matrices for segment 1.


It took 1.5983e-02 seconds to compute the scattered field matrices for segment 2.


It took 1.6015e-02 seconds to compute the scattered field matrices for segment 3.


It took 1.5993e-02 seconds to compute the scattered field matrices for segment 4.


It took 1.5942e-02 seconds to compute the scattered field matrices for segment 5.


It took 2.2851e-04 seconds to compute the combined scattered fields in the observation points.


It took 1.6121e-02 seconds to compute the interior field matrices for segment 1.


It took 1.6064e-02 seconds to compute the interior field matrices for segment 2.


It took 1.6090e-02 seconds to compute the interior field matrices for segment 3.


It took 1.6093e-02 seconds to compute the interior field matrices for segment 4.


It took 1.6067e-02 seconds to compute the interior field matrices for segment 5.


It took 1.0466e-04 seconds to compute the combined interior fields in the observation points.


It took 1.2413e-04 seconds to compute the combined incident fields in the observation points.


It took 2.6560e-01 seconds to solve the linear system for segment 5.


It took 3.4528e-01 seconds to solve the linear system for segment 3.


It took 3.5623e-01 seconds to solve the linear system for segment 1.


It took 3.5740e-01 seconds to solve the linear system for segment 2.


It took 3.5844e-01 seconds to solve the linear system for segment 4.


It took 3.5857e-01 seconds to solve all the linear systems.


It took 1.6007e-02 seconds to compute the scattered field matrices for segment 1.


It took 1.6013e-02 seconds to compute the scattered field matrices for segment 2.


It took 1.6019e-02 seconds to compute the scattered field matrices for segment 3.


It took 1.5968e-02 seconds to compute the scattered field matrices for segment 4.


It took 1.5995e-02 seconds to compute the scattered field matrices for segment 5.


It took 1.0861e-04 seconds to compute the combined scattered fields in the observation points.


It took 1.6135e-02 seconds to compute the interior field matrices for segment 1.


It took 1.6124e-02 seconds to compute the interior field matrices for segment 2.


It took 1.6104e-02 seconds to compute the interior field matrices for segment 3.


It took 1.6124e-02 seconds to compute the interior field matrices for segment 4.


It took 1.6118e-02 seconds to compute the interior field matrices for segment 5.


It took 1.0734e-04 seconds to compute the combined interior fields in the observation points.


It took 4.5218e-05 seconds to compute the combined incident fields in the observation points.

DESTRUCTED!
n_test:  	1044
n_top:  	298
n_right:  	224
n_bottom:	298
n_left:  	224
n_int:  	1028
n_ext:  	1048
n_obs:  	90000
n:      	90000
We are computing on the device!

It took 6.462431e-04 seconds to setup the segments!


It took 1.8242e-01 seconds to solve the linear system for segment 1.


It took 1.8246e-01 seconds to solve all the linear systems.


It took 3.0155e-02 seconds to compute the scattered field matrices for segment 1.


It took 3.3912e-04 seconds to compute the combined scattered fields in the observation points.


It took 2.9878e-02 seconds to compute the interior field matrices for segment 1.


It took 2.6360e-05 seconds to compute the combined interior fields in the observation points.


It took 9.4691e-05 seconds to compute the combined incident fields in the observation points.


It took 1.3909e-01 seconds to solve the linear system for segment 1.


It took 1.3911e-01 seconds to solve all the linear systems.


It took 2.9979e-02 seconds to compute the scattered field matrices for segment 1.


It took 2.5708e-05 seconds to compute the combined scattered fields in the observation points.


It took 2.9869e-02 seconds to compute the interior field matrices for segment 1.


It took 2.6790e-05 seconds to compute the combined interior fields in the observation points.


It took 3.9709e-05 seconds to compute the combined incident fields in the observation points.

DESTRUCTED!
n_test:  	1044
n_top:  	298
n_right:  	224
n_bottom:	298
n_left:  	224
n_int:  	1028
n_ext:  	1048
n_obs:  	90000
n:      	90000
We are computing on the device!

It took 4.143370e-04 seconds to setup the segments!


It took 1.5322e-01 seconds to solve the linear system for segment 1.


It took 1.5324e-01 seconds to solve all the linear systems.


It took 3.0000e-02 seconds to compute the scattered field matrices for segment 1.


It took 7.2699e-05 seconds to compute the combined scattered fields in the observation points.


It took 2.9880e-02 seconds to compute the interior field matrices for segment 1.


It took 2.4557e-05 seconds to compute the combined interior fields in the observation points.


It took 7.3739e-05 seconds to compute the combined incident fields in the observation points.


It took 1.5250e-01 seconds to solve the linear system for segment 1.


It took 1.5252e-01 seconds to solve all the linear systems.


It took 2.9989e-02 seconds to compute the scattered field matrices for segment 1.


It took 2.4897e-05 seconds to compute the combined scattered fields in the observation points.


It took 2.9839e-02 seconds to compute the interior field matrices for segment 1.


It took 2.3975e-05 seconds to compute the combined interior fields in the observation points.


It took 4.3805e-05 seconds to compute the combined incident fields in the observation points.

DESTRUCTED!
n_test:  	744
n_top:  	148
n_right:  	224
n_bottom:	148
n_left:  	224
n_int:  	728
n_ext:  	748
n_obs:  	90000
n:      	90000
We are computing on the device!

It took 8.307479e-04 seconds to setup the segments!


It took 1.9664e-01 seconds to solve the linear system for segment 2.


It took 2.0436e-01 seconds to solve the linear system for segment 1.


It took 2.0461e-01 seconds to solve all the linear systems.


It took 2.0868e-02 seconds to compute the scattered field matrices for segment 1.


It took 2.0788e-02 seconds to compute the scattered field matrices for segment 2.


It took 3.5027e-04 seconds to compute the combined scattered fields in the observation points.


It took 2.1968e-02 seconds to compute the interior field matrices for segment 1.


It took 2.1960e-02 seconds to compute the interior field matrices for segment 2.


It took 5.0215e-05 seconds to compute the combined interior fields in the observation points.


It took 8.5237e-05 seconds to compute the combined incident fields in the observation points.


It took 1.8429e-01 seconds to solve the linear system for segment 2.


It took 1.8532e-01 seconds to solve the linear system for segment 1.


It took 1.8547e-01 seconds to solve all the linear systems.


It took 2.0782e-02 seconds to compute the scattered field matrices for segment 1.


It took 2.0775e-02 seconds to compute the scattered field matrices for segment 2.


It took 4.1561e-05 seconds to compute the combined scattered fields in the observation points.


It took 2.1896e-02 seconds to compute the interior field matrices for segment 1.


It took 2.1890e-02 seconds to compute the interior field matrices for segment 2.


It took 4.0170e-05 seconds to compute the combined interior fields in the observation points.


It took 4.1271e-05 seconds to compute the combined incident fields in the observation points.

DESTRUCTED!
n_test:  	744
n_top:  	148
n_right:  	224
n_bottom:	148
n_left:  	224
n_int:  	728
n_ext:  	748
n_obs:  	90000
n:      	90000
We are computing on the device!

It took 5.946460e-04 seconds to setup the segments!


It took 1.8486e-01 seconds to solve the linear system for segment 2.


It took 1.8603e-01 seconds to solve the linear system for segment 1.


It took 1.8620e-01 seconds to solve all the linear systems.


It took 2.0790e-02 seconds to compute the scattered field matrices for segment 1.


It took 2.0755e-02 seconds to compute the scattered field matrices for segment 2.


It took 1.0886e-04 seconds to compute the combined scattered fields in the observation points.


It took 2.2001e-02 seconds to compute the interior field matrices for segment 1.


It took 2.1906e-02 seconds to compute the interior field matrices for segment 2.


It took 4.0641e-05 seconds to compute the combined interior fields in the observation points.


It took 8.4035e-05 seconds to compute the combined incident fields in the observation points.


It took 1.9303e-01 seconds to solve the linear system for segment 1.


It took 1.9430e-01 seconds to solve the linear system for segment 2.


It took 1.9441e-01 seconds to solve all the linear systems.


It took 2.0793e-02 seconds to compute the scattered field matrices for segment 1.


It took 2.0783e-02 seconds to compute the scattered field matrices for segment 2.


It took 3.9849e-05 seconds to compute the combined scattered fields in the observation points.


It took 2.1929e-02 seconds to compute the interior field matrices for segment 1.


It took 2.1931e-02 seconds to compute the interior field matrices for segment 2.


It took 4.1482e-05 seconds to compute the combined interior fields in the observation points.


It took 4.1843e-05 seconds to compute the combined incident fields in the observation points.

DESTRUCTED!
n_test:  	644
n_top:  	98
n_right:  	224
n_bottom:	98
n_left:  	224
n_int:  	628
n_ext:  	648
n_obs:  	90000
n:      	90000
We are computing on the device!

It took 9.599500e-04 seconds to setup the segments!


It took 2.3950e-01 seconds to solve the linear system for segment 3.


It took 2.9088e-01 seconds to solve the linear system for segment 1.


It took 2.9221e-01 seconds to solve the linear system for segment 2.


It took 2.9256e-01 seconds to solve all the linear systems.


It took 1.8652e-02 seconds to compute the scattered field matrices for segment 1.


It took 1.8434e-02 seconds to compute the scattered field matrices for segment 2.


It took 1.8500e-02 seconds to compute the scattered field matrices for segment 3.


It took 4.4569e-04 seconds to compute the combined scattered fields in the observation points.


It took 1.8450e-02 seconds to compute the interior field matrices for segment 1.


It took 1.8509e-02 seconds to compute the interior field matrices for segment 2.


It took 1.8616e-02 seconds to compute the interior field matrices for segment 3.


It took 8.0650e-05 seconds to compute the combined interior fields in the observation points.


It took 2.9568e-04 seconds to compute the combined incident fields in the observation points.


It took 2.4730e-01 seconds to solve the linear system for segment 2.


It took 2.5584e-01 seconds to solve the linear system for segment 3.


It took 2.6671e-01 seconds to solve the linear system for segment 1.


It took 2.6711e-01 seconds to solve all the linear systems.


It took 1.8467e-02 seconds to compute the scattered field matrices for segment 1.


It took 1.8461e-02 seconds to compute the scattered field matrices for segment 2.


It took 1.8506e-02 seconds to compute the scattered field matrices for segment 3.


It took 7.4872e-05 seconds to compute the combined scattered fields in the observation points.


It took 1.8398e-02 seconds to compute the interior field matrices for segment 1.


It took 1.8520e-02 seconds to compute the interior field matrices for segment 2.


It took 1.8542e-02 seconds to compute the interior field matrices for segment 3.


It took 7.4601e-05 seconds to compute the combined interior fields in the observation points.


It took 5.8247e-05 seconds to compute the combined incident fields in the observation points.

DESTRUCTED!
n_test:  	644
n_top:  	98
n_right:  	224
n_bottom:	98
n_left:  	224
n_int:  	628
n_ext:  	648
n_obs:  	90000
n:      	90000
We are computing on the device!

It took 1.084676e-03 seconds to setup the segments!


It took 2.6824e-01 seconds to solve the linear system for segment 2.


It took 2.6945e-01 seconds to solve the linear system for segment 1.


It took 2.7051e-01 seconds to solve the linear system for segment 3.


It took 2.7073e-01 seconds to solve all the linear systems.


It took 1.8782e-02 seconds to compute the scattered field matrices for segment 1.


It took 1.8490e-02 seconds to compute the scattered field matrices for segment 2.


It took 1.8474e-02 seconds to compute the scattered field matrices for segment 3.


It took 2.2298e-04 seconds to compute the combined scattered fields in the observation points.


It took 1.8463e-02 seconds to compute the interior field matrices for segment 1.


It took 1.8519e-02 seconds to compute the interior field matrices for segment 2.


It took 1.8469e-02 seconds to compute the interior field matrices for segment 3.


It took 7.0856e-05 seconds to compute the combined interior fields in the observation points.


It took 1.5332e-04 seconds to compute the combined incident fields in the observation points.


It took 2.2722e-01 seconds to solve the linear system for segment 2.


It took 2.4534e-01 seconds to solve the linear system for segment 1.


It took 2.4670e-01 seconds to solve the linear system for segment 3.


It took 2.4682e-01 seconds to solve all the linear systems.


It took 1.8496e-02 seconds to compute the scattered field matrices for segment 1.


It took 1.8494e-02 seconds to compute the scattered field matrices for segment 2.


It took 1.8516e-02 seconds to compute the scattered field matrices for segment 3.


It took 6.9994e-05 seconds to compute the combined scattered fields in the observation points.


It took 1.8488e-02 seconds to compute the interior field matrices for segment 1.


It took 1.8507e-02 seconds to compute the interior field matrices for segment 2.


It took 1.8526e-02 seconds to compute the interior field matrices for segment 3.


It took 6.9924e-05 seconds to compute the combined interior fields in the observation points.


It took 4.7701e-05 seconds to compute the combined incident fields in the observation points.

DESTRUCTED!
n_test:  	594
n_top:  	73
n_right:  	224
n_bottom:	73
n_left:  	224
n_int:  	578
n_ext:  	598
n_obs:  	90000
n:      	90000
We are computing on the device!

It took 1.116824e-03 seconds to setup the segments!


It took 2.6392e-01 seconds to solve the linear system for segment 3.


It took 3.2563e-01 seconds to solve the linear system for segment 2.


It took 3.2887e-01 seconds to solve the linear system for segment 1.


It took 3.3381e-01 seconds to solve the linear system for segment 4.


It took 3.3429e-01 seconds to solve all the linear systems.


It took 1.9872e-02 seconds to compute the scattered field matrices for segment 1.


It took 2.1409e-02 seconds to compute the scattered field matrices for segment 2.


It took 1.9747e-02 seconds to compute the scattered field matrices for segment 3.


It took 1.9706e-02 seconds to compute the scattered field matrices for segment 4.


It took 4.9838e-04 seconds to compute the combined scattered fields in the observation points.


It took 2.0459e-02 seconds to compute the interior field matrices for segment 1.


It took 2.0379e-02 seconds to compute the interior field matrices for segment 2.


It took 2.0407e-02 seconds to compute the interior field matrices for segment 3.


It took 2.0396e-02 seconds to compute the interior field matrices for segment 4.


It took 9.4690e-05 seconds to compute the combined interior fields in the observation points.


It took 1.1318e-04 seconds to compute the combined incident fields in the observation points.


It took 2.4567e-01 seconds to solve the linear system for segment 3.


It took 3.0729e-01 seconds to solve the linear system for segment 4.


It took 3.1050e-01 seconds to solve the linear system for segment 2.


It took 3.1542e-01 seconds to solve the linear system for segment 1.


It took 3.1557e-01 seconds to solve all the linear systems.


It took 1.9771e-02 seconds to compute the scattered field matrices for segment 1.


It took 1.9686e-02 seconds to compute the scattered field matrices for segment 2.


It took 1.9647e-02 seconds to compute the scattered field matrices for segment 3.


It took 1.9685e-02 seconds to compute the scattered field matrices for segment 4.


It took 7.6854e-05 seconds to compute the combined scattered fields in the observation points.


It took 2.0394e-02 seconds to compute the interior field matrices for segment 1.


It took 2.0368e-02 seconds to compute the interior field matrices for segment 2.


It took 2.0328e-02 seconds to compute the interior field matrices for segment 3.


It took 2.0354e-02 seconds to compute the interior field matrices for segment 4.


It took 7.6084e-05 seconds to compute the combined interior fields in the observation points.


It took 4.0310e-05 seconds to compute the combined incident fields in the observation points.

DESTRUCTED!
n_test:  	594
n_top:  	73
n_right:  	224
n_bottom:	73
n_left:  	224
n_int:  	578
n_ext:  	598
n_obs:  	90000
n:      	90000
We are computing on the device!

It took 1.286226e-03 seconds to setup the segments!


It took 3.3124e-01 seconds to solve the linear system for segment 3.


It took 3.4258e-01 seconds to solve the linear system for segment 4.


It took 3.4386e-01 seconds to solve the linear system for segment 1.


It took 3.4497e-01 seconds to solve the linear system for segment 2.


It took 3.4520e-01 seconds to solve all the linear systems.


It took 1.9935e-02 seconds to compute the scattered field matrices for segment 1.


It took 1.9733e-02 seconds to compute the scattered field matrices for segment 2.


It took 1.9654e-02 seconds to compute the scattered field matrices for segment 3.


It took 1.9697e-02 seconds to compute the scattered field matrices for segment 4.


It took 2.8739e-04 seconds to compute the combined scattered fields in the observation points.


It took 2.0477e-02 seconds to compute the interior field matrices for segment 1.


It took 2.0358e-02 seconds to compute the interior field matrices for segment 2.


It took 2.0427e-02 seconds to compute the interior field matrices for segment 3.


It took 2.0384e-02 seconds to compute the interior field matrices for segment 4.


It took 8.6940e-05 seconds to compute the combined interior fields in the observation points.


It took 1.9524e-04 seconds to compute the combined incident fields in the observation points.


It took 3.0640e-01 seconds to solve the linear system for segment 3.


It took 3.1583e-01 seconds to solve the linear system for segment 2.


It took 3.2008e-01 seconds to solve the linear system for segment 1.


It took 3.2561e-01 seconds to solve the linear system for segment 4.


It took 3.2573e-01 seconds to solve all the linear systems.


It took 1.9778e-02 seconds to compute the scattered field matrices for segment 1.


It took 1.9716e-02 seconds to compute the scattered field matrices for segment 2.


It took 1.9698e-02 seconds to compute the scattered field matrices for segment 3.


It took 1.9684e-02 seconds to compute the scattered field matrices for segment 4.


It took 9.9428e-05 seconds to compute the combined scattered fields in the observation points.


It took 2.0431e-02 seconds to compute the interior field matrices for segment 1.


It took 2.0376e-02 seconds to compute the interior field matrices for segment 2.


It took 2.0402e-02 seconds to compute the interior field matrices for segment 3.


It took 2.0344e-02 seconds to compute the interior field matrices for segment 4.


It took 8.9253e-05 seconds to compute the combined interior fields in the observation points.


It took 7.6494e-05 seconds to compute the combined incident fields in the observation points.

DESTRUCTED!
n_test:  	564
n_top:  	58
n_right:  	224
n_bottom:	58
n_left:  	224
n_int:  	548
n_ext:  	568
n_obs:  	90000
n:      	90000
We are computing on the device!

It took 1.295490e-03 seconds to setup the segments!


It took 3.3332e-01 seconds to solve the linear system for segment 3.


It took 3.5427e-01 seconds to solve the linear system for segment 5.


It took 3.8339e-01 seconds to solve the linear system for segment 1.


It took 3.9137e-01 seconds to solve the linear system for segment 2.


It took 3.9269e-01 seconds to solve the linear system for segment 4.


It took 3.9320e-01 seconds to solve all the linear systems.


It took 1.6255e-02 seconds to compute the scattered field matrices for segment 1.


It took 1.5972e-02 seconds to compute the scattered field matrices for segment 2.


It took 1.6958e-02 seconds to compute the scattered field matrices for segment 3.


It took 1.6064e-02 seconds to compute the scattered field matrices for segment 4.


It took 1.5918e-02 seconds to compute the scattered field matrices for segment 5.


It took 5.5745e-04 seconds to compute the combined scattered fields in the observation points.


It took 1.6085e-02 seconds to compute the interior field matrices for segment 1.


It took 1.6096e-02 seconds to compute the interior field matrices for segment 2.


It took 1.6091e-02 seconds to compute the interior field matrices for segment 3.


It took 1.6101e-02 seconds to compute the interior field matrices for segment 4.


It took 1.6051e-02 seconds to compute the interior field matrices for segment 5.


It took 1.1049e-04 seconds to compute the combined interior fields in the observation points.


It took 1.2041e-04 seconds to compute the combined incident fields in the observation points.


It took 3.3267e-01 seconds to solve the linear system for segment 3.


It took 3.5628e-01 seconds to solve the linear system for segment 5.


It took 3.6860e-01 seconds to solve the linear system for segment 1.


It took 3.7645e-01 seconds to solve the linear system for segment 4.


It took 3.7777e-01 seconds to solve the linear system for segment 2.


It took 3.7794e-01 seconds to solve all the linear systems.


It took 1.6016e-02 seconds to compute the scattered field matrices for segment 1.


It took 1.6021e-02 seconds to compute the scattered field matrices for segment 2.


It took 1.6000e-02 seconds to compute the scattered field matrices for segment 3.


It took 1.6007e-02 seconds to compute the scattered field matrices for segment 4.


It took 1.5963e-02 seconds to compute the scattered field matrices for segment 5.


It took 9.6434e-05 seconds to compute the combined scattered fields in the observation points.


It took 1.6092e-02 seconds to compute the interior field matrices for segment 1.


It took 1.6055e-02 seconds to compute the interior field matrices for segment 2.


It took 1.6047e-02 seconds to compute the interior field matrices for segment 3.


It took 1.6112e-02 seconds to compute the interior field matrices for segment 4.


It took 1.6100e-02 seconds to compute the interior field matrices for segment 5.


It took 9.7315e-05 seconds to compute the combined interior fields in the observation points.


It took 4.1402e-05 seconds to compute the combined incident fields in the observation points.

DESTRUCTED!
n_test:  	564
n_top:  	58
n_right:  	224
n_bottom:	58
n_left:  	224
n_int:  	548
n_ext:  	568
n_obs:  	90000
n:      	90000
We are computing on the device!

It took 1.514266e-03 seconds to setup the segments!


It took 3.7042e-01 seconds to solve the linear system for segment 3.


It took 3.7861e-01 seconds to solve the linear system for segment 1.


It took 3.8145e-01 seconds to solve the linear system for segment 2.


It took 3.8914e-01 seconds to solve the linear system for segment 5.


It took 3.8951e-01 seconds to solve the linear system for segment 4.


It took 3.8972e-01 seconds to solve all the linear systems.


It took 1.6289e-02 seconds to compute the scattered field matrices for segment 1.


It took 1.6047e-02 seconds to compute the scattered field matrices for segment 2.


It took 1.6005e-02 seconds to compute the scattered field matrices for segment 3.


It took 1.5945e-02 seconds to compute the scattered field matrices for segment 4.


It took 1.5923e-02 seconds to compute the scattered field matrices for segment 5.


It took 3.2882e-04 seconds to compute the combined scattered fields in the observation points.


It took 1.6111e-02 seconds to compute the interior field matrices for segment 1.


It took 1.6121e-02 seconds to compute the interior field matrices for segment 2.


It took 1.6139e-02 seconds to compute the interior field matrices for segment 3.


It took 1.6150e-02 seconds to compute the interior field matrices for segment 4.


It took 1.6094e-02 seconds to compute the interior field matrices for segment 5.


It took 1.0505e-04 seconds to compute the combined interior fields in the observation points.


It took 1.7056e-04 seconds to compute the combined incident fields in the observation points.


It took 3.4685e-01 seconds to solve the linear system for segment 1.


It took 3.5842e-01 seconds to solve the linear system for segment 5.


It took 3.6627e-01 seconds to solve the linear system for segment 3.


It took 3.7092e-01 seconds to solve the linear system for segment 4.


It took 3.8675e-01 seconds to solve the linear system for segment 2.


It took 3.8689e-01 seconds to solve all the linear systems.


It took 1.6077e-02 seconds to compute the scattered field matrices for segment 1.


It took 1.5981e-02 seconds to compute the scattered field matrices for segment 2.


It took 1.5984e-02 seconds to compute the scattered field matrices for segment 3.


It took 1.5972e-02 seconds to compute the scattered field matrices for segment 4.


It took 1.5921e-02 seconds to compute the scattered field matrices for segment 5.


It took 1.1012e-04 seconds to compute the combined scattered fields in the observation points.


It took 1.6115e-02 seconds to compute the interior field matrices for segment 1.


It took 1.6091e-02 seconds to compute the interior field matrices for segment 2.


It took 1.6141e-02 seconds to compute the interior field matrices for segment 3.


It took 1.6148e-02 seconds to compute the interior field matrices for segment 4.


It took 1.6136e-02 seconds to compute the interior field matrices for segment 5.


It took 1.1072e-04 seconds to compute the combined interior fields in the observation points.


It took 4.7811e-05 seconds to compute the combined incident fields in the observation points.

DESTRUCTED!

------------------------------------------------------------
Sender: LSF System <lsfadmin@hpc.dtu.dk>
Subject: Job 23280126: <forward> in cluster <dcc> Done

Job <forward> was submitted from host <n-62-11-47> by user <s194146> in cluster <dcc> at Wed Nov 27 20:57:59 2024
Job was executed on host(s) <64*n-62-12-81>, in queue <gpuh100>, as user <s194146> in cluster <dcc> at Wed Nov 27 20:57:59 2024
</zhome/00/b/147112> was used as the home directory.
</zhome/00/b/147112/bioscat/Scripts/main> was used as the working directory.
Started at Wed Nov 27 20:57:59 2024
Terminated at Wed Nov 27 21:07:15 2024
Results reported at Wed Nov 27 21:07:15 2024

Your job looked like:

------------------------------------------------------------
# LSBATCH: User input
#!/bin/bash
#BSUB -J forward # name
#BSUB -o outfiles/forward_%J.out # output file
#BSUB -q gpuh100
#BSUB -n 64 ## cores
#BSUB -R "rusage[mem=1GB]" 
#BSUB -W 24:00 # useable time in minutes
##BSUB -N # send mail when done
#BSUB -R "span[hosts=1]"
#BSUB -gpu "num=1:mode=exclusive_process"

module load gcc/12.3.0-binutils-2.40
module load cuda/12.2.2
# "Retinin2x2" or "demoleus2x2"

OMP_NUM_THREADS=64 python forward.py 1 1 0 demoleus2x2

OMP_NUM_THREADS=64 python forward.py 1 2 0 demoleus2x2

OMP_NUM_THREADS=64 python forward.py 1 3 0 demoleus2x2

OMP_NUM_THREADS=64 python forward.py 1 4 0 demoleus2x2

OMP_NUM_THREADS=64 python forward.py 1 5 0 demoleus2x2

OMP_NUM_THREADS=64 python forward.py 1 1 90 demoleus2x2

OMP_NUM_THREADS=64 python forward.py 1 2 90 demoleus2x2

OMP_NUM_THREADS=64 python forward.py 1 3 90 demoleus2x2

OMP_NUM_THREADS=64 python forward.py 1 4 90 demoleus2x2

OMP_NUM_THREADS=64 python forward.py 1 5 90 demoleus2x2

OMP_NUM_THREADS=64 python forward.py 1 1 0 Retinin2x2

OMP_NUM_THREADS=64 python forward.py 1 2 0 Retinin2x2

OMP_NUM_THREADS=64 python forward.py 1 3 0 Retinin2x2

OMP_NUM_THREADS=64 python forward.py 1 4 0 Retinin2x2

OMP_NUM_THREADS=64 python forward.py 1 5 0 Retinin2x2

OMP_NUM_THREADS=64 python forward.py 1 1 90 Retinin2x2

OMP_NUM_THREADS=64 python forward.py 1 2 90 Retinin2x2

OMP_NUM_THREADS=64 python forward.py 1 3 90 Retinin2x2

(... more ...)
------------------------------------------------------------

Successfully completed.

Resource usage summary:

    CPU time :                                   1688.00 sec.
    Max Memory :                                 242 MB
    Average Memory :                             229.14 MB
    Total Requested Memory :                     65536.00 MB
    Delta Memory :                               65294.00 MB
    Max Swap :                                   -
    Max Processes :                              4
    Max Threads :                                71
    Run time :                                   556 sec.
    Turnaround time :                            556 sec.

The output (if any) is above this job summary.

