Loaded module: gcc/12.3.0-binutils-2.40
Loaded module: cuda/12.2.2
n_test:  	1044
n_top:  	298
n_right:  	224
n_bottom:	298
n_left:  	224
n_int:  	1028
n_ext:  	1048
n_obs:  	90000
n:      	90000
We are computing on the device!

It took 6.386009e-04 seconds to setup the segments!


It took 1.5967e-01 seconds to solve the linear system for segment 1.


It took 1.5970e-01 seconds to solve all the linear systems.


It took 3.0075e-02 seconds to compute the scattered field matrices for segment 1.


It took 1.6117e-04 seconds to compute the combined scattered fields in the observation points.


It took 2.9856e-02 seconds to compute the interior field matrices for segment 1.


It took 2.7361e-05 seconds to compute the combined interior fields in the observation points.


It took 8.3074e-05 seconds to compute the combined incident fields in the observation points.


It took 1.4031e-01 seconds to solve the linear system for segment 1.


It took 1.4034e-01 seconds to solve all the linear systems.


It took 2.9971e-02 seconds to compute the scattered field matrices for segment 1.


It took 2.8353e-05 seconds to compute the combined scattered fields in the observation points.


It took 2.9779e-02 seconds to compute the interior field matrices for segment 1.


It took 2.5869e-05 seconds to compute the combined interior fields in the observation points.


It took 4.7020e-05 seconds to compute the combined incident fields in the observation points.

DESTRUCTED!
n_test:  	1044
n_top:  	298
n_right:  	224
n_bottom:	298
n_left:  	224
n_int:  	1028
n_ext:  	1048
n_obs:  	90000
n:      	90000
We are computing on the device!

It took 4.581721e-04 seconds to setup the segments!


It took 1.4312e-01 seconds to solve the linear system for segment 1.


It took 1.4313e-01 seconds to solve all the linear systems.


It took 3.0091e-02 seconds to compute the scattered field matrices for segment 1.


It took 7.6975e-05 seconds to compute the combined scattered fields in the observation points.


It took 6.9524e-05 seconds to compute the combined incident fields in the observation points.


It took 1.3688e-01 seconds to solve the linear system for segment 1.


It took 1.3690e-01 seconds to solve all the linear systems.


It took 2.9970e-02 seconds to compute the scattered field matrices for segment 1.


It took 2.8222e-05 seconds to compute the combined scattered fields in the observation points.


It took 4.4747e-05 seconds to compute the combined incident fields in the observation points.

DESTRUCTED!
n_test:  	744
n_top:  	148
n_right:  	224
n_bottom:	148
n_left:  	224
n_int:  	728
n_ext:  	748
n_obs:  	90000
n:      	90000
We are computing on the device!

It took 8.731810e-04 seconds to setup the segments!


It took 1.6988e-01 seconds to solve the linear system for segment 1.


It took 1.9966e-01 seconds to solve the linear system for segment 2.


It took 1.9989e-01 seconds to solve all the linear systems.


It took 2.0925e-02 seconds to compute the scattered field matrices for segment 1.


It took 2.0635e-02 seconds to compute the scattered field matrices for segment 2.


It took 4.3788e-04 seconds to compute the combined scattered fields in the observation points.


It took 2.1895e-02 seconds to compute the interior field matrices for segment 1.


It took 2.1847e-02 seconds to compute the interior field matrices for segment 2.


It took 5.0786e-05 seconds to compute the combined interior fields in the observation points.


It took 9.5021e-05 seconds to compute the combined incident fields in the observation points.


It took 1.6693e-01 seconds to solve the linear system for segment 1.


It took 1.7379e-01 seconds to solve the linear system for segment 2.


It took 1.7390e-01 seconds to solve all the linear systems.


It took 2.0746e-02 seconds to compute the scattered field matrices for segment 1.


It took 2.0731e-02 seconds to compute the scattered field matrices for segment 2.


It took 5.0555e-05 seconds to compute the combined scattered fields in the observation points.


It took 2.1896e-02 seconds to compute the interior field matrices for segment 1.


It took 2.1848e-02 seconds to compute the interior field matrices for segment 2.


It took 4.6179e-05 seconds to compute the combined interior fields in the observation points.


It took 4.1211e-05 seconds to compute the combined incident fields in the observation points.

DESTRUCTED!
n_test:  	744
n_top:  	148
n_right:  	224
n_bottom:	148
n_left:  	224
n_int:  	728
n_ext:  	748
n_obs:  	90000
n:      	90000
We are computing on the device!

It took 6.564981e-04 seconds to setup the segments!


It took 1.9298e-01 seconds to solve the linear system for segment 1.


It took 1.9587e-01 seconds to solve the linear system for segment 2.


It took 1.9606e-01 seconds to solve all the linear systems.


It took 2.0750e-02 seconds to compute the scattered field matrices for segment 1.


It took 2.0648e-02 seconds to compute the scattered field matrices for segment 2.


It took 1.2908e-04 seconds to compute the combined scattered fields in the observation points.


It took 6.2122e-05 seconds to compute the combined incident fields in the observation points.


It took 1.6583e-01 seconds to solve the linear system for segment 1.


It took 1.6860e-01 seconds to solve the linear system for segment 2.


It took 1.6864e-01 seconds to solve all the linear systems.


It took 2.0778e-02 seconds to compute the scattered field matrices for segment 1.


It took 2.0724e-02 seconds to compute the scattered field matrices for segment 2.


It took 5.9108e-05 seconds to compute the combined scattered fields in the observation points.


It took 4.0040e-05 seconds to compute the combined incident fields in the observation points.

DESTRUCTED!
n_test:  	644
n_top:  	98
n_right:  	224
n_bottom:	98
n_left:  	224
n_int:  	628
n_ext:  	648
n_obs:  	90000
n:      	90000
We are computing on the device!

It took 1.039439e-03 seconds to setup the segments!


It took 2.5100e-01 seconds to solve the linear system for segment 2.


It took 2.6167e-01 seconds to solve the linear system for segment 1.


It took 2.6440e-01 seconds to solve the linear system for segment 3.


It took 2.6464e-01 seconds to solve all the linear systems.


It took 1.8722e-02 seconds to compute the scattered field matrices for segment 1.


It took 1.8385e-02 seconds to compute the scattered field matrices for segment 2.


It took 1.8518e-02 seconds to compute the scattered field matrices for segment 3.


It took 4.2227e-04 seconds to compute the combined scattered fields in the observation points.


It took 1.8434e-02 seconds to compute the interior field matrices for segment 1.


It took 1.8475e-02 seconds to compute the interior field matrices for segment 2.


It took 1.8442e-02 seconds to compute the interior field matrices for segment 3.


It took 6.1081e-05 seconds to compute the combined interior fields in the observation points.


It took 1.1901e-04 seconds to compute the combined incident fields in the observation points.


It took 2.0808e-01 seconds to solve the linear system for segment 2.


It took 2.0992e-01 seconds to solve the linear system for segment 1.


It took 2.2974e-01 seconds to solve the linear system for segment 3.


It took 2.2987e-01 seconds to solve all the linear systems.


It took 1.8444e-02 seconds to compute the scattered field matrices for segment 1.


It took 1.8385e-02 seconds to compute the scattered field matrices for segment 2.


It took 1.8448e-02 seconds to compute the scattered field matrices for segment 3.


It took 6.9353e-05 seconds to compute the combined scattered fields in the observation points.


It took 1.8422e-02 seconds to compute the interior field matrices for segment 1.


It took 1.8428e-02 seconds to compute the interior field matrices for segment 2.


It took 1.8446e-02 seconds to compute the interior field matrices for segment 3.


It took 6.4066e-05 seconds to compute the combined interior fields in the observation points.


It took 4.1672e-05 seconds to compute the combined incident fields in the observation points.

DESTRUCTED!
n_test:  	644
n_top:  	98
n_right:  	224
n_bottom:	98
n_left:  	224
n_int:  	628
n_ext:  	648
n_obs:  	90000
n:      	90000
We are computing on the device!

It took 8.555748e-04 seconds to setup the segments!


It took 2.0876e-01 seconds to solve the linear system for segment 1.


It took 2.4967e-01 seconds to solve the linear system for segment 3.


It took 2.5050e-01 seconds to solve the linear system for segment 2.


It took 2.5074e-01 seconds to solve all the linear systems.


It took 1.8637e-02 seconds to compute the scattered field matrices for segment 1.


It took 1.8347e-02 seconds to compute the scattered field matrices for segment 2.


It took 1.8479e-02 seconds to compute the scattered field matrices for segment 3.


It took 1.9152e-04 seconds to compute the combined scattered fields in the observation points.


It took 6.6149e-05 seconds to compute the combined incident fields in the observation points.


It took 1.8186e-01 seconds to solve the linear system for segment 1.


It took 2.4151e-01 seconds to solve the linear system for segment 2.


It took 2.4339e-01 seconds to solve the linear system for segment 3.


It took 2.4350e-01 seconds to solve all the linear systems.


It took 1.8494e-02 seconds to compute the scattered field matrices for segment 1.


It took 1.8396e-02 seconds to compute the scattered field matrices for segment 2.


It took 1.8478e-02 seconds to compute the scattered field matrices for segment 3.


It took 6.3845e-05 seconds to compute the combined scattered fields in the observation points.


It took 4.0360e-05 seconds to compute the combined incident fields in the observation points.

DESTRUCTED!
n_test:  	594
n_top:  	73
n_right:  	224
n_bottom:	73
n_left:  	224
n_int:  	578
n_ext:  	598
n_obs:  	90000
n:      	90000
We are computing on the device!

It took 1.192426e-03 seconds to setup the segments!


It took 2.9201e-01 seconds to solve the linear system for segment 3.


It took 3.1137e-01 seconds to solve the linear system for segment 1.


It took 3.2028e-01 seconds to solve the linear system for segment 2.


It took 3.2987e-01 seconds to solve the linear system for segment 4.


It took 3.3034e-01 seconds to solve all the linear systems.


It took 1.9868e-02 seconds to compute the scattered field matrices for segment 1.


It took 1.9665e-02 seconds to compute the scattered field matrices for segment 2.


It took 1.9715e-02 seconds to compute the scattered field matrices for segment 3.


It took 1.9649e-02 seconds to compute the scattered field matrices for segment 4.


It took 5.0258e-04 seconds to compute the combined scattered fields in the observation points.


It took 2.0403e-02 seconds to compute the interior field matrices for segment 1.


It took 2.0346e-02 seconds to compute the interior field matrices for segment 2.


It took 2.0363e-02 seconds to compute the interior field matrices for segment 3.


It took 2.0375e-02 seconds to compute the interior field matrices for segment 4.


It took 8.2132e-05 seconds to compute the combined interior fields in the observation points.


It took 1.2950e-04 seconds to compute the combined incident fields in the observation points.


It took 2.9708e-01 seconds to solve the linear system for segment 3.


It took 3.0022e-01 seconds to solve the linear system for segment 2.


It took 3.0177e-01 seconds to solve the linear system for segment 1.


It took 3.0302e-01 seconds to solve the linear system for segment 4.


It took 3.0321e-01 seconds to solve all the linear systems.


It took 1.9698e-02 seconds to compute the scattered field matrices for segment 1.


It took 1.9627e-02 seconds to compute the scattered field matrices for segment 2.


It took 1.9704e-02 seconds to compute the scattered field matrices for segment 3.


It took 1.9685e-02 seconds to compute the scattered field matrices for segment 4.


It took 8.2503e-05 seconds to compute the combined scattered fields in the observation points.


It took 2.0363e-02 seconds to compute the interior field matrices for segment 1.


It took 2.0287e-02 seconds to compute the interior field matrices for segment 2.


It took 2.0345e-02 seconds to compute the interior field matrices for segment 3.


It took 2.0286e-02 seconds to compute the interior field matrices for segment 4.


It took 8.2292e-05 seconds to compute the combined interior fields in the observation points.


It took 4.2934e-05 seconds to compute the combined incident fields in the observation points.

DESTRUCTED!
n_test:  	594
n_top:  	73
n_right:  	224
n_bottom:	73
n_left:  	224
n_int:  	578
n_ext:  	598
n_obs:  	90000
n:      	90000
We are computing on the device!

It took 9.812121e-04 seconds to setup the segments!


It took 2.4917e-01 seconds to solve the linear system for segment 3.


It took 2.9393e-01 seconds to solve the linear system for segment 4.


It took 2.9597e-01 seconds to solve the linear system for segment 1.


It took 2.9682e-01 seconds to solve the linear system for segment 2.


It took 2.9700e-01 seconds to solve all the linear systems.


It took 1.9747e-02 seconds to compute the scattered field matrices for segment 1.


It took 1.9611e-02 seconds to compute the scattered field matrices for segment 2.


It took 1.9687e-02 seconds to compute the scattered field matrices for segment 3.


It took 1.9675e-02 seconds to compute the scattered field matrices for segment 4.


It took 1.7201e-04 seconds to compute the combined scattered fields in the observation points.


It took 6.8792e-05 seconds to compute the combined incident fields in the observation points.


It took 2.3876e-01 seconds to solve the linear system for segment 3.


It took 2.9141e-01 seconds to solve the linear system for segment 2.


It took 2.9272e-01 seconds to solve the linear system for segment 4.


It took 2.9401e-01 seconds to solve the linear system for segment 1.


It took 2.9411e-01 seconds to solve all the linear systems.


It took 1.9675e-02 seconds to compute the scattered field matrices for segment 1.


It took 1.9655e-02 seconds to compute the scattered field matrices for segment 2.


It took 1.9670e-02 seconds to compute the scattered field matrices for segment 3.


It took 1.9670e-02 seconds to compute the scattered field matrices for segment 4.


It took 8.3945e-05 seconds to compute the combined scattered fields in the observation points.


It took 4.4176e-05 seconds to compute the combined incident fields in the observation points.

DESTRUCTED!
n_test:  	564
n_top:  	58
n_right:  	224
n_bottom:	58
n_left:  	224
n_int:  	548
n_ext:  	568
n_obs:  	90000
n:      	90000
We are computing on the device!

It took 1.396650e-03 seconds to setup the segments!


It took 3.7179e-01 seconds to solve the linear system for segment 5.


It took 3.7562e-01 seconds to solve the linear system for segment 2.


It took 3.7752e-01 seconds to solve the linear system for segment 1.


It took 3.8280e-01 seconds to solve the linear system for segment 4.


It took 3.8486e-01 seconds to solve the linear system for segment 3.


It took 3.8537e-01 seconds to solve all the linear systems.


It took 1.6238e-02 seconds to compute the scattered field matrices for segment 1.


It took 1.6015e-02 seconds to compute the scattered field matrices for segment 2.


It took 1.5994e-02 seconds to compute the scattered field matrices for segment 3.


It took 1.6018e-02 seconds to compute the scattered field matrices for segment 4.


It took 1.5928e-02 seconds to compute the scattered field matrices for segment 5.


It took 5.2378e-04 seconds to compute the combined scattered fields in the observation points.


It took 1.6018e-02 seconds to compute the interior field matrices for segment 1.


It took 1.6065e-02 seconds to compute the interior field matrices for segment 2.


It took 1.6016e-02 seconds to compute the interior field matrices for segment 3.


It took 1.6025e-02 seconds to compute the interior field matrices for segment 4.


It took 1.5999e-02 seconds to compute the interior field matrices for segment 5.


It took 1.2132e-04 seconds to compute the combined interior fields in the observation points.


It took 1.1906e-04 seconds to compute the combined incident fields in the observation points.


It took 3.4699e-01 seconds to solve the linear system for segment 5.


It took 3.6000e-01 seconds to solve the linear system for segment 3.


It took 3.7007e-01 seconds to solve the linear system for segment 2.


It took 3.7054e-01 seconds to solve the linear system for segment 4.


It took 3.7227e-01 seconds to solve the linear system for segment 1.


It took 3.7243e-01 seconds to solve all the linear systems.


It took 1.6006e-02 seconds to compute the scattered field matrices for segment 1.


It took 1.5978e-02 seconds to compute the scattered field matrices for segment 2.


It took 1.5982e-02 seconds to compute the scattered field matrices for segment 3.


It took 1.5981e-02 seconds to compute the scattered field matrices for segment 4.


It took 1.5903e-02 seconds to compute the scattered field matrices for segment 5.


It took 9.9979e-05 seconds to compute the combined scattered fields in the observation points.


It took 1.6119e-02 seconds to compute the interior field matrices for segment 1.


It took 1.6025e-02 seconds to compute the interior field matrices for segment 2.


It took 1.6024e-02 seconds to compute the interior field matrices for segment 3.


It took 1.6082e-02 seconds to compute the interior field matrices for segment 4.


It took 1.6124e-02 seconds to compute the interior field matrices for segment 5.


It took 1.1094e-04 seconds to compute the combined interior fields in the observation points.


It took 4.5508e-05 seconds to compute the combined incident fields in the observation points.

DESTRUCTED!
n_test:  	564
n_top:  	58
n_right:  	224
n_bottom:	58
n_left:  	224
n_int:  	548
n_ext:  	568
n_obs:  	90000
n:      	90000
We are computing on the device!

It took 1.152146e-03 seconds to setup the segments!


It took 3.4372e-01 seconds to solve the linear system for segment 3.


It took 3.5990e-01 seconds to solve the linear system for segment 1.


It took 3.6904e-01 seconds to solve the linear system for segment 5.


It took 3.7206e-01 seconds to solve the linear system for segment 4.


It took 3.7286e-01 seconds to solve the linear system for segment 2.


It took 3.7309e-01 seconds to solve all the linear systems.


It took 1.6131e-02 seconds to compute the scattered field matrices for segment 1.


It took 1.6040e-02 seconds to compute the scattered field matrices for segment 2.


It took 1.5962e-02 seconds to compute the scattered field matrices for segment 3.


It took 1.5944e-02 seconds to compute the scattered field matrices for segment 4.


It took 1.5899e-02 seconds to compute the scattered field matrices for segment 5.


It took 2.0844e-04 seconds to compute the combined scattered fields in the observation points.


It took 6.8312e-05 seconds to compute the combined incident fields in the observation points.


It took 3.1847e-01 seconds to solve the linear system for segment 3.


It took 3.3702e-01 seconds to solve the linear system for segment 5.


It took 3.4704e-01 seconds to solve the linear system for segment 2.


It took 3.4898e-01 seconds to solve the linear system for segment 1.


It took 3.4950e-01 seconds to solve the linear system for segment 4.


It took 3.4960e-01 seconds to solve all the linear systems.


It took 1.5998e-02 seconds to compute the scattered field matrices for segment 1.


It took 1.5996e-02 seconds to compute the scattered field matrices for segment 2.


It took 1.5951e-02 seconds to compute the scattered field matrices for segment 3.


It took 1.5961e-02 seconds to compute the scattered field matrices for segment 4.


It took 1.5941e-02 seconds to compute the scattered field matrices for segment 5.


It took 1.0046e-04 seconds to compute the combined scattered fields in the observation points.


It took 4.2533e-05 seconds to compute the combined incident fields in the observation points.

DESTRUCTED!
n_test:  	1044
n_top:  	298
n_right:  	224
n_bottom:	298
n_left:  	224
n_int:  	1028
n_ext:  	1048
n_obs:  	90000
n:      	90000
We are computing on the device!

It took 6.320509e-04 seconds to setup the segments!


It took 1.5924e-01 seconds to solve the linear system for segment 1.


It took 1.5928e-01 seconds to solve all the linear systems.


It took 3.0208e-02 seconds to compute the scattered field matrices for segment 1.


It took 1.6022e-04 seconds to compute the combined scattered fields in the observation points.


It took 2.9829e-02 seconds to compute the interior field matrices for segment 1.


It took 2.5097e-05 seconds to compute the combined interior fields in the observation points.


It took 9.2778e-05 seconds to compute the combined incident fields in the observation points.


It took 1.2906e-01 seconds to solve the linear system for segment 1.


It took 1.2908e-01 seconds to solve all the linear systems.


It took 3.0079e-02 seconds to compute the scattered field matrices for segment 1.


It took 2.5929e-05 seconds to compute the combined scattered fields in the observation points.


It took 2.9822e-02 seconds to compute the interior field matrices for segment 1.


It took 2.7471e-05 seconds to compute the combined interior fields in the observation points.


It took 4.3355e-05 seconds to compute the combined incident fields in the observation points.

DESTRUCTED!
n_test:  	1044
n_top:  	298
n_right:  	224
n_bottom:	298
n_left:  	224
n_int:  	1028
n_ext:  	1048
n_obs:  	90000
n:      	90000
We are computing on the device!

It took 4.526349e-04 seconds to setup the segments!


It took 1.4456e-01 seconds to solve the linear system for segment 1.


It took 1.4458e-01 seconds to solve all the linear systems.


It took 3.0098e-02 seconds to compute the scattered field matrices for segment 1.


It took 8.2621e-05 seconds to compute the combined scattered fields in the observation points.


It took 7.0113e-05 seconds to compute the combined incident fields in the observation points.


It took 1.2881e-01 seconds to solve the linear system for segment 1.


It took 1.2883e-01 seconds to solve all the linear systems.


It took 3.0028e-02 seconds to compute the scattered field matrices for segment 1.


It took 2.7199e-05 seconds to compute the combined scattered fields in the observation points.


It took 4.6117e-05 seconds to compute the combined incident fields in the observation points.

DESTRUCTED!
n_test:  	744
n_top:  	148
n_right:  	224
n_bottom:	148
n_left:  	224
n_int:  	728
n_ext:  	748
n_obs:  	90000
n:      	90000
We are computing on the device!

It took 8.822789e-04 seconds to setup the segments!


It took 1.9047e-01 seconds to solve the linear system for segment 1.


It took 2.0231e-01 seconds to solve the linear system for segment 2.


It took 2.0260e-01 seconds to solve all the linear systems.


It took 2.0852e-02 seconds to compute the scattered field matrices for segment 1.


It took 2.0674e-02 seconds to compute the scattered field matrices for segment 2.


It took 2.0748e-04 seconds to compute the combined scattered fields in the observation points.


It took 2.1913e-02 seconds to compute the interior field matrices for segment 1.


It took 2.1897e-02 seconds to compute the interior field matrices for segment 2.


It took 4.4014e-05 seconds to compute the combined interior fields in the observation points.


It took 7.8695e-05 seconds to compute the combined incident fields in the observation points.


It took 1.7899e-01 seconds to solve the linear system for segment 1.


It took 1.8174e-01 seconds to solve the linear system for segment 2.


It took 1.8185e-01 seconds to solve all the linear systems.


It took 2.0804e-02 seconds to compute the scattered field matrices for segment 1.


It took 2.0739e-02 seconds to compute the scattered field matrices for segment 2.


It took 4.4355e-05 seconds to compute the combined scattered fields in the observation points.


It took 2.1848e-02 seconds to compute the interior field matrices for segment 1.


It took 2.1845e-02 seconds to compute the interior field matrices for segment 2.


It took 4.3684e-05 seconds to compute the combined interior fields in the observation points.


It took 4.4535e-05 seconds to compute the combined incident fields in the observation points.

DESTRUCTED!
n_test:  	744
n_top:  	148
n_right:  	224
n_bottom:	148
n_left:  	224
n_int:  	728
n_ext:  	748
n_obs:  	90000
n:      	90000
We are computing on the device!

It took 6.913189e-04 seconds to setup the segments!


It took 2.0791e-01 seconds to solve the linear system for segment 1.


It took 2.0924e-01 seconds to solve the linear system for segment 2.


It took 2.0940e-01 seconds to solve all the linear systems.


It took 2.0767e-02 seconds to compute the scattered field matrices for segment 1.


It took 2.0698e-02 seconds to compute the scattered field matrices for segment 2.


It took 1.1828e-04 seconds to compute the combined scattered fields in the observation points.


It took 7.3069e-05 seconds to compute the combined incident fields in the observation points.


It took 1.7910e-01 seconds to solve the linear system for segment 1.


It took 2.0979e-01 seconds to solve the linear system for segment 2.


It took 2.0993e-01 seconds to solve all the linear systems.


It took 2.0745e-02 seconds to compute the scattered field matrices for segment 1.


It took 2.0704e-02 seconds to compute the scattered field matrices for segment 2.


It took 4.7230e-05 seconds to compute the combined scattered fields in the observation points.


It took 4.7390e-05 seconds to compute the combined incident fields in the observation points.

DESTRUCTED!
n_test:  	644
n_top:  	98
n_right:  	224
n_bottom:	98
n_left:  	224
n_int:  	628
n_ext:  	648
n_obs:  	90000
n:      	90000
We are computing on the device!

It took 1.048492e-03 seconds to setup the segments!


It took 2.6635e-01 seconds to solve the linear system for segment 2.


It took 2.6703e-01 seconds to solve the linear system for segment 3.


It took 2.6808e-01 seconds to solve the linear system for segment 1.


It took 2.6846e-01 seconds to solve all the linear systems.


It took 1.8662e-02 seconds to compute the scattered field matrices for segment 1.


It took 1.8372e-02 seconds to compute the scattered field matrices for segment 2.


It took 1.8526e-02 seconds to compute the scattered field matrices for segment 3.


It took 4.4490e-04 seconds to compute the combined scattered fields in the observation points.


It took 1.8414e-02 seconds to compute the interior field matrices for segment 1.


It took 1.8429e-02 seconds to compute the interior field matrices for segment 2.


It took 1.8375e-02 seconds to compute the interior field matrices for segment 3.


It took 6.2713e-05 seconds to compute the combined interior fields in the observation points.


It took 1.0909e-04 seconds to compute the combined incident fields in the observation points.


It took 2.5356e-01 seconds to solve the linear system for segment 3.


It took 2.5644e-01 seconds to solve the linear system for segment 2.


It took 2.5691e-01 seconds to solve the linear system for segment 1.


It took 2.5703e-01 seconds to solve all the linear systems.


It took 1.8416e-02 seconds to compute the scattered field matrices for segment 1.


It took 1.8411e-02 seconds to compute the scattered field matrices for segment 2.


It took 1.8428e-02 seconds to compute the scattered field matrices for segment 3.


It took 6.5397e-05 seconds to compute the combined scattered fields in the observation points.


It took 1.8347e-02 seconds to compute the interior field matrices for segment 1.


It took 1.8442e-02 seconds to compute the interior field matrices for segment 2.


It took 1.8438e-02 seconds to compute the interior field matrices for segment 3.


It took 6.3314e-05 seconds to compute the combined interior fields in the observation points.


It took 4.9784e-05 seconds to compute the combined incident fields in the observation points.

DESTRUCTED!
n_test:  	644
n_top:  	98
n_right:  	224
n_bottom:	98
n_left:  	224
n_int:  	628
n_ext:  	648
n_obs:  	90000
n:      	90000
We are computing on the device!

It took 8.060101e-04 seconds to setup the segments!


It took 2.3459e-01 seconds to solve the linear system for segment 3.


It took 2.6498e-01 seconds to solve the linear system for segment 2.


It took 2.7324e-01 seconds to solve the linear system for segment 1.


It took 2.7345e-01 seconds to solve all the linear systems.


It took 1.8583e-02 seconds to compute the scattered field matrices for segment 1.


It took 1.8347e-02 seconds to compute the scattered field matrices for segment 2.


It took 1.8466e-02 seconds to compute the scattered field matrices for segment 3.


It took 1.3214e-04 seconds to compute the combined scattered fields in the observation points.


It took 6.8252e-05 seconds to compute the combined incident fields in the observation points.


It took 2.3481e-01 seconds to solve the linear system for segment 2.


It took 2.4312e-01 seconds to solve the linear system for segment 1.


It took 2.4512e-01 seconds to solve the linear system for segment 3.


It took 2.4521e-01 seconds to solve all the linear systems.


It took 1.8409e-02 seconds to compute the scattered field matrices for segment 1.


It took 1.8395e-02 seconds to compute the scattered field matrices for segment 2.


It took 1.8454e-02 seconds to compute the scattered field matrices for segment 3.


It took 6.1913e-05 seconds to compute the combined scattered fields in the observation points.


It took 4.3705e-05 seconds to compute the combined incident fields in the observation points.

DESTRUCTED!
n_test:  	594
n_top:  	73
n_right:  	224
n_bottom:	73
n_left:  	224
n_int:  	578
n_ext:  	598
n_obs:  	90000
n:      	90000
We are computing on the device!

It took 1.219557e-03 seconds to setup the segments!


It took 2.9032e-01 seconds to solve the linear system for segment 3.


It took 3.2937e-01 seconds to solve the linear system for segment 1.


It took 3.3143e-01 seconds to solve the linear system for segment 2.


It took 3.3465e-01 seconds to solve the linear system for segment 4.


It took 3.3512e-01 seconds to solve all the linear systems.


It took 1.9884e-02 seconds to compute the scattered field matrices for segment 1.


It took 1.9766e-02 seconds to compute the scattered field matrices for segment 2.


It took 1.9700e-02 seconds to compute the scattered field matrices for segment 3.


It took 1.9643e-02 seconds to compute the scattered field matrices for segment 4.


It took 4.9093e-04 seconds to compute the combined scattered fields in the observation points.


It took 2.0358e-02 seconds to compute the interior field matrices for segment 1.


It took 2.0362e-02 seconds to compute the interior field matrices for segment 2.


It took 2.0295e-02 seconds to compute the interior field matrices for segment 3.


It took 2.0359e-02 seconds to compute the interior field matrices for segment 4.


It took 7.9979e-05 seconds to compute the combined interior fields in the observation points.


It took 1.3224e-04 seconds to compute the combined incident fields in the observation points.


It took 2.4498e-01 seconds to solve the linear system for segment 3.


It took 2.8276e-01 seconds to solve the linear system for segment 1.


It took 2.9265e-01 seconds to solve the linear system for segment 2.


It took 2.9467e-01 seconds to solve the linear system for segment 4.


It took 2.9482e-01 seconds to solve all the linear systems.


It took 1.9712e-02 seconds to compute the scattered field matrices for segment 1.


It took 1.9651e-02 seconds to compute the scattered field matrices for segment 2.


It took 1.9659e-02 seconds to compute the scattered field matrices for segment 3.


It took 1.9687e-02 seconds to compute the scattered field matrices for segment 4.


It took 8.2233e-05 seconds to compute the combined scattered fields in the observation points.


It took 2.0379e-02 seconds to compute the interior field matrices for segment 1.


It took 2.0341e-02 seconds to compute the interior field matrices for segment 2.


It took 2.0291e-02 seconds to compute the interior field matrices for segment 3.


It took 2.0295e-02 seconds to compute the interior field matrices for segment 4.


It took 8.3835e-05 seconds to compute the combined interior fields in the observation points.


It took 4.4356e-05 seconds to compute the combined incident fields in the observation points.

DESTRUCTED!
n_test:  	594
n_top:  	73
n_right:  	224
n_bottom:	73
n_left:  	224
n_int:  	578
n_ext:  	598
n_obs:  	90000
n:      	90000
We are computing on the device!

It took 9.802200e-04 seconds to setup the segments!


It took 2.6228e-01 seconds to solve the linear system for segment 3.


It took 3.1067e-01 seconds to solve the linear system for segment 1.


It took 3.1353e-01 seconds to solve the linear system for segment 4.


It took 3.1453e-01 seconds to solve the linear system for segment 2.


It took 3.1472e-01 seconds to solve all the linear systems.


It took 1.9762e-02 seconds to compute the scattered field matrices for segment 1.


It took 1.9637e-02 seconds to compute the scattered field matrices for segment 2.


It took 1.9667e-02 seconds to compute the scattered field matrices for segment 3.


It took 1.9634e-02 seconds to compute the scattered field matrices for segment 4.


It took 2.1839e-04 seconds to compute the combined scattered fields in the observation points.


It took 7.0115e-05 seconds to compute the combined incident fields in the observation points.


It took 2.6411e-01 seconds to solve the linear system for segment 3.


It took 2.8977e-01 seconds to solve the linear system for segment 1.


It took 3.0786e-01 seconds to solve the linear system for segment 4.


It took 3.0891e-01 seconds to solve the linear system for segment 2.


It took 3.0904e-01 seconds to solve all the linear systems.


It took 1.9684e-02 seconds to compute the scattered field matrices for segment 1.


It took 1.9689e-02 seconds to compute the scattered field matrices for segment 2.


It took 1.9634e-02 seconds to compute the scattered field matrices for segment 3.


It took 1.9681e-02 seconds to compute the scattered field matrices for segment 4.


It took 8.1681e-05 seconds to compute the combined scattered fields in the observation points.


It took 4.2673e-05 seconds to compute the combined incident fields in the observation points.

DESTRUCTED!
n_test:  	564
n_top:  	58
n_right:  	224
n_bottom:	58
n_left:  	224
n_int:  	548
n_ext:  	568
n_obs:  	90000
n:      	90000
We are computing on the device!

It took 1.406866e-03 seconds to setup the segments!


It took 2.8507e-01 seconds to solve the linear system for segment 5.


It took 3.5442e-01 seconds to solve the linear system for segment 2.


It took 3.6185e-01 seconds to solve the linear system for segment 4.


It took 3.6460e-01 seconds to solve the linear system for segment 3.


It took 3.6967e-01 seconds to solve the linear system for segment 1.


It took 3.7017e-01 seconds to solve all the linear systems.


It took 1.6185e-02 seconds to compute the scattered field matrices for segment 1.


It took 1.5977e-02 seconds to compute the scattered field matrices for segment 2.


It took 1.6041e-02 seconds to compute the scattered field matrices for segment 3.


It took 1.5978e-02 seconds to compute the scattered field matrices for segment 4.


It took 1.5919e-02 seconds to compute the scattered field matrices for segment 5.


It took 5.3035e-04 seconds to compute the combined scattered fields in the observation points.


It took 1.6030e-02 seconds to compute the interior field matrices for segment 1.


It took 1.6039e-02 seconds to compute the interior field matrices for segment 2.


It took 1.6027e-02 seconds to compute the interior field matrices for segment 3.


It took 1.5973e-02 seconds to compute the interior field matrices for segment 4.


It took 1.6008e-02 seconds to compute the interior field matrices for segment 5.


It took 9.9779e-05 seconds to compute the combined interior fields in the observation points.


It took 1.4332e-04 seconds to compute the combined incident fields in the observation points.


It took 2.6599e-01 seconds to solve the linear system for segment 5.


It took 3.4397e-01 seconds to solve the linear system for segment 4.


It took 3.5135e-01 seconds to solve the linear system for segment 2.


It took 3.5415e-01 seconds to solve the linear system for segment 3.


It took 3.5516e-01 seconds to solve the linear system for segment 1.


It took 3.5532e-01 seconds to solve all the linear systems.


It took 1.6005e-02 seconds to compute the scattered field matrices for segment 1.


It took 1.5964e-02 seconds to compute the scattered field matrices for segment 2.


It took 1.5958e-02 seconds to compute the scattered field matrices for segment 3.


It took 1.5921e-02 seconds to compute the scattered field matrices for segment 4.


It took 1.5870e-02 seconds to compute the scattered field matrices for segment 5.


It took 1.0271e-04 seconds to compute the combined scattered fields in the observation points.


It took 1.6055e-02 seconds to compute the interior field matrices for segment 1.


It took 1.5970e-02 seconds to compute the interior field matrices for segment 2.


It took 1.6039e-02 seconds to compute the interior field matrices for segment 3.


It took 1.6072e-02 seconds to compute the interior field matrices for segment 4.


It took 1.6077e-02 seconds to compute the interior field matrices for segment 5.


It took 1.0042e-04 seconds to compute the combined interior fields in the observation points.


It took 4.3615e-05 seconds to compute the combined incident fields in the observation points.

DESTRUCTED!
n_test:  	564
n_top:  	58
n_right:  	224
n_bottom:	58
n_left:  	224
n_int:  	548
n_ext:  	568
n_obs:  	90000
n:      	90000
We are computing on the device!

It took 1.136112e-03 seconds to setup the segments!


It took 3.6826e-01 seconds to solve the linear system for segment 4.


It took 3.6991e-01 seconds to solve the linear system for segment 3.


It took 3.7041e-01 seconds to solve the linear system for segment 2.


It took 3.7709e-01 seconds to solve the linear system for segment 1.


It took 3.7911e-01 seconds to solve the linear system for segment 5.


It took 3.7936e-01 seconds to solve all the linear systems.


It took 1.6136e-02 seconds to compute the scattered field matrices for segment 1.


It took 1.6015e-02 seconds to compute the scattered field matrices for segment 2.


It took 1.5964e-02 seconds to compute the scattered field matrices for segment 3.


It took 1.5954e-02 seconds to compute the scattered field matrices for segment 4.


It took 1.5870e-02 seconds to compute the scattered field matrices for segment 5.


It took 1.8288e-04 seconds to compute the combined scattered fields in the observation points.


It took 6.8852e-05 seconds to compute the combined incident fields in the observation points.


It took 2.9818e-01 seconds to solve the linear system for segment 5.


It took 3.3739e-01 seconds to solve the linear system for segment 3.


It took 3.4740e-01 seconds to solve the linear system for segment 4.


It took 3.4916e-01 seconds to solve the linear system for segment 1.


It took 3.5001e-01 seconds to solve the linear system for segment 2.


It took 3.5012e-01 seconds to solve all the linear systems.


It took 1.5987e-02 seconds to compute the scattered field matrices for segment 1.


It took 1.5968e-02 seconds to compute the scattered field matrices for segment 2.


It took 1.6002e-02 seconds to compute the scattered field matrices for segment 3.


It took 1.5926e-02 seconds to compute the scattered field matrices for segment 4.


It took 1.5923e-02 seconds to compute the scattered field matrices for segment 5.


It took 9.6924e-05 seconds to compute the combined scattered fields in the observation points.


It took 4.0890e-05 seconds to compute the combined incident fields in the observation points.

DESTRUCTED!
n_test:  	1044
n_top:  	298
n_right:  	224
n_bottom:	298
n_left:  	224
n_int:  	1028
n_ext:  	1048
n_obs:  	90000
n:      	90000
We are computing on the device!

It took 6.392722e-04 seconds to setup the segments!


It took 1.6769e-01 seconds to solve the linear system for segment 1.


It took 1.6773e-01 seconds to solve all the linear systems.


It took 3.0227e-02 seconds to compute the scattered field matrices for segment 1.


It took 1.6405e-04 seconds to compute the combined scattered fields in the observation points.


It took 2.9904e-02 seconds to compute the interior field matrices for segment 1.


It took 2.7541e-05 seconds to compute the combined interior fields in the observation points.


It took 8.1041e-05 seconds to compute the combined incident fields in the observation points.


It took 1.3221e-01 seconds to solve the linear system for segment 1.


It took 1.3223e-01 seconds to solve all the linear systems.


It took 2.9983e-02 seconds to compute the scattered field matrices for segment 1.


It took 2.8453e-05 seconds to compute the combined scattered fields in the observation points.


It took 2.9855e-02 seconds to compute the interior field matrices for segment 1.


It took 2.6379e-05 seconds to compute the combined interior fields in the observation points.


It took 4.3855e-05 seconds to compute the combined incident fields in the observation points.

DESTRUCTED!
n_test:  	1044
n_top:  	298
n_right:  	224
n_bottom:	298
n_left:  	224
n_int:  	1028
n_ext:  	1048
n_obs:  	90000
n:      	90000
We are computing on the device!

It took 4.609060e-04 seconds to setup the segments!


It took 1.5138e-01 seconds to solve the linear system for segment 1.


It took 1.5140e-01 seconds to solve all the linear systems.


It took 3.0094e-02 seconds to compute the scattered field matrices for segment 1.


It took 8.4646e-05 seconds to compute the combined scattered fields in the observation points.


It took 7.2127e-05 seconds to compute the combined incident fields in the observation points.


It took 1.2744e-01 seconds to solve the linear system for segment 1.


It took 1.2745e-01 seconds to solve all the linear systems.


It took 2.9974e-02 seconds to compute the scattered field matrices for segment 1.


It took 2.7951e-05 seconds to compute the combined scattered fields in the observation points.


It took 4.5808e-05 seconds to compute the combined incident fields in the observation points.

DESTRUCTED!
n_test:  	744
n_top:  	148
n_right:  	224
n_bottom:	148
n_left:  	224
n_int:  	728
n_ext:  	748
n_obs:  	90000
n:      	90000
We are computing on the device!

It took 8.663600e-04 seconds to setup the segments!


It took 2.0348e-01 seconds to solve the linear system for segment 1.


It took 2.0610e-01 seconds to solve the linear system for segment 2.


It took 2.0631e-01 seconds to solve all the linear systems.


It took 2.0873e-02 seconds to compute the scattered field matrices for segment 1.


It took 2.0669e-02 seconds to compute the scattered field matrices for segment 2.


It took 2.2081e-04 seconds to compute the combined scattered fields in the observation points.


It took 2.2521e-02 seconds to compute the interior field matrices for segment 1.


It took 2.1935e-02 seconds to compute the interior field matrices for segment 2.


It took 5.0275e-05 seconds to compute the combined interior fields in the observation points.


It took 2.3532e-04 seconds to compute the combined incident fields in the observation points.


It took 1.7824e-01 seconds to solve the linear system for segment 1.


It took 1.7874e-01 seconds to solve the linear system for segment 2.


It took 1.7882e-01 seconds to solve all the linear systems.


It took 2.0720e-02 seconds to compute the scattered field matrices for segment 1.


It took 2.0731e-02 seconds to compute the scattered field matrices for segment 2.


It took 4.4697e-05 seconds to compute the combined scattered fields in the observation points.


It took 2.1859e-02 seconds to compute the interior field matrices for segment 1.


It took 2.1833e-02 seconds to compute the interior field matrices for segment 2.


It took 4.4266e-05 seconds to compute the combined interior fields in the observation points.


It took 4.3134e-05 seconds to compute the combined incident fields in the observation points.

DESTRUCTED!
n_test:  	744
n_top:  	148
n_right:  	224
n_bottom:	148
n_left:  	224
n_int:  	728
n_ext:  	748
n_obs:  	90000
n:      	90000
We are computing on the device!

It took 6.551249e-04 seconds to setup the segments!


It took 2.0221e-01 seconds to solve the linear system for segment 1.


It took 2.0343e-01 seconds to solve the linear system for segment 2.


It took 2.0360e-01 seconds to solve all the linear systems.


It took 2.0792e-02 seconds to compute the scattered field matrices for segment 1.


It took 2.0601e-02 seconds to compute the scattered field matrices for segment 2.


It took 1.5349e-04 seconds to compute the combined scattered fields in the observation points.


It took 7.1627e-05 seconds to compute the combined incident fields in the observation points.


It took 1.8367e-01 seconds to solve the linear system for segment 1.


It took 1.8649e-01 seconds to solve the linear system for segment 2.


It took 1.8657e-01 seconds to solve all the linear systems.


It took 2.0748e-02 seconds to compute the scattered field matrices for segment 1.


It took 2.0707e-02 seconds to compute the scattered field matrices for segment 2.


It took 4.5137e-05 seconds to compute the combined scattered fields in the observation points.


It took 4.5638e-05 seconds to compute the combined incident fields in the observation points.

DESTRUCTED!
n_test:  	644
n_top:  	98
n_right:  	224
n_bottom:	98
n_left:  	224
n_int:  	628
n_ext:  	648
n_obs:  	90000
n:      	90000
We are computing on the device!

It took 1.046949e-03 seconds to setup the segments!


It took 2.3581e-01 seconds to solve the linear system for segment 3.


It took 2.6727e-01 seconds to solve the linear system for segment 2.


It took 2.6833e-01 seconds to solve the linear system for segment 1.


It took 2.6871e-01 seconds to solve all the linear systems.


It took 1.8647e-02 seconds to compute the scattered field matrices for segment 1.


It took 1.8388e-02 seconds to compute the scattered field matrices for segment 2.


It took 1.8861e-02 seconds to compute the scattered field matrices for segment 3.


It took 4.1317e-04 seconds to compute the combined scattered fields in the observation points.


It took 1.8454e-02 seconds to compute the interior field matrices for segment 1.


It took 1.8495e-02 seconds to compute the interior field matrices for segment 2.


It took 1.8433e-02 seconds to compute the interior field matrices for segment 3.


It took 6.2233e-05 seconds to compute the combined interior fields in the observation points.


It took 1.2195e-04 seconds to compute the combined incident fields in the observation points.


It took 2.3615e-01 seconds to solve the linear system for segment 3.


It took 2.5248e-01 seconds to solve the linear system for segment 2.


It took 2.5451e-01 seconds to solve the linear system for segment 1.


It took 2.5466e-01 seconds to solve all the linear systems.


It took 1.8443e-02 seconds to compute the scattered field matrices for segment 1.


It took 1.8473e-02 seconds to compute the scattered field matrices for segment 2.


It took 1.8466e-02 seconds to compute the scattered field matrices for segment 3.


It took 6.3364e-05 seconds to compute the combined scattered fields in the observation points.


It took 1.8305e-02 seconds to compute the interior field matrices for segment 1.


It took 1.8422e-02 seconds to compute the interior field matrices for segment 2.


It took 1.8458e-02 seconds to compute the interior field matrices for segment 3.


It took 6.3404e-05 seconds to compute the combined interior fields in the observation points.


It took 4.3464e-05 seconds to compute the combined incident fields in the observation points.

DESTRUCTED!
n_test:  	644
n_top:  	98
n_right:  	224
n_bottom:	98
n_left:  	224
n_int:  	628
n_ext:  	648
n_obs:  	90000
n:      	90000
We are computing on the device!

It took 8.386690e-04 seconds to setup the segments!


It took 2.4784e-01 seconds to solve the linear system for segment 3.


It took 2.5428e-01 seconds to solve the linear system for segment 2.


It took 2.5707e-01 seconds to solve the linear system for segment 1.


It took 2.5729e-01 seconds to solve all the linear systems.


It took 1.8500e-02 seconds to compute the scattered field matrices for segment 1.


It took 1.8373e-02 seconds to compute the scattered field matrices for segment 2.


It took 1.8489e-02 seconds to compute the scattered field matrices for segment 3.


It took 1.3782e-04 seconds to compute the combined scattered fields in the observation points.


It took 6.7170e-05 seconds to compute the combined incident fields in the observation points.


It took 2.0639e-01 seconds to solve the linear system for segment 1.


It took 2.3625e-01 seconds to solve the linear system for segment 3.


It took 2.4570e-01 seconds to solve the linear system for segment 2.


It took 2.4582e-01 seconds to solve all the linear systems.


It took 1.8413e-02 seconds to compute the scattered field matrices for segment 1.


It took 1.8381e-02 seconds to compute the scattered field matrices for segment 2.


It took 1.8442e-02 seconds to compute the scattered field matrices for segment 3.


It took 6.4657e-05 seconds to compute the combined scattered fields in the observation points.


It took 4.3524e-05 seconds to compute the combined incident fields in the observation points.

DESTRUCTED!
n_test:  	594
n_top:  	73
n_right:  	224
n_bottom:	73
n_left:  	224
n_int:  	578
n_ext:  	598
n_obs:  	90000
n:      	90000
We are computing on the device!

It took 1.202461e-03 seconds to setup the segments!


It took 2.7150e-01 seconds to solve the linear system for segment 3.


It took 3.1439e-01 seconds to solve the linear system for segment 2.


It took 3.1677e-01 seconds to solve the linear system for segment 4.


It took 3.2442e-01 seconds to solve the linear system for segment 1.


It took 3.2485e-01 seconds to solve all the linear systems.


It took 1.9851e-02 seconds to compute the scattered field matrices for segment 1.


It took 1.9686e-02 seconds to compute the scattered field matrices for segment 2.


It took 1.9671e-02 seconds to compute the scattered field matrices for segment 3.


It took 1.9680e-02 seconds to compute the scattered field matrices for segment 4.


It took 4.7286e-04 seconds to compute the combined scattered fields in the observation points.


It took 2.0389e-02 seconds to compute the interior field matrices for segment 1.


It took 2.0393e-02 seconds to compute the interior field matrices for segment 2.


It took 2.0361e-02 seconds to compute the interior field matrices for segment 3.


It took 2.0335e-02 seconds to compute the interior field matrices for segment 4.


It took 7.9488e-05 seconds to compute the combined interior fields in the observation points.


It took 1.3113e-04 seconds to compute the combined incident fields in the observation points.


It took 2.7904e-01 seconds to solve the linear system for segment 3.


It took 2.8656e-01 seconds to solve the linear system for segment 2.


It took 2.8904e-01 seconds to solve the linear system for segment 4.


It took 2.9004e-01 seconds to solve the linear system for segment 1.


It took 2.9019e-01 seconds to solve all the linear systems.


It took 1.9651e-02 seconds to compute the scattered field matrices for segment 1.


It took 1.9608e-02 seconds to compute the scattered field matrices for segment 2.


It took 1.9638e-02 seconds to compute the scattered field matrices for segment 3.


It took 1.9664e-02 seconds to compute the scattered field matrices for segment 4.


It took 8.1621e-05 seconds to compute the combined scattered fields in the observation points.


It took 2.0361e-02 seconds to compute the interior field matrices for segment 1.


It took 2.0350e-02 seconds to compute the interior field matrices for segment 2.


It took 2.0365e-02 seconds to compute the interior field matrices for segment 3.


It took 2.0402e-02 seconds to compute the interior field matrices for segment 4.


It took 8.1231e-05 seconds to compute the combined interior fields in the observation points.


It took 4.3585e-05 seconds to compute the combined incident fields in the observation points.

DESTRUCTED!
n_test:  	594
n_top:  	73
n_right:  	224
n_bottom:	73
n_left:  	224
n_int:  	578
n_ext:  	598
n_obs:  	90000
n:      	90000
We are computing on the device!

It took 9.949219e-04 seconds to setup the segments!


It took 2.6367e-01 seconds to solve the linear system for segment 3.


It took 3.0040e-01 seconds to solve the linear system for segment 2.


It took 3.0173e-01 seconds to solve the linear system for segment 4.


It took 3.0278e-01 seconds to solve the linear system for segment 1.


It took 3.0297e-01 seconds to solve all the linear systems.


It took 1.9723e-02 seconds to compute the scattered field matrices for segment 1.


It took 1.9661e-02 seconds to compute the scattered field matrices for segment 2.


It took 1.9685e-02 seconds to compute the scattered field matrices for segment 3.


It took 1.9623e-02 seconds to compute the scattered field matrices for segment 4.


It took 1.7512e-04 seconds to compute the combined scattered fields in the observation points.


It took 6.7440e-05 seconds to compute the combined incident fields in the observation points.


It took 2.6331e-01 seconds to solve the linear system for segment 1.


It took 2.6424e-01 seconds to solve the linear system for segment 3.


It took 2.9759e-01 seconds to solve the linear system for segment 2.


It took 3.0016e-01 seconds to solve the linear system for segment 4.


It took 3.0031e-01 seconds to solve all the linear systems.


It took 1.9759e-02 seconds to compute the scattered field matrices for segment 1.


It took 1.9621e-02 seconds to compute the scattered field matrices for segment 2.


It took 1.9633e-02 seconds to compute the scattered field matrices for segment 3.


It took 1.9659e-02 seconds to compute the scattered field matrices for segment 4.


It took 8.1421e-05 seconds to compute the combined scattered fields in the observation points.


It took 4.3384e-05 seconds to compute the combined incident fields in the observation points.

DESTRUCTED!
n_test:  	564
n_top:  	58
n_right:  	224
n_bottom:	58
n_left:  	224
n_int:  	548
n_ext:  	568
n_obs:  	90000
n:      	90000
We are computing on the device!

It took 1.372214e-03 seconds to setup the segments!


It took 3.6577e-01 seconds to solve the linear system for segment 4.


It took 3.6944e-01 seconds to solve the linear system for segment 5.


It took 3.7181e-01 seconds to solve the linear system for segment 3.


It took 3.7984e-01 seconds to solve the linear system for segment 2.


It took 3.8267e-01 seconds to solve the linear system for segment 1.


It took 3.8315e-01 seconds to solve all the linear systems.


It took 1.6214e-02 seconds to compute the scattered field matrices for segment 1.


It took 1.5947e-02 seconds to compute the scattered field matrices for segment 2.


It took 1.5977e-02 seconds to compute the scattered field matrices for segment 3.


It took 1.5981e-02 seconds to compute the scattered field matrices for segment 4.


It took 1.5875e-02 seconds to compute the scattered field matrices for segment 5.


It took 5.5179e-04 seconds to compute the combined scattered fields in the observation points.


It took 1.6040e-02 seconds to compute the interior field matrices for segment 1.


It took 1.6042e-02 seconds to compute the interior field matrices for segment 2.


It took 1.6026e-02 seconds to compute the interior field matrices for segment 3.


It took 1.6028e-02 seconds to compute the interior field matrices for segment 4.


It took 1.6039e-02 seconds to compute the interior field matrices for segment 5.


It took 1.0102e-04 seconds to compute the combined interior fields in the observation points.


It took 1.3813e-04 seconds to compute the combined incident fields in the observation points.


It took 3.3268e-01 seconds to solve the linear system for segment 5.


It took 3.4083e-01 seconds to solve the linear system for segment 1.


It took 3.4740e-01 seconds to solve the linear system for segment 3.


It took 3.5114e-01 seconds to solve the linear system for segment 4.


It took 3.5303e-01 seconds to solve the linear system for segment 2.


It took 3.5321e-01 seconds to solve all the linear systems.


It took 1.5984e-02 seconds to compute the scattered field matrices for segment 1.


It took 1.5991e-02 seconds to compute the scattered field matrices for segment 2.


It took 1.5972e-02 seconds to compute the scattered field matrices for segment 3.


It took 1.5957e-02 seconds to compute the scattered field matrices for segment 4.


It took 1.5877e-02 seconds to compute the scattered field matrices for segment 5.


It took 1.0037e-04 seconds to compute the combined scattered fields in the observation points.


It took 1.6079e-02 seconds to compute the interior field matrices for segment 1.


It took 1.6009e-02 seconds to compute the interior field matrices for segment 2.


It took 1.6048e-02 seconds to compute the interior field matrices for segment 3.


It took 1.6059e-02 seconds to compute the interior field matrices for segment 4.


It took 1.6136e-02 seconds to compute the interior field matrices for segment 5.


It took 1.0187e-04 seconds to compute the combined interior fields in the observation points.


It took 4.4156e-05 seconds to compute the combined incident fields in the observation points.

DESTRUCTED!
n_test:  	564
n_top:  	58
n_right:  	224
n_bottom:	58
n_left:  	224
n_int:  	548
n_ext:  	568
n_obs:  	90000
n:      	90000
We are computing on the device!

It took 1.147379e-03 seconds to setup the segments!


It took 3.3596e-01 seconds to solve the linear system for segment 2.


It took 3.5473e-01 seconds to solve the linear system for segment 3.


It took 3.6301e-01 seconds to solve the linear system for segment 1.


It took 3.6587e-01 seconds to solve the linear system for segment 4.


It took 3.6708e-01 seconds to solve the linear system for segment 5.


It took 3.6730e-01 seconds to solve all the linear systems.


It took 1.6130e-02 seconds to compute the scattered field matrices for segment 1.


It took 1.6011e-02 seconds to compute the scattered field matrices for segment 2.


It took 1.5995e-02 seconds to compute the scattered field matrices for segment 3.


It took 1.5971e-02 seconds to compute the scattered field matrices for segment 4.


It took 1.5935e-02 seconds to compute the scattered field matrices for segment 5.


It took 1.9181e-04 seconds to compute the combined scattered fields in the observation points.


It took 6.8803e-05 seconds to compute the combined incident fields in the observation points.


It took 3.3185e-01 seconds to solve the linear system for segment 1.


It took 3.3613e-01 seconds to solve the linear system for segment 4.


It took 3.4515e-01 seconds to solve the linear system for segment 3.


It took 3.4827e-01 seconds to solve the linear system for segment 2.


It took 3.4954e-01 seconds to solve the linear system for segment 5.


It took 3.4970e-01 seconds to solve all the linear systems.


It took 1.5971e-02 seconds to compute the scattered field matrices for segment 1.


It took 1.5966e-02 seconds to compute the scattered field matrices for segment 2.


It took 1.5921e-02 seconds to compute the scattered field matrices for segment 3.


It took 1.5872e-02 seconds to compute the scattered field matrices for segment 4.


It took 1.5915e-02 seconds to compute the scattered field matrices for segment 5.


It took 1.0039e-04 seconds to compute the combined scattered fields in the observation points.


It took 4.3465e-05 seconds to compute the combined incident fields in the observation points.

DESTRUCTED!
n_test:  	1044
n_top:  	298
n_right:  	224
n_bottom:	298
n_left:  	224
n_int:  	1028
n_ext:  	1048
n_obs:  	90000
n:      	90000
We are computing on the device!

It took 6.354770e-04 seconds to setup the segments!


It took 1.6025e-01 seconds to solve the linear system for segment 1.


It took 1.6028e-01 seconds to solve all the linear systems.


It took 3.0173e-02 seconds to compute the scattered field matrices for segment 1.


It took 1.6082e-04 seconds to compute the combined scattered fields in the observation points.


It took 2.9806e-02 seconds to compute the interior field matrices for segment 1.


It took 2.6519e-05 seconds to compute the combined interior fields in the observation points.


It took 9.4110e-05 seconds to compute the combined incident fields in the observation points.


It took 1.2991e-01 seconds to solve the linear system for segment 1.


It took 1.2993e-01 seconds to solve all the linear systems.


It took 2.9994e-02 seconds to compute the scattered field matrices for segment 1.


It took 2.8633e-05 seconds to compute the combined scattered fields in the observation points.


It took 2.9858e-02 seconds to compute the interior field matrices for segment 1.


It took 2.5819e-05 seconds to compute the combined interior fields in the observation points.


It took 4.4105e-05 seconds to compute the combined incident fields in the observation points.

DESTRUCTED!
n_test:  	1044
n_top:  	298
n_right:  	224
n_bottom:	298
n_left:  	224
n_int:  	1028
n_ext:  	1048
n_obs:  	90000
n:      	90000
We are computing on the device!

It took 4.574710e-04 seconds to setup the segments!


It took 1.4910e-01 seconds to solve the linear system for segment 1.


It took 1.4912e-01 seconds to solve all the linear systems.


It took 3.0016e-02 seconds to compute the scattered field matrices for segment 1.


It took 8.0530e-05 seconds to compute the combined scattered fields in the observation points.


It took 6.8472e-05 seconds to compute the combined incident fields in the observation points.


It took 1.2494e-01 seconds to solve the linear system for segment 1.


It took 1.2496e-01 seconds to solve all the linear systems.


It took 2.9982e-02 seconds to compute the scattered field matrices for segment 1.


It took 2.6369e-05 seconds to compute the combined scattered fields in the observation points.


It took 4.4537e-05 seconds to compute the combined incident fields in the observation points.

DESTRUCTED!
n_test:  	744
n_top:  	148
n_right:  	224
n_bottom:	148
n_left:  	224
n_int:  	728
n_ext:  	748
n_obs:  	90000
n:      	90000
We are computing on the device!

It took 8.692350e-04 seconds to setup the segments!


It took 1.9121e-01 seconds to solve the linear system for segment 1.


It took 2.0320e-01 seconds to solve the linear system for segment 2.


It took 2.0343e-01 seconds to solve all the linear systems.


It took 2.0839e-02 seconds to compute the scattered field matrices for segment 1.


It took 2.0620e-02 seconds to compute the scattered field matrices for segment 2.


It took 2.0823e-04 seconds to compute the combined scattered fields in the observation points.


It took 2.1914e-02 seconds to compute the interior field matrices for segment 1.


It took 2.1854e-02 seconds to compute the interior field matrices for segment 2.


It took 5.4251e-05 seconds to compute the combined interior fields in the observation points.


It took 2.5352e-04 seconds to compute the combined incident fields in the observation points.


It took 1.7925e-01 seconds to solve the linear system for segment 1.


It took 1.8035e-01 seconds to solve the linear system for segment 2.


It took 1.8043e-01 seconds to solve all the linear systems.


It took 2.0762e-02 seconds to compute the scattered field matrices for segment 1.


It took 2.0703e-02 seconds to compute the scattered field matrices for segment 2.


It took 4.4336e-05 seconds to compute the combined scattered fields in the observation points.


It took 2.1816e-02 seconds to compute the interior field matrices for segment 1.


It took 2.1860e-02 seconds to compute the interior field matrices for segment 2.


It took 4.1902e-05 seconds to compute the combined interior fields in the observation points.


It took 4.2263e-05 seconds to compute the combined incident fields in the observation points.

DESTRUCTED!
n_test:  	744
n_top:  	148
n_right:  	224
n_bottom:	148
n_left:  	224
n_int:  	728
n_ext:  	748
n_obs:  	90000
n:      	90000
We are computing on the device!

It took 6.607841e-04 seconds to setup the segments!


It took 1.9833e-01 seconds to solve the linear system for segment 1.


It took 2.0428e-01 seconds to solve the linear system for segment 2.


It took 2.0446e-01 seconds to solve all the linear systems.


It took 2.0771e-02 seconds to compute the scattered field matrices for segment 1.


It took 2.0662e-02 seconds to compute the scattered field matrices for segment 2.


It took 1.1575e-04 seconds to compute the combined scattered fields in the observation points.


It took 7.0445e-05 seconds to compute the combined incident fields in the observation points.


It took 1.6750e-01 seconds to solve the linear system for segment 1.


It took 1.7795e-01 seconds to solve the linear system for segment 2.


It took 1.7804e-01 seconds to solve all the linear systems.


It took 2.0735e-02 seconds to compute the scattered field matrices for segment 1.


It took 2.0679e-02 seconds to compute the scattered field matrices for segment 2.


It took 4.4577e-05 seconds to compute the combined scattered fields in the observation points.


It took 4.4306e-05 seconds to compute the combined incident fields in the observation points.

DESTRUCTED!
n_test:  	644
n_top:  	98
n_right:  	224
n_bottom:	98
n_left:  	224
n_int:  	628
n_ext:  	648
n_obs:  	90000
n:      	90000
We are computing on the device!

It took 1.063474e-03 seconds to setup the segments!


It took 2.7061e-01 seconds to solve the linear system for segment 3.


It took 2.7366e-01 seconds to solve the linear system for segment 1.


It took 2.7571e-01 seconds to solve the linear system for segment 2.


It took 2.7915e-01 seconds to solve all the linear systems.


It took 1.8905e-02 seconds to compute the scattered field matrices for segment 1.


It took 1.8390e-02 seconds to compute the scattered field matrices for segment 2.


It took 1.8498e-02 seconds to compute the scattered field matrices for segment 3.


It took 2.5649e-04 seconds to compute the combined scattered fields in the observation points.


It took 1.8463e-02 seconds to compute the interior field matrices for segment 1.


It took 1.8518e-02 seconds to compute the interior field matrices for segment 2.


It took 1.8411e-02 seconds to compute the interior field matrices for segment 3.


It took 6.3955e-05 seconds to compute the combined interior fields in the observation points.


It took 1.2189e-04 seconds to compute the combined incident fields in the observation points.


It took 2.4819e-01 seconds to solve the linear system for segment 2.


It took 2.5077e-01 seconds to solve the linear system for segment 1.


It took 2.5298e-01 seconds to solve the linear system for segment 3.


It took 2.5312e-01 seconds to solve all the linear systems.


It took 1.8405e-02 seconds to compute the scattered field matrices for segment 1.


It took 1.8419e-02 seconds to compute the scattered field matrices for segment 2.


It took 1.8387e-02 seconds to compute the scattered field matrices for segment 3.


It took 6.3255e-05 seconds to compute the combined scattered fields in the observation points.


It took 1.8318e-02 seconds to compute the interior field matrices for segment 1.


It took 1.8319e-02 seconds to compute the interior field matrices for segment 2.


It took 1.8457e-02 seconds to compute the interior field matrices for segment 3.


It took 6.3064e-05 seconds to compute the combined interior fields in the observation points.


It took 4.4637e-05 seconds to compute the combined incident fields in the observation points.

DESTRUCTED!
n_test:  	644
n_top:  	98
n_right:  	224
n_bottom:	98
n_left:  	224
n_int:  	628
n_ext:  	648
n_obs:  	90000
n:      	90000
We are computing on the device!

It took 8.099270e-04 seconds to setup the segments!


It took 2.5698e-01 seconds to solve the linear system for segment 3.


It took 2.5996e-01 seconds to solve the linear system for segment 1.


It took 2.6064e-01 seconds to solve the linear system for segment 2.


It took 2.6084e-01 seconds to solve all the linear systems.


It took 1.8585e-02 seconds to compute the scattered field matrices for segment 1.


It took 1.8340e-02 seconds to compute the scattered field matrices for segment 2.


It took 1.8488e-02 seconds to compute the scattered field matrices for segment 3.


It took 1.4983e-04 seconds to compute the combined scattered fields in the observation points.


It took 7.3279e-05 seconds to compute the combined incident fields in the observation points.


It took 2.4048e-01 seconds to solve the linear system for segment 2.


It took 2.4358e-01 seconds to solve the linear system for segment 3.


It took 2.4467e-01 seconds to solve the linear system for segment 1.


It took 2.4475e-01 seconds to solve all the linear systems.


It took 1.8454e-02 seconds to compute the scattered field matrices for segment 1.


It took 1.8436e-02 seconds to compute the scattered field matrices for segment 2.


It took 1.8411e-02 seconds to compute the scattered field matrices for segment 3.


It took 6.2353e-05 seconds to compute the combined scattered fields in the observation points.


It took 4.5268e-05 seconds to compute the combined incident fields in the observation points.

DESTRUCTED!
n_test:  	594
n_top:  	73
n_right:  	224
n_bottom:	73
n_left:  	224
n_int:  	578
n_ext:  	598
n_obs:  	90000
n:      	90000
We are computing on the device!

It took 1.213227e-03 seconds to setup the segments!


It took 3.1316e-01 seconds to solve the linear system for segment 3.


It took 3.1392e-01 seconds to solve the linear system for segment 4.


It took 3.2371e-01 seconds to solve the linear system for segment 2.


It took 3.2499e-01 seconds to solve the linear system for segment 1.


It took 3.2538e-01 seconds to solve all the linear systems.


It took 1.9859e-02 seconds to compute the scattered field matrices for segment 1.


It took 1.9699e-02 seconds to compute the scattered field matrices for segment 2.


It took 1.9779e-02 seconds to compute the scattered field matrices for segment 3.


It took 1.9705e-02 seconds to compute the scattered field matrices for segment 4.


It took 4.4845e-04 seconds to compute the combined scattered fields in the observation points.


It took 2.0397e-02 seconds to compute the interior field matrices for segment 1.


It took 2.0391e-02 seconds to compute the interior field matrices for segment 2.


It took 2.0360e-02 seconds to compute the interior field matrices for segment 3.


It took 2.0331e-02 seconds to compute the interior field matrices for segment 4.


It took 8.2513e-05 seconds to compute the combined interior fields in the observation points.


It took 1.3367e-04 seconds to compute the combined incident fields in the observation points.


It took 2.4675e-01 seconds to solve the linear system for segment 3.


It took 2.8806e-01 seconds to solve the linear system for segment 4.


It took 2.8967e-01 seconds to solve the linear system for segment 2.


It took 3.0200e-01 seconds to solve the linear system for segment 1.


It took 3.0215e-01 seconds to solve all the linear systems.


It took 1.9691e-02 seconds to compute the scattered field matrices for segment 1.


It took 1.9663e-02 seconds to compute the scattered field matrices for segment 2.


It took 1.9719e-02 seconds to compute the scattered field matrices for segment 3.


It took 1.9675e-02 seconds to compute the scattered field matrices for segment 4.


It took 8.2242e-05 seconds to compute the combined scattered fields in the observation points.


It took 2.0350e-02 seconds to compute the interior field matrices for segment 1.


It took 2.0275e-02 seconds to compute the interior field matrices for segment 2.


It took 2.0321e-02 seconds to compute the interior field matrices for segment 3.


It took 2.0360e-02 seconds to compute the interior field matrices for segment 4.


It took 8.1091e-05 seconds to compute the combined interior fields in the observation points.


It took 4.5348e-05 seconds to compute the combined incident fields in the observation points.

DESTRUCTED!
n_test:  	594
n_top:  	73
n_right:  	224
n_bottom:	73
n_left:  	224
n_int:  	578
n_ext:  	598
n_obs:  	90000
n:      	90000
We are computing on the device!

It took 9.879810e-04 seconds to setup the segments!


It took 2.5781e-01 seconds to solve the linear system for segment 3.


It took 3.0873e-01 seconds to solve the linear system for segment 4.


It took 3.1168e-01 seconds to solve the linear system for segment 2.


It took 3.1226e-01 seconds to solve the linear system for segment 1.


It took 3.1250e-01 seconds to solve all the linear systems.


It took 1.9741e-02 seconds to compute the scattered field matrices for segment 1.


It took 1.9672e-02 seconds to compute the scattered field matrices for segment 2.


It took 1.9640e-02 seconds to compute the scattered field matrices for segment 3.


It took 1.9646e-02 seconds to compute the scattered field matrices for segment 4.


It took 1.6717e-04 seconds to compute the combined scattered fields in the observation points.


It took 7.7225e-05 seconds to compute the combined incident fields in the observation points.


It took 2.3707e-01 seconds to solve the linear system for segment 3.


It took 2.9388e-01 seconds to solve the linear system for segment 2.


It took 2.9816e-01 seconds to solve the linear system for segment 1.


It took 3.0011e-01 seconds to solve the linear system for segment 4.


It took 3.0021e-01 seconds to solve all the linear systems.


It took 1.9708e-02 seconds to compute the scattered field matrices for segment 1.


It took 1.9696e-02 seconds to compute the scattered field matrices for segment 2.


It took 1.9612e-02 seconds to compute the scattered field matrices for segment 3.


It took 1.9649e-02 seconds to compute the scattered field matrices for segment 4.


It took 8.2934e-05 seconds to compute the combined scattered fields in the observation points.


It took 4.5117e-05 seconds to compute the combined incident fields in the observation points.

DESTRUCTED!
n_test:  	564
n_top:  	58
n_right:  	224
n_bottom:	58
n_left:  	224
n_int:  	548
n_ext:  	568
n_obs:  	90000
n:      	90000
We are computing on the device!

It took 1.391632e-03 seconds to setup the segments!


It took 3.6115e-01 seconds to solve the linear system for segment 3.


It took 3.6210e-01 seconds to solve the linear system for segment 5.


It took 3.6777e-01 seconds to solve the linear system for segment 1.


It took 3.6910e-01 seconds to solve the linear system for segment 2.


It took 3.7105e-01 seconds to solve the linear system for segment 4.


It took 3.7148e-01 seconds to solve all the linear systems.


It took 1.6180e-02 seconds to compute the scattered field matrices for segment 1.


It took 1.6030e-02 seconds to compute the scattered field matrices for segment 2.


It took 1.6048e-02 seconds to compute the scattered field matrices for segment 3.


It took 1.5983e-02 seconds to compute the scattered field matrices for segment 4.


It took 1.5920e-02 seconds to compute the scattered field matrices for segment 5.


It took 5.5306e-04 seconds to compute the combined scattered fields in the observation points.


It took 1.6073e-02 seconds to compute the interior field matrices for segment 1.


It took 1.6045e-02 seconds to compute the interior field matrices for segment 2.


It took 1.6061e-02 seconds to compute the interior field matrices for segment 3.


It took 1.5964e-02 seconds to compute the interior field matrices for segment 4.


It took 1.5995e-02 seconds to compute the interior field matrices for segment 5.


It took 9.6604e-05 seconds to compute the combined interior fields in the observation points.


It took 1.2742e-04 seconds to compute the combined incident fields in the observation points.


It took 3.3716e-01 seconds to solve the linear system for segment 5.


It took 3.3801e-01 seconds to solve the linear system for segment 4.


It took 3.4516e-01 seconds to solve the linear system for segment 3.


It took 3.4826e-01 seconds to solve the linear system for segment 2.


It took 3.4880e-01 seconds to solve the linear system for segment 1.


It took 3.4895e-01 seconds to solve all the linear systems.


It took 1.6005e-02 seconds to compute the scattered field matrices for segment 1.


It took 1.5982e-02 seconds to compute the scattered field matrices for segment 2.


It took 1.5911e-02 seconds to compute the scattered field matrices for segment 3.


It took 1.5942e-02 seconds to compute the scattered field matrices for segment 4.


It took 1.5982e-02 seconds to compute the scattered field matrices for segment 5.


It took 9.8808e-05 seconds to compute the combined scattered fields in the observation points.


It took 1.6071e-02 seconds to compute the interior field matrices for segment 1.


It took 1.6088e-02 seconds to compute the interior field matrices for segment 2.


It took 1.6059e-02 seconds to compute the interior field matrices for segment 3.


It took 1.6108e-02 seconds to compute the interior field matrices for segment 4.


It took 1.6093e-02 seconds to compute the interior field matrices for segment 5.


It took 1.0897e-04 seconds to compute the combined interior fields in the observation points.


It took 5.6014e-05 seconds to compute the combined incident fields in the observation points.

DESTRUCTED!
n_test:  	564
n_top:  	58
n_right:  	224
n_bottom:	58
n_left:  	224
n_int:  	548
n_ext:  	568
n_obs:  	90000
n:      	90000
We are computing on the device!

It took 1.141810e-03 seconds to setup the segments!


It took 3.3818e-01 seconds to solve the linear system for segment 3.


It took 3.6896e-01 seconds to solve the linear system for segment 4.


It took 3.7117e-01 seconds to solve the linear system for segment 5.


It took 3.7757e-01 seconds to solve the linear system for segment 2.


It took 3.7958e-01 seconds to solve the linear system for segment 1.


It took 3.7980e-01 seconds to solve all the linear systems.


It took 1.6154e-02 seconds to compute the scattered field matrices for segment 1.


It took 1.5997e-02 seconds to compute the scattered field matrices for segment 2.


It took 1.5984e-02 seconds to compute the scattered field matrices for segment 3.


It took 1.5934e-02 seconds to compute the scattered field matrices for segment 4.


It took 1.5954e-02 seconds to compute the scattered field matrices for segment 5.


It took 2.3499e-04 seconds to compute the combined scattered fields in the observation points.


It took 8.8432e-05 seconds to compute the combined incident fields in the observation points.


It took 3.3289e-01 seconds to solve the linear system for segment 4.


It took 3.5449e-01 seconds to solve the linear system for segment 3.


It took 3.5733e-01 seconds to solve the linear system for segment 1.


It took 3.5841e-01 seconds to solve the linear system for segment 2.


It took 3.5939e-01 seconds to solve the linear system for segment 5.


It took 3.5954e-01 seconds to solve all the linear systems.


It took 1.6026e-02 seconds to compute the scattered field matrices for segment 1.


It took 1.5960e-02 seconds to compute the scattered field matrices for segment 2.


It took 1.5941e-02 seconds to compute the scattered field matrices for segment 3.


It took 1.5945e-02 seconds to compute the scattered field matrices for segment 4.


It took 1.5925e-02 seconds to compute the scattered field matrices for segment 5.


It took 9.9528e-05 seconds to compute the combined scattered fields in the observation points.


It took 5.9358e-05 seconds to compute the combined incident fields in the observation points.

DESTRUCTED!

------------------------------------------------------------
Sender: LSF System <lsfadmin@hpc.dtu.dk>
Subject: Job 23280542: <forward> in cluster <dcc> Done

Job <forward> was submitted from host <n-62-11-47> by user <s194146> in cluster <dcc> at Wed Nov 27 21:59:11 2024
Job was executed on host(s) <64*n-62-12-81>, in queue <gpuh100>, as user <s194146> in cluster <dcc> at Wed Nov 27 21:59:12 2024
</zhome/00/b/147112> was used as the home directory.
</zhome/00/b/147112/bioscat/Scripts/main> was used as the working directory.
Started at Wed Nov 27 21:59:12 2024
Terminated at Wed Nov 27 22:08:00 2024
Results reported at Wed Nov 27 22:08:00 2024

Your job looked like:

------------------------------------------------------------
# LSBATCH: User input
#!/bin/bash
#BSUB -J forward # name
#BSUB -o outfiles/forward_%J.out # output file
#BSUB -q gpuh100
#BSUB -n 64 ## cores
#BSUB -R "rusage[mem=1GB]" 
#BSUB -W 24:00 # useable time in minutes
##BSUB -N # send mail when done
#BSUB -R "span[hosts=1]"
#BSUB -gpu "num=1:mode=exclusive_process"

module load gcc/12.3.0-binutils-2.40
module load cuda/12.2.2
# "Retinin2x2" or "demoleus2x2"

OMP_NUM_THREADS=64 python forward.py 1 1 0 demoleus2x2

OMP_NUM_THREADS=64 python forward.py 1 2 0 demoleus2x2

OMP_NUM_THREADS=64 python forward.py 1 3 0 demoleus2x2

OMP_NUM_THREADS=64 python forward.py 1 4 0 demoleus2x2

OMP_NUM_THREADS=64 python forward.py 1 5 0 demoleus2x2

OMP_NUM_THREADS=64 python forward.py 1 1 90 demoleus2x2

OMP_NUM_THREADS=64 python forward.py 1 2 90 demoleus2x2

OMP_NUM_THREADS=64 python forward.py 1 3 90 demoleus2x2

OMP_NUM_THREADS=64 python forward.py 1 4 90 demoleus2x2

OMP_NUM_THREADS=64 python forward.py 1 5 90 demoleus2x2

OMP_NUM_THREADS=64 python forward.py 1 1 0 Retinin2x2

OMP_NUM_THREADS=64 python forward.py 1 2 0 Retinin2x2

OMP_NUM_THREADS=64 python forward.py 1 3 0 Retinin2x2

OMP_NUM_THREADS=64 python forward.py 1 4 0 Retinin2x2

OMP_NUM_THREADS=64 python forward.py 1 5 0 Retinin2x2

OMP_NUM_THREADS=64 python forward.py 1 1 90 Retinin2x2

OMP_NUM_THREADS=64 python forward.py 1 2 90 Retinin2x2

OMP_NUM_THREADS=64 python forward.py 1 3 90 Retinin2x2

(... more ...)
------------------------------------------------------------

Successfully completed.

Resource usage summary:

    CPU time :                                   1721.00 sec.
    Max Memory :                                 257 MB
    Average Memory :                             236.40 MB
    Total Requested Memory :                     65536.00 MB
    Delta Memory :                               65279.00 MB
    Max Swap :                                   -
    Max Processes :                              4
    Max Threads :                                71
    Run time :                                   528 sec.
    Turnaround time :                            529 sec.

The output (if any) is above this job summary.

