Loaded module: gcc/12.3.0-binutils-2.40
Loaded module: cuda/12.2.2
n_test:  	1044
n_top:  	298
n_right:  	224
n_bottom:	298
n_left:  	224
n_int:  	1028
n_ext:  	1048
n_obs:  	90000
n:      	90000
We are computing on the device!

It took 6.467840e-04 seconds to setup the segments!


It took 1.6409e-01 seconds to solve the linear system for segment 1.


It took 1.6412e-01 seconds to solve all the linear systems.


It took 3.0110e-02 seconds to compute the scattered field matrices for segment 1.


It took 1.4988e-04 seconds to compute the combined scattered fields in the observation points.


It took 2.9821e-02 seconds to compute the interior field matrices for segment 1.


It took 2.5909e-05 seconds to compute the combined interior fields in the observation points.


It took 8.7721e-05 seconds to compute the combined incident fields in the observation points.


It took 1.3747e-01 seconds to solve the linear system for segment 1.


It took 1.3749e-01 seconds to solve all the linear systems.


It took 3.0044e-02 seconds to compute the scattered field matrices for segment 1.


It took 2.5698e-05 seconds to compute the combined scattered fields in the observation points.


It took 2.9807e-02 seconds to compute the interior field matrices for segment 1.


It took 2.5639e-05 seconds to compute the combined interior fields in the observation points.


It took 4.1562e-05 seconds to compute the combined incident fields in the observation points.

DESTRUCTED!
n_test:  	1044
n_top:  	298
n_right:  	224
n_bottom:	298
n_left:  	224
n_int:  	1028
n_ext:  	1048
n_obs:  	90000
n:      	90000
We are computing on the device!

It took 4.549180e-04 seconds to setup the segments!


It took 1.4840e-01 seconds to solve the linear system for segment 1.


It took 1.4841e-01 seconds to solve all the linear systems.


It took 3.0058e-02 seconds to compute the scattered field matrices for segment 1.


It took 8.1432e-05 seconds to compute the combined scattered fields in the observation points.


It took 2.9855e-02 seconds to compute the interior field matrices for segment 1.


It took 2.5428e-05 seconds to compute the combined interior fields in the observation points.


It took 8.6248e-05 seconds to compute the combined incident fields in the observation points.


It took 1.3255e-01 seconds to solve the linear system for segment 1.


It took 1.3257e-01 seconds to solve all the linear systems.


It took 3.0069e-02 seconds to compute the scattered field matrices for segment 1.


It took 2.6920e-05 seconds to compute the combined scattered fields in the observation points.


It took 2.9843e-02 seconds to compute the interior field matrices for segment 1.


It took 2.4606e-05 seconds to compute the combined interior fields in the observation points.


It took 4.2774e-05 seconds to compute the combined incident fields in the observation points.

DESTRUCTED!
n_test:  	744
n_top:  	148
n_right:  	224
n_bottom:	148
n_left:  	224
n_int:  	728
n_ext:  	748
n_obs:  	90000
n:      	90000
We are computing on the device!

It took 8.529699e-04 seconds to setup the segments!


It took 1.9129e-01 seconds to solve the linear system for segment 2.


It took 1.9234e-01 seconds to solve the linear system for segment 1.


It took 1.9263e-01 seconds to solve all the linear systems.


It took 2.0850e-02 seconds to compute the scattered field matrices for segment 1.


It took 2.0681e-02 seconds to compute the scattered field matrices for segment 2.


It took 2.0103e-04 seconds to compute the combined scattered fields in the observation points.


It took 2.1878e-02 seconds to compute the interior field matrices for segment 1.


It took 2.1944e-02 seconds to compute the interior field matrices for segment 2.


It took 1.0115e-04 seconds to compute the combined interior fields in the observation points.


It took 2.3945e-04 seconds to compute the combined incident fields in the observation points.


It took 1.6581e-01 seconds to solve the linear system for segment 2.


It took 1.6704e-01 seconds to solve the linear system for segment 1.


It took 1.6718e-01 seconds to solve all the linear systems.


It took 2.0820e-02 seconds to compute the scattered field matrices for segment 1.


It took 2.0749e-02 seconds to compute the scattered field matrices for segment 2.


It took 4.3875e-05 seconds to compute the combined scattered fields in the observation points.


It took 2.1833e-02 seconds to compute the interior field matrices for segment 1.


It took 2.1892e-02 seconds to compute the interior field matrices for segment 2.


It took 4.3785e-05 seconds to compute the combined interior fields in the observation points.


It took 4.7290e-05 seconds to compute the combined incident fields in the observation points.

DESTRUCTED!
n_test:  	744
n_top:  	148
n_right:  	224
n_bottom:	148
n_left:  	224
n_int:  	728
n_ext:  	748
n_obs:  	90000
n:      	90000
We are computing on the device!

It took 6.552450e-04 seconds to setup the segments!


It took 1.9222e-01 seconds to solve the linear system for segment 2.


It took 1.9425e-01 seconds to solve the linear system for segment 1.


It took 1.9443e-01 seconds to solve all the linear systems.


It took 2.0750e-02 seconds to compute the scattered field matrices for segment 1.


It took 2.0688e-02 seconds to compute the scattered field matrices for segment 2.


It took 1.0727e-04 seconds to compute the combined scattered fields in the observation points.


It took 2.1878e-02 seconds to compute the interior field matrices for segment 1.


It took 2.1833e-02 seconds to compute the interior field matrices for segment 2.


It took 4.4286e-05 seconds to compute the combined interior fields in the observation points.


It took 9.3910e-05 seconds to compute the combined incident fields in the observation points.


It took 1.8573e-01 seconds to solve the linear system for segment 1.


It took 1.8778e-01 seconds to solve the linear system for segment 2.


It took 1.8787e-01 seconds to solve all the linear systems.


It took 2.0725e-02 seconds to compute the scattered field matrices for segment 1.


It took 2.0713e-02 seconds to compute the scattered field matrices for segment 2.


It took 4.4676e-05 seconds to compute the combined scattered fields in the observation points.


It took 2.1833e-02 seconds to compute the interior field matrices for segment 1.


It took 2.1881e-02 seconds to compute the interior field matrices for segment 2.


It took 4.5528e-05 seconds to compute the combined interior fields in the observation points.


It took 4.3395e-05 seconds to compute the combined incident fields in the observation points.

DESTRUCTED!
n_test:  	644
n_top:  	98
n_right:  	224
n_bottom:	98
n_left:  	224
n_int:  	628
n_ext:  	648
n_obs:  	90000
n:      	90000
We are computing on the device!

It took 1.017738e-03 seconds to setup the segments!


It took 2.7219e-01 seconds to solve the linear system for segment 3.


It took 2.7393e-01 seconds to solve the linear system for segment 1.


It took 2.7681e-01 seconds to solve the linear system for segment 2.


It took 2.7711e-01 seconds to solve all the linear systems.


It took 1.8552e-02 seconds to compute the scattered field matrices for segment 1.


It took 1.8424e-02 seconds to compute the scattered field matrices for segment 2.


It took 1.8561e-02 seconds to compute the scattered field matrices for segment 3.


It took 4.3095e-04 seconds to compute the combined scattered fields in the observation points.


It took 1.8430e-02 seconds to compute the interior field matrices for segment 1.


It took 1.8393e-02 seconds to compute the interior field matrices for segment 2.


It took 1.8404e-02 seconds to compute the interior field matrices for segment 3.


It took 6.2623e-05 seconds to compute the combined interior fields in the observation points.


It took 1.2029e-04 seconds to compute the combined incident fields in the observation points.


It took 2.5058e-01 seconds to solve the linear system for segment 2.


It took 2.5362e-01 seconds to solve the linear system for segment 1.


It took 2.5493e-01 seconds to solve the linear system for segment 3.


It took 2.5509e-01 seconds to solve all the linear systems.


It took 1.8347e-02 seconds to compute the scattered field matrices for segment 1.


It took 1.8389e-02 seconds to compute the scattered field matrices for segment 2.


It took 1.8418e-02 seconds to compute the scattered field matrices for segment 3.


It took 6.3995e-05 seconds to compute the combined scattered fields in the observation points.


It took 1.8332e-02 seconds to compute the interior field matrices for segment 1.


It took 1.8405e-02 seconds to compute the interior field matrices for segment 2.


It took 1.8465e-02 seconds to compute the interior field matrices for segment 3.


It took 6.3174e-05 seconds to compute the combined interior fields in the observation points.


It took 4.3886e-05 seconds to compute the combined incident fields in the observation points.

DESTRUCTED!
n_test:  	644
n_top:  	98
n_right:  	224
n_bottom:	98
n_left:  	224
n_int:  	628
n_ext:  	648
n_obs:  	90000
n:      	90000
We are computing on the device!

It took 1.809539e-03 seconds to setup the segments!


It took 2.1404e-01 seconds to solve the linear system for segment 3.


It took 2.6321e-01 seconds to solve the linear system for segment 1.


It took 2.6353e-01 seconds to solve the linear system for segment 2.


It took 2.6384e-01 seconds to solve all the linear systems.


It took 1.8530e-02 seconds to compute the scattered field matrices for segment 1.


It took 1.8366e-02 seconds to compute the scattered field matrices for segment 2.


It took 1.8485e-02 seconds to compute the scattered field matrices for segment 3.


It took 1.7387e-04 seconds to compute the combined scattered fields in the observation points.


It took 1.8414e-02 seconds to compute the interior field matrices for segment 1.


It took 1.8446e-02 seconds to compute the interior field matrices for segment 2.


It took 1.8458e-02 seconds to compute the interior field matrices for segment 3.


It took 6.0491e-05 seconds to compute the combined interior fields in the observation points.


It took 1.1895e-04 seconds to compute the combined incident fields in the observation points.


It took 2.2796e-01 seconds to solve the linear system for segment 3.


It took 2.2992e-01 seconds to solve the linear system for segment 1.


It took 2.4906e-01 seconds to solve the linear system for segment 2.


It took 2.4916e-01 seconds to solve all the linear systems.


It took 1.8418e-02 seconds to compute the scattered field matrices for segment 1.


It took 1.8387e-02 seconds to compute the scattered field matrices for segment 2.


It took 1.8453e-02 seconds to compute the scattered field matrices for segment 3.


It took 6.2333e-05 seconds to compute the combined scattered fields in the observation points.


It took 1.8373e-02 seconds to compute the interior field matrices for segment 1.


It took 1.8396e-02 seconds to compute the interior field matrices for segment 2.


It took 1.8472e-02 seconds to compute the interior field matrices for segment 3.


It took 5.9249e-05 seconds to compute the combined interior fields in the observation points.


It took 4.2654e-05 seconds to compute the combined incident fields in the observation points.

DESTRUCTED!
n_test:  	594
n_top:  	73
n_right:  	224
n_bottom:	73
n_left:  	224
n_int:  	578
n_ext:  	598
n_obs:  	90000
n:      	90000
We are computing on the device!

It took 1.185908e-03 seconds to setup the segments!


It took 2.6095e-01 seconds to solve the linear system for segment 3.


It took 3.2216e-01 seconds to solve the linear system for segment 1.


It took 3.2370e-01 seconds to solve the linear system for segment 2.


It took 3.2652e-01 seconds to solve the linear system for segment 4.


It took 3.2699e-01 seconds to solve all the linear systems.


It took 1.9931e-02 seconds to compute the scattered field matrices for segment 1.


It took 1.9749e-02 seconds to compute the scattered field matrices for segment 2.


It took 1.9684e-02 seconds to compute the scattered field matrices for segment 3.


It took 1.9634e-02 seconds to compute the scattered field matrices for segment 4.


It took 2.9476e-04 seconds to compute the combined scattered fields in the observation points.


It took 2.0419e-02 seconds to compute the interior field matrices for segment 1.


It took 2.0336e-02 seconds to compute the interior field matrices for segment 2.


It took 2.0366e-02 seconds to compute the interior field matrices for segment 3.


It took 2.0349e-02 seconds to compute the interior field matrices for segment 4.


It took 8.1341e-05 seconds to compute the combined interior fields in the observation points.


It took 1.2746e-04 seconds to compute the combined incident fields in the observation points.


It took 2.6699e-01 seconds to solve the linear system for segment 3.


It took 2.9763e-01 seconds to solve the linear system for segment 2.


It took 2.9962e-01 seconds to solve the linear system for segment 1.


It took 3.0066e-01 seconds to solve the linear system for segment 4.


It took 3.0077e-01 seconds to solve all the linear systems.


It took 1.9708e-02 seconds to compute the scattered field matrices for segment 1.


It took 1.9596e-02 seconds to compute the scattered field matrices for segment 2.


It took 1.9696e-02 seconds to compute the scattered field matrices for segment 3.


It took 1.9639e-02 seconds to compute the scattered field matrices for segment 4.


It took 8.0130e-05 seconds to compute the combined scattered fields in the observation points.


It took 2.0347e-02 seconds to compute the interior field matrices for segment 1.


It took 2.0249e-02 seconds to compute the interior field matrices for segment 2.


It took 2.0348e-02 seconds to compute the interior field matrices for segment 3.


It took 2.0306e-02 seconds to compute the interior field matrices for segment 4.


It took 8.0870e-05 seconds to compute the combined interior fields in the observation points.


It took 4.3425e-05 seconds to compute the combined incident fields in the observation points.

DESTRUCTED!
n_test:  	594
n_top:  	73
n_right:  	224
n_bottom:	73
n_left:  	224
n_int:  	578
n_ext:  	598
n_obs:  	90000
n:      	90000
We are computing on the device!

It took 9.716291e-04 seconds to setup the segments!


It took 2.9501e-01 seconds to solve the linear system for segment 1.


It took 3.0546e-01 seconds to solve the linear system for segment 2.


It took 3.0726e-01 seconds to solve the linear system for segment 3.


It took 3.0824e-01 seconds to solve the linear system for segment 4.


It took 3.0845e-01 seconds to solve all the linear systems.


It took 1.9730e-02 seconds to compute the scattered field matrices for segment 1.


It took 1.9649e-02 seconds to compute the scattered field matrices for segment 2.


It took 1.9688e-02 seconds to compute the scattered field matrices for segment 3.


It took 1.9668e-02 seconds to compute the scattered field matrices for segment 4.


It took 1.6641e-04 seconds to compute the combined scattered fields in the observation points.


It took 2.0413e-02 seconds to compute the interior field matrices for segment 1.


It took 2.0375e-02 seconds to compute the interior field matrices for segment 2.


It took 2.0341e-02 seconds to compute the interior field matrices for segment 3.


It took 2.0359e-02 seconds to compute the interior field matrices for segment 4.


It took 8.1071e-05 seconds to compute the combined interior fields in the observation points.


It took 1.0695e-04 seconds to compute the combined incident fields in the observation points.


It took 3.0597e-01 seconds to solve the linear system for segment 1.


It took 3.2384e-01 seconds to solve the linear system for segment 2.


It took 3.2632e-01 seconds to solve the linear system for segment 3.


It took 3.2763e-01 seconds to solve the linear system for segment 4.


It took 3.2773e-01 seconds to solve all the linear systems.


It took 1.9710e-02 seconds to compute the scattered field matrices for segment 1.


It took 1.9697e-02 seconds to compute the scattered field matrices for segment 2.


It took 1.9632e-02 seconds to compute the scattered field matrices for segment 3.


It took 1.9685e-02 seconds to compute the scattered field matrices for segment 4.


It took 8.3405e-05 seconds to compute the combined scattered fields in the observation points.


It took 2.0355e-02 seconds to compute the interior field matrices for segment 1.


It took 2.0292e-02 seconds to compute the interior field matrices for segment 2.


It took 2.0297e-02 seconds to compute the interior field matrices for segment 3.


It took 2.0368e-02 seconds to compute the interior field matrices for segment 4.


It took 8.2122e-05 seconds to compute the combined interior fields in the observation points.


It took 4.3545e-05 seconds to compute the combined incident fields in the observation points.

DESTRUCTED!
n_test:  	564
n_top:  	58
n_right:  	224
n_bottom:	58
n_left:  	224
n_int:  	548
n_ext:  	568
n_obs:  	90000
n:      	90000
We are computing on the device!

It took 1.368941e-03 seconds to setup the segments!


It took 3.5316e-01 seconds to solve the linear system for segment 3.


It took 3.5330e-01 seconds to solve the linear system for segment 5.


It took 3.7258e-01 seconds to solve the linear system for segment 1.


It took 3.7627e-01 seconds to solve the linear system for segment 4.


It took 3.8231e-01 seconds to solve the linear system for segment 2.


It took 3.8289e-01 seconds to solve all the linear systems.


It took 1.6238e-02 seconds to compute the scattered field matrices for segment 1.


It took 1.5971e-02 seconds to compute the scattered field matrices for segment 2.


It took 1.5993e-02 seconds to compute the scattered field matrices for segment 3.


It took 1.6012e-02 seconds to compute the scattered field matrices for segment 4.


It took 1.5902e-02 seconds to compute the scattered field matrices for segment 5.


It took 5.1503e-04 seconds to compute the combined scattered fields in the observation points.


It took 1.6046e-02 seconds to compute the interior field matrices for segment 1.


It took 1.6077e-02 seconds to compute the interior field matrices for segment 2.


It took 1.6037e-02 seconds to compute the interior field matrices for segment 3.


It took 1.6038e-02 seconds to compute the interior field matrices for segment 4.


It took 1.6020e-02 seconds to compute the interior field matrices for segment 5.


It took 1.0090e-04 seconds to compute the combined interior fields in the observation points.


It took 1.3531e-04 seconds to compute the combined incident fields in the observation points.


It took 3.1947e-01 seconds to solve the linear system for segment 5.


It took 3.3856e-01 seconds to solve the linear system for segment 3.


It took 3.6089e-01 seconds to solve the linear system for segment 4.


It took 3.6579e-01 seconds to solve the linear system for segment 1.


It took 3.6958e-01 seconds to solve the linear system for segment 2.


It took 3.6970e-01 seconds to solve all the linear systems.


It took 1.5995e-02 seconds to compute the scattered field matrices for segment 1.


It took 1.6002e-02 seconds to compute the scattered field matrices for segment 2.


It took 1.5994e-02 seconds to compute the scattered field matrices for segment 3.


It took 1.5942e-02 seconds to compute the scattered field matrices for segment 4.


It took 1.5982e-02 seconds to compute the scattered field matrices for segment 5.


It took 9.9518e-05 seconds to compute the combined scattered fields in the observation points.


It took 1.6022e-02 seconds to compute the interior field matrices for segment 1.


It took 1.6019e-02 seconds to compute the interior field matrices for segment 2.


It took 1.6030e-02 seconds to compute the interior field matrices for segment 3.


It took 1.6059e-02 seconds to compute the interior field matrices for segment 4.


It took 1.6101e-02 seconds to compute the interior field matrices for segment 5.


It took 1.0559e-04 seconds to compute the combined interior fields in the observation points.


It took 4.3444e-05 seconds to compute the combined incident fields in the observation points.

DESTRUCTED!
n_test:  	564
n_top:  	58
n_right:  	224
n_bottom:	58
n_left:  	224
n_int:  	548
n_ext:  	568
n_obs:  	90000
n:      	90000
We are computing on the device!

It took 1.192558e-03 seconds to setup the segments!


It took 3.4133e-01 seconds to solve the linear system for segment 3.


It took 3.4313e-01 seconds to solve the linear system for segment 5.


It took 3.5255e-01 seconds to solve the linear system for segment 1.


It took 3.5904e-01 seconds to solve the linear system for segment 2.


It took 3.6170e-01 seconds to solve the linear system for segment 4.


It took 3.6192e-01 seconds to solve all the linear systems.


It took 1.6107e-02 seconds to compute the scattered field matrices for segment 1.


It took 1.5938e-02 seconds to compute the scattered field matrices for segment 2.


It took 1.6014e-02 seconds to compute the scattered field matrices for segment 3.


It took 1.5932e-02 seconds to compute the scattered field matrices for segment 4.


It took 1.5921e-02 seconds to compute the scattered field matrices for segment 5.


It took 2.3691e-04 seconds to compute the combined scattered fields in the observation points.


It took 1.6037e-02 seconds to compute the interior field matrices for segment 1.


It took 1.6023e-02 seconds to compute the interior field matrices for segment 2.


It took 1.6067e-02 seconds to compute the interior field matrices for segment 3.


It took 1.6052e-02 seconds to compute the interior field matrices for segment 4.


It took 1.5988e-02 seconds to compute the interior field matrices for segment 5.


It took 1.0001e-04 seconds to compute the combined interior fields in the observation points.


It took 1.2529e-04 seconds to compute the combined incident fields in the observation points.


It took 3.0510e-01 seconds to solve the linear system for segment 3.


It took 3.3476e-01 seconds to solve the linear system for segment 5.


It took 3.3755e-01 seconds to solve the linear system for segment 1.


It took 3.4561e-01 seconds to solve the linear system for segment 2.


It took 3.4732e-01 seconds to solve the linear system for segment 4.


It took 3.4744e-01 seconds to solve all the linear systems.


It took 1.5988e-02 seconds to compute the scattered field matrices for segment 1.


It took 1.5971e-02 seconds to compute the scattered field matrices for segment 2.


It took 1.5969e-02 seconds to compute the scattered field matrices for segment 3.


It took 1.5952e-02 seconds to compute the scattered field matrices for segment 4.


It took 1.5885e-02 seconds to compute the scattered field matrices for segment 5.


It took 1.0043e-04 seconds to compute the combined scattered fields in the observation points.


It took 1.6057e-02 seconds to compute the interior field matrices for segment 1.


It took 1.6038e-02 seconds to compute the interior field matrices for segment 2.


It took 1.5993e-02 seconds to compute the interior field matrices for segment 3.


It took 1.6036e-02 seconds to compute the interior field matrices for segment 4.


It took 1.6088e-02 seconds to compute the interior field matrices for segment 5.


It took 1.0078e-04 seconds to compute the combined interior fields in the observation points.


It took 4.4295e-05 seconds to compute the combined incident fields in the observation points.

DESTRUCTED!
n_test:  	1044
n_top:  	298
n_right:  	224
n_bottom:	298
n_left:  	224
n_int:  	1028
n_ext:  	1048
n_obs:  	90000
n:      	90000
We are computing on the device!

It took 6.483968e-04 seconds to setup the segments!


It took 1.7274e-01 seconds to solve the linear system for segment 1.


It took 1.7278e-01 seconds to solve all the linear systems.


It took 3.0163e-02 seconds to compute the scattered field matrices for segment 1.


It took 1.6282e-04 seconds to compute the combined scattered fields in the observation points.


It took 2.9848e-02 seconds to compute the interior field matrices for segment 1.


It took 2.5738e-05 seconds to compute the combined interior fields in the observation points.


It took 8.5087e-05 seconds to compute the combined incident fields in the observation points.


It took 1.3246e-01 seconds to solve the linear system for segment 1.


It took 1.3248e-01 seconds to solve all the linear systems.


It took 3.0088e-02 seconds to compute the scattered field matrices for segment 1.


It took 2.6549e-05 seconds to compute the combined scattered fields in the observation points.


It took 2.9830e-02 seconds to compute the interior field matrices for segment 1.


It took 2.5909e-05 seconds to compute the combined interior fields in the observation points.


It took 4.5728e-05 seconds to compute the combined incident fields in the observation points.

DESTRUCTED!
n_test:  	1044
n_top:  	298
n_right:  	224
n_bottom:	298
n_left:  	224
n_int:  	1028
n_ext:  	1048
n_obs:  	90000
n:      	90000
We are computing on the device!

It took 4.684480e-04 seconds to setup the segments!


It took 1.4708e-01 seconds to solve the linear system for segment 1.


It took 1.4710e-01 seconds to solve all the linear systems.


It took 3.0049e-02 seconds to compute the scattered field matrices for segment 1.


It took 8.2243e-05 seconds to compute the combined scattered fields in the observation points.


It took 2.9921e-02 seconds to compute the interior field matrices for segment 1.


It took 2.5939e-05 seconds to compute the combined interior fields in the observation points.


It took 8.8692e-05 seconds to compute the combined incident fields in the observation points.


It took 1.2965e-01 seconds to solve the linear system for segment 1.


It took 1.2967e-01 seconds to solve all the linear systems.


It took 3.0015e-02 seconds to compute the scattered field matrices for segment 1.


It took 2.6349e-05 seconds to compute the combined scattered fields in the observation points.


It took 2.9887e-02 seconds to compute the interior field matrices for segment 1.


It took 2.4997e-05 seconds to compute the combined interior fields in the observation points.


It took 4.4967e-05 seconds to compute the combined incident fields in the observation points.

DESTRUCTED!
n_test:  	744
n_top:  	148
n_right:  	224
n_bottom:	148
n_left:  	224
n_int:  	728
n_ext:  	748
n_obs:  	90000
n:      	90000
We are computing on the device!

It took 8.736330e-04 seconds to setup the segments!


It took 1.9360e-01 seconds to solve the linear system for segment 2.


It took 1.9488e-01 seconds to solve the linear system for segment 1.


It took 1.9515e-01 seconds to solve all the linear systems.


It took 2.0792e-02 seconds to compute the scattered field matrices for segment 1.


It took 2.0637e-02 seconds to compute the scattered field matrices for segment 2.


It took 2.0362e-04 seconds to compute the combined scattered fields in the observation points.


It took 2.1913e-02 seconds to compute the interior field matrices for segment 1.


It took 2.3413e-02 seconds to compute the interior field matrices for segment 2.


It took 4.8743e-05 seconds to compute the combined interior fields in the observation points.


It took 2.5533e-04 seconds to compute the combined incident fields in the observation points.


It took 1.7961e-01 seconds to solve the linear system for segment 1.


It took 1.8016e-01 seconds to solve the linear system for segment 2.


It took 1.8030e-01 seconds to solve all the linear systems.


It took 2.0808e-02 seconds to compute the scattered field matrices for segment 1.


It took 2.0683e-02 seconds to compute the scattered field matrices for segment 2.


It took 4.4557e-05 seconds to compute the combined scattered fields in the observation points.


It took 2.1873e-02 seconds to compute the interior field matrices for segment 1.


It took 2.1861e-02 seconds to compute the interior field matrices for segment 2.


It took 4.2523e-05 seconds to compute the combined interior fields in the observation points.


It took 4.4306e-05 seconds to compute the combined incident fields in the observation points.

DESTRUCTED!
n_test:  	744
n_top:  	148
n_right:  	224
n_bottom:	148
n_left:  	224
n_int:  	728
n_ext:  	748
n_obs:  	90000
n:      	90000
We are computing on the device!

It took 6.456720e-04 seconds to setup the segments!


It took 2.0610e-01 seconds to solve the linear system for segment 1.


It took 2.0830e-01 seconds to solve the linear system for segment 2.


It took 2.0849e-01 seconds to solve all the linear systems.


It took 2.0810e-02 seconds to compute the scattered field matrices for segment 1.


It took 2.0592e-02 seconds to compute the scattered field matrices for segment 2.


It took 1.1112e-04 seconds to compute the combined scattered fields in the observation points.


It took 2.1873e-02 seconds to compute the interior field matrices for segment 1.


It took 2.1841e-02 seconds to compute the interior field matrices for segment 2.


It took 4.4036e-05 seconds to compute the combined interior fields in the observation points.


It took 8.7851e-05 seconds to compute the combined incident fields in the observation points.


It took 1.6666e-01 seconds to solve the linear system for segment 1.


It took 1.9412e-01 seconds to solve the linear system for segment 2.


It took 1.9426e-01 seconds to solve all the linear systems.


It took 2.0793e-02 seconds to compute the scattered field matrices for segment 1.


It took 2.0719e-02 seconds to compute the scattered field matrices for segment 2.


It took 4.9764e-05 seconds to compute the combined scattered fields in the observation points.


It took 2.1858e-02 seconds to compute the interior field matrices for segment 1.


It took 2.1824e-02 seconds to compute the interior field matrices for segment 2.


It took 4.7772e-05 seconds to compute the combined interior fields in the observation points.


It took 4.2183e-05 seconds to compute the combined incident fields in the observation points.

DESTRUCTED!
n_test:  	644
n_top:  	98
n_right:  	224
n_bottom:	98
n_left:  	224
n_int:  	628
n_ext:  	648
n_obs:  	90000
n:      	90000
We are computing on the device!

It took 1.038928e-03 seconds to setup the segments!


It took 2.2957e-01 seconds to solve the linear system for segment 3.


It took 2.7256e-01 seconds to solve the linear system for segment 2.


It took 2.7357e-01 seconds to solve the linear system for segment 1.


It took 2.7387e-01 seconds to solve all the linear systems.


It took 1.8586e-02 seconds to compute the scattered field matrices for segment 1.


It took 1.8352e-02 seconds to compute the scattered field matrices for segment 2.


It took 1.8485e-02 seconds to compute the scattered field matrices for segment 3.


It took 2.3930e-04 seconds to compute the combined scattered fields in the observation points.


It took 1.8414e-02 seconds to compute the interior field matrices for segment 1.


It took 1.8626e-02 seconds to compute the interior field matrices for segment 2.


It took 1.8413e-02 seconds to compute the interior field matrices for segment 3.


It took 7.3739e-05 seconds to compute the combined interior fields in the observation points.


It took 2.9644e-04 seconds to compute the combined incident fields in the observation points.


It took 2.0851e-01 seconds to solve the linear system for segment 3.


It took 2.4532e-01 seconds to solve the linear system for segment 1.


It took 2.4743e-01 seconds to solve the linear system for segment 2.


It took 2.4757e-01 seconds to solve all the linear systems.


It took 1.8398e-02 seconds to compute the scattered field matrices for segment 1.


It took 1.8408e-02 seconds to compute the scattered field matrices for segment 2.


It took 1.8393e-02 seconds to compute the scattered field matrices for segment 3.


It took 6.5447e-05 seconds to compute the combined scattered fields in the observation points.


It took 1.8328e-02 seconds to compute the interior field matrices for segment 1.


It took 1.8407e-02 seconds to compute the interior field matrices for segment 2.


It took 1.8443e-02 seconds to compute the interior field matrices for segment 3.


It took 6.3634e-05 seconds to compute the combined interior fields in the observation points.


It took 4.3735e-05 seconds to compute the combined incident fields in the observation points.

DESTRUCTED!
n_test:  	644
n_top:  	98
n_right:  	224
n_bottom:	98
n_left:  	224
n_int:  	628
n_ext:  	648
n_obs:  	90000
n:      	90000
We are computing on the device!

It took 9.707750e-04 seconds to setup the segments!


It took 2.2785e-01 seconds to solve the linear system for segment 3.


It took 2.6972e-01 seconds to solve the linear system for segment 1.


It took 2.7075e-01 seconds to solve the linear system for segment 2.


It took 2.7096e-01 seconds to solve all the linear systems.


It took 1.8492e-02 seconds to compute the scattered field matrices for segment 1.


It took 1.8354e-02 seconds to compute the scattered field matrices for segment 2.


It took 1.8466e-02 seconds to compute the scattered field matrices for segment 3.


It took 1.8864e-04 seconds to compute the combined scattered fields in the observation points.


It took 1.8389e-02 seconds to compute the interior field matrices for segment 1.


It took 1.8491e-02 seconds to compute the interior field matrices for segment 2.


It took 1.8443e-02 seconds to compute the interior field matrices for segment 3.


It took 6.1021e-05 seconds to compute the combined interior fields in the observation points.


It took 9.4801e-05 seconds to compute the combined incident fields in the observation points.


It took 2.0611e-01 seconds to solve the linear system for segment 3.


It took 2.4445e-01 seconds to solve the linear system for segment 2.


It took 2.4645e-01 seconds to solve the linear system for segment 1.


It took 2.4654e-01 seconds to solve all the linear systems.


It took 1.8443e-02 seconds to compute the scattered field matrices for segment 1.


It took 1.8420e-02 seconds to compute the scattered field matrices for segment 2.


It took 1.8484e-02 seconds to compute the scattered field matrices for segment 3.


It took 6.2543e-05 seconds to compute the combined scattered fields in the observation points.


It took 1.8332e-02 seconds to compute the interior field matrices for segment 1.


It took 1.8420e-02 seconds to compute the interior field matrices for segment 2.


It took 1.8421e-02 seconds to compute the interior field matrices for segment 3.


It took 6.2833e-05 seconds to compute the combined interior fields in the observation points.


It took 4.3395e-05 seconds to compute the combined incident fields in the observation points.

DESTRUCTED!
n_test:  	594
n_top:  	73
n_right:  	224
n_bottom:	73
n_left:  	224
n_int:  	578
n_ext:  	598
n_obs:  	90000
n:      	90000
We are computing on the device!

It took 1.190253e-03 seconds to setup the segments!


It took 2.6131e-01 seconds to solve the linear system for segment 3.


It took 3.2080e-01 seconds to solve the linear system for segment 1.


It took 3.2221e-01 seconds to solve the linear system for segment 4.


It took 3.2323e-01 seconds to solve the linear system for segment 2.


It took 3.2361e-01 seconds to solve all the linear systems.


It took 1.9892e-02 seconds to compute the scattered field matrices for segment 1.


It took 1.9721e-02 seconds to compute the scattered field matrices for segment 2.


It took 1.9724e-02 seconds to compute the scattered field matrices for segment 3.


It took 1.9737e-02 seconds to compute the scattered field matrices for segment 4.


It took 5.0041e-04 seconds to compute the combined scattered fields in the observation points.


It took 2.0426e-02 seconds to compute the interior field matrices for segment 1.


It took 2.0385e-02 seconds to compute the interior field matrices for segment 2.


It took 2.0369e-02 seconds to compute the interior field matrices for segment 3.


It took 2.0354e-02 seconds to compute the interior field matrices for segment 4.


It took 8.1902e-05 seconds to compute the combined interior fields in the observation points.


It took 1.3150e-04 seconds to compute the combined incident fields in the observation points.


It took 2.3725e-01 seconds to solve the linear system for segment 3.


It took 3.0561e-01 seconds to solve the linear system for segment 4.


It took 3.0615e-01 seconds to solve the linear system for segment 2.


It took 3.0731e-01 seconds to solve the linear system for segment 1.


It took 3.0746e-01 seconds to solve all the linear systems.


It took 1.9728e-02 seconds to compute the scattered field matrices for segment 1.


It took 1.9661e-02 seconds to compute the scattered field matrices for segment 2.


It took 1.9719e-02 seconds to compute the scattered field matrices for segment 3.


It took 1.9691e-02 seconds to compute the scattered field matrices for segment 4.


It took 8.1342e-05 seconds to compute the combined scattered fields in the observation points.


It took 2.0366e-02 seconds to compute the interior field matrices for segment 1.


It took 2.0373e-02 seconds to compute the interior field matrices for segment 2.


It took 2.0311e-02 seconds to compute the interior field matrices for segment 3.


It took 2.0376e-02 seconds to compute the interior field matrices for segment 4.


It took 8.8492e-05 seconds to compute the combined interior fields in the observation points.


It took 4.6970e-05 seconds to compute the combined incident fields in the observation points.

DESTRUCTED!
n_test:  	594
n_top:  	73
n_right:  	224
n_bottom:	73
n_left:  	224
n_int:  	578
n_ext:  	598
n_obs:  	90000
n:      	90000
We are computing on the device!

It took 9.965841e-04 seconds to setup the segments!


It took 2.9955e-01 seconds to solve the linear system for segment 2.


It took 3.0895e-01 seconds to solve the linear system for segment 1.


It took 3.1201e-01 seconds to solve the linear system for segment 3.


It took 3.1267e-01 seconds to solve the linear system for segment 4.


It took 3.1289e-01 seconds to solve all the linear systems.


It took 1.9771e-02 seconds to compute the scattered field matrices for segment 1.


It took 1.9691e-02 seconds to compute the scattered field matrices for segment 2.


It took 1.9651e-02 seconds to compute the scattered field matrices for segment 3.


It took 1.9697e-02 seconds to compute the scattered field matrices for segment 4.


It took 1.7539e-04 seconds to compute the combined scattered fields in the observation points.


It took 2.0360e-02 seconds to compute the interior field matrices for segment 1.


It took 2.0345e-02 seconds to compute the interior field matrices for segment 2.


It took 2.0363e-02 seconds to compute the interior field matrices for segment 3.


It took 2.0332e-02 seconds to compute the interior field matrices for segment 4.


It took 8.1411e-05 seconds to compute the combined interior fields in the observation points.


It took 1.0680e-04 seconds to compute the combined incident fields in the observation points.


It took 2.9441e-01 seconds to solve the linear system for segment 2.


It took 3.0609e-01 seconds to solve the linear system for segment 1.


It took 3.0822e-01 seconds to solve the linear system for segment 4.


It took 3.0894e-01 seconds to solve the linear system for segment 3.


It took 3.0905e-01 seconds to solve all the linear systems.


It took 1.9737e-02 seconds to compute the scattered field matrices for segment 1.


It took 1.9667e-02 seconds to compute the scattered field matrices for segment 2.


It took 1.9634e-02 seconds to compute the scattered field matrices for segment 3.


It took 1.9699e-02 seconds to compute the scattered field matrices for segment 4.


It took 8.0109e-05 seconds to compute the combined scattered fields in the observation points.


It took 2.0381e-02 seconds to compute the interior field matrices for segment 1.


It took 2.0336e-02 seconds to compute the interior field matrices for segment 2.


It took 2.0319e-02 seconds to compute the interior field matrices for segment 3.


It took 2.0360e-02 seconds to compute the interior field matrices for segment 4.


It took 8.3154e-05 seconds to compute the combined interior fields in the observation points.


It took 4.6939e-05 seconds to compute the combined incident fields in the observation points.

DESTRUCTED!
n_test:  	564
n_top:  	58
n_right:  	224
n_bottom:	58
n_left:  	224
n_int:  	548
n_ext:  	568
n_obs:  	90000
n:      	90000
We are computing on the device!

It took 1.370672e-03 seconds to setup the segments!


It took 3.6321e-01 seconds to solve the linear system for segment 3.


It took 3.6612e-01 seconds to solve the linear system for segment 5.


It took 3.7591e-01 seconds to solve the linear system for segment 1.


It took 3.8502e-01 seconds to solve the linear system for segment 4.


It took 3.8623e-01 seconds to solve the linear system for segment 2.


It took 3.8669e-01 seconds to solve all the linear systems.


It took 1.6379e-02 seconds to compute the scattered field matrices for segment 1.


It took 1.5986e-02 seconds to compute the scattered field matrices for segment 2.


It took 1.5939e-02 seconds to compute the scattered field matrices for segment 3.


It took 1.5982e-02 seconds to compute the scattered field matrices for segment 4.


It took 1.5922e-02 seconds to compute the scattered field matrices for segment 5.


It took 3.2114e-04 seconds to compute the combined scattered fields in the observation points.


It took 1.6025e-02 seconds to compute the interior field matrices for segment 1.


It took 1.6068e-02 seconds to compute the interior field matrices for segment 2.


It took 1.6029e-02 seconds to compute the interior field matrices for segment 3.


It took 1.6026e-02 seconds to compute the interior field matrices for segment 4.


It took 1.5967e-02 seconds to compute the interior field matrices for segment 5.


It took 9.8166e-05 seconds to compute the combined interior fields in the observation points.


It took 1.2898e-04 seconds to compute the combined incident fields in the observation points.


It took 3.0820e-01 seconds to solve the linear system for segment 3.


It took 3.3640e-01 seconds to solve the linear system for segment 5.


It took 3.3919e-01 seconds to solve the linear system for segment 1.


It took 3.4907e-01 seconds to solve the linear system for segment 4.


It took 3.6447e-01 seconds to solve the linear system for segment 2.


It took 3.6462e-01 seconds to solve all the linear systems.


It took 1.6004e-02 seconds to compute the scattered field matrices for segment 1.


It took 1.5943e-02 seconds to compute the scattered field matrices for segment 2.


It took 1.5918e-02 seconds to compute the scattered field matrices for segment 3.


It took 1.5986e-02 seconds to compute the scattered field matrices for segment 4.


It took 1.5898e-02 seconds to compute the scattered field matrices for segment 5.


It took 9.9218e-05 seconds to compute the combined scattered fields in the observation points.


It took 1.6048e-02 seconds to compute the interior field matrices for segment 1.


It took 1.5970e-02 seconds to compute the interior field matrices for segment 2.


It took 1.6053e-02 seconds to compute the interior field matrices for segment 3.


It took 1.6005e-02 seconds to compute the interior field matrices for segment 4.


It took 1.6060e-02 seconds to compute the interior field matrices for segment 5.


It took 9.8697e-05 seconds to compute the combined interior fields in the observation points.


It took 4.4076e-05 seconds to compute the combined incident fields in the observation points.

DESTRUCTED!
n_test:  	564
n_top:  	58
n_right:  	224
n_bottom:	58
n_left:  	224
n_int:  	548
n_ext:  	568
n_obs:  	90000
n:      	90000
We are computing on the device!

It took 1.134659e-03 seconds to setup the segments!


It took 3.2220e-01 seconds to solve the linear system for segment 3.


It took 3.4412e-01 seconds to solve the linear system for segment 5.


It took 3.5263e-01 seconds to solve the linear system for segment 1.


It took 3.5557e-01 seconds to solve the linear system for segment 2.


It took 3.5621e-01 seconds to solve the linear system for segment 4.


It took 3.5643e-01 seconds to solve all the linear systems.


It took 1.6153e-02 seconds to compute the scattered field matrices for segment 1.


It took 1.5989e-02 seconds to compute the scattered field matrices for segment 2.


It took 1.5989e-02 seconds to compute the scattered field matrices for segment 3.


It took 1.5985e-02 seconds to compute the scattered field matrices for segment 4.


It took 1.5936e-02 seconds to compute the scattered field matrices for segment 5.


It took 1.9497e-04 seconds to compute the combined scattered fields in the observation points.


It took 1.6050e-02 seconds to compute the interior field matrices for segment 1.


It took 1.6084e-02 seconds to compute the interior field matrices for segment 2.


It took 1.6058e-02 seconds to compute the interior field matrices for segment 3.


It took 1.6015e-02 seconds to compute the interior field matrices for segment 4.


It took 1.6053e-02 seconds to compute the interior field matrices for segment 5.


It took 1.0058e-04 seconds to compute the combined interior fields in the observation points.


It took 1.1086e-04 seconds to compute the combined incident fields in the observation points.


It took 3.2367e-01 seconds to solve the linear system for segment 3.


It took 3.4041e-01 seconds to solve the linear system for segment 5.


It took 3.4638e-01 seconds to solve the linear system for segment 1.


It took 3.4694e-01 seconds to solve the linear system for segment 2.


It took 3.4778e-01 seconds to solve the linear system for segment 4.


It took 3.4789e-01 seconds to solve all the linear systems.


It took 1.5974e-02 seconds to compute the scattered field matrices for segment 1.


It took 1.5967e-02 seconds to compute the scattered field matrices for segment 2.


It took 1.5984e-02 seconds to compute the scattered field matrices for segment 3.


It took 1.5948e-02 seconds to compute the scattered field matrices for segment 4.


It took 1.5894e-02 seconds to compute the scattered field matrices for segment 5.


It took 1.0103e-04 seconds to compute the combined scattered fields in the observation points.


It took 1.6041e-02 seconds to compute the interior field matrices for segment 1.


It took 1.6093e-02 seconds to compute the interior field matrices for segment 2.


It took 1.6040e-02 seconds to compute the interior field matrices for segment 3.


It took 1.6122e-02 seconds to compute the interior field matrices for segment 4.


It took 1.6047e-02 seconds to compute the interior field matrices for segment 5.


It took 1.0079e-04 seconds to compute the combined interior fields in the observation points.


It took 4.3484e-05 seconds to compute the combined incident fields in the observation points.

DESTRUCTED!
n_test:  	1044
n_top:  	298
n_right:  	224
n_bottom:	298
n_left:  	224
n_int:  	1028
n_ext:  	1048
n_obs:  	90000
n:      	90000
We are computing on the device!

It took 6.330831e-04 seconds to setup the segments!


It took 1.6003e-01 seconds to solve the linear system for segment 1.


It took 1.6006e-01 seconds to solve all the linear systems.


It took 3.0206e-02 seconds to compute the scattered field matrices for segment 1.


It took 1.6976e-04 seconds to compute the combined scattered fields in the observation points.


It took 2.9826e-02 seconds to compute the interior field matrices for segment 1.


It took 3.0355e-05 seconds to compute the combined interior fields in the observation points.


It took 8.3334e-05 seconds to compute the combined incident fields in the observation points.


It took 1.3154e-01 seconds to solve the linear system for segment 1.


It took 1.3156e-01 seconds to solve all the linear systems.


It took 3.0053e-02 seconds to compute the scattered field matrices for segment 1.


It took 2.6490e-05 seconds to compute the combined scattered fields in the observation points.


It took 2.9807e-02 seconds to compute the interior field matrices for segment 1.


It took 2.4917e-05 seconds to compute the combined interior fields in the observation points.


It took 4.5648e-05 seconds to compute the combined incident fields in the observation points.

DESTRUCTED!
n_test:  	1044
n_top:  	298
n_right:  	224
n_bottom:	298
n_left:  	224
n_int:  	1028
n_ext:  	1048
n_obs:  	90000
n:      	90000
We are computing on the device!

It took 4.635102e-04 seconds to setup the segments!


It took 1.5081e-01 seconds to solve the linear system for segment 1.


It took 1.5082e-01 seconds to solve all the linear systems.


It took 3.0052e-02 seconds to compute the scattered field matrices for segment 1.


It took 8.9182e-05 seconds to compute the combined scattered fields in the observation points.


It took 2.9802e-02 seconds to compute the interior field matrices for segment 1.


It took 2.5067e-05 seconds to compute the combined interior fields in the observation points.


It took 8.3264e-05 seconds to compute the combined incident fields in the observation points.


It took 1.3826e-01 seconds to solve the linear system for segment 1.


It took 1.3828e-01 seconds to solve all the linear systems.


It took 3.0039e-02 seconds to compute the scattered field matrices for segment 1.


It took 2.6920e-05 seconds to compute the combined scattered fields in the observation points.


It took 2.9756e-02 seconds to compute the interior field matrices for segment 1.


It took 2.4587e-05 seconds to compute the combined interior fields in the observation points.


It took 4.1472e-05 seconds to compute the combined incident fields in the observation points.

DESTRUCTED!
n_test:  	744
n_top:  	148
n_right:  	224
n_bottom:	148
n_left:  	224
n_int:  	728
n_ext:  	748
n_obs:  	90000
n:      	90000
We are computing on the device!

It took 8.805611e-04 seconds to setup the segments!


It took 2.0280e-01 seconds to solve the linear system for segment 1.


It took 2.0566e-01 seconds to solve the linear system for segment 2.


It took 2.0589e-01 seconds to solve all the linear systems.


It took 2.0836e-02 seconds to compute the scattered field matrices for segment 1.


It took 2.0682e-02 seconds to compute the scattered field matrices for segment 2.


It took 2.0458e-04 seconds to compute the combined scattered fields in the observation points.


It took 2.1930e-02 seconds to compute the interior field matrices for segment 1.


It took 2.1847e-02 seconds to compute the interior field matrices for segment 2.


It took 4.4586e-05 seconds to compute the combined interior fields in the observation points.


It took 7.7836e-05 seconds to compute the combined incident fields in the observation points.


It took 1.7964e-01 seconds to solve the linear system for segment 1.


It took 1.8184e-01 seconds to solve the linear system for segment 2.


It took 1.8196e-01 seconds to solve all the linear systems.


It took 2.0792e-02 seconds to compute the scattered field matrices for segment 1.


It took 2.0724e-02 seconds to compute the scattered field matrices for segment 2.


It took 5.6434e-05 seconds to compute the combined scattered fields in the observation points.


It took 2.1869e-02 seconds to compute the interior field matrices for segment 1.


It took 2.1965e-02 seconds to compute the interior field matrices for segment 2.


It took 5.2428e-05 seconds to compute the combined interior fields in the observation points.


It took 5.3730e-05 seconds to compute the combined incident fields in the observation points.

DESTRUCTED!
n_test:  	744
n_top:  	148
n_right:  	224
n_bottom:	148
n_left:  	224
n_int:  	728
n_ext:  	748
n_obs:  	90000
n:      	90000
We are computing on the device!

It took 8.610128e-04 seconds to setup the segments!


It took 2.1707e-01 seconds to solve the linear system for segment 2.


It took 2.2861e-01 seconds to solve the linear system for segment 1.


It took 2.2880e-01 seconds to solve all the linear systems.


It took 2.0899e-02 seconds to compute the scattered field matrices for segment 1.


It took 2.0676e-02 seconds to compute the scattered field matrices for segment 2.


It took 1.9729e-04 seconds to compute the combined scattered fields in the observation points.


It took 2.1913e-02 seconds to compute the interior field matrices for segment 1.


It took 2.1906e-02 seconds to compute the interior field matrices for segment 2.


It took 5.0125e-05 seconds to compute the combined interior fields in the observation points.


It took 1.4776e-04 seconds to compute the combined incident fields in the observation points.


It took 1.9337e-01 seconds to solve the linear system for segment 2.


It took 1.9643e-01 seconds to solve the linear system for segment 1.


It took 1.9656e-01 seconds to solve all the linear systems.


It took 2.0750e-02 seconds to compute the scattered field matrices for segment 1.


It took 2.0677e-02 seconds to compute the scattered field matrices for segment 2.


It took 4.4446e-05 seconds to compute the combined scattered fields in the observation points.


It took 2.1856e-02 seconds to compute the interior field matrices for segment 1.


It took 2.1930e-02 seconds to compute the interior field matrices for segment 2.


It took 5.2308e-05 seconds to compute the combined interior fields in the observation points.


It took 4.2133e-05 seconds to compute the combined incident fields in the observation points.

DESTRUCTED!
n_test:  	644
n_top:  	98
n_right:  	224
n_bottom:	98
n_left:  	224
n_int:  	628
n_ext:  	648
n_obs:  	90000
n:      	90000
We are computing on the device!

It took 1.034963e-03 seconds to setup the segments!


It took 2.1818e-01 seconds to solve the linear system for segment 3.


It took 2.5660e-01 seconds to solve the linear system for segment 1.


It took 2.6599e-01 seconds to solve the linear system for segment 2.


It took 2.6632e-01 seconds to solve all the linear systems.


It took 1.8621e-02 seconds to compute the scattered field matrices for segment 1.


It took 1.8420e-02 seconds to compute the scattered field matrices for segment 2.


It took 1.8509e-02 seconds to compute the scattered field matrices for segment 3.


It took 4.3801e-04 seconds to compute the combined scattered fields in the observation points.


It took 1.8419e-02 seconds to compute the interior field matrices for segment 1.


It took 1.8476e-02 seconds to compute the interior field matrices for segment 2.


It took 1.8444e-02 seconds to compute the interior field matrices for segment 3.


It took 6.1452e-05 seconds to compute the combined interior fields in the observation points.


It took 1.2084e-04 seconds to compute the combined incident fields in the observation points.


It took 2.0784e-01 seconds to solve the linear system for segment 3.


It took 2.5061e-01 seconds to solve the linear system for segment 1.


It took 2.5177e-01 seconds to solve the linear system for segment 2.


It took 2.5191e-01 seconds to solve all the linear systems.


It took 1.8428e-02 seconds to compute the scattered field matrices for segment 1.


It took 1.8440e-02 seconds to compute the scattered field matrices for segment 2.


It took 1.8473e-02 seconds to compute the scattered field matrices for segment 3.


It took 7.8357e-05 seconds to compute the combined scattered fields in the observation points.


It took 1.8335e-02 seconds to compute the interior field matrices for segment 1.


It took 1.8412e-02 seconds to compute the interior field matrices for segment 2.


It took 1.8436e-02 seconds to compute the interior field matrices for segment 3.


It took 7.1346e-05 seconds to compute the combined interior fields in the observation points.


It took 5.5133e-05 seconds to compute the combined incident fields in the observation points.

DESTRUCTED!
n_test:  	644
n_top:  	98
n_right:  	224
n_bottom:	98
n_left:  	224
n_int:  	628
n_ext:  	648
n_obs:  	90000
n:      	90000
We are computing on the device!

It took 8.081549e-04 seconds to setup the segments!


It took 2.2901e-01 seconds to solve the linear system for segment 3.


It took 2.5696e-01 seconds to solve the linear system for segment 1.


It took 2.6456e-01 seconds to solve the linear system for segment 2.


It took 2.6480e-01 seconds to solve all the linear systems.


It took 1.8524e-02 seconds to compute the scattered field matrices for segment 1.


It took 1.8341e-02 seconds to compute the scattered field matrices for segment 2.


It took 1.8403e-02 seconds to compute the scattered field matrices for segment 3.


It took 1.6582e-04 seconds to compute the combined scattered fields in the observation points.


It took 1.8442e-02 seconds to compute the interior field matrices for segment 1.


It took 1.8423e-02 seconds to compute the interior field matrices for segment 2.


It took 1.8399e-02 seconds to compute the interior field matrices for segment 3.


It took 6.1031e-05 seconds to compute the combined interior fields in the observation points.


It took 1.1041e-04 seconds to compute the combined incident fields in the observation points.


It took 2.3100e-01 seconds to solve the linear system for segment 3.


It took 2.5165e-01 seconds to solve the linear system for segment 1.


It took 2.6142e-01 seconds to solve the linear system for segment 2.


It took 2.6153e-01 seconds to solve all the linear systems.


It took 1.8415e-02 seconds to compute the scattered field matrices for segment 1.


It took 1.8355e-02 seconds to compute the scattered field matrices for segment 2.


It took 1.8427e-02 seconds to compute the scattered field matrices for segment 3.


It took 6.2603e-05 seconds to compute the combined scattered fields in the observation points.


It took 1.8367e-02 seconds to compute the interior field matrices for segment 1.


It took 1.8408e-02 seconds to compute the interior field matrices for segment 2.


It took 1.8459e-02 seconds to compute the interior field matrices for segment 3.


It took 6.3504e-05 seconds to compute the combined interior fields in the observation points.


It took 4.3295e-05 seconds to compute the combined incident fields in the observation points.

DESTRUCTED!
n_test:  	594
n_top:  	73
n_right:  	224
n_bottom:	73
n_left:  	224
n_int:  	578
n_ext:  	598
n_obs:  	90000
n:      	90000
We are computing on the device!

It took 1.186929e-03 seconds to setup the segments!


It took 2.9402e-01 seconds to solve the linear system for segment 1.


It took 2.9678e-01 seconds to solve the linear system for segment 3.


It took 2.9846e-01 seconds to solve the linear system for segment 2.


It took 2.9900e-01 seconds to solve the linear system for segment 4.


It took 2.9936e-01 seconds to solve all the linear systems.


It took 1.9920e-02 seconds to compute the scattered field matrices for segment 1.


It took 1.9742e-02 seconds to compute the scattered field matrices for segment 2.


It took 1.9700e-02 seconds to compute the scattered field matrices for segment 3.


It took 1.9735e-02 seconds to compute the scattered field matrices for segment 4.


It took 3.3409e-04 seconds to compute the combined scattered fields in the observation points.


It took 2.0462e-02 seconds to compute the interior field matrices for segment 1.


It took 2.0339e-02 seconds to compute the interior field matrices for segment 2.


It took 2.0326e-02 seconds to compute the interior field matrices for segment 3.


It took 2.0387e-02 seconds to compute the interior field matrices for segment 4.


It took 8.3014e-05 seconds to compute the combined interior fields in the observation points.


It took 1.2277e-04 seconds to compute the combined incident fields in the observation points.


It took 2.8203e-01 seconds to solve the linear system for segment 1.


It took 2.8422e-01 seconds to solve the linear system for segment 3.


It took 2.8586e-01 seconds to solve the linear system for segment 2.


It took 2.8637e-01 seconds to solve the linear system for segment 4.


It took 2.8646e-01 seconds to solve all the linear systems.


It took 1.9715e-02 seconds to compute the scattered field matrices for segment 1.


It took 1.9688e-02 seconds to compute the scattered field matrices for segment 2.


It took 1.9702e-02 seconds to compute the scattered field matrices for segment 3.


It took 1.9708e-02 seconds to compute the scattered field matrices for segment 4.


It took 7.6784e-05 seconds to compute the combined scattered fields in the observation points.


It took 2.0430e-02 seconds to compute the interior field matrices for segment 1.


It took 2.0254e-02 seconds to compute the interior field matrices for segment 2.


It took 2.0331e-02 seconds to compute the interior field matrices for segment 3.


It took 2.0439e-02 seconds to compute the interior field matrices for segment 4.


It took 7.7555e-05 seconds to compute the combined interior fields in the observation points.


It took 4.2022e-05 seconds to compute the combined incident fields in the observation points.

DESTRUCTED!
n_test:  	594
n_top:  	73
n_right:  	224
n_bottom:	73
n_left:  	224
n_int:  	578
n_ext:  	598
n_obs:  	90000
n:      	90000
We are computing on the device!

It took 1.065548e-03 seconds to setup the segments!


It took 2.2863e-01 seconds to solve the linear system for segment 1.


It took 2.8788e-01 seconds to solve the linear system for segment 3.


It took 2.9005e-01 seconds to solve the linear system for segment 2.


It took 2.9085e-01 seconds to solve the linear system for segment 4.


It took 2.9114e-01 seconds to solve all the linear systems.


It took 1.9872e-02 seconds to compute the scattered field matrices for segment 1.


It took 1.9658e-02 seconds to compute the scattered field matrices for segment 2.


It took 1.9661e-02 seconds to compute the scattered field matrices for segment 3.


It took 1.9680e-02 seconds to compute the scattered field matrices for segment 4.


It took 2.0638e-04 seconds to compute the combined scattered fields in the observation points.


It took 2.0365e-02 seconds to compute the interior field matrices for segment 1.


It took 2.0371e-02 seconds to compute the interior field matrices for segment 2.


It took 2.0354e-02 seconds to compute the interior field matrices for segment 3.


It took 2.0372e-02 seconds to compute the interior field matrices for segment 4.


It took 8.5958e-05 seconds to compute the combined interior fields in the observation points.


It took 1.2132e-04 seconds to compute the combined incident fields in the observation points.


It took 2.2633e-01 seconds to solve the linear system for segment 1.


It took 2.8737e-01 seconds to solve the linear system for segment 4.


It took 2.8956e-01 seconds to solve the linear system for segment 3.


It took 2.9540e-01 seconds to solve the linear system for segment 2.


It took 2.9555e-01 seconds to solve all the linear systems.


It took 1.9781e-02 seconds to compute the scattered field matrices for segment 1.


It took 1.9715e-02 seconds to compute the scattered field matrices for segment 2.


It took 1.9718e-02 seconds to compute the scattered field matrices for segment 3.


It took 1.9670e-02 seconds to compute the scattered field matrices for segment 4.


It took 8.7531e-05 seconds to compute the combined scattered fields in the observation points.


It took 2.0368e-02 seconds to compute the interior field matrices for segment 1.


It took 2.0305e-02 seconds to compute the interior field matrices for segment 2.


It took 2.0356e-02 seconds to compute the interior field matrices for segment 3.


It took 2.0361e-02 seconds to compute the interior field matrices for segment 4.


It took 8.2333e-05 seconds to compute the combined interior fields in the observation points.


It took 4.6580e-05 seconds to compute the combined incident fields in the observation points.

DESTRUCTED!
n_test:  	564
n_top:  	58
n_right:  	224
n_bottom:	58
n_left:  	224
n_int:  	548
n_ext:  	568
n_obs:  	90000
n:      	90000
We are computing on the device!

It took 1.377904e-03 seconds to setup the segments!


It took 3.4578e-01 seconds to solve the linear system for segment 5.


It took 3.5477e-01 seconds to solve the linear system for segment 3.


It took 3.6683e-01 seconds to solve the linear system for segment 4.


It took 3.6739e-01 seconds to solve the linear system for segment 1.


It took 3.6842e-01 seconds to solve the linear system for segment 2.


It took 3.6887e-01 seconds to solve all the linear systems.


It took 1.6331e-02 seconds to compute the scattered field matrices for segment 1.


It took 1.5974e-02 seconds to compute the scattered field matrices for segment 2.


It took 1.5995e-02 seconds to compute the scattered field matrices for segment 3.


It took 1.5955e-02 seconds to compute the scattered field matrices for segment 4.


It took 1.5893e-02 seconds to compute the scattered field matrices for segment 5.


It took 3.3999e-04 seconds to compute the combined scattered fields in the observation points.


It took 1.6019e-02 seconds to compute the interior field matrices for segment 1.


It took 1.6054e-02 seconds to compute the interior field matrices for segment 2.


It took 1.6009e-02 seconds to compute the interior field matrices for segment 3.


It took 1.6009e-02 seconds to compute the interior field matrices for segment 4.


It took 1.5988e-02 seconds to compute the interior field matrices for segment 5.


It took 9.8076e-05 seconds to compute the combined interior fields in the observation points.


It took 1.5151e-04 seconds to compute the combined incident fields in the observation points.


It took 3.3158e-01 seconds to solve the linear system for segment 3.


It took 3.3453e-01 seconds to solve the linear system for segment 5.


It took 3.4336e-01 seconds to solve the linear system for segment 2.


It took 3.5904e-01 seconds to solve the linear system for segment 4.


It took 3.6099e-01 seconds to solve the linear system for segment 1.


It took 3.6111e-01 seconds to solve all the linear systems.


It took 1.6023e-02 seconds to compute the scattered field matrices for segment 1.


It took 1.5999e-02 seconds to compute the scattered field matrices for segment 2.


It took 1.5912e-02 seconds to compute the scattered field matrices for segment 3.


It took 1.5928e-02 seconds to compute the scattered field matrices for segment 4.


It took 1.5934e-02 seconds to compute the scattered field matrices for segment 5.


It took 1.0528e-04 seconds to compute the combined scattered fields in the observation points.


It took 1.6064e-02 seconds to compute the interior field matrices for segment 1.


It took 1.5992e-02 seconds to compute the interior field matrices for segment 2.


It took 1.6056e-02 seconds to compute the interior field matrices for segment 3.


It took 1.6072e-02 seconds to compute the interior field matrices for segment 4.


It took 1.6065e-02 seconds to compute the interior field matrices for segment 5.


It took 9.7445e-05 seconds to compute the combined interior fields in the observation points.


It took 4.6629e-05 seconds to compute the combined incident fields in the observation points.

DESTRUCTED!
n_test:  	564
n_top:  	58
n_right:  	224
n_bottom:	58
n_left:  	224
n_int:  	548
n_ext:  	568
n_obs:  	90000
n:      	90000
We are computing on the device!

It took 1.147331e-03 seconds to setup the segments!


It took 3.2706e-01 seconds to solve the linear system for segment 3.


It took 3.4791e-01 seconds to solve the linear system for segment 2.


It took 3.4984e-01 seconds to solve the linear system for segment 1.


It took 3.5588e-01 seconds to solve the linear system for segment 4.


It took 3.5791e-01 seconds to solve the linear system for segment 5.


It took 3.5814e-01 seconds to solve all the linear systems.


It took 1.6132e-02 seconds to compute the scattered field matrices for segment 1.


It took 1.5954e-02 seconds to compute the scattered field matrices for segment 2.


It took 1.6016e-02 seconds to compute the scattered field matrices for segment 3.


It took 1.5978e-02 seconds to compute the scattered field matrices for segment 4.


It took 1.5940e-02 seconds to compute the scattered field matrices for segment 5.


It took 1.9006e-04 seconds to compute the combined scattered fields in the observation points.


It took 1.6025e-02 seconds to compute the interior field matrices for segment 1.


It took 1.6049e-02 seconds to compute the interior field matrices for segment 2.


It took 1.6047e-02 seconds to compute the interior field matrices for segment 3.


It took 1.6058e-02 seconds to compute the interior field matrices for segment 4.


It took 1.6012e-02 seconds to compute the interior field matrices for segment 5.


It took 9.9468e-05 seconds to compute the combined interior fields in the observation points.


It took 1.0834e-04 seconds to compute the combined incident fields in the observation points.


It took 3.3539e-01 seconds to solve the linear system for segment 1.


It took 3.3948e-01 seconds to solve the linear system for segment 5.


It took 3.4628e-01 seconds to solve the linear system for segment 3.


It took 3.4905e-01 seconds to solve the linear system for segment 4.


It took 3.5008e-01 seconds to solve the linear system for segment 2.


It took 3.5022e-01 seconds to solve all the linear systems.


It took 1.6000e-02 seconds to compute the scattered field matrices for segment 1.


It took 1.5980e-02 seconds to compute the scattered field matrices for segment 2.


It took 1.5927e-02 seconds to compute the scattered field matrices for segment 3.


It took 1.5984e-02 seconds to compute the scattered field matrices for segment 4.


It took 1.5937e-02 seconds to compute the scattered field matrices for segment 5.


It took 1.0224e-04 seconds to compute the combined scattered fields in the observation points.


It took 1.6013e-02 seconds to compute the interior field matrices for segment 1.


It took 1.6014e-02 seconds to compute the interior field matrices for segment 2.


It took 1.6056e-02 seconds to compute the interior field matrices for segment 3.


It took 1.6044e-02 seconds to compute the interior field matrices for segment 4.


It took 1.5999e-02 seconds to compute the interior field matrices for segment 5.


It took 9.9689e-05 seconds to compute the combined interior fields in the observation points.


It took 4.4726e-05 seconds to compute the combined incident fields in the observation points.

DESTRUCTED!
n_test:  	1044
n_top:  	298
n_right:  	224
n_bottom:	298
n_left:  	224
n_int:  	1028
n_ext:  	1048
n_obs:  	90000
n:      	90000
We are computing on the device!

It took 6.552469e-04 seconds to setup the segments!


It took 1.6215e-01 seconds to solve the linear system for segment 1.


It took 1.6219e-01 seconds to solve all the linear systems.


It took 3.0162e-02 seconds to compute the scattered field matrices for segment 1.


It took 1.6035e-04 seconds to compute the combined scattered fields in the observation points.


It took 2.9882e-02 seconds to compute the interior field matrices for segment 1.


It took 2.5307e-05 seconds to compute the combined interior fields in the observation points.


It took 8.3574e-05 seconds to compute the combined incident fields in the observation points.


It took 1.2517e-01 seconds to solve the linear system for segment 1.


It took 1.2519e-01 seconds to solve all the linear systems.


It took 3.0065e-02 seconds to compute the scattered field matrices for segment 1.


It took 2.6210e-05 seconds to compute the combined scattered fields in the observation points.


It took 2.9845e-02 seconds to compute the interior field matrices for segment 1.


It took 2.5919e-05 seconds to compute the combined interior fields in the observation points.


It took 4.2894e-05 seconds to compute the combined incident fields in the observation points.

DESTRUCTED!
n_test:  	1044
n_top:  	298
n_right:  	224
n_bottom:	298
n_left:  	224
n_int:  	1028
n_ext:  	1048
n_obs:  	90000
n:      	90000
We are computing on the device!

It took 4.596559e-04 seconds to setup the segments!


It took 1.5119e-01 seconds to solve the linear system for segment 1.


It took 1.5121e-01 seconds to solve all the linear systems.


It took 3.0010e-02 seconds to compute the scattered field matrices for segment 1.


It took 8.3745e-05 seconds to compute the combined scattered fields in the observation points.


It took 2.9881e-02 seconds to compute the interior field matrices for segment 1.


It took 2.5939e-05 seconds to compute the combined interior fields in the observation points.


It took 8.3285e-05 seconds to compute the combined incident fields in the observation points.


It took 1.4016e-01 seconds to solve the linear system for segment 1.


It took 1.4018e-01 seconds to solve all the linear systems.


It took 3.0122e-02 seconds to compute the scattered field matrices for segment 1.


It took 2.6570e-05 seconds to compute the combined scattered fields in the observation points.


It took 2.9755e-02 seconds to compute the interior field matrices for segment 1.


It took 2.6309e-05 seconds to compute the combined interior fields in the observation points.


It took 4.3135e-05 seconds to compute the combined incident fields in the observation points.

DESTRUCTED!
n_test:  	744
n_top:  	148
n_right:  	224
n_bottom:	148
n_left:  	224
n_int:  	728
n_ext:  	748
n_obs:  	90000
n:      	90000
We are computing on the device!

It took 8.661710e-04 seconds to setup the segments!


It took 2.0094e-01 seconds to solve the linear system for segment 1.


It took 2.0375e-01 seconds to solve the linear system for segment 2.


It took 2.0401e-01 seconds to solve all the linear systems.


It took 2.0815e-02 seconds to compute the scattered field matrices for segment 1.


It took 2.0660e-02 seconds to compute the scattered field matrices for segment 2.


It took 2.2415e-04 seconds to compute the combined scattered fields in the observation points.


It took 2.1899e-02 seconds to compute the interior field matrices for segment 1.


It took 2.1810e-02 seconds to compute the interior field matrices for segment 2.


It took 4.2873e-05 seconds to compute the combined interior fields in the observation points.


It took 9.8237e-05 seconds to compute the combined incident fields in the observation points.


It took 1.7293e-01 seconds to solve the linear system for segment 1.


It took 1.7405e-01 seconds to solve the linear system for segment 2.


It took 1.7415e-01 seconds to solve all the linear systems.


It took 2.0783e-02 seconds to compute the scattered field matrices for segment 1.


It took 2.0711e-02 seconds to compute the scattered field matrices for segment 2.


It took 4.5387e-05 seconds to compute the combined scattered fields in the observation points.


It took 2.1853e-02 seconds to compute the interior field matrices for segment 1.


It took 2.1843e-02 seconds to compute the interior field matrices for segment 2.


It took 4.4487e-05 seconds to compute the combined interior fields in the observation points.


It took 4.2984e-05 seconds to compute the combined incident fields in the observation points.

DESTRUCTED!
n_test:  	744
n_top:  	148
n_right:  	224
n_bottom:	148
n_left:  	224
n_int:  	728
n_ext:  	748
n_obs:  	90000
n:      	90000
We are computing on the device!

It took 6.936039e-04 seconds to setup the segments!


It took 1.9706e-01 seconds to solve the linear system for segment 1.


It took 2.0637e-01 seconds to solve the linear system for segment 2.


It took 2.0657e-01 seconds to solve all the linear systems.


It took 2.0793e-02 seconds to compute the scattered field matrices for segment 1.


It took 2.0638e-02 seconds to compute the scattered field matrices for segment 2.


It took 1.2169e-04 seconds to compute the combined scattered fields in the observation points.


It took 2.1931e-02 seconds to compute the interior field matrices for segment 1.


It took 2.1895e-02 seconds to compute the interior field matrices for segment 2.


It took 4.4837e-05 seconds to compute the combined interior fields in the observation points.


It took 9.8647e-05 seconds to compute the combined incident fields in the observation points.


It took 1.7797e-01 seconds to solve the linear system for segment 1.


It took 2.1114e-01 seconds to solve the linear system for segment 2.


It took 2.1131e-01 seconds to solve all the linear systems.


It took 2.0751e-02 seconds to compute the scattered field matrices for segment 1.


It took 2.0648e-02 seconds to compute the scattered field matrices for segment 2.


It took 4.5958e-05 seconds to compute the combined scattered fields in the observation points.


It took 2.1765e-02 seconds to compute the interior field matrices for segment 1.


It took 2.1874e-02 seconds to compute the interior field matrices for segment 2.


It took 4.3435e-05 seconds to compute the combined interior fields in the observation points.


It took 4.5478e-05 seconds to compute the combined incident fields in the observation points.

DESTRUCTED!
n_test:  	644
n_top:  	98
n_right:  	224
n_bottom:	98
n_left:  	224
n_int:  	628
n_ext:  	648
n_obs:  	90000
n:      	90000
We are computing on the device!

It took 1.046049e-03 seconds to setup the segments!


It took 3.0710e-01 seconds to solve the linear system for segment 3.


It took 3.5036e-01 seconds to solve the linear system for segment 2.


It took 3.5143e-01 seconds to solve the linear system for segment 1.


It took 3.5171e-01 seconds to solve all the linear systems.


It took 1.8593e-02 seconds to compute the scattered field matrices for segment 1.


It took 1.8366e-02 seconds to compute the scattered field matrices for segment 2.


It took 1.8562e-02 seconds to compute the scattered field matrices for segment 3.


It took 2.4500e-04 seconds to compute the combined scattered fields in the observation points.


It took 1.8487e-02 seconds to compute the interior field matrices for segment 1.


It took 1.8577e-02 seconds to compute the interior field matrices for segment 2.


It took 1.8384e-02 seconds to compute the interior field matrices for segment 3.


It took 7.5232e-05 seconds to compute the combined interior fields in the observation points.


It took 2.7665e-04 seconds to compute the combined incident fields in the observation points.


It took 2.0532e-01 seconds to solve the linear system for segment 3.


It took 2.4344e-01 seconds to solve the linear system for segment 2.


It took 2.4456e-01 seconds to solve the linear system for segment 1.


It took 2.4471e-01 seconds to solve all the linear systems.


It took 1.8410e-02 seconds to compute the scattered field matrices for segment 1.


It took 1.8419e-02 seconds to compute the scattered field matrices for segment 2.


It took 1.8471e-02 seconds to compute the scattered field matrices for segment 3.


It took 6.4887e-05 seconds to compute the combined scattered fields in the observation points.


It took 1.8360e-02 seconds to compute the interior field matrices for segment 1.


It took 1.8394e-02 seconds to compute the interior field matrices for segment 2.


It took 1.8455e-02 seconds to compute the interior field matrices for segment 3.


It took 6.2593e-05 seconds to compute the combined interior fields in the observation points.


It took 4.4446e-05 seconds to compute the combined incident fields in the observation points.

DESTRUCTED!
n_test:  	644
n_top:  	98
n_right:  	224
n_bottom:	98
n_left:  	224
n_int:  	628
n_ext:  	648
n_obs:  	90000
n:      	90000
We are computing on the device!

It took 8.051090e-04 seconds to setup the segments!


It took 2.3606e-01 seconds to solve the linear system for segment 3.


It took 2.7004e-01 seconds to solve the linear system for segment 2.


It took 2.7109e-01 seconds to solve the linear system for segment 1.


It took 2.7132e-01 seconds to solve all the linear systems.


It took 1.8461e-02 seconds to compute the scattered field matrices for segment 1.


It took 1.8416e-02 seconds to compute the scattered field matrices for segment 2.


It took 1.8485e-02 seconds to compute the scattered field matrices for segment 3.


It took 1.4132e-04 seconds to compute the combined scattered fields in the observation points.


It took 1.8432e-02 seconds to compute the interior field matrices for segment 1.


It took 1.8507e-02 seconds to compute the interior field matrices for segment 2.


It took 1.8459e-02 seconds to compute the interior field matrices for segment 3.


It took 6.1792e-05 seconds to compute the combined interior fields in the observation points.


It took 9.6334e-05 seconds to compute the combined incident fields in the observation points.


It took 2.0491e-01 seconds to solve the linear system for segment 3.


It took 2.3984e-01 seconds to solve the linear system for segment 2.


It took 2.4192e-01 seconds to solve the linear system for segment 1.


It took 2.4201e-01 seconds to solve all the linear systems.


It took 1.8443e-02 seconds to compute the scattered field matrices for segment 1.


It took 1.8408e-02 seconds to compute the scattered field matrices for segment 2.


It took 1.8360e-02 seconds to compute the scattered field matrices for segment 3.


It took 6.3254e-05 seconds to compute the combined scattered fields in the observation points.


It took 1.8387e-02 seconds to compute the interior field matrices for segment 1.


It took 1.8417e-02 seconds to compute the interior field matrices for segment 2.


It took 1.8448e-02 seconds to compute the interior field matrices for segment 3.


It took 6.1572e-05 seconds to compute the combined interior fields in the observation points.


It took 5.0174e-05 seconds to compute the combined incident fields in the observation points.

DESTRUCTED!
n_test:  	594
n_top:  	73
n_right:  	224
n_bottom:	73
n_left:  	224
n_int:  	578
n_ext:  	598
n_obs:  	90000
n:      	90000
We are computing on the device!

It took 1.197524e-03 seconds to setup the segments!


It took 2.7260e-01 seconds to solve the linear system for segment 3.


It took 3.3021e-01 seconds to solve the linear system for segment 1.


It took 3.3234e-01 seconds to solve the linear system for segment 2.


It took 3.3289e-01 seconds to solve the linear system for segment 4.


It took 3.3334e-01 seconds to solve all the linear systems.


It took 1.9981e-02 seconds to compute the scattered field matrices for segment 1.


It took 1.9731e-02 seconds to compute the scattered field matrices for segment 2.


It took 1.9686e-02 seconds to compute the scattered field matrices for segment 3.


It took 1.9623e-02 seconds to compute the scattered field matrices for segment 4.


It took 3.1724e-04 seconds to compute the combined scattered fields in the observation points.


It took 2.0380e-02 seconds to compute the interior field matrices for segment 1.


It took 2.0334e-02 seconds to compute the interior field matrices for segment 2.


It took 2.0364e-02 seconds to compute the interior field matrices for segment 3.


It took 2.0336e-02 seconds to compute the interior field matrices for segment 4.


It took 7.9799e-05 seconds to compute the combined interior fields in the observation points.


It took 1.4083e-04 seconds to compute the combined incident fields in the observation points.


It took 2.4627e-01 seconds to solve the linear system for segment 3.


It took 3.0823e-01 seconds to solve the linear system for segment 4.


It took 3.0893e-01 seconds to solve the linear system for segment 2.


It took 3.1002e-01 seconds to solve the linear system for segment 1.


It took 3.1014e-01 seconds to solve all the linear systems.


It took 1.9694e-02 seconds to compute the scattered field matrices for segment 1.


It took 1.9673e-02 seconds to compute the scattered field matrices for segment 2.


It took 1.9695e-02 seconds to compute the scattered field matrices for segment 3.


It took 1.9667e-02 seconds to compute the scattered field matrices for segment 4.


It took 8.2273e-05 seconds to compute the combined scattered fields in the observation points.


It took 2.0337e-02 seconds to compute the interior field matrices for segment 1.


It took 2.0312e-02 seconds to compute the interior field matrices for segment 2.


It took 2.0328e-02 seconds to compute the interior field matrices for segment 3.


It took 2.0327e-02 seconds to compute the interior field matrices for segment 4.


It took 7.9067e-05 seconds to compute the combined interior fields in the observation points.


It took 4.3835e-05 seconds to compute the combined incident fields in the observation points.

DESTRUCTED!
n_test:  	594
n_top:  	73
n_right:  	224
n_bottom:	73
n_left:  	224
n_int:  	578
n_ext:  	598
n_obs:  	90000
n:      	90000
We are computing on the device!

It took 1.020950e-03 seconds to setup the segments!


It took 2.4809e-01 seconds to solve the linear system for segment 3.


It took 3.1659e-01 seconds to solve the linear system for segment 4.


It took 3.1863e-01 seconds to solve the linear system for segment 2.


It took 3.1950e-01 seconds to solve the linear system for segment 1.


It took 3.1970e-01 seconds to solve all the linear systems.


It took 1.9733e-02 seconds to compute the scattered field matrices for segment 1.


It took 1.9660e-02 seconds to compute the scattered field matrices for segment 2.


It took 1.9624e-02 seconds to compute the scattered field matrices for segment 3.


It took 1.9645e-02 seconds to compute the scattered field matrices for segment 4.


It took 1.7059e-04 seconds to compute the combined scattered fields in the observation points.


It took 2.0423e-02 seconds to compute the interior field matrices for segment 1.


It took 2.0372e-02 seconds to compute the interior field matrices for segment 2.


It took 2.0308e-02 seconds to compute the interior field matrices for segment 3.


It took 2.0353e-02 seconds to compute the interior field matrices for segment 4.


It took 8.1382e-05 seconds to compute the combined interior fields in the observation points.


It took 1.0667e-04 seconds to compute the combined incident fields in the observation points.


It took 2.3698e-01 seconds to solve the linear system for segment 3.


It took 2.8788e-01 seconds to solve the linear system for segment 2.


It took 2.9076e-01 seconds to solve the linear system for segment 4.


It took 2.9106e-01 seconds to solve the linear system for segment 1.


It took 2.9114e-01 seconds to solve all the linear systems.


It took 1.9678e-02 seconds to compute the scattered field matrices for segment 1.


It took 1.9718e-02 seconds to compute the scattered field matrices for segment 2.


It took 1.9638e-02 seconds to compute the scattered field matrices for segment 3.


It took 1.9717e-02 seconds to compute the scattered field matrices for segment 4.


It took 8.1581e-05 seconds to compute the combined scattered fields in the observation points.


It took 2.0329e-02 seconds to compute the interior field matrices for segment 1.


It took 2.0306e-02 seconds to compute the interior field matrices for segment 2.


It took 2.0315e-02 seconds to compute the interior field matrices for segment 3.


It took 2.0370e-02 seconds to compute the interior field matrices for segment 4.


It took 8.1090e-05 seconds to compute the combined interior fields in the observation points.


It took 4.3004e-05 seconds to compute the combined incident fields in the observation points.

DESTRUCTED!
n_test:  	564
n_top:  	58
n_right:  	224
n_bottom:	58
n_left:  	224
n_int:  	548
n_ext:  	568
n_obs:  	90000
n:      	90000
We are computing on the device!

It took 1.357222e-03 seconds to setup the segments!


It took 3.3924e-01 seconds to solve the linear system for segment 5.


It took 3.7466e-01 seconds to solve the linear system for segment 2.


It took 3.7665e-01 seconds to solve the linear system for segment 4.


It took 3.8650e-01 seconds to solve the linear system for segment 3.


It took 3.8931e-01 seconds to solve the linear system for segment 1.


It took 3.8976e-01 seconds to solve all the linear systems.


It took 1.6250e-02 seconds to compute the scattered field matrices for segment 1.


It took 1.5987e-02 seconds to compute the scattered field matrices for segment 2.


It took 1.5994e-02 seconds to compute the scattered field matrices for segment 3.


It took 1.5967e-02 seconds to compute the scattered field matrices for segment 4.


It took 1.5840e-02 seconds to compute the scattered field matrices for segment 5.


It took 4.8285e-04 seconds to compute the combined scattered fields in the observation points.


It took 1.6074e-02 seconds to compute the interior field matrices for segment 1.


It took 1.6052e-02 seconds to compute the interior field matrices for segment 2.


It took 1.6056e-02 seconds to compute the interior field matrices for segment 3.


It took 1.6078e-02 seconds to compute the interior field matrices for segment 4.


It took 1.5979e-02 seconds to compute the interior field matrices for segment 5.


It took 1.0031e-04 seconds to compute the combined interior fields in the observation points.


It took 1.2769e-04 seconds to compute the combined incident fields in the observation points.


It took 3.2682e-01 seconds to solve the linear system for segment 3.


It took 3.3775e-01 seconds to solve the linear system for segment 5.


It took 3.5819e-01 seconds to solve the linear system for segment 1.


It took 3.6878e-01 seconds to solve the linear system for segment 2.


It took 3.7065e-01 seconds to solve the linear system for segment 4.


It took 3.7082e-01 seconds to solve all the linear systems.


It took 1.5989e-02 seconds to compute the scattered field matrices for segment 1.


It took 1.6001e-02 seconds to compute the scattered field matrices for segment 2.


It took 1.5877e-02 seconds to compute the scattered field matrices for segment 3.


It took 1.5977e-02 seconds to compute the scattered field matrices for segment 4.


It took 1.6004e-02 seconds to compute the scattered field matrices for segment 5.


It took 1.0514e-04 seconds to compute the combined scattered fields in the observation points.


It took 1.6072e-02 seconds to compute the interior field matrices for segment 1.


It took 1.6038e-02 seconds to compute the interior field matrices for segment 2.


It took 1.6008e-02 seconds to compute the interior field matrices for segment 3.


It took 1.6088e-02 seconds to compute the interior field matrices for segment 4.


It took 1.6131e-02 seconds to compute the interior field matrices for segment 5.


It took 1.0079e-04 seconds to compute the combined interior fields in the observation points.


It took 4.3024e-05 seconds to compute the combined incident fields in the observation points.

DESTRUCTED!
n_test:  	564
n_top:  	58
n_right:  	224
n_bottom:	58
n_left:  	224
n_int:  	548
n_ext:  	568
n_obs:  	90000
n:      	90000
We are computing on the device!

It took 1.119828e-03 seconds to setup the segments!


It took 3.5364e-01 seconds to solve the linear system for segment 3.


It took 3.5964e-01 seconds to solve the linear system for segment 4.


It took 3.6253e-01 seconds to solve the linear system for segment 5.


It took 3.6305e-01 seconds to solve the linear system for segment 2.


It took 3.6393e-01 seconds to solve the linear system for segment 1.


It took 3.6415e-01 seconds to solve all the linear systems.


It took 1.6096e-02 seconds to compute the scattered field matrices for segment 1.


It took 1.6019e-02 seconds to compute the scattered field matrices for segment 2.


It took 1.5970e-02 seconds to compute the scattered field matrices for segment 3.


It took 1.6000e-02 seconds to compute the scattered field matrices for segment 4.


It took 1.5893e-02 seconds to compute the scattered field matrices for segment 5.


It took 1.8539e-04 seconds to compute the combined scattered fields in the observation points.


It took 1.6055e-02 seconds to compute the interior field matrices for segment 1.


It took 1.6073e-02 seconds to compute the interior field matrices for segment 2.


It took 1.6023e-02 seconds to compute the interior field matrices for segment 3.


It took 1.6044e-02 seconds to compute the interior field matrices for segment 4.


It took 1.5993e-02 seconds to compute the interior field matrices for segment 5.


It took 9.5352e-05 seconds to compute the combined interior fields in the observation points.


It took 1.0087e-04 seconds to compute the combined incident fields in the observation points.


It took 2.6261e-01 seconds to solve the linear system for segment 3.


It took 3.3901e-01 seconds to solve the linear system for segment 5.


It took 3.4201e-01 seconds to solve the linear system for segment 2.


It took 3.4526e-01 seconds to solve the linear system for segment 1.


It took 3.4779e-01 seconds to solve the linear system for segment 4.


It took 3.4790e-01 seconds to solve all the linear systems.


It took 1.5985e-02 seconds to compute the scattered field matrices for segment 1.


It took 1.5982e-02 seconds to compute the scattered field matrices for segment 2.


It took 1.5959e-02 seconds to compute the scattered field matrices for segment 3.


It took 1.5898e-02 seconds to compute the scattered field matrices for segment 4.


It took 1.5930e-02 seconds to compute the scattered field matrices for segment 5.


It took 9.9107e-05 seconds to compute the combined scattered fields in the observation points.


It took 1.6011e-02 seconds to compute the interior field matrices for segment 1.


It took 1.6032e-02 seconds to compute the interior field matrices for segment 2.


It took 1.5997e-02 seconds to compute the interior field matrices for segment 3.


It took 1.6103e-02 seconds to compute the interior field matrices for segment 4.


It took 1.6062e-02 seconds to compute the interior field matrices for segment 5.


It took 9.7715e-05 seconds to compute the combined interior fields in the observation points.


It took 4.3885e-05 seconds to compute the combined incident fields in the observation points.

DESTRUCTED!

------------------------------------------------------------
Sender: LSF System <lsfadmin@hpc.dtu.dk>
Subject: Job 23280210: <forward> in cluster <dcc> Done

Job <forward> was submitted from host <hpclogin1> by user <s194146> in cluster <dcc> at Wed Nov 27 21:13:30 2024
Job was executed on host(s) <64*n-62-12-81>, in queue <gpuh100>, as user <s194146> in cluster <dcc> at Wed Nov 27 21:13:30 2024
</zhome/00/b/147112> was used as the home directory.
</zhome/00/b/147112/bioscat/Scripts/main> was used as the working directory.
Started at Wed Nov 27 21:13:30 2024
Terminated at Wed Nov 27 21:22:23 2024
Results reported at Wed Nov 27 21:22:23 2024

Your job looked like:

------------------------------------------------------------
# LSBATCH: User input
#!/bin/bash
#BSUB -J forward # name
#BSUB -o outfiles/forward_%J.out # output file
#BSUB -q gpuh100
#BSUB -n 64 ## cores
#BSUB -R "rusage[mem=1GB]" 
#BSUB -W 24:00 # useable time in minutes
##BSUB -N # send mail when done
#BSUB -R "span[hosts=1]"
#BSUB -gpu "num=1:mode=exclusive_process"

module load gcc/12.3.0-binutils-2.40
module load cuda/12.2.2
# "Retinin2x2" or "demoleus2x2"

OMP_NUM_THREADS=64 python forward.py 1 1 0 demoleus2x2

OMP_NUM_THREADS=64 python forward.py 1 2 0 demoleus2x2

OMP_NUM_THREADS=64 python forward.py 1 3 0 demoleus2x2

OMP_NUM_THREADS=64 python forward.py 1 4 0 demoleus2x2

OMP_NUM_THREADS=64 python forward.py 1 5 0 demoleus2x2

OMP_NUM_THREADS=64 python forward.py 1 1 90 demoleus2x2

OMP_NUM_THREADS=64 python forward.py 1 2 90 demoleus2x2

OMP_NUM_THREADS=64 python forward.py 1 3 90 demoleus2x2

OMP_NUM_THREADS=64 python forward.py 1 4 90 demoleus2x2

OMP_NUM_THREADS=64 python forward.py 1 5 90 demoleus2x2

OMP_NUM_THREADS=64 python forward.py 1 1 0 Retinin2x2

OMP_NUM_THREADS=64 python forward.py 1 2 0 Retinin2x2

OMP_NUM_THREADS=64 python forward.py 1 3 0 Retinin2x2

OMP_NUM_THREADS=64 python forward.py 1 4 0 Retinin2x2

OMP_NUM_THREADS=64 python forward.py 1 5 0 Retinin2x2

OMP_NUM_THREADS=64 python forward.py 1 1 90 Retinin2x2

OMP_NUM_THREADS=64 python forward.py 1 2 90 Retinin2x2

OMP_NUM_THREADS=64 python forward.py 1 3 90 Retinin2x2

(... more ...)
------------------------------------------------------------

Successfully completed.

Resource usage summary:

    CPU time :                                   1720.00 sec.
    Max Memory :                                 242 MB
    Average Memory :                             216.83 MB
    Total Requested Memory :                     65536.00 MB
    Delta Memory :                               65294.00 MB
    Max Swap :                                   -
    Max Processes :                              4
    Max Threads :                                71
    Run time :                                   533 sec.
    Turnaround time :                            533 sec.

The output (if any) is above this job summary.

