Loaded module: gcc/12.3.0-binutils-2.40
Loaded module: cuda/12.2.2
n_test:  	1044
n_top:  	298
n_right:  	224
n_bottom:	298
n_left:  	224
n_int:  	1028
n_ext:  	1048
n_obs:  	90000
n:      	90000
We are computing on the device!

It took 6.431681e-04 seconds to setup the segments!


It took 1.6896e-01 seconds to solve the linear system for segment 1.


It took 1.6900e-01 seconds to solve all the linear systems.


It took 3.0245e-02 seconds to compute the scattered field matrices for segment 1.


It took 1.9711e-04 seconds to compute the combined scattered fields in the observation points.


It took 2.9944e-02 seconds to compute the interior field matrices for segment 1.


It took 3.3390e-05 seconds to compute the combined interior fields in the observation points.


It took 9.7155e-05 seconds to compute the combined incident fields in the observation points.


It took 1.4085e-01 seconds to solve the linear system for segment 1.


It took 1.4089e-01 seconds to solve all the linear systems.


It took 3.0056e-02 seconds to compute the scattered field matrices for segment 1.


It took 3.3490e-05 seconds to compute the combined scattered fields in the observation points.


It took 2.9930e-02 seconds to compute the interior field matrices for segment 1.


It took 3.4441e-05 seconds to compute the combined interior fields in the observation points.


It took 4.0681e-05 seconds to compute the combined incident fields in the observation points.

DESTRUCTED!
n_test:  	1044
n_top:  	298
n_right:  	224
n_bottom:	298
n_left:  	224
n_int:  	1028
n_ext:  	1048
n_obs:  	90000
n:      	90000
We are computing on the device!

It took 4.792642e-04 seconds to setup the segments!


It took 1.4986e-01 seconds to solve the linear system for segment 1.


It took 1.4989e-01 seconds to solve all the linear systems.


It took 3.0101e-02 seconds to compute the scattered field matrices for segment 1.


It took 9.5182e-05 seconds to compute the combined scattered fields in the observation points.


It took 2.9920e-02 seconds to compute the interior field matrices for segment 1.


It took 3.2679e-05 seconds to compute the combined interior fields in the observation points.


It took 9.3760e-05 seconds to compute the combined incident fields in the observation points.


It took 1.3119e-01 seconds to solve the linear system for segment 1.


It took 1.3122e-01 seconds to solve all the linear systems.


It took 3.0008e-02 seconds to compute the scattered field matrices for segment 1.


It took 3.3179e-05 seconds to compute the combined scattered fields in the observation points.


It took 2.9845e-02 seconds to compute the interior field matrices for segment 1.


It took 3.2199e-05 seconds to compute the combined interior fields in the observation points.


It took 4.0921e-05 seconds to compute the combined incident fields in the observation points.

DESTRUCTED!
n_test:  	744
n_top:  	148
n_right:  	224
n_bottom:	148
n_left:  	224
n_int:  	728
n_ext:  	748
n_obs:  	90000
n:      	90000
We are computing on the device!

It took 8.623849e-04 seconds to setup the segments!


It took 2.2290e-01 seconds to solve the linear system for segment 2.


It took 2.2523e-01 seconds to solve the linear system for segment 1.


It took 2.2549e-01 seconds to solve all the linear systems.


It took 2.0898e-02 seconds to compute the scattered field matrices for segment 1.


It took 2.0668e-02 seconds to compute the scattered field matrices for segment 2.


It took 2.3355e-04 seconds to compute the combined scattered fields in the observation points.


It took 2.1924e-02 seconds to compute the interior field matrices for segment 1.


It took 2.1847e-02 seconds to compute the interior field matrices for segment 2.


It took 5.3450e-05 seconds to compute the combined interior fields in the observation points.


It took 2.4740e-04 seconds to compute the combined incident fields in the observation points.


It took 1.7769e-01 seconds to solve the linear system for segment 2.


It took 1.8494e-01 seconds to solve the linear system for segment 1.


It took 1.8503e-01 seconds to solve all the linear systems.


It took 2.0769e-02 seconds to compute the scattered field matrices for segment 1.


It took 2.0752e-02 seconds to compute the scattered field matrices for segment 2.


It took 5.1106e-05 seconds to compute the combined scattered fields in the observation points.


It took 2.1925e-02 seconds to compute the interior field matrices for segment 1.


It took 2.1904e-02 seconds to compute the interior field matrices for segment 2.


It took 4.7682e-05 seconds to compute the combined interior fields in the observation points.


It took 4.0810e-05 seconds to compute the combined incident fields in the observation points.

DESTRUCTED!
n_test:  	744
n_top:  	148
n_right:  	224
n_bottom:	148
n_left:  	224
n_int:  	728
n_ext:  	748
n_obs:  	90000
n:      	90000
We are computing on the device!

It took 6.318109e-04 seconds to setup the segments!


It took 1.8877e-01 seconds to solve the linear system for segment 1.


It took 1.9328e-01 seconds to solve the linear system for segment 2.


It took 1.9348e-01 seconds to solve all the linear systems.


It took 2.0780e-02 seconds to compute the scattered field matrices for segment 1.


It took 2.0654e-02 seconds to compute the scattered field matrices for segment 2.


It took 1.2453e-04 seconds to compute the combined scattered fields in the observation points.


It took 2.1945e-02 seconds to compute the interior field matrices for segment 1.


It took 2.1927e-02 seconds to compute the interior field matrices for segment 2.


It took 4.8973e-05 seconds to compute the combined interior fields in the observation points.


It took 1.0343e-04 seconds to compute the combined incident fields in the observation points.


It took 1.8227e-01 seconds to solve the linear system for segment 1.


It took 1.8826e-01 seconds to solve the linear system for segment 2.


It took 1.8833e-01 seconds to solve all the linear systems.


It took 2.0751e-02 seconds to compute the scattered field matrices for segment 1.


It took 2.0680e-02 seconds to compute the scattered field matrices for segment 2.


It took 4.4977e-05 seconds to compute the combined scattered fields in the observation points.


It took 2.1857e-02 seconds to compute the interior field matrices for segment 1.


It took 2.1888e-02 seconds to compute the interior field matrices for segment 2.


It took 4.8252e-05 seconds to compute the combined interior fields in the observation points.


It took 3.9639e-05 seconds to compute the combined incident fields in the observation points.

DESTRUCTED!
n_test:  	644
n_top:  	98
n_right:  	224
n_bottom:	98
n_left:  	224
n_int:  	628
n_ext:  	648
n_obs:  	90000
n:      	90000
We are computing on the device!

It took 1.024917e-03 seconds to setup the segments!


It took 2.5774e-01 seconds to solve the linear system for segment 2.


It took 2.5838e-01 seconds to solve the linear system for segment 3.


It took 2.5949e-01 seconds to solve the linear system for segment 1.


It took 2.5972e-01 seconds to solve all the linear systems.


It took 1.8696e-02 seconds to compute the scattered field matrices for segment 1.


It took 1.8413e-02 seconds to compute the scattered field matrices for segment 2.


It took 1.8603e-02 seconds to compute the scattered field matrices for segment 3.


It took 4.0399e-04 seconds to compute the combined scattered fields in the observation points.


It took 1.8376e-02 seconds to compute the interior field matrices for segment 1.


It took 1.8432e-02 seconds to compute the interior field matrices for segment 2.


It took 1.8448e-02 seconds to compute the interior field matrices for segment 3.


It took 6.4786e-05 seconds to compute the combined interior fields in the observation points.


It took 1.1159e-04 seconds to compute the combined incident fields in the observation points.


It took 2.2413e-01 seconds to solve the linear system for segment 3.


It took 2.3770e-01 seconds to solve the linear system for segment 1.


It took 2.3876e-01 seconds to solve the linear system for segment 2.


It took 2.3886e-01 seconds to solve all the linear systems.


It took 1.8401e-02 seconds to compute the scattered field matrices for segment 1.


It took 1.8477e-02 seconds to compute the scattered field matrices for segment 2.


It took 1.8480e-02 seconds to compute the scattered field matrices for segment 3.


It took 6.8161e-05 seconds to compute the combined scattered fields in the observation points.


It took 1.8363e-02 seconds to compute the interior field matrices for segment 1.


It took 1.8430e-02 seconds to compute the interior field matrices for segment 2.


It took 1.8478e-02 seconds to compute the interior field matrices for segment 3.


It took 6.4706e-05 seconds to compute the combined interior fields in the observation points.


It took 4.0841e-05 seconds to compute the combined incident fields in the observation points.

DESTRUCTED!
n_test:  	644
n_top:  	98
n_right:  	224
n_bottom:	98
n_left:  	224
n_int:  	628
n_ext:  	648
n_obs:  	90000
n:      	90000
We are computing on the device!

It took 7.872430e-04 seconds to setup the segments!


It took 2.0958e-01 seconds to solve the linear system for segment 2.


It took 2.3837e-01 seconds to solve the linear system for segment 3.


It took 2.4047e-01 seconds to solve the linear system for segment 1.


It took 2.4073e-01 seconds to solve all the linear systems.


It took 1.8503e-02 seconds to compute the scattered field matrices for segment 1.


It took 1.8429e-02 seconds to compute the scattered field matrices for segment 2.


It took 1.8417e-02 seconds to compute the scattered field matrices for segment 3.


It took 1.5374e-04 seconds to compute the combined scattered fields in the observation points.


It took 1.8356e-02 seconds to compute the interior field matrices for segment 1.


It took 1.8449e-02 seconds to compute the interior field matrices for segment 2.


It took 1.8425e-02 seconds to compute the interior field matrices for segment 3.


It took 6.5448e-05 seconds to compute the combined interior fields in the observation points.


It took 1.0075e-04 seconds to compute the combined incident fields in the observation points.


It took 2.2671e-01 seconds to solve the linear system for segment 2.


It took 2.2892e-01 seconds to solve the linear system for segment 3.


It took 2.2947e-01 seconds to solve the linear system for segment 1.


It took 2.2955e-01 seconds to solve all the linear systems.


It took 1.8409e-02 seconds to compute the scattered field matrices for segment 1.


It took 1.8399e-02 seconds to compute the scattered field matrices for segment 2.


It took 1.8440e-02 seconds to compute the scattered field matrices for segment 3.


It took 6.1892e-05 seconds to compute the combined scattered fields in the observation points.


It took 1.8355e-02 seconds to compute the interior field matrices for segment 1.


It took 1.8446e-02 seconds to compute the interior field matrices for segment 2.


It took 1.8476e-02 seconds to compute the interior field matrices for segment 3.


It took 6.6129e-05 seconds to compute the combined interior fields in the observation points.


It took 4.1472e-05 seconds to compute the combined incident fields in the observation points.

DESTRUCTED!
n_test:  	594
n_top:  	73
n_right:  	224
n_bottom:	73
n_left:  	224
n_int:  	578
n_ext:  	598
n_obs:  	90000
n:      	90000
We are computing on the device!

It took 1.179728e-03 seconds to setup the segments!


It took 3.0110e-01 seconds to solve the linear system for segment 2.


It took 3.0319e-01 seconds to solve the linear system for segment 3.


It took 3.0497e-01 seconds to solve the linear system for segment 1.


It took 3.0726e-01 seconds to solve the linear system for segment 4.


It took 3.0759e-01 seconds to solve all the linear systems.


It took 1.9955e-02 seconds to compute the scattered field matrices for segment 1.


It took 1.9656e-02 seconds to compute the scattered field matrices for segment 2.


It took 1.9694e-02 seconds to compute the scattered field matrices for segment 3.


It took 1.9713e-02 seconds to compute the scattered field matrices for segment 4.


It took 3.2345e-04 seconds to compute the combined scattered fields in the observation points.


It took 2.0432e-02 seconds to compute the interior field matrices for segment 1.


It took 2.0378e-02 seconds to compute the interior field matrices for segment 2.


It took 2.0386e-02 seconds to compute the interior field matrices for segment 3.


It took 2.0377e-02 seconds to compute the interior field matrices for segment 4.


It took 8.5357e-05 seconds to compute the combined interior fields in the observation points.


It took 1.1716e-04 seconds to compute the combined incident fields in the observation points.


It took 2.4542e-01 seconds to solve the linear system for segment 2.


It took 2.7389e-01 seconds to solve the linear system for segment 1.


It took 2.8253e-01 seconds to solve the linear system for segment 3.


It took 2.8541e-01 seconds to solve the linear system for segment 4.


It took 2.8552e-01 seconds to solve all the linear systems.


It took 1.9760e-02 seconds to compute the scattered field matrices for segment 1.


It took 1.9649e-02 seconds to compute the scattered field matrices for segment 2.


It took 1.9714e-02 seconds to compute the scattered field matrices for segment 3.


It took 1.9701e-02 seconds to compute the scattered field matrices for segment 4.


It took 8.2343e-05 seconds to compute the combined scattered fields in the observation points.


It took 2.0342e-02 seconds to compute the interior field matrices for segment 1.


It took 2.0302e-02 seconds to compute the interior field matrices for segment 2.


It took 2.0302e-02 seconds to compute the interior field matrices for segment 3.


It took 2.0317e-02 seconds to compute the interior field matrices for segment 4.


It took 8.3024e-05 seconds to compute the combined interior fields in the observation points.


It took 4.1492e-05 seconds to compute the combined incident fields in the observation points.

DESTRUCTED!
n_test:  	594
n_top:  	73
n_right:  	224
n_bottom:	73
n_left:  	224
n_int:  	578
n_ext:  	598
n_obs:  	90000
n:      	90000
We are computing on the device!

It took 9.402810e-04 seconds to setup the segments!


It took 2.9444e-01 seconds to solve the linear system for segment 2.


It took 3.1205e-01 seconds to solve the linear system for segment 1.


It took 3.1508e-01 seconds to solve the linear system for segment 3.


It took 3.1599e-01 seconds to solve the linear system for segment 4.


It took 3.1621e-01 seconds to solve all the linear systems.


It took 1.9763e-02 seconds to compute the scattered field matrices for segment 1.


It took 1.9698e-02 seconds to compute the scattered field matrices for segment 2.


It took 1.9723e-02 seconds to compute the scattered field matrices for segment 3.


It took 1.9641e-02 seconds to compute the scattered field matrices for segment 4.


It took 2.0033e-04 seconds to compute the combined scattered fields in the observation points.


It took 2.0409e-02 seconds to compute the interior field matrices for segment 1.


It took 2.0369e-02 seconds to compute the interior field matrices for segment 2.


It took 2.0348e-02 seconds to compute the interior field matrices for segment 3.


It took 2.0367e-02 seconds to compute the interior field matrices for segment 4.


It took 7.9137e-05 seconds to compute the combined interior fields in the observation points.


It took 1.1916e-04 seconds to compute the combined incident fields in the observation points.


It took 2.5555e-01 seconds to solve the linear system for segment 1.


It took 2.6881e-01 seconds to solve the linear system for segment 4.


It took 2.7030e-01 seconds to solve the linear system for segment 3.


It took 2.7675e-01 seconds to solve the linear system for segment 2.


It took 2.7684e-01 seconds to solve all the linear systems.


It took 1.9711e-02 seconds to compute the scattered field matrices for segment 1.


It took 1.9703e-02 seconds to compute the scattered field matrices for segment 2.


It took 1.9672e-02 seconds to compute the scattered field matrices for segment 3.


It took 1.9674e-02 seconds to compute the scattered field matrices for segment 4.


It took 7.6384e-05 seconds to compute the combined scattered fields in the observation points.


It took 2.0380e-02 seconds to compute the interior field matrices for segment 1.


It took 2.0309e-02 seconds to compute the interior field matrices for segment 2.


It took 2.0408e-02 seconds to compute the interior field matrices for segment 3.


It took 2.0297e-02 seconds to compute the interior field matrices for segment 4.


It took 7.9308e-05 seconds to compute the combined interior fields in the observation points.


It took 4.0670e-05 seconds to compute the combined incident fields in the observation points.

DESTRUCTED!
n_test:  	564
n_top:  	58
n_right:  	224
n_bottom:	58
n_left:  	224
n_int:  	548
n_ext:  	568
n_obs:  	90000
n:      	90000
We are computing on the device!

It took 1.330753e-03 seconds to setup the segments!


It took 2.6363e-01 seconds to solve the linear system for segment 5.


It took 3.5360e-01 seconds to solve the linear system for segment 1.


It took 3.5542e-01 seconds to solve the linear system for segment 3.


It took 3.5845e-01 seconds to solve the linear system for segment 2.


It took 3.6479e-01 seconds to solve the linear system for segment 4.


It took 3.6532e-01 seconds to solve all the linear systems.


It took 1.6364e-02 seconds to compute the scattered field matrices for segment 1.


It took 1.6028e-02 seconds to compute the scattered field matrices for segment 2.


It took 1.5987e-02 seconds to compute the scattered field matrices for segment 3.


It took 1.5954e-02 seconds to compute the scattered field matrices for segment 4.


It took 1.5869e-02 seconds to compute the scattered field matrices for segment 5.


It took 3.5500e-04 seconds to compute the combined scattered fields in the observation points.


It took 1.6040e-02 seconds to compute the interior field matrices for segment 1.


It took 1.6085e-02 seconds to compute the interior field matrices for segment 2.


It took 1.6067e-02 seconds to compute the interior field matrices for segment 3.


It took 1.6019e-02 seconds to compute the interior field matrices for segment 4.


It took 1.5990e-02 seconds to compute the interior field matrices for segment 5.


It took 1.0068e-04 seconds to compute the combined interior fields in the observation points.


It took 1.2098e-04 seconds to compute the combined incident fields in the observation points.


It took 2.5960e-01 seconds to solve the linear system for segment 5.


It took 3.3884e-01 seconds to solve the linear system for segment 2.


It took 3.4591e-01 seconds to solve the linear system for segment 1.


It took 3.4894e-01 seconds to solve the linear system for segment 3.


It took 3.4992e-01 seconds to solve the linear system for segment 4.


It took 3.5001e-01 seconds to solve all the linear systems.


It took 1.6036e-02 seconds to compute the scattered field matrices for segment 1.


It took 1.6002e-02 seconds to compute the scattered field matrices for segment 2.


It took 1.5914e-02 seconds to compute the scattered field matrices for segment 3.


It took 1.5951e-02 seconds to compute the scattered field matrices for segment 4.


It took 1.5891e-02 seconds to compute the scattered field matrices for segment 5.


It took 9.4161e-05 seconds to compute the combined scattered fields in the observation points.


It took 1.6067e-02 seconds to compute the interior field matrices for segment 1.


It took 1.6029e-02 seconds to compute the interior field matrices for segment 2.


It took 1.6043e-02 seconds to compute the interior field matrices for segment 3.


It took 1.6084e-02 seconds to compute the interior field matrices for segment 4.


It took 1.6058e-02 seconds to compute the interior field matrices for segment 5.


It took 9.4341e-05 seconds to compute the combined interior fields in the observation points.


It took 4.0521e-05 seconds to compute the combined incident fields in the observation points.

DESTRUCTED!
n_test:  	564
n_top:  	58
n_right:  	224
n_bottom:	58
n_left:  	224
n_int:  	548
n_ext:  	568
n_obs:  	90000
n:      	90000
We are computing on the device!

It took 1.084125e-03 seconds to setup the segments!


It took 2.5771e-01 seconds to solve the linear system for segment 5.


It took 3.4431e-01 seconds to solve the linear system for segment 4.


It took 3.4708e-01 seconds to solve the linear system for segment 3.


It took 3.4834e-01 seconds to solve the linear system for segment 2.


It took 3.4866e-01 seconds to solve the linear system for segment 1.


It took 3.4890e-01 seconds to solve all the linear systems.


It took 1.6159e-02 seconds to compute the scattered field matrices for segment 1.


It took 1.6004e-02 seconds to compute the scattered field matrices for segment 2.


It took 1.5961e-02 seconds to compute the scattered field matrices for segment 3.


It took 1.5982e-02 seconds to compute the scattered field matrices for segment 4.


It took 1.5995e-02 seconds to compute the scattered field matrices for segment 5.


It took 2.0987e-04 seconds to compute the combined scattered fields in the observation points.


It took 1.6046e-02 seconds to compute the interior field matrices for segment 1.


It took 1.6057e-02 seconds to compute the interior field matrices for segment 2.


It took 1.6065e-02 seconds to compute the interior field matrices for segment 3.


It took 1.6058e-02 seconds to compute the interior field matrices for segment 4.


It took 1.6009e-02 seconds to compute the interior field matrices for segment 5.


It took 9.7946e-05 seconds to compute the combined interior fields in the observation points.


It took 1.1993e-04 seconds to compute the combined incident fields in the observation points.


It took 2.4887e-01 seconds to solve the linear system for segment 5.


It took 3.1802e-01 seconds to solve the linear system for segment 3.


It took 3.2129e-01 seconds to solve the linear system for segment 4.


It took 3.2607e-01 seconds to solve the linear system for segment 2.


It took 3.2792e-01 seconds to solve the linear system for segment 1.


It took 3.2803e-01 seconds to solve all the linear systems.


It took 1.6025e-02 seconds to compute the scattered field matrices for segment 1.


It took 1.5947e-02 seconds to compute the scattered field matrices for segment 2.


It took 1.5963e-02 seconds to compute the scattered field matrices for segment 3.


It took 1.5908e-02 seconds to compute the scattered field matrices for segment 4.


It took 1.5953e-02 seconds to compute the scattered field matrices for segment 5.


It took 1.0109e-04 seconds to compute the combined scattered fields in the observation points.


It took 1.6045e-02 seconds to compute the interior field matrices for segment 1.


It took 1.6061e-02 seconds to compute the interior field matrices for segment 2.


It took 1.6051e-02 seconds to compute the interior field matrices for segment 3.


It took 1.6096e-02 seconds to compute the interior field matrices for segment 4.


It took 1.6083e-02 seconds to compute the interior field matrices for segment 5.


It took 9.7285e-05 seconds to compute the combined interior fields in the observation points.


It took 4.1682e-05 seconds to compute the combined incident fields in the observation points.

DESTRUCTED!
n_test:  	1044
n_top:  	298
n_right:  	224
n_bottom:	298
n_left:  	224
n_int:  	1028
n_ext:  	1048
n_obs:  	90000
n:      	90000
We are computing on the device!

It took 6.448010e-04 seconds to setup the segments!


It took 1.7393e-01 seconds to solve the linear system for segment 1.


It took 1.7397e-01 seconds to solve all the linear systems.


It took 3.0198e-02 seconds to compute the scattered field matrices for segment 1.


It took 1.8767e-04 seconds to compute the combined scattered fields in the observation points.


It took 2.9844e-02 seconds to compute the interior field matrices for segment 1.


It took 3.0105e-05 seconds to compute the combined interior fields in the observation points.


It took 8.6459e-05 seconds to compute the combined incident fields in the observation points.


It took 1.3800e-01 seconds to solve the linear system for segment 1.


It took 1.3803e-01 seconds to solve all the linear systems.


It took 3.0034e-02 seconds to compute the scattered field matrices for segment 1.


It took 3.1517e-05 seconds to compute the combined scattered fields in the observation points.


It took 2.9904e-02 seconds to compute the interior field matrices for segment 1.


It took 3.2849e-05 seconds to compute the combined interior fields in the observation points.


It took 4.2474e-05 seconds to compute the combined incident fields in the observation points.

DESTRUCTED!
n_test:  	1044
n_top:  	298
n_right:  	224
n_bottom:	298
n_left:  	224
n_int:  	1028
n_ext:  	1048
n_obs:  	90000
n:      	90000
We are computing on the device!

It took 4.778220e-04 seconds to setup the segments!


It took 1.5008e-01 seconds to solve the linear system for segment 1.


It took 1.5011e-01 seconds to solve all the linear systems.


It took 3.0083e-02 seconds to compute the scattered field matrices for segment 1.


It took 9.2638e-05 seconds to compute the combined scattered fields in the observation points.


It took 2.9849e-02 seconds to compute the interior field matrices for segment 1.


It took 3.5033e-05 seconds to compute the combined interior fields in the observation points.


It took 8.6890e-05 seconds to compute the combined incident fields in the observation points.


It took 2.1743e-01 seconds to solve the linear system for segment 1.


It took 2.1746e-01 seconds to solve all the linear systems.


It took 3.0034e-02 seconds to compute the scattered field matrices for segment 1.


It took 3.6634e-05 seconds to compute the combined scattered fields in the observation points.


It took 2.9844e-02 seconds to compute the interior field matrices for segment 1.


It took 3.4581e-05 seconds to compute the combined interior fields in the observation points.


It took 3.9599e-05 seconds to compute the combined incident fields in the observation points.

DESTRUCTED!
n_test:  	744
n_top:  	148
n_right:  	224
n_bottom:	148
n_left:  	224
n_int:  	728
n_ext:  	748
n_obs:  	90000
n:      	90000
We are computing on the device!

It took 8.581490e-04 seconds to setup the segments!


It took 1.9985e-01 seconds to solve the linear system for segment 1.


It took 2.0240e-01 seconds to solve the linear system for segment 2.


It took 2.0265e-01 seconds to solve all the linear systems.


It took 2.0875e-02 seconds to compute the scattered field matrices for segment 1.


It took 2.0702e-02 seconds to compute the scattered field matrices for segment 2.


It took 2.2458e-04 seconds to compute the combined scattered fields in the observation points.


It took 2.1933e-02 seconds to compute the interior field matrices for segment 1.


It took 2.1909e-02 seconds to compute the interior field matrices for segment 2.


It took 4.9103e-05 seconds to compute the combined interior fields in the observation points.


It took 1.1170e-04 seconds to compute the combined incident fields in the observation points.


It took 1.6220e-01 seconds to solve the linear system for segment 1.


It took 1.9372e-01 seconds to solve the linear system for segment 2.


It took 1.9385e-01 seconds to solve all the linear systems.


It took 2.0849e-02 seconds to compute the scattered field matrices for segment 1.


It took 2.0731e-02 seconds to compute the scattered field matrices for segment 2.


It took 5.2488e-05 seconds to compute the combined scattered fields in the observation points.


It took 2.1836e-02 seconds to compute the interior field matrices for segment 1.


It took 2.1871e-02 seconds to compute the interior field matrices for segment 2.


It took 4.8742e-05 seconds to compute the combined interior fields in the observation points.


It took 4.1853e-05 seconds to compute the combined incident fields in the observation points.

DESTRUCTED!
n_test:  	744
n_top:  	148
n_right:  	224
n_bottom:	148
n_left:  	224
n_int:  	728
n_ext:  	748
n_obs:  	90000
n:      	90000
We are computing on the device!

It took 6.503181e-04 seconds to setup the segments!


It took 1.8719e-01 seconds to solve the linear system for segment 1.


It took 1.8939e-01 seconds to solve the linear system for segment 2.


It took 1.8955e-01 seconds to solve all the linear systems.


It took 2.0816e-02 seconds to compute the scattered field matrices for segment 1.


It took 2.0687e-02 seconds to compute the scattered field matrices for segment 2.


It took 1.2797e-04 seconds to compute the combined scattered fields in the observation points.


It took 2.1887e-02 seconds to compute the interior field matrices for segment 1.


It took 2.1852e-02 seconds to compute the interior field matrices for segment 2.


It took 4.9484e-05 seconds to compute the combined interior fields in the observation points.


It took 9.9498e-05 seconds to compute the combined incident fields in the observation points.


It took 1.6680e-01 seconds to solve the linear system for segment 1.


It took 1.9314e-01 seconds to solve the linear system for segment 2.


It took 1.9324e-01 seconds to solve all the linear systems.


It took 2.0793e-02 seconds to compute the scattered field matrices for segment 1.


It took 2.0706e-02 seconds to compute the scattered field matrices for segment 2.


It took 4.6629e-05 seconds to compute the combined scattered fields in the observation points.


It took 2.1861e-02 seconds to compute the interior field matrices for segment 1.


It took 2.1892e-02 seconds to compute the interior field matrices for segment 2.


It took 4.8413e-05 seconds to compute the combined interior fields in the observation points.


It took 4.4907e-05 seconds to compute the combined incident fields in the observation points.

DESTRUCTED!
n_test:  	644
n_top:  	98
n_right:  	224
n_bottom:	98
n_left:  	224
n_int:  	628
n_ext:  	648
n_obs:  	90000
n:      	90000
We are computing on the device!

It took 1.026198e-03 seconds to setup the segments!


It took 2.3968e-01 seconds to solve the linear system for segment 3.


It took 2.5112e-01 seconds to solve the linear system for segment 2.


It took 2.5218e-01 seconds to solve the linear system for segment 1.


It took 2.5250e-01 seconds to solve all the linear systems.


It took 1.8625e-02 seconds to compute the scattered field matrices for segment 1.


It took 1.8347e-02 seconds to compute the scattered field matrices for segment 2.


It took 1.8447e-02 seconds to compute the scattered field matrices for segment 3.


It took 2.7689e-04 seconds to compute the combined scattered fields in the observation points.


It took 1.8395e-02 seconds to compute the interior field matrices for segment 1.


It took 1.8476e-02 seconds to compute the interior field matrices for segment 2.


It took 1.8368e-02 seconds to compute the interior field matrices for segment 3.


It took 6.6649e-05 seconds to compute the combined interior fields in the observation points.


It took 1.1458e-04 seconds to compute the combined incident fields in the observation points.


It took 2.2438e-01 seconds to solve the linear system for segment 3.


It took 2.2788e-01 seconds to solve the linear system for segment 2.


It took 2.2846e-01 seconds to solve the linear system for segment 1.


It took 2.2855e-01 seconds to solve all the linear systems.


It took 1.8475e-02 seconds to compute the scattered field matrices for segment 1.


It took 1.8433e-02 seconds to compute the scattered field matrices for segment 2.


It took 1.8390e-02 seconds to compute the scattered field matrices for segment 3.


It took 6.5627e-05 seconds to compute the combined scattered fields in the observation points.


It took 1.8378e-02 seconds to compute the interior field matrices for segment 1.


It took 1.8419e-02 seconds to compute the interior field matrices for segment 2.


It took 1.8463e-02 seconds to compute the interior field matrices for segment 3.


It took 6.4296e-05 seconds to compute the combined interior fields in the observation points.


It took 4.0580e-05 seconds to compute the combined incident fields in the observation points.

DESTRUCTED!
n_test:  	644
n_top:  	98
n_right:  	224
n_bottom:	98
n_left:  	224
n_int:  	628
n_ext:  	648
n_obs:  	90000
n:      	90000
We are computing on the device!

It took 7.708881e-04 seconds to setup the segments!


It took 2.3838e-01 seconds to solve the linear system for segment 3.


It took 2.4522e-01 seconds to solve the linear system for segment 2.


It took 2.4806e-01 seconds to solve the linear system for segment 1.


It took 2.4824e-01 seconds to solve all the linear systems.


It took 1.8556e-02 seconds to compute the scattered field matrices for segment 1.


It took 1.8413e-02 seconds to compute the scattered field matrices for segment 2.


It took 1.8505e-02 seconds to compute the scattered field matrices for segment 3.


It took 1.6204e-04 seconds to compute the combined scattered fields in the observation points.


It took 1.8431e-02 seconds to compute the interior field matrices for segment 1.


It took 1.8441e-02 seconds to compute the interior field matrices for segment 2.


It took 1.8426e-02 seconds to compute the interior field matrices for segment 3.


It took 6.7501e-05 seconds to compute the combined interior fields in the observation points.


It took 9.8507e-05 seconds to compute the combined incident fields in the observation points.


It took 2.0944e-01 seconds to solve the linear system for segment 3.


It took 2.1721e-01 seconds to solve the linear system for segment 1.


It took 2.2825e-01 seconds to solve the linear system for segment 2.


It took 2.2835e-01 seconds to solve all the linear systems.


It took 1.8447e-02 seconds to compute the scattered field matrices for segment 1.


It took 1.8434e-02 seconds to compute the scattered field matrices for segment 2.


It took 1.8518e-02 seconds to compute the scattered field matrices for segment 3.


It took 6.8321e-05 seconds to compute the combined scattered fields in the observation points.


It took 1.8404e-02 seconds to compute the interior field matrices for segment 1.


It took 1.8411e-02 seconds to compute the interior field matrices for segment 2.


It took 1.8442e-02 seconds to compute the interior field matrices for segment 3.


It took 6.2573e-05 seconds to compute the combined interior fields in the observation points.


It took 5.9920e-05 seconds to compute the combined incident fields in the observation points.

DESTRUCTED!
n_test:  	594
n_top:  	73
n_right:  	224
n_bottom:	73
n_left:  	224
n_int:  	578
n_ext:  	598
n_obs:  	90000
n:      	90000
We are computing on the device!

It took 1.160129e-03 seconds to setup the segments!


It took 2.9820e-01 seconds to solve the linear system for segment 3.


It took 3.0081e-01 seconds to solve the linear system for segment 4.


It took 3.0143e-01 seconds to solve the linear system for segment 2.


It took 3.0348e-01 seconds to solve the linear system for segment 1.


It took 3.0384e-01 seconds to solve all the linear systems.


It took 1.9886e-02 seconds to compute the scattered field matrices for segment 1.


It took 1.9735e-02 seconds to compute the scattered field matrices for segment 2.


It took 1.9650e-02 seconds to compute the scattered field matrices for segment 3.


It took 1.9677e-02 seconds to compute the scattered field matrices for segment 4.


It took 3.2587e-04 seconds to compute the combined scattered fields in the observation points.


It took 2.0408e-02 seconds to compute the interior field matrices for segment 1.


It took 2.0338e-02 seconds to compute the interior field matrices for segment 2.


It took 2.0331e-02 seconds to compute the interior field matrices for segment 3.


It took 2.0338e-02 seconds to compute the interior field matrices for segment 4.


It took 7.7646e-05 seconds to compute the combined interior fields in the observation points.


It took 1.2590e-04 seconds to compute the combined incident fields in the observation points.


It took 2.4576e-01 seconds to solve the linear system for segment 2.


It took 2.7588e-01 seconds to solve the linear system for segment 3.


It took 2.7645e-01 seconds to solve the linear system for segment 1.


It took 2.7745e-01 seconds to solve the linear system for segment 4.


It took 2.7753e-01 seconds to solve all the linear systems.


It took 1.9730e-02 seconds to compute the scattered field matrices for segment 1.


It took 1.9668e-02 seconds to compute the scattered field matrices for segment 2.


It took 1.9646e-02 seconds to compute the scattered field matrices for segment 3.


It took 1.9672e-02 seconds to compute the scattered field matrices for segment 4.


It took 8.5017e-05 seconds to compute the combined scattered fields in the observation points.


It took 2.0343e-02 seconds to compute the interior field matrices for segment 1.


It took 2.0267e-02 seconds to compute the interior field matrices for segment 2.


It took 2.0365e-02 seconds to compute the interior field matrices for segment 3.


It took 2.0357e-02 seconds to compute the interior field matrices for segment 4.


It took 7.6645e-05 seconds to compute the combined interior fields in the observation points.


It took 4.2313e-05 seconds to compute the combined incident fields in the observation points.

DESTRUCTED!
n_test:  	594
n_top:  	73
n_right:  	224
n_bottom:	73
n_left:  	224
n_int:  	578
n_ext:  	598
n_obs:  	90000
n:      	90000
We are computing on the device!

It took 9.906359e-04 seconds to setup the segments!


It took 2.9474e-01 seconds to solve the linear system for segment 2.


It took 2.9761e-01 seconds to solve the linear system for segment 3.


It took 3.1355e-01 seconds to solve the linear system for segment 1.


It took 3.1562e-01 seconds to solve the linear system for segment 4.


It took 3.1582e-01 seconds to solve all the linear systems.


It took 1.9883e-02 seconds to compute the scattered field matrices for segment 1.


It took 1.9634e-02 seconds to compute the scattered field matrices for segment 2.


It took 1.9651e-02 seconds to compute the scattered field matrices for segment 3.


It took 1.9657e-02 seconds to compute the scattered field matrices for segment 4.


It took 2.2646e-04 seconds to compute the combined scattered fields in the observation points.


It took 2.0473e-02 seconds to compute the interior field matrices for segment 1.


It took 2.0360e-02 seconds to compute the interior field matrices for segment 2.


It took 2.0357e-02 seconds to compute the interior field matrices for segment 3.


It took 2.0359e-02 seconds to compute the interior field matrices for segment 4.


It took 8.2863e-05 seconds to compute the combined interior fields in the observation points.


It took 1.3503e-04 seconds to compute the combined incident fields in the observation points.


It took 2.5754e-01 seconds to solve the linear system for segment 1.


It took 2.6920e-01 seconds to solve the linear system for segment 2.


It took 2.7556e-01 seconds to solve the linear system for segment 3.


It took 2.8113e-01 seconds to solve the linear system for segment 4.


It took 2.8124e-01 seconds to solve all the linear systems.


It took 1.9682e-02 seconds to compute the scattered field matrices for segment 1.


It took 1.9680e-02 seconds to compute the scattered field matrices for segment 2.


It took 1.9622e-02 seconds to compute the scattered field matrices for segment 3.


It took 1.9641e-02 seconds to compute the scattered field matrices for segment 4.


It took 8.6709e-05 seconds to compute the combined scattered fields in the observation points.


It took 2.0364e-02 seconds to compute the interior field matrices for segment 1.


It took 2.0318e-02 seconds to compute the interior field matrices for segment 2.


It took 2.0385e-02 seconds to compute the interior field matrices for segment 3.


It took 2.0356e-02 seconds to compute the interior field matrices for segment 4.


It took 8.1331e-05 seconds to compute the combined interior fields in the observation points.


It took 4.1632e-05 seconds to compute the combined incident fields in the observation points.

DESTRUCTED!
n_test:  	564
n_top:  	58
n_right:  	224
n_bottom:	58
n_left:  	224
n_int:  	548
n_ext:  	568
n_obs:  	90000
n:      	90000
We are computing on the device!

It took 1.301439e-03 seconds to setup the segments!


It took 2.9046e-01 seconds to solve the linear system for segment 5.


It took 3.6783e-01 seconds to solve the linear system for segment 1.


It took 3.6999e-01 seconds to solve the linear system for segment 2.


It took 3.7085e-01 seconds to solve the linear system for segment 4.


It took 3.7191e-01 seconds to solve the linear system for segment 3.


It took 3.7244e-01 seconds to solve all the linear systems.


It took 1.6291e-02 seconds to compute the scattered field matrices for segment 1.


It took 1.6009e-02 seconds to compute the scattered field matrices for segment 2.


It took 1.5964e-02 seconds to compute the scattered field matrices for segment 3.


It took 1.5965e-02 seconds to compute the scattered field matrices for segment 4.


It took 1.5899e-02 seconds to compute the scattered field matrices for segment 5.


It took 3.4212e-04 seconds to compute the combined scattered fields in the observation points.


It took 1.6065e-02 seconds to compute the interior field matrices for segment 1.


It took 1.6031e-02 seconds to compute the interior field matrices for segment 2.


It took 1.6039e-02 seconds to compute the interior field matrices for segment 3.


It took 1.6032e-02 seconds to compute the interior field matrices for segment 4.


It took 1.5987e-02 seconds to compute the interior field matrices for segment 5.


It took 9.6854e-05 seconds to compute the combined interior fields in the observation points.


It took 1.3596e-04 seconds to compute the combined incident fields in the observation points.


It took 2.5823e-01 seconds to solve the linear system for segment 5.


It took 3.3430e-01 seconds to solve the linear system for segment 2.


It took 3.5770e-01 seconds to solve the linear system for segment 4.


It took 3.5832e-01 seconds to solve the linear system for segment 1.


It took 3.5931e-01 seconds to solve the linear system for segment 3.


It took 3.5943e-01 seconds to solve all the linear systems.


It took 1.6015e-02 seconds to compute the scattered field matrices for segment 1.


It took 1.6014e-02 seconds to compute the scattered field matrices for segment 2.


It took 1.5966e-02 seconds to compute the scattered field matrices for segment 3.


It took 1.5981e-02 seconds to compute the scattered field matrices for segment 4.


It took 1.5895e-02 seconds to compute the scattered field matrices for segment 5.


It took 9.6654e-05 seconds to compute the combined scattered fields in the observation points.


It took 1.6076e-02 seconds to compute the interior field matrices for segment 1.


It took 1.6035e-02 seconds to compute the interior field matrices for segment 2.


It took 1.6078e-02 seconds to compute the interior field matrices for segment 3.


It took 1.6039e-02 seconds to compute the interior field matrices for segment 4.


It took 1.6069e-02 seconds to compute the interior field matrices for segment 5.


It took 9.5062e-05 seconds to compute the combined interior fields in the observation points.


It took 3.9589e-05 seconds to compute the combined incident fields in the observation points.

DESTRUCTED!
n_test:  	564
n_top:  	58
n_right:  	224
n_bottom:	58
n_left:  	224
n_int:  	548
n_ext:  	568
n_obs:  	90000
n:      	90000
We are computing on the device!

It took 1.131686e-03 seconds to setup the segments!


It took 2.6741e-01 seconds to solve the linear system for segment 5.


It took 3.4640e-01 seconds to solve the linear system for segment 3.


It took 3.4826e-01 seconds to solve the linear system for segment 2.


It took 3.4885e-01 seconds to solve the linear system for segment 1.


It took 3.5417e-01 seconds to solve the linear system for segment 4.


It took 3.5438e-01 seconds to solve all the linear systems.


It took 1.6140e-02 seconds to compute the scattered field matrices for segment 1.


It took 1.5994e-02 seconds to compute the scattered field matrices for segment 2.


It took 1.5975e-02 seconds to compute the scattered field matrices for segment 3.


It took 1.5996e-02 seconds to compute the scattered field matrices for segment 4.


It took 1.5857e-02 seconds to compute the scattered field matrices for segment 5.


It took 2.5274e-04 seconds to compute the combined scattered fields in the observation points.


It took 1.6019e-02 seconds to compute the interior field matrices for segment 1.


It took 1.6073e-02 seconds to compute the interior field matrices for segment 2.


It took 1.6056e-02 seconds to compute the interior field matrices for segment 3.


It took 1.6052e-02 seconds to compute the interior field matrices for segment 4.


It took 1.6054e-02 seconds to compute the interior field matrices for segment 5.


It took 9.4441e-05 seconds to compute the combined interior fields in the observation points.


It took 1.2102e-04 seconds to compute the combined incident fields in the observation points.


It took 2.5978e-01 seconds to solve the linear system for segment 5.


It took 3.3380e-01 seconds to solve the linear system for segment 2.


It took 3.4411e-01 seconds to solve the linear system for segment 1.


It took 3.4746e-01 seconds to solve the linear system for segment 3.


It took 3.4838e-01 seconds to solve the linear system for segment 4.


It took 3.4850e-01 seconds to solve all the linear systems.


It took 1.6033e-02 seconds to compute the scattered field matrices for segment 1.


It took 1.5956e-02 seconds to compute the scattered field matrices for segment 2.


It took 1.5970e-02 seconds to compute the scattered field matrices for segment 3.


It took 1.5930e-02 seconds to compute the scattered field matrices for segment 4.


It took 1.5920e-02 seconds to compute the scattered field matrices for segment 5.


It took 9.8207e-05 seconds to compute the combined scattered fields in the observation points.


It took 1.6038e-02 seconds to compute the interior field matrices for segment 1.


It took 1.6029e-02 seconds to compute the interior field matrices for segment 2.


It took 1.6035e-02 seconds to compute the interior field matrices for segment 3.


It took 1.6029e-02 seconds to compute the interior field matrices for segment 4.


It took 1.6082e-02 seconds to compute the interior field matrices for segment 5.


It took 9.9288e-05 seconds to compute the combined interior fields in the observation points.


It took 3.9198e-05 seconds to compute the combined incident fields in the observation points.

DESTRUCTED!
n_test:  	1044
n_top:  	298
n_right:  	224
n_bottom:	298
n_left:  	224
n_int:  	1028
n_ext:  	1048
n_obs:  	90000
n:      	90000
We are computing on the device!

It took 6.321010e-04 seconds to setup the segments!


It took 1.7575e-01 seconds to solve the linear system for segment 1.


It took 1.7579e-01 seconds to solve all the linear systems.


It took 3.0296e-02 seconds to compute the scattered field matrices for segment 1.


It took 1.8474e-04 seconds to compute the combined scattered fields in the observation points.


It took 2.9832e-02 seconds to compute the interior field matrices for segment 1.


It took 3.3450e-05 seconds to compute the combined interior fields in the observation points.


It took 9.4651e-05 seconds to compute the combined incident fields in the observation points.


It took 1.3934e-01 seconds to solve the linear system for segment 1.


It took 1.3937e-01 seconds to solve all the linear systems.


It took 3.0012e-02 seconds to compute the scattered field matrices for segment 1.


It took 3.0515e-05 seconds to compute the combined scattered fields in the observation points.


It took 2.9843e-02 seconds to compute the interior field matrices for segment 1.


It took 3.3240e-05 seconds to compute the combined interior fields in the observation points.


It took 4.1001e-05 seconds to compute the combined incident fields in the observation points.

DESTRUCTED!
n_test:  	1044
n_top:  	298
n_right:  	224
n_bottom:	298
n_left:  	224
n_int:  	1028
n_ext:  	1048
n_obs:  	90000
n:      	90000
We are computing on the device!

It took 4.595539e-04 seconds to setup the segments!


It took 1.4668e-01 seconds to solve the linear system for segment 1.


It took 1.4671e-01 seconds to solve all the linear systems.


It took 3.0043e-02 seconds to compute the scattered field matrices for segment 1.


It took 9.0334e-05 seconds to compute the combined scattered fields in the observation points.


It took 2.9860e-02 seconds to compute the interior field matrices for segment 1.


It took 2.9023e-05 seconds to compute the combined interior fields in the observation points.


It took 8.7550e-05 seconds to compute the combined incident fields in the observation points.


It took 1.3938e-01 seconds to solve the linear system for segment 1.


It took 1.3941e-01 seconds to solve all the linear systems.


It took 2.9999e-02 seconds to compute the scattered field matrices for segment 1.


It took 3.4341e-05 seconds to compute the combined scattered fields in the observation points.


It took 2.9730e-02 seconds to compute the interior field matrices for segment 1.


It took 3.0365e-05 seconds to compute the combined interior fields in the observation points.


It took 3.9108e-05 seconds to compute the combined incident fields in the observation points.

DESTRUCTED!
n_test:  	744
n_top:  	148
n_right:  	224
n_bottom:	148
n_left:  	224
n_int:  	728
n_ext:  	748
n_obs:  	90000
n:      	90000
We are computing on the device!

It took 8.451580e-04 seconds to setup the segments!


It took 2.0021e-01 seconds to solve the linear system for segment 1.


It took 2.0138e-01 seconds to solve the linear system for segment 2.


It took 2.0158e-01 seconds to solve all the linear systems.


It took 2.0934e-02 seconds to compute the scattered field matrices for segment 1.


It took 2.0627e-02 seconds to compute the scattered field matrices for segment 2.


It took 2.2720e-04 seconds to compute the combined scattered fields in the observation points.


It took 2.1944e-02 seconds to compute the interior field matrices for segment 1.


It took 2.1847e-02 seconds to compute the interior field matrices for segment 2.


It took 4.5018e-05 seconds to compute the combined interior fields in the observation points.


It took 1.0921e-04 seconds to compute the combined incident fields in the observation points.


It took 1.7132e-01 seconds to solve the linear system for segment 1.


It took 1.7245e-01 seconds to solve the linear system for segment 2.


It took 1.7253e-01 seconds to solve all the linear systems.


It took 2.0764e-02 seconds to compute the scattered field matrices for segment 1.


It took 2.0746e-02 seconds to compute the scattered field matrices for segment 2.


It took 4.9303e-05 seconds to compute the combined scattered fields in the observation points.


It took 2.1864e-02 seconds to compute the interior field matrices for segment 1.


It took 2.1930e-02 seconds to compute the interior field matrices for segment 2.


It took 4.8172e-05 seconds to compute the combined interior fields in the observation points.


It took 4.5188e-05 seconds to compute the combined incident fields in the observation points.

DESTRUCTED!
n_test:  	744
n_top:  	148
n_right:  	224
n_bottom:	148
n_left:  	224
n_int:  	728
n_ext:  	748
n_obs:  	90000
n:      	90000
We are computing on the device!

It took 6.350060e-04 seconds to setup the segments!


It took 1.9445e-01 seconds to solve the linear system for segment 1.


It took 1.9663e-01 seconds to solve the linear system for segment 2.


It took 1.9688e-01 seconds to solve all the linear systems.


It took 2.0790e-02 seconds to compute the scattered field matrices for segment 1.


It took 2.0661e-02 seconds to compute the scattered field matrices for segment 2.


It took 1.2968e-04 seconds to compute the combined scattered fields in the observation points.


It took 2.1892e-02 seconds to compute the interior field matrices for segment 1.


It took 2.1875e-02 seconds to compute the interior field matrices for segment 2.


It took 4.8722e-05 seconds to compute the combined interior fields in the observation points.


It took 1.0111e-04 seconds to compute the combined incident fields in the observation points.


It took 1.5284e-01 seconds to solve the linear system for segment 1.


It took 1.8277e-01 seconds to solve the linear system for segment 2.


It took 1.8311e-01 seconds to solve all the linear systems.


It took 2.0741e-02 seconds to compute the scattered field matrices for segment 1.


It took 2.0751e-02 seconds to compute the scattered field matrices for segment 2.


It took 4.9224e-05 seconds to compute the combined scattered fields in the observation points.


It took 2.1860e-02 seconds to compute the interior field matrices for segment 1.


It took 2.1879e-02 seconds to compute the interior field matrices for segment 2.


It took 4.7571e-05 seconds to compute the combined interior fields in the observation points.


It took 4.1823e-05 seconds to compute the combined incident fields in the observation points.

DESTRUCTED!
n_test:  	644
n_top:  	98
n_right:  	224
n_bottom:	98
n_left:  	224
n_int:  	628
n_ext:  	648
n_obs:  	90000
n:      	90000
We are computing on the device!

It took 1.007430e-03 seconds to setup the segments!


It took 2.1063e-01 seconds to solve the linear system for segment 2.


It took 2.5014e-01 seconds to solve the linear system for segment 3.


It took 2.5121e-01 seconds to solve the linear system for segment 1.


It took 2.5154e-01 seconds to solve all the linear systems.


It took 1.8844e-02 seconds to compute the scattered field matrices for segment 1.


It took 1.8415e-02 seconds to compute the scattered field matrices for segment 2.


It took 1.8484e-02 seconds to compute the scattered field matrices for segment 3.


It took 2.7629e-04 seconds to compute the combined scattered fields in the observation points.


It took 1.8403e-02 seconds to compute the interior field matrices for segment 1.


It took 1.8440e-02 seconds to compute the interior field matrices for segment 2.


It took 1.8375e-02 seconds to compute the interior field matrices for segment 3.


It took 6.3044e-05 seconds to compute the combined interior fields in the observation points.


It took 1.0506e-04 seconds to compute the combined incident fields in the observation points.


It took 1.8872e-01 seconds to solve the linear system for segment 2.


It took 2.3499e-01 seconds to solve the linear system for segment 1.


It took 2.3704e-01 seconds to solve the linear system for segment 3.


It took 2.3714e-01 seconds to solve all the linear systems.


It took 1.8407e-02 seconds to compute the scattered field matrices for segment 1.


It took 1.8434e-02 seconds to compute the scattered field matrices for segment 2.


It took 1.8430e-02 seconds to compute the scattered field matrices for segment 3.


It took 6.3595e-05 seconds to compute the combined scattered fields in the observation points.


It took 1.8334e-02 seconds to compute the interior field matrices for segment 1.


It took 1.8410e-02 seconds to compute the interior field matrices for segment 2.


It took 1.8484e-02 seconds to compute the interior field matrices for segment 3.


It took 6.4386e-05 seconds to compute the combined interior fields in the observation points.


It took 4.0150e-05 seconds to compute the combined incident fields in the observation points.

DESTRUCTED!
n_test:  	644
n_top:  	98
n_right:  	224
n_bottom:	98
n_left:  	224
n_int:  	628
n_ext:  	648
n_obs:  	90000
n:      	90000
We are computing on the device!

It took 7.755950e-04 seconds to setup the segments!


It took 2.2837e-01 seconds to solve the linear system for segment 1.


It took 2.3236e-01 seconds to solve the linear system for segment 3.


It took 2.3429e-01 seconds to solve the linear system for segment 2.


It took 2.3450e-01 seconds to solve all the linear systems.


It took 1.8595e-02 seconds to compute the scattered field matrices for segment 1.


It took 1.8380e-02 seconds to compute the scattered field matrices for segment 2.


It took 1.8464e-02 seconds to compute the scattered field matrices for segment 3.


It took 1.6901e-04 seconds to compute the combined scattered fields in the observation points.


It took 1.8422e-02 seconds to compute the interior field matrices for segment 1.


It took 1.8480e-02 seconds to compute the interior field matrices for segment 2.


It took 1.8435e-02 seconds to compute the interior field matrices for segment 3.


It took 6.5198e-05 seconds to compute the combined interior fields in the observation points.


It took 9.5542e-05 seconds to compute the combined incident fields in the observation points.


It took 1.6827e-01 seconds to solve the linear system for segment 1.


It took 2.2566e-01 seconds to solve the linear system for segment 2.


It took 2.2760e-01 seconds to solve the linear system for segment 3.


It took 2.2771e-01 seconds to solve all the linear systems.


It took 1.8472e-02 seconds to compute the scattered field matrices for segment 1.


It took 1.8377e-02 seconds to compute the scattered field matrices for segment 2.


It took 1.8448e-02 seconds to compute the scattered field matrices for segment 3.


It took 6.7951e-05 seconds to compute the combined scattered fields in the observation points.


It took 1.8353e-02 seconds to compute the interior field matrices for segment 1.


It took 1.8410e-02 seconds to compute the interior field matrices for segment 2.


It took 1.8482e-02 seconds to compute the interior field matrices for segment 3.


It took 6.3604e-05 seconds to compute the combined interior fields in the observation points.


It took 4.0390e-05 seconds to compute the combined incident fields in the observation points.

DESTRUCTED!
n_test:  	594
n_top:  	73
n_right:  	224
n_bottom:	73
n_left:  	224
n_int:  	578
n_ext:  	598
n_obs:  	90000
n:      	90000
We are computing on the device!

It took 1.162411e-03 seconds to setup the segments!


It took 2.4980e-01 seconds to solve the linear system for segment 4.


It took 3.1248e-01 seconds to solve the linear system for segment 1.


It took 3.2061e-01 seconds to solve the linear system for segment 2.


It took 3.2165e-01 seconds to solve the linear system for segment 3.


It took 3.2205e-01 seconds to solve all the linear systems.


It took 1.9983e-02 seconds to compute the scattered field matrices for segment 1.


It took 1.9732e-02 seconds to compute the scattered field matrices for segment 2.


It took 1.9694e-02 seconds to compute the scattered field matrices for segment 3.


It took 1.9641e-02 seconds to compute the scattered field matrices for segment 4.


It took 3.1567e-04 seconds to compute the combined scattered fields in the observation points.


It took 2.0445e-02 seconds to compute the interior field matrices for segment 1.


It took 2.0382e-02 seconds to compute the interior field matrices for segment 2.


It took 2.0372e-02 seconds to compute the interior field matrices for segment 3.


It took 2.0372e-02 seconds to compute the interior field matrices for segment 4.


It took 8.3264e-05 seconds to compute the combined interior fields in the observation points.


It took 1.2087e-04 seconds to compute the combined incident fields in the observation points.


It took 2.3878e-01 seconds to solve the linear system for segment 4.


It took 3.0495e-01 seconds to solve the linear system for segment 1.


It took 3.0786e-01 seconds to solve the linear system for segment 2.


It took 3.0901e-01 seconds to solve the linear system for segment 3.


It took 3.0910e-01 seconds to solve all the linear systems.


It took 1.9757e-02 seconds to compute the scattered field matrices for segment 1.


It took 1.9663e-02 seconds to compute the scattered field matrices for segment 2.


It took 1.9686e-02 seconds to compute the scattered field matrices for segment 3.


It took 1.9708e-02 seconds to compute the scattered field matrices for segment 4.


It took 8.1271e-05 seconds to compute the combined scattered fields in the observation points.


It took 2.0378e-02 seconds to compute the interior field matrices for segment 1.


It took 2.0289e-02 seconds to compute the interior field matrices for segment 2.


It took 2.0279e-02 seconds to compute the interior field matrices for segment 3.


It took 2.0374e-02 seconds to compute the interior field matrices for segment 4.


It took 8.0369e-05 seconds to compute the combined interior fields in the observation points.


It took 3.9820e-05 seconds to compute the combined incident fields in the observation points.

DESTRUCTED!
n_test:  	594
n_top:  	73
n_right:  	224
n_bottom:	73
n_left:  	224
n_int:  	578
n_ext:  	598
n_obs:  	90000
n:      	90000
We are computing on the device!

It took 9.464691e-04 seconds to setup the segments!


It took 2.4300e-01 seconds to solve the linear system for segment 4.


It took 3.0696e-01 seconds to solve the linear system for segment 2.


It took 3.0896e-01 seconds to solve the linear system for segment 1.


It took 3.1005e-01 seconds to solve the linear system for segment 3.


It took 3.1024e-01 seconds to solve all the linear systems.


It took 1.9797e-02 seconds to compute the scattered field matrices for segment 1.


It took 1.9648e-02 seconds to compute the scattered field matrices for segment 2.


It took 1.9718e-02 seconds to compute the scattered field matrices for segment 3.


It took 1.9703e-02 seconds to compute the scattered field matrices for segment 4.


It took 1.9097e-04 seconds to compute the combined scattered fields in the observation points.


It took 2.0375e-02 seconds to compute the interior field matrices for segment 1.


It took 2.0421e-02 seconds to compute the interior field matrices for segment 2.


It took 2.0335e-02 seconds to compute the interior field matrices for segment 3.


It took 2.0403e-02 seconds to compute the interior field matrices for segment 4.


It took 8.2973e-05 seconds to compute the combined interior fields in the observation points.


It took 1.1081e-04 seconds to compute the combined incident fields in the observation points.


It took 2.3504e-01 seconds to solve the linear system for segment 4.


It took 2.9585e-01 seconds to solve the linear system for segment 1.


It took 2.9845e-01 seconds to solve the linear system for segment 3.


It took 2.9957e-01 seconds to solve the linear system for segment 2.


It took 2.9967e-01 seconds to solve all the linear systems.


It took 1.9677e-02 seconds to compute the scattered field matrices for segment 1.


It took 1.9607e-02 seconds to compute the scattered field matrices for segment 2.


It took 1.9691e-02 seconds to compute the scattered field matrices for segment 3.


It took 1.9692e-02 seconds to compute the scattered field matrices for segment 4.


It took 8.0420e-05 seconds to compute the combined scattered fields in the observation points.


It took 2.0366e-02 seconds to compute the interior field matrices for segment 1.


It took 2.0360e-02 seconds to compute the interior field matrices for segment 2.


It took 2.0357e-02 seconds to compute the interior field matrices for segment 3.


It took 2.0433e-02 seconds to compute the interior field matrices for segment 4.


It took 7.9088e-05 seconds to compute the combined interior fields in the observation points.


It took 4.2393e-05 seconds to compute the combined incident fields in the observation points.

DESTRUCTED!
n_test:  	564
n_top:  	58
n_right:  	224
n_bottom:	58
n_left:  	224
n_int:  	548
n_ext:  	568
n_obs:  	90000
n:      	90000
We are computing on the device!

It took 1.315239e-03 seconds to setup the segments!


It took 2.6775e-01 seconds to solve the linear system for segment 4.


It took 3.4749e-01 seconds to solve the linear system for segment 1.


It took 3.5470e-01 seconds to solve the linear system for segment 2.


It took 3.5752e-01 seconds to solve the linear system for segment 3.


It took 3.5851e-01 seconds to solve the linear system for segment 5.


It took 3.5901e-01 seconds to solve all the linear systems.


It took 1.6282e-02 seconds to compute the scattered field matrices for segment 1.


It took 1.6010e-02 seconds to compute the scattered field matrices for segment 2.


It took 1.6019e-02 seconds to compute the scattered field matrices for segment 3.


It took 1.5992e-02 seconds to compute the scattered field matrices for segment 4.


It took 1.5942e-02 seconds to compute the scattered field matrices for segment 5.


It took 3.3570e-04 seconds to compute the combined scattered fields in the observation points.


It took 1.6051e-02 seconds to compute the interior field matrices for segment 1.


It took 1.6046e-02 seconds to compute the interior field matrices for segment 2.


It took 1.6070e-02 seconds to compute the interior field matrices for segment 3.


It took 1.6019e-02 seconds to compute the interior field matrices for segment 4.


It took 1.6021e-02 seconds to compute the interior field matrices for segment 5.


It took 1.0418e-04 seconds to compute the combined interior fields in the observation points.


It took 1.1845e-04 seconds to compute the combined incident fields in the observation points.


It took 2.4795e-01 seconds to solve the linear system for segment 4.


It took 3.2845e-01 seconds to solve the linear system for segment 3.


It took 3.3741e-01 seconds to solve the linear system for segment 1.


It took 3.3801e-01 seconds to solve the linear system for segment 5.


It took 3.3902e-01 seconds to solve the linear system for segment 2.


It took 3.3911e-01 seconds to solve all the linear systems.


It took 1.5999e-02 seconds to compute the scattered field matrices for segment 1.


It took 1.5973e-02 seconds to compute the scattered field matrices for segment 2.


It took 1.5981e-02 seconds to compute the scattered field matrices for segment 3.


It took 1.5953e-02 seconds to compute the scattered field matrices for segment 4.


It took 1.5925e-02 seconds to compute the scattered field matrices for segment 5.


It took 1.0302e-04 seconds to compute the combined scattered fields in the observation points.


It took 1.6082e-02 seconds to compute the interior field matrices for segment 1.


It took 1.6020e-02 seconds to compute the interior field matrices for segment 2.


It took 1.6087e-02 seconds to compute the interior field matrices for segment 3.


It took 1.6053e-02 seconds to compute the interior field matrices for segment 4.


It took 1.6085e-02 seconds to compute the interior field matrices for segment 5.


It took 9.3399e-05 seconds to compute the combined interior fields in the observation points.


It took 4.0510e-05 seconds to compute the combined incident fields in the observation points.

DESTRUCTED!
n_test:  	564
n_top:  	58
n_right:  	224
n_bottom:	58
n_left:  	224
n_int:  	548
n_ext:  	568
n_obs:  	90000
n:      	90000
We are computing on the device!

It took 1.071075e-03 seconds to setup the segments!


It took 3.5394e-01 seconds to solve the linear system for segment 4.


It took 4.3158e-01 seconds to solve the linear system for segment 1.


It took 4.5076e-01 seconds to solve the linear system for segment 2.


It took 4.5361e-01 seconds to solve the linear system for segment 5.


It took 4.5440e-01 seconds to solve the linear system for segment 3.


It took 4.5462e-01 seconds to solve all the linear systems.


It took 1.6137e-02 seconds to compute the scattered field matrices for segment 1.


It took 1.5997e-02 seconds to compute the scattered field matrices for segment 2.


It took 1.5904e-02 seconds to compute the scattered field matrices for segment 3.


It took 1.5957e-02 seconds to compute the scattered field matrices for segment 4.


It took 1.5869e-02 seconds to compute the scattered field matrices for segment 5.


It took 2.0573e-04 seconds to compute the combined scattered fields in the observation points.


It took 1.6035e-02 seconds to compute the interior field matrices for segment 1.


It took 1.5994e-02 seconds to compute the interior field matrices for segment 2.


It took 1.6034e-02 seconds to compute the interior field matrices for segment 3.


It took 1.6034e-02 seconds to compute the interior field matrices for segment 4.


It took 1.6063e-02 seconds to compute the interior field matrices for segment 5.


It took 9.7626e-05 seconds to compute the combined interior fields in the observation points.


It took 1.1543e-04 seconds to compute the combined incident fields in the observation points.


It took 2.4697e-01 seconds to solve the linear system for segment 4.


It took 3.3436e-01 seconds to solve the linear system for segment 2.


It took 3.3747e-01 seconds to solve the linear system for segment 3.


It took 3.4617e-01 seconds to solve the linear system for segment 5.


It took 3.4788e-01 seconds to solve the linear system for segment 1.


It took 3.4795e-01 seconds to solve all the linear systems.


It took 1.5993e-02 seconds to compute the scattered field matrices for segment 1.


It took 1.6011e-02 seconds to compute the scattered field matrices for segment 2.


It took 1.5990e-02 seconds to compute the scattered field matrices for segment 3.


It took 1.5939e-02 seconds to compute the scattered field matrices for segment 4.


It took 1.5915e-02 seconds to compute the scattered field matrices for segment 5.


It took 9.6694e-05 seconds to compute the combined scattered fields in the observation points.


It took 1.6042e-02 seconds to compute the interior field matrices for segment 1.


It took 1.6051e-02 seconds to compute the interior field matrices for segment 2.


It took 1.6022e-02 seconds to compute the interior field matrices for segment 3.


It took 1.6080e-02 seconds to compute the interior field matrices for segment 4.


It took 1.6082e-02 seconds to compute the interior field matrices for segment 5.


It took 9.8276e-05 seconds to compute the combined interior fields in the observation points.


It took 4.0531e-05 seconds to compute the combined incident fields in the observation points.

DESTRUCTED!
n_test:  	1044
n_top:  	298
n_right:  	224
n_bottom:	298
n_left:  	224
n_int:  	1028
n_ext:  	1048
n_obs:  	90000
n:      	90000
We are computing on the device!

It took 6.281750e-04 seconds to setup the segments!


It took 1.7601e-01 seconds to solve the linear system for segment 1.


It took 1.7606e-01 seconds to solve all the linear systems.


It took 3.0210e-02 seconds to compute the scattered field matrices for segment 1.


It took 1.8675e-04 seconds to compute the combined scattered fields in the observation points.


It took 2.9866e-02 seconds to compute the interior field matrices for segment 1.


It took 3.1707e-05 seconds to compute the combined interior fields in the observation points.


It took 1.0043e-04 seconds to compute the combined incident fields in the observation points.


It took 1.4135e-01 seconds to solve the linear system for segment 1.


It took 1.4138e-01 seconds to solve all the linear systems.


It took 3.0038e-02 seconds to compute the scattered field matrices for segment 1.


It took 3.5172e-05 seconds to compute the combined scattered fields in the observation points.


It took 2.9812e-02 seconds to compute the interior field matrices for segment 1.


It took 3.4471e-05 seconds to compute the combined interior fields in the observation points.


It took 4.2614e-05 seconds to compute the combined incident fields in the observation points.

DESTRUCTED!
n_test:  	1044
n_top:  	298
n_right:  	224
n_bottom:	298
n_left:  	224
n_int:  	1028
n_ext:  	1048
n_obs:  	90000
n:      	90000
We are computing on the device!

It took 4.672860e-04 seconds to setup the segments!


It took 1.4752e-01 seconds to solve the linear system for segment 1.


It took 1.4755e-01 seconds to solve all the linear systems.


It took 3.0144e-02 seconds to compute the scattered field matrices for segment 1.


It took 9.6143e-05 seconds to compute the combined scattered fields in the observation points.


It took 2.9935e-02 seconds to compute the interior field matrices for segment 1.


It took 3.2008e-05 seconds to compute the combined interior fields in the observation points.


It took 8.4286e-05 seconds to compute the combined incident fields in the observation points.


It took 1.2943e-01 seconds to solve the linear system for segment 1.


It took 1.2946e-01 seconds to solve all the linear systems.


It took 3.0054e-02 seconds to compute the scattered field matrices for segment 1.


It took 3.2738e-05 seconds to compute the combined scattered fields in the observation points.


It took 2.9840e-02 seconds to compute the interior field matrices for segment 1.


It took 3.1246e-05 seconds to compute the combined interior fields in the observation points.


It took 4.1812e-05 seconds to compute the combined incident fields in the observation points.

DESTRUCTED!
n_test:  	744
n_top:  	148
n_right:  	224
n_bottom:	148
n_left:  	224
n_int:  	728
n_ext:  	748
n_obs:  	90000
n:      	90000
We are computing on the device!

It took 8.676432e-04 seconds to setup the segments!


It took 2.0630e-01 seconds to solve the linear system for segment 1.


It took 2.0848e-01 seconds to solve the linear system for segment 2.


It took 2.0869e-01 seconds to solve all the linear systems.


It took 2.0901e-02 seconds to compute the scattered field matrices for segment 1.


It took 2.0689e-02 seconds to compute the scattered field matrices for segment 2.


It took 2.3006e-04 seconds to compute the combined scattered fields in the observation points.


It took 2.1867e-02 seconds to compute the interior field matrices for segment 1.


It took 2.1919e-02 seconds to compute the interior field matrices for segment 2.


It took 4.8172e-05 seconds to compute the combined interior fields in the observation points.


It took 9.2939e-05 seconds to compute the combined incident fields in the observation points.


It took 1.7247e-01 seconds to solve the linear system for segment 1.


It took 1.7531e-01 seconds to solve the linear system for segment 2.


It took 1.7539e-01 seconds to solve all the linear systems.


It took 2.0758e-02 seconds to compute the scattered field matrices for segment 1.


It took 2.0741e-02 seconds to compute the scattered field matrices for segment 2.


It took 4.9263e-05 seconds to compute the combined scattered fields in the observation points.


It took 2.1846e-02 seconds to compute the interior field matrices for segment 1.


It took 2.1873e-02 seconds to compute the interior field matrices for segment 2.


It took 4.8452e-05 seconds to compute the combined interior fields in the observation points.


It took 4.0039e-05 seconds to compute the combined incident fields in the observation points.

DESTRUCTED!
n_test:  	744
n_top:  	148
n_right:  	224
n_bottom:	148
n_left:  	224
n_int:  	728
n_ext:  	748
n_obs:  	90000
n:      	90000
We are computing on the device!

It took 6.578800e-04 seconds to setup the segments!


It took 2.0260e-01 seconds to solve the linear system for segment 2.


It took 2.1245e-01 seconds to solve the linear system for segment 1.


It took 2.1266e-01 seconds to solve all the linear systems.


It took 2.0844e-02 seconds to compute the scattered field matrices for segment 1.


It took 2.0656e-02 seconds to compute the scattered field matrices for segment 2.


It took 1.3709e-04 seconds to compute the combined scattered fields in the observation points.


It took 2.1870e-02 seconds to compute the interior field matrices for segment 1.


It took 2.1902e-02 seconds to compute the interior field matrices for segment 2.


It took 4.7511e-05 seconds to compute the combined interior fields in the observation points.


It took 1.0962e-04 seconds to compute the combined incident fields in the observation points.


It took 1.8461e-01 seconds to solve the linear system for segment 2.


It took 1.9593e-01 seconds to solve the linear system for segment 1.


It took 1.9605e-01 seconds to solve all the linear systems.


It took 2.0724e-02 seconds to compute the scattered field matrices for segment 1.


It took 2.0723e-02 seconds to compute the scattered field matrices for segment 2.


It took 4.7190e-05 seconds to compute the combined scattered fields in the observation points.


It took 2.1822e-02 seconds to compute the interior field matrices for segment 1.


It took 2.1907e-02 seconds to compute the interior field matrices for segment 2.


It took 4.8883e-05 seconds to compute the combined interior fields in the observation points.


It took 4.3996e-05 seconds to compute the combined incident fields in the observation points.

DESTRUCTED!
n_test:  	644
n_top:  	98
n_right:  	224
n_bottom:	98
n_left:  	224
n_int:  	628
n_ext:  	648
n_obs:  	90000
n:      	90000
We are computing on the device!

It took 1.016334e-03 seconds to setup the segments!


It took 2.5451e-01 seconds to solve the linear system for segment 2.


It took 2.5510e-01 seconds to solve the linear system for segment 3.


It took 2.5620e-01 seconds to solve the linear system for segment 1.


It took 2.5652e-01 seconds to solve all the linear systems.


It took 1.8658e-02 seconds to compute the scattered field matrices for segment 1.


It took 1.8364e-02 seconds to compute the scattered field matrices for segment 2.


It took 1.8459e-02 seconds to compute the scattered field matrices for segment 3.


It took 2.5892e-04 seconds to compute the combined scattered fields in the observation points.


It took 1.8418e-02 seconds to compute the interior field matrices for segment 1.


It took 1.8488e-02 seconds to compute the interior field matrices for segment 2.


It took 1.8387e-02 seconds to compute the interior field matrices for segment 3.


It took 6.2743e-05 seconds to compute the combined interior fields in the observation points.


It took 1.1076e-04 seconds to compute the combined incident fields in the observation points.


It took 2.0560e-01 seconds to solve the linear system for segment 3.


It took 2.2527e-01 seconds to solve the linear system for segment 1.


It took 2.2808e-01 seconds to solve the linear system for segment 2.


It took 2.2817e-01 seconds to solve all the linear systems.


It took 1.8428e-02 seconds to compute the scattered field matrices for segment 1.


It took 1.8459e-02 seconds to compute the scattered field matrices for segment 2.


It took 1.8395e-02 seconds to compute the scattered field matrices for segment 3.


It took 6.4036e-05 seconds to compute the combined scattered fields in the observation points.


It took 1.8396e-02 seconds to compute the interior field matrices for segment 1.


It took 1.8435e-02 seconds to compute the interior field matrices for segment 2.


It took 1.8498e-02 seconds to compute the interior field matrices for segment 3.


It took 6.3624e-05 seconds to compute the combined interior fields in the observation points.


It took 3.9458e-05 seconds to compute the combined incident fields in the observation points.

DESTRUCTED!
n_test:  	644
n_top:  	98
n_right:  	224
n_bottom:	98
n_left:  	224
n_int:  	628
n_ext:  	648
n_obs:  	90000
n:      	90000
We are computing on the device!

It took 7.956650e-04 seconds to setup the segments!


It took 2.1608e-01 seconds to solve the linear system for segment 2.


It took 2.4616e-01 seconds to solve the linear system for segment 1.


It took 2.4884e-01 seconds to solve the linear system for segment 3.


It took 2.4900e-01 seconds to solve all the linear systems.


It took 1.8635e-02 seconds to compute the scattered field matrices for segment 1.


It took 1.8379e-02 seconds to compute the scattered field matrices for segment 2.


It took 1.8531e-02 seconds to compute the scattered field matrices for segment 3.


It took 1.8889e-04 seconds to compute the combined scattered fields in the observation points.


It took 1.8447e-02 seconds to compute the interior field matrices for segment 1.


It took 1.8461e-02 seconds to compute the interior field matrices for segment 2.


It took 1.8375e-02 seconds to compute the interior field matrices for segment 3.


It took 6.2002e-05 seconds to compute the combined interior fields in the observation points.


It took 1.1086e-04 seconds to compute the combined incident fields in the observation points.


It took 2.2129e-01 seconds to solve the linear system for segment 2.


It took 2.2333e-01 seconds to solve the linear system for segment 3.


It took 2.2682e-01 seconds to solve the linear system for segment 1.


It took 2.2689e-01 seconds to solve all the linear systems.


It took 1.8438e-02 seconds to compute the scattered field matrices for segment 1.


It took 1.8335e-02 seconds to compute the scattered field matrices for segment 2.


It took 1.8394e-02 seconds to compute the scattered field matrices for segment 3.


It took 6.5668e-05 seconds to compute the combined scattered fields in the observation points.


It took 1.8355e-02 seconds to compute the interior field matrices for segment 1.


It took 1.8403e-02 seconds to compute the interior field matrices for segment 2.


It took 1.8428e-02 seconds to compute the interior field matrices for segment 3.


It took 6.0360e-05 seconds to compute the combined interior fields in the observation points.


It took 4.0290e-05 seconds to compute the combined incident fields in the observation points.

DESTRUCTED!
n_test:  	594
n_top:  	73
n_right:  	224
n_bottom:	73
n_left:  	224
n_int:  	578
n_ext:  	598
n_obs:  	90000
n:      	90000
We are computing on the device!

It took 1.179587e-03 seconds to setup the segments!


It took 3.0438e-01 seconds to solve the linear system for segment 2.


It took 3.0650e-01 seconds to solve the linear system for segment 1.


It took 3.0719e-01 seconds to solve the linear system for segment 3.


It took 3.0823e-01 seconds to solve the linear system for segment 4.


It took 3.0863e-01 seconds to solve all the linear systems.


It took 1.9932e-02 seconds to compute the scattered field matrices for segment 1.


It took 1.9683e-02 seconds to compute the scattered field matrices for segment 2.


It took 1.9702e-02 seconds to compute the scattered field matrices for segment 3.


It took 1.9755e-02 seconds to compute the scattered field matrices for segment 4.


It took 3.3108e-04 seconds to compute the combined scattered fields in the observation points.


It took 2.0412e-02 seconds to compute the interior field matrices for segment 1.


It took 2.0303e-02 seconds to compute the interior field matrices for segment 2.


It took 2.0389e-02 seconds to compute the interior field matrices for segment 3.


It took 2.0355e-02 seconds to compute the interior field matrices for segment 4.


It took 8.4986e-05 seconds to compute the combined interior fields in the observation points.


It took 1.2149e-04 seconds to compute the combined incident fields in the observation points.


It took 2.5323e-01 seconds to solve the linear system for segment 2.


It took 2.7198e-01 seconds to solve the linear system for segment 4.


It took 2.7349e-01 seconds to solve the linear system for segment 3.


It took 2.7455e-01 seconds to solve the linear system for segment 1.


It took 2.7464e-01 seconds to solve all the linear systems.


It took 1.9736e-02 seconds to compute the scattered field matrices for segment 1.


It took 1.9696e-02 seconds to compute the scattered field matrices for segment 2.


It took 1.9669e-02 seconds to compute the scattered field matrices for segment 3.


It took 1.9721e-02 seconds to compute the scattered field matrices for segment 4.


It took 8.4846e-05 seconds to compute the combined scattered fields in the observation points.


It took 2.0380e-02 seconds to compute the interior field matrices for segment 1.


It took 2.0336e-02 seconds to compute the interior field matrices for segment 2.


It took 2.0295e-02 seconds to compute the interior field matrices for segment 3.


It took 2.0340e-02 seconds to compute the interior field matrices for segment 4.


It took 8.3685e-05 seconds to compute the combined interior fields in the observation points.


It took 4.3195e-05 seconds to compute the combined incident fields in the observation points.

DESTRUCTED!
n_test:  	594
n_top:  	73
n_right:  	224
n_bottom:	73
n_left:  	224
n_int:  	578
n_ext:  	598
n_obs:  	90000
n:      	90000
We are computing on the device!

It took 9.614918e-04 seconds to setup the segments!


It took 2.5121e-01 seconds to solve the linear system for segment 4.


It took 3.2133e-01 seconds to solve the linear system for segment 2.


It took 3.2844e-01 seconds to solve the linear system for segment 1.


It took 3.3128e-01 seconds to solve the linear system for segment 3.


It took 3.3151e-01 seconds to solve all the linear systems.


It took 1.9847e-02 seconds to compute the scattered field matrices for segment 1.


It took 1.9687e-02 seconds to compute the scattered field matrices for segment 2.


It took 1.9675e-02 seconds to compute the scattered field matrices for segment 3.


It took 1.9680e-02 seconds to compute the scattered field matrices for segment 4.


It took 2.2218e-04 seconds to compute the combined scattered fields in the observation points.


It took 2.0473e-02 seconds to compute the interior field matrices for segment 1.


It took 2.0347e-02 seconds to compute the interior field matrices for segment 2.


It took 2.0342e-02 seconds to compute the interior field matrices for segment 3.


It took 2.0353e-02 seconds to compute the interior field matrices for segment 4.


It took 8.1321e-05 seconds to compute the combined interior fields in the observation points.


It took 1.2074e-04 seconds to compute the combined incident fields in the observation points.


It took 2.1858e-01 seconds to solve the linear system for segment 4.


It took 2.8673e-01 seconds to solve the linear system for segment 1.


It took 2.8850e-01 seconds to solve the linear system for segment 2.


It took 2.8911e-01 seconds to solve the linear system for segment 3.


It took 2.8923e-01 seconds to solve all the linear systems.


It took 1.9748e-02 seconds to compute the scattered field matrices for segment 1.


It took 1.9727e-02 seconds to compute the scattered field matrices for segment 2.


It took 1.9595e-02 seconds to compute the scattered field matrices for segment 3.


It took 1.9720e-02 seconds to compute the scattered field matrices for segment 4.


It took 8.4285e-05 seconds to compute the combined scattered fields in the observation points.


It took 2.0355e-02 seconds to compute the interior field matrices for segment 1.


It took 2.0328e-02 seconds to compute the interior field matrices for segment 2.


It took 2.0352e-02 seconds to compute the interior field matrices for segment 3.


It took 2.0367e-02 seconds to compute the interior field matrices for segment 4.


It took 8.1591e-05 seconds to compute the combined interior fields in the observation points.


It took 4.0300e-05 seconds to compute the combined incident fields in the observation points.

DESTRUCTED!
n_test:  	564
n_top:  	58
n_right:  	224
n_bottom:	58
n_left:  	224
n_int:  	548
n_ext:  	568
n_obs:  	90000
n:      	90000
We are computing on the device!

It took 1.313877e-03 seconds to setup the segments!


It took 2.8109e-01 seconds to solve the linear system for segment 5.


It took 3.5926e-01 seconds to solve the linear system for segment 4.


It took 3.6133e-01 seconds to solve the linear system for segment 1.


It took 3.6203e-01 seconds to solve the linear system for segment 3.


It took 3.6893e-01 seconds to solve the linear system for segment 2.


It took 3.6938e-01 seconds to solve all the linear systems.


It took 1.6370e-02 seconds to compute the scattered field matrices for segment 1.


It took 1.5955e-02 seconds to compute the scattered field matrices for segment 2.


It took 1.5988e-02 seconds to compute the scattered field matrices for segment 3.


It took 1.5971e-02 seconds to compute the scattered field matrices for segment 4.


It took 1.5947e-02 seconds to compute the scattered field matrices for segment 5.


It took 3.5606e-04 seconds to compute the combined scattered fields in the observation points.


It took 1.6060e-02 seconds to compute the interior field matrices for segment 1.


It took 1.6040e-02 seconds to compute the interior field matrices for segment 2.


It took 1.6010e-02 seconds to compute the interior field matrices for segment 3.


It took 1.6038e-02 seconds to compute the interior field matrices for segment 4.


It took 1.6011e-02 seconds to compute the interior field matrices for segment 5.


It took 9.5322e-05 seconds to compute the combined interior fields in the observation points.


It took 1.3999e-04 seconds to compute the combined incident fields in the observation points.


It took 2.4908e-01 seconds to solve the linear system for segment 5.


It took 3.3796e-01 seconds to solve the linear system for segment 3.


It took 3.4207e-01 seconds to solve the linear system for segment 2.


It took 3.4271e-01 seconds to solve the linear system for segment 4.


It took 3.4953e-01 seconds to solve the linear system for segment 1.


It took 3.4968e-01 seconds to solve all the linear systems.


It took 1.5984e-02 seconds to compute the scattered field matrices for segment 1.


It took 1.5983e-02 seconds to compute the scattered field matrices for segment 2.


It took 1.5928e-02 seconds to compute the scattered field matrices for segment 3.


It took 1.5940e-02 seconds to compute the scattered field matrices for segment 4.


It took 1.5958e-02 seconds to compute the scattered field matrices for segment 5.


It took 1.0171e-04 seconds to compute the combined scattered fields in the observation points.


It took 1.6050e-02 seconds to compute the interior field matrices for segment 1.


It took 1.6004e-02 seconds to compute the interior field matrices for segment 2.


It took 1.6079e-02 seconds to compute the interior field matrices for segment 3.


It took 1.6130e-02 seconds to compute the interior field matrices for segment 4.


It took 1.6040e-02 seconds to compute the interior field matrices for segment 5.


It took 9.5793e-05 seconds to compute the combined interior fields in the observation points.


It took 4.2062e-05 seconds to compute the combined incident fields in the observation points.

DESTRUCTED!
n_test:  	564
n_top:  	58
n_right:  	224
n_bottom:	58
n_left:  	224
n_int:  	548
n_ext:  	568
n_obs:  	90000
n:      	90000
We are computing on the device!

It took 1.080920e-03 seconds to setup the segments!


It took 2.7626e-01 seconds to solve the linear system for segment 5.


It took 3.4795e-01 seconds to solve the linear system for segment 1.


It took 3.4996e-01 seconds to solve the linear system for segment 2.


It took 3.5720e-01 seconds to solve the linear system for segment 3.


It took 3.5981e-01 seconds to solve the linear system for segment 4.


It took 3.6001e-01 seconds to solve all the linear systems.


It took 1.6199e-02 seconds to compute the scattered field matrices for segment 1.


It took 1.5962e-02 seconds to compute the scattered field matrices for segment 2.


It took 1.6028e-02 seconds to compute the scattered field matrices for segment 3.


It took 1.5958e-02 seconds to compute the scattered field matrices for segment 4.


It took 1.5921e-02 seconds to compute the scattered field matrices for segment 5.


It took 2.3756e-04 seconds to compute the combined scattered fields in the observation points.


It took 1.6014e-02 seconds to compute the interior field matrices for segment 1.


It took 1.6046e-02 seconds to compute the interior field matrices for segment 2.


It took 1.6023e-02 seconds to compute the interior field matrices for segment 3.


It took 1.6036e-02 seconds to compute the interior field matrices for segment 4.


It took 1.6000e-02 seconds to compute the interior field matrices for segment 5.


It took 9.6794e-05 seconds to compute the combined interior fields in the observation points.


It took 1.1571e-04 seconds to compute the combined incident fields in the observation points.


It took 2.5690e-01 seconds to solve the linear system for segment 5.


It took 3.3075e-01 seconds to solve the linear system for segment 2.


It took 3.3721e-01 seconds to solve the linear system for segment 4.


It took 3.3922e-01 seconds to solve the linear system for segment 1.


It took 3.4002e-01 seconds to solve the linear system for segment 3.


It took 3.4010e-01 seconds to solve all the linear systems.


It took 1.6012e-02 seconds to compute the scattered field matrices for segment 1.


It took 1.5954e-02 seconds to compute the scattered field matrices for segment 2.


It took 1.6000e-02 seconds to compute the scattered field matrices for segment 3.


It took 1.5962e-02 seconds to compute the scattered field matrices for segment 4.


It took 1.5937e-02 seconds to compute the scattered field matrices for segment 5.


It took 9.9138e-05 seconds to compute the combined scattered fields in the observation points.


It took 1.6072e-02 seconds to compute the interior field matrices for segment 1.


It took 1.6057e-02 seconds to compute the interior field matrices for segment 2.


It took 1.6035e-02 seconds to compute the interior field matrices for segment 3.


It took 1.6075e-02 seconds to compute the interior field matrices for segment 4.


It took 1.6060e-02 seconds to compute the interior field matrices for segment 5.


It took 9.7995e-05 seconds to compute the combined interior fields in the observation points.


It took 4.1111e-05 seconds to compute the combined incident fields in the observation points.

DESTRUCTED!

------------------------------------------------------------
Sender: LSF System <lsfadmin@hpc.dtu.dk>
Subject: Job 23278261: <forward> in cluster <dcc> Done

Job <forward> was submitted from host <n-62-11-47> by user <s194146> in cluster <dcc> at Wed Nov 27 18:17:13 2024
Job was executed on host(s) <64*n-62-12-81>, in queue <gpuh100>, as user <s194146> in cluster <dcc> at Wed Nov 27 18:17:13 2024
</zhome/00/b/147112> was used as the home directory.
</zhome/00/b/147112/bioscat/Scripts/main> was used as the working directory.
Started at Wed Nov 27 18:17:13 2024
Terminated at Wed Nov 27 18:26:11 2024
Results reported at Wed Nov 27 18:26:11 2024

Your job looked like:

------------------------------------------------------------
# LSBATCH: User input
#!/bin/bash
#BSUB -J forward # name
#BSUB -o outfiles/forward_%J.out # output file
#BSUB -q gpuh100
#BSUB -n 64 ## cores
#BSUB -R "rusage[mem=1GB]" 
#BSUB -W 24:00 # useable time in minutes
##BSUB -N # send mail when done
#BSUB -R "span[hosts=1]"
#BSUB -gpu "num=1:mode=exclusive_process"

module load gcc/12.3.0-binutils-2.40
module load cuda/12.2.2
# "Retinin2x2" or "demoleus2x2"

OMP_NUM_THREADS=64 python forward.py 1 1 0 demoleus2x2

OMP_NUM_THREADS=64 python forward.py 1 2 0 demoleus2x2

OMP_NUM_THREADS=64 python forward.py 1 3 0 demoleus2x2

OMP_NUM_THREADS=64 python forward.py 1 4 0 demoleus2x2

OMP_NUM_THREADS=64 python forward.py 1 5 0 demoleus2x2

OMP_NUM_THREADS=64 python forward.py 1 1 90 demoleus2x2

OMP_NUM_THREADS=64 python forward.py 1 2 90 demoleus2x2

OMP_NUM_THREADS=64 python forward.py 1 3 90 demoleus2x2

OMP_NUM_THREADS=64 python forward.py 1 4 90 demoleus2x2

OMP_NUM_THREADS=64 python forward.py 1 5 90 demoleus2x2

OMP_NUM_THREADS=64 python forward.py 1 1 0 Retinin2x2

OMP_NUM_THREADS=64 python forward.py 1 2 0 Retinin2x2

OMP_NUM_THREADS=64 python forward.py 1 3 0 Retinin2x2

OMP_NUM_THREADS=64 python forward.py 1 4 0 Retinin2x2

OMP_NUM_THREADS=64 python forward.py 1 5 0 Retinin2x2

OMP_NUM_THREADS=64 python forward.py 1 1 90 Retinin2x2

OMP_NUM_THREADS=64 python forward.py 1 2 90 Retinin2x2

OMP_NUM_THREADS=64 python forward.py 1 3 90 Retinin2x2

(... more ...)
------------------------------------------------------------

Successfully completed.

Resource usage summary:

    CPU time :                                   1715.00 sec.
    Max Memory :                                 234 MB
    Average Memory :                             224.57 MB
    Total Requested Memory :                     65536.00 MB
    Delta Memory :                               65302.00 MB
    Max Swap :                                   -
    Max Processes :                              4
    Max Threads :                                71
    Run time :                                   538 sec.
    Turnaround time :                            538 sec.

The output (if any) is above this job summary.

