Loaded module: gcc/12.3.0-binutils-2.40
Loaded module: cuda/12.2.2
n_test:  	1044
n_top:  	298
n_right:  	224
n_bottom:	298
n_left:  	224
n_int:  	1028
n_ext:  	1048
n_obs:  	90000
n:      	90000
We are computing on the device!

It took 6.225081e-04 seconds to setup the segments!


It took 1.6637e-01 seconds to solve the linear system for segment 1.


It took 1.6641e-01 seconds to solve all the linear systems.


It took 3.0108e-02 seconds to compute the scattered field matrices for segment 1.


It took 3.5535e-04 seconds to compute the combined scattered fields in the observation points.


It took 2.9967e-02 seconds to compute the interior field matrices for segment 1.


It took 2.5218e-05 seconds to compute the combined interior fields in the observation points.


It took 8.9853e-05 seconds to compute the combined incident fields in the observation points.


It took 1.3937e-01 seconds to solve the linear system for segment 1.


It took 1.3939e-01 seconds to solve all the linear systems.


It took 2.9995e-02 seconds to compute the scattered field matrices for segment 1.


It took 2.6309e-05 seconds to compute the combined scattered fields in the observation points.


It took 2.9835e-02 seconds to compute the interior field matrices for segment 1.


It took 2.3566e-05 seconds to compute the combined interior fields in the observation points.


It took 4.0150e-05 seconds to compute the combined incident fields in the observation points.

DESTRUCTED!
n_test:  	1044
n_top:  	298
n_right:  	224
n_bottom:	298
n_left:  	224
n_int:  	1028
n_ext:  	1048
n_obs:  	90000
n:      	90000
We are computing on the device!

It took 4.232109e-04 seconds to setup the segments!


It took 1.4714e-01 seconds to solve the linear system for segment 1.


It took 1.4716e-01 seconds to solve all the linear systems.


It took 2.9987e-02 seconds to compute the scattered field matrices for segment 1.


It took 7.4391e-05 seconds to compute the combined scattered fields in the observation points.


It took 6.1762e-05 seconds to compute the combined incident fields in the observation points.


It took 1.4582e-01 seconds to solve the linear system for segment 1.


It took 1.4584e-01 seconds to solve all the linear systems.


It took 3.0001e-02 seconds to compute the scattered field matrices for segment 1.


It took 2.5779e-05 seconds to compute the combined scattered fields in the observation points.


It took 4.1632e-05 seconds to compute the combined incident fields in the observation points.

DESTRUCTED!
n_test:  	744
n_top:  	148
n_right:  	224
n_bottom:	148
n_left:  	224
n_int:  	728
n_ext:  	748
n_obs:  	90000
n:      	90000
We are computing on the device!

It took 8.184789e-04 seconds to setup the segments!


It took 2.1101e-01 seconds to solve the linear system for segment 1.


It took 2.1221e-01 seconds to solve the linear system for segment 2.


It took 2.1247e-01 seconds to solve all the linear systems.


It took 2.0853e-02 seconds to compute the scattered field matrices for segment 1.


It took 2.0779e-02 seconds to compute the scattered field matrices for segment 2.


It took 3.5747e-04 seconds to compute the combined scattered fields in the observation points.


It took 2.2014e-02 seconds to compute the interior field matrices for segment 1.


It took 2.1935e-02 seconds to compute the interior field matrices for segment 2.


It took 4.1662e-05 seconds to compute the combined interior fields in the observation points.


It took 1.0460e-04 seconds to compute the combined incident fields in the observation points.


It took 1.7753e-01 seconds to solve the linear system for segment 1.


It took 2.0333e-01 seconds to solve the linear system for segment 2.


It took 2.0350e-01 seconds to solve all the linear systems.


It took 2.0784e-02 seconds to compute the scattered field matrices for segment 1.


It took 2.0838e-02 seconds to compute the scattered field matrices for segment 2.


It took 4.4206e-05 seconds to compute the combined scattered fields in the observation points.


It took 2.1905e-02 seconds to compute the interior field matrices for segment 1.


It took 2.1895e-02 seconds to compute the interior field matrices for segment 2.


It took 4.1822e-05 seconds to compute the combined interior fields in the observation points.


It took 4.0080e-05 seconds to compute the combined incident fields in the observation points.

DESTRUCTED!
n_test:  	744
n_top:  	148
n_right:  	224
n_bottom:	148
n_left:  	224
n_int:  	728
n_ext:  	748
n_obs:  	90000
n:      	90000
We are computing on the device!

It took 6.403541e-04 seconds to setup the segments!


It took 2.1195e-01 seconds to solve the linear system for segment 1.


It took 2.1365e-01 seconds to solve the linear system for segment 2.


It took 2.1385e-01 seconds to solve all the linear systems.


It took 2.0824e-02 seconds to compute the scattered field matrices for segment 1.


It took 2.0700e-02 seconds to compute the scattered field matrices for segment 2.


It took 1.0175e-04 seconds to compute the combined scattered fields in the observation points.


It took 6.1081e-05 seconds to compute the combined incident fields in the observation points.


It took 1.7814e-01 seconds to solve the linear system for segment 1.


It took 2.0816e-01 seconds to solve the linear system for segment 2.


It took 2.0827e-01 seconds to solve all the linear systems.


It took 2.0797e-02 seconds to compute the scattered field matrices for segment 1.


It took 2.0787e-02 seconds to compute the scattered field matrices for segment 2.


It took 4.2393e-05 seconds to compute the combined scattered fields in the observation points.


It took 4.0490e-05 seconds to compute the combined incident fields in the observation points.

DESTRUCTED!
n_test:  	644
n_top:  	98
n_right:  	224
n_bottom:	98
n_left:  	224
n_int:  	628
n_ext:  	648
n_obs:  	90000
n:      	90000
We are computing on the device!

It took 9.618029e-04 seconds to setup the segments!


It took 2.3068e-01 seconds to solve the linear system for segment 3.


It took 2.8249e-01 seconds to solve the linear system for segment 2.


It took 2.8356e-01 seconds to solve the linear system for segment 1.


It took 2.8383e-01 seconds to solve all the linear systems.


It took 1.8675e-02 seconds to compute the scattered field matrices for segment 1.


It took 1.8472e-02 seconds to compute the scattered field matrices for segment 2.


It took 1.8661e-02 seconds to compute the scattered field matrices for segment 3.


It took 4.3940e-04 seconds to compute the combined scattered fields in the observation points.


It took 1.8475e-02 seconds to compute the interior field matrices for segment 1.


It took 1.8500e-02 seconds to compute the interior field matrices for segment 2.


It took 1.8449e-02 seconds to compute the interior field matrices for segment 3.


It took 5.6814e-05 seconds to compute the combined interior fields in the observation points.


It took 1.0806e-04 seconds to compute the combined incident fields in the observation points.


It took 2.3543e-01 seconds to solve the linear system for segment 3.


It took 2.7667e-01 seconds to solve the linear system for segment 2.


It took 2.7774e-01 seconds to solve the linear system for segment 1.


It took 2.7789e-01 seconds to solve all the linear systems.


It took 1.8474e-02 seconds to compute the scattered field matrices for segment 1.


It took 1.8384e-02 seconds to compute the scattered field matrices for segment 2.


It took 1.8512e-02 seconds to compute the scattered field matrices for segment 3.


It took 6.1923e-05 seconds to compute the combined scattered fields in the observation points.


It took 1.8408e-02 seconds to compute the interior field matrices for segment 1.


It took 1.8451e-02 seconds to compute the interior field matrices for segment 2.


It took 1.8527e-02 seconds to compute the interior field matrices for segment 3.


It took 6.0020e-05 seconds to compute the combined interior fields in the observation points.


It took 4.0250e-05 seconds to compute the combined incident fields in the observation points.

DESTRUCTED!
n_test:  	644
n_top:  	98
n_right:  	224
n_bottom:	98
n_left:  	224
n_int:  	628
n_ext:  	648
n_obs:  	90000
n:      	90000
We are computing on the device!

It took 7.530220e-04 seconds to setup the segments!


It took 2.1423e-01 seconds to solve the linear system for segment 3.


It took 2.6547e-01 seconds to solve the linear system for segment 1.


It took 2.6649e-01 seconds to solve the linear system for segment 2.


It took 2.6678e-01 seconds to solve all the linear systems.


It took 1.8545e-02 seconds to compute the scattered field matrices for segment 1.


It took 1.8381e-02 seconds to compute the scattered field matrices for segment 2.


It took 1.8457e-02 seconds to compute the scattered field matrices for segment 3.


It took 1.2950e-04 seconds to compute the combined scattered fields in the observation points.


It took 6.1452e-05 seconds to compute the combined incident fields in the observation points.


It took 2.1391e-01 seconds to solve the linear system for segment 3.


It took 2.5073e-01 seconds to solve the linear system for segment 1.


It took 2.5182e-01 seconds to solve the linear system for segment 2.


It took 2.5190e-01 seconds to solve all the linear systems.


It took 1.8505e-02 seconds to compute the scattered field matrices for segment 1.


It took 1.8454e-02 seconds to compute the scattered field matrices for segment 2.


It took 1.8532e-02 seconds to compute the scattered field matrices for segment 3.


It took 6.0481e-05 seconds to compute the combined scattered fields in the observation points.


It took 4.2313e-05 seconds to compute the combined incident fields in the observation points.

DESTRUCTED!
n_test:  	594
n_top:  	73
n_right:  	224
n_bottom:	73
n_left:  	224
n_int:  	578
n_ext:  	598
n_obs:  	90000
n:      	90000
We are computing on the device!

It took 1.121832e-03 seconds to setup the segments!


It took 2.6166e-01 seconds to solve the linear system for segment 3.


It took 3.2216e-01 seconds to solve the linear system for segment 1.


It took 3.2342e-01 seconds to solve the linear system for segment 4.


It took 3.3047e-01 seconds to solve the linear system for segment 2.


It took 3.3083e-01 seconds to solve all the linear systems.


It took 2.0073e-02 seconds to compute the scattered field matrices for segment 1.


It took 1.9681e-02 seconds to compute the scattered field matrices for segment 2.


It took 1.9734e-02 seconds to compute the scattered field matrices for segment 3.


It took 1.9700e-02 seconds to compute the scattered field matrices for segment 4.


It took 2.9528e-04 seconds to compute the combined scattered fields in the observation points.


It took 2.0440e-02 seconds to compute the interior field matrices for segment 1.


It took 2.0399e-02 seconds to compute the interior field matrices for segment 2.


It took 2.0382e-02 seconds to compute the interior field matrices for segment 3.


It took 2.0371e-02 seconds to compute the interior field matrices for segment 4.


It took 7.5012e-05 seconds to compute the combined interior fields in the observation points.


It took 1.0671e-04 seconds to compute the combined incident fields in the observation points.


It took 2.5671e-01 seconds to solve the linear system for segment 3.


It took 3.0065e-01 seconds to solve the linear system for segment 1.


It took 3.1802e-01 seconds to solve the linear system for segment 2.


It took 3.1910e-01 seconds to solve the linear system for segment 4.


It took 3.1923e-01 seconds to solve all the linear systems.


It took 1.9751e-02 seconds to compute the scattered field matrices for segment 1.


It took 1.9647e-02 seconds to compute the scattered field matrices for segment 2.


It took 1.9666e-02 seconds to compute the scattered field matrices for segment 3.


It took 1.9683e-02 seconds to compute the scattered field matrices for segment 4.


It took 7.8918e-05 seconds to compute the combined scattered fields in the observation points.


It took 2.0387e-02 seconds to compute the interior field matrices for segment 1.


It took 2.0321e-02 seconds to compute the interior field matrices for segment 2.


It took 2.0335e-02 seconds to compute the interior field matrices for segment 3.


It took 2.0324e-02 seconds to compute the interior field matrices for segment 4.


It took 7.8677e-05 seconds to compute the combined interior fields in the observation points.


It took 4.2854e-05 seconds to compute the combined incident fields in the observation points.

DESTRUCTED!
n_test:  	594
n_top:  	73
n_right:  	224
n_bottom:	73
n_left:  	224
n_int:  	578
n_ext:  	598
n_obs:  	90000
n:      	90000
We are computing on the device!

It took 8.830850e-04 seconds to setup the segments!


It took 2.6622e-01 seconds to solve the linear system for segment 3.


It took 3.3401e-01 seconds to solve the linear system for segment 2.


It took 3.3576e-01 seconds to solve the linear system for segment 1.


It took 3.3657e-01 seconds to solve the linear system for segment 4.


It took 3.3677e-01 seconds to solve all the linear systems.


It took 1.9715e-02 seconds to compute the scattered field matrices for segment 1.


It took 1.9647e-02 seconds to compute the scattered field matrices for segment 2.


It took 1.9677e-02 seconds to compute the scattered field matrices for segment 3.


It took 1.9666e-02 seconds to compute the scattered field matrices for segment 4.


It took 2.0725e-04 seconds to compute the combined scattered fields in the observation points.


It took 6.3545e-05 seconds to compute the combined incident fields in the observation points.


It took 2.3947e-01 seconds to solve the linear system for segment 3.


It took 3.1147e-01 seconds to solve the linear system for segment 1.


It took 3.1242e-01 seconds to solve the linear system for segment 4.


It took 3.1342e-01 seconds to solve the linear system for segment 2.


It took 3.1352e-01 seconds to solve all the linear systems.


It took 1.9729e-02 seconds to compute the scattered field matrices for segment 1.


It took 1.9649e-02 seconds to compute the scattered field matrices for segment 2.


It took 1.9677e-02 seconds to compute the scattered field matrices for segment 3.


It took 1.9702e-02 seconds to compute the scattered field matrices for segment 4.


It took 7.5032e-05 seconds to compute the combined scattered fields in the observation points.


It took 4.5528e-05 seconds to compute the combined incident fields in the observation points.

DESTRUCTED!
n_test:  	564
n_top:  	58
n_right:  	224
n_bottom:	58
n_left:  	224
n_int:  	548
n_ext:  	568
n_obs:  	90000
n:      	90000
We are computing on the device!

It took 1.288790e-03 seconds to setup the segments!


It took 3.5001e-01 seconds to solve the linear system for segment 5.


It took 3.5195e-01 seconds to solve the linear system for segment 3.


It took 3.7076e-01 seconds to solve the linear system for segment 1.


It took 3.8999e-01 seconds to solve the linear system for segment 4.


It took 3.9141e-01 seconds to solve the linear system for segment 2.


It took 3.9196e-01 seconds to solve all the linear systems.


It took 1.6268e-02 seconds to compute the scattered field matrices for segment 1.


It took 1.6006e-02 seconds to compute the scattered field matrices for segment 2.


It took 1.6001e-02 seconds to compute the scattered field matrices for segment 3.


It took 1.5986e-02 seconds to compute the scattered field matrices for segment 4.


It took 1.5992e-02 seconds to compute the scattered field matrices for segment 5.


It took 1.4138e-03 seconds to compute the combined scattered fields in the observation points.


It took 1.6114e-02 seconds to compute the interior field matrices for segment 1.


It took 1.6110e-02 seconds to compute the interior field matrices for segment 2.


It took 1.6102e-02 seconds to compute the interior field matrices for segment 3.


It took 1.6108e-02 seconds to compute the interior field matrices for segment 4.


It took 1.6075e-02 seconds to compute the interior field matrices for segment 5.


It took 1.0401e-04 seconds to compute the combined interior fields in the observation points.


It took 2.3333e-04 seconds to compute the combined incident fields in the observation points.


It took 3.5629e-01 seconds to solve the linear system for segment 2.


It took 3.6880e-01 seconds to solve the linear system for segment 4.


It took 3.7806e-01 seconds to solve the linear system for segment 1.


It took 3.8797e-01 seconds to solve the linear system for segment 5.


It took 3.8915e-01 seconds to solve the linear system for segment 3.


It took 3.8959e-01 seconds to solve all the linear systems.


It took 1.5999e-02 seconds to compute the scattered field matrices for segment 1.


It took 1.6000e-02 seconds to compute the scattered field matrices for segment 2.


It took 1.5985e-02 seconds to compute the scattered field matrices for segment 3.


It took 1.5963e-02 seconds to compute the scattered field matrices for segment 4.


It took 1.5911e-02 seconds to compute the scattered field matrices for segment 5.


It took 1.0941e-04 seconds to compute the combined scattered fields in the observation points.


It took 1.6114e-02 seconds to compute the interior field matrices for segment 1.


It took 1.6088e-02 seconds to compute the interior field matrices for segment 2.


It took 1.6081e-02 seconds to compute the interior field matrices for segment 3.


It took 1.6134e-02 seconds to compute the interior field matrices for segment 4.


It took 1.6120e-02 seconds to compute the interior field matrices for segment 5.


It took 1.0520e-04 seconds to compute the combined interior fields in the observation points.


It took 5.1798e-05 seconds to compute the combined incident fields in the observation points.

DESTRUCTED!
n_test:  	564
n_top:  	58
n_right:  	224
n_bottom:	58
n_left:  	224
n_int:  	548
n_ext:  	568
n_obs:  	90000
n:      	90000
We are computing on the device!

It took 1.402740e-03 seconds to setup the segments!


It took 3.3894e-01 seconds to solve the linear system for segment 1.


It took 3.5884e-01 seconds to solve the linear system for segment 5.


It took 3.9104e-01 seconds to solve the linear system for segment 4.


It took 3.9885e-01 seconds to solve the linear system for segment 2.


It took 4.0071e-01 seconds to solve the linear system for segment 3.


It took 4.0103e-01 seconds to solve all the linear systems.


It took 1.6374e-02 seconds to compute the scattered field matrices for segment 1.


It took 1.5989e-02 seconds to compute the scattered field matrices for segment 2.


It took 1.6012e-02 seconds to compute the scattered field matrices for segment 3.


It took 1.5961e-02 seconds to compute the scattered field matrices for segment 4.


It took 1.5946e-02 seconds to compute the scattered field matrices for segment 5.


It took 2.4418e-04 seconds to compute the combined scattered fields in the observation points.


It took 8.0420e-05 seconds to compute the combined incident fields in the observation points.


It took 2.7875e-01 seconds to solve the linear system for segment 1.


It took 3.1914e-01 seconds to solve the linear system for segment 5.


It took 3.7616e-01 seconds to solve the linear system for segment 4.


It took 3.7951e-01 seconds to solve the linear system for segment 3.


It took 3.8748e-01 seconds to solve the linear system for segment 2.


It took 3.8767e-01 seconds to solve all the linear systems.


It took 1.6080e-02 seconds to compute the scattered field matrices for segment 1.


It took 1.6028e-02 seconds to compute the scattered field matrices for segment 2.


It took 1.5970e-02 seconds to compute the scattered field matrices for segment 3.


It took 1.6013e-02 seconds to compute the scattered field matrices for segment 4.


It took 1.5957e-02 seconds to compute the scattered field matrices for segment 5.


It took 1.0938e-04 seconds to compute the combined scattered fields in the observation points.


It took 5.5943e-05 seconds to compute the combined incident fields in the observation points.

DESTRUCTED!
n_test:  	1044
n_top:  	298
n_right:  	224
n_bottom:	298
n_left:  	224
n_int:  	1028
n_ext:  	1048
n_obs:  	90000
n:      	90000
We are computing on the device!

It took 6.100780e-04 seconds to setup the segments!


It took 1.6129e-01 seconds to solve the linear system for segment 1.


It took 1.6132e-01 seconds to solve all the linear systems.


It took 3.0130e-02 seconds to compute the scattered field matrices for segment 1.


It took 3.5966e-04 seconds to compute the combined scattered fields in the observation points.


It took 2.9919e-02 seconds to compute the interior field matrices for segment 1.


It took 2.5528e-05 seconds to compute the combined interior fields in the observation points.


It took 7.9738e-05 seconds to compute the combined incident fields in the observation points.


It took 1.3897e-01 seconds to solve the linear system for segment 1.


It took 1.3900e-01 seconds to solve all the linear systems.


It took 2.9979e-02 seconds to compute the scattered field matrices for segment 1.


It took 2.6439e-05 seconds to compute the combined scattered fields in the observation points.


It took 2.9865e-02 seconds to compute the interior field matrices for segment 1.


It took 2.4987e-05 seconds to compute the combined interior fields in the observation points.


It took 4.1983e-05 seconds to compute the combined incident fields in the observation points.

DESTRUCTED!
n_test:  	1044
n_top:  	298
n_right:  	224
n_bottom:	298
n_left:  	224
n_int:  	1028
n_ext:  	1048
n_obs:  	90000
n:      	90000
We are computing on the device!

It took 4.066860e-04 seconds to setup the segments!


It took 1.4307e-01 seconds to solve the linear system for segment 1.


It took 1.4309e-01 seconds to solve all the linear systems.


It took 3.0000e-02 seconds to compute the scattered field matrices for segment 1.


It took 7.3550e-05 seconds to compute the combined scattered fields in the observation points.


It took 5.9969e-05 seconds to compute the combined incident fields in the observation points.


It took 1.2981e-01 seconds to solve the linear system for segment 1.


It took 1.2983e-01 seconds to solve all the linear systems.


It took 2.9982e-02 seconds to compute the scattered field matrices for segment 1.


It took 2.5828e-05 seconds to compute the combined scattered fields in the observation points.


It took 4.1141e-05 seconds to compute the combined incident fields in the observation points.

DESTRUCTED!
n_test:  	744
n_top:  	148
n_right:  	224
n_bottom:	148
n_left:  	224
n_int:  	728
n_ext:  	748
n_obs:  	90000
n:      	90000
We are computing on the device!

It took 8.029861e-04 seconds to setup the segments!


It took 2.2127e-01 seconds to solve the linear system for segment 2.


It took 2.2246e-01 seconds to solve the linear system for segment 1.


It took 2.2280e-01 seconds to solve all the linear systems.


It took 2.0852e-02 seconds to compute the scattered field matrices for segment 1.


It took 2.0751e-02 seconds to compute the scattered field matrices for segment 2.


It took 2.0574e-04 seconds to compute the combined scattered fields in the observation points.


It took 2.1971e-02 seconds to compute the interior field matrices for segment 1.


It took 2.4359e-02 seconds to compute the interior field matrices for segment 2.


It took 4.4887e-05 seconds to compute the combined interior fields in the observation points.


It took 2.2568e-04 seconds to compute the combined incident fields in the observation points.


It took 1.8230e-01 seconds to solve the linear system for segment 2.


It took 1.8512e-01 seconds to solve the linear system for segment 1.


It took 1.8523e-01 seconds to solve all the linear systems.


It took 2.0794e-02 seconds to compute the scattered field matrices for segment 1.


It took 2.0814e-02 seconds to compute the scattered field matrices for segment 2.


It took 4.0982e-05 seconds to compute the combined scattered fields in the observation points.


It took 2.1849e-02 seconds to compute the interior field matrices for segment 1.


It took 2.1855e-02 seconds to compute the interior field matrices for segment 2.


It took 4.1882e-05 seconds to compute the combined interior fields in the observation points.


It took 4.0220e-05 seconds to compute the combined incident fields in the observation points.

DESTRUCTED!
n_test:  	744
n_top:  	148
n_right:  	224
n_bottom:	148
n_left:  	224
n_int:  	728
n_ext:  	748
n_obs:  	90000
n:      	90000
We are computing on the device!

It took 6.068740e-04 seconds to setup the segments!


It took 1.9270e-01 seconds to solve the linear system for segment 1.


It took 1.9973e-01 seconds to solve the linear system for segment 2.


It took 1.9997e-01 seconds to solve all the linear systems.


It took 2.0815e-02 seconds to compute the scattered field matrices for segment 1.


It took 2.0719e-02 seconds to compute the scattered field matrices for segment 2.


It took 9.9078e-05 seconds to compute the combined scattered fields in the observation points.


It took 6.2052e-05 seconds to compute the combined incident fields in the observation points.


It took 1.8585e-01 seconds to solve the linear system for segment 1.


It took 1.8765e-01 seconds to solve the linear system for segment 2.


It took 1.8772e-01 seconds to solve all the linear systems.


It took 2.0802e-02 seconds to compute the scattered field matrices for segment 1.


It took 2.0847e-02 seconds to compute the scattered field matrices for segment 2.


It took 4.3966e-05 seconds to compute the combined scattered fields in the observation points.


It took 4.2203e-05 seconds to compute the combined incident fields in the observation points.

DESTRUCTED!
n_test:  	644
n_top:  	98
n_right:  	224
n_bottom:	98
n_left:  	224
n_int:  	628
n_ext:  	648
n_obs:  	90000
n:      	90000
We are computing on the device!

It took 9.506061e-04 seconds to setup the segments!


It took 2.5671e-01 seconds to solve the linear system for segment 2.


It took 2.6698e-01 seconds to solve the linear system for segment 3.


It took 2.7491e-01 seconds to solve the linear system for segment 1.


It took 2.7520e-01 seconds to solve all the linear systems.


It took 1.8597e-02 seconds to compute the scattered field matrices for segment 1.


It took 1.8434e-02 seconds to compute the scattered field matrices for segment 2.


It took 1.8517e-02 seconds to compute the scattered field matrices for segment 3.


It took 4.3508e-04 seconds to compute the combined scattered fields in the observation points.


It took 1.8433e-02 seconds to compute the interior field matrices for segment 1.


It took 1.8526e-02 seconds to compute the interior field matrices for segment 2.


It took 1.8461e-02 seconds to compute the interior field matrices for segment 3.


It took 6.1952e-05 seconds to compute the combined interior fields in the observation points.


It took 9.8226e-05 seconds to compute the combined incident fields in the observation points.


It took 2.2777e-01 seconds to solve the linear system for segment 2.


It took 2.3994e-01 seconds to solve the linear system for segment 3.


It took 2.4486e-01 seconds to solve the linear system for segment 1.


It took 2.4500e-01 seconds to solve all the linear systems.


It took 1.8425e-02 seconds to compute the scattered field matrices for segment 1.


It took 1.8419e-02 seconds to compute the scattered field matrices for segment 2.


It took 1.8507e-02 seconds to compute the scattered field matrices for segment 3.


It took 5.9639e-05 seconds to compute the combined scattered fields in the observation points.


It took 1.8417e-02 seconds to compute the interior field matrices for segment 1.


It took 1.8492e-02 seconds to compute the interior field matrices for segment 2.


It took 1.8507e-02 seconds to compute the interior field matrices for segment 3.


It took 5.7796e-05 seconds to compute the combined interior fields in the observation points.


It took 3.9979e-05 seconds to compute the combined incident fields in the observation points.

DESTRUCTED!
n_test:  	644
n_top:  	98
n_right:  	224
n_bottom:	98
n_left:  	224
n_int:  	628
n_ext:  	648
n_obs:  	90000
n:      	90000
We are computing on the device!

It took 7.185210e-04 seconds to setup the segments!


It took 2.4695e-01 seconds to solve the linear system for segment 2.


It took 2.5185e-01 seconds to solve the linear system for segment 3.


It took 2.5373e-01 seconds to solve the linear system for segment 1.


It took 2.5395e-01 seconds to solve all the linear systems.


It took 1.8552e-02 seconds to compute the scattered field matrices for segment 1.


It took 1.8418e-02 seconds to compute the scattered field matrices for segment 2.


It took 1.8463e-02 seconds to compute the scattered field matrices for segment 3.


It took 1.2690e-04 seconds to compute the combined scattered fields in the observation points.


It took 6.1431e-05 seconds to compute the combined incident fields in the observation points.


It took 1.7994e-01 seconds to solve the linear system for segment 1.


It took 2.2212e-01 seconds to solve the linear system for segment 2.


It took 2.2249e-01 seconds to solve the linear system for segment 3.


It took 2.2257e-01 seconds to solve all the linear systems.


It took 1.8495e-02 seconds to compute the scattered field matrices for segment 1.


It took 1.8518e-02 seconds to compute the scattered field matrices for segment 2.


It took 1.8421e-02 seconds to compute the scattered field matrices for segment 3.


It took 6.0009e-05 seconds to compute the combined scattered fields in the observation points.


It took 4.0811e-05 seconds to compute the combined incident fields in the observation points.

DESTRUCTED!
n_test:  	594
n_top:  	73
n_right:  	224
n_bottom:	73
n_left:  	224
n_int:  	578
n_ext:  	598
n_obs:  	90000
n:      	90000
We are computing on the device!

It took 1.078456e-03 seconds to setup the segments!


It took 2.6184e-01 seconds to solve the linear system for segment 3.


It took 3.2184e-01 seconds to solve the linear system for segment 2.


It took 3.2329e-01 seconds to solve the linear system for segment 4.


It took 3.3048e-01 seconds to solve the linear system for segment 1.


It took 3.3092e-01 seconds to solve all the linear systems.


It took 1.9848e-02 seconds to compute the scattered field matrices for segment 1.


It took 1.9644e-02 seconds to compute the scattered field matrices for segment 2.


It took 1.9770e-02 seconds to compute the scattered field matrices for segment 3.


It took 1.9699e-02 seconds to compute the scattered field matrices for segment 4.


It took 4.8071e-04 seconds to compute the combined scattered fields in the observation points.


It took 2.0385e-02 seconds to compute the interior field matrices for segment 1.


It took 2.0426e-02 seconds to compute the interior field matrices for segment 2.


It took 2.0405e-02 seconds to compute the interior field matrices for segment 3.


It took 2.0392e-02 seconds to compute the interior field matrices for segment 4.


It took 7.7015e-05 seconds to compute the combined interior fields in the observation points.


It took 1.2956e-04 seconds to compute the combined incident fields in the observation points.


It took 2.4025e-01 seconds to solve the linear system for segment 3.


It took 2.9914e-01 seconds to solve the linear system for segment 4.


It took 3.0052e-01 seconds to solve the linear system for segment 1.


It took 3.0142e-01 seconds to solve the linear system for segment 2.


It took 3.0156e-01 seconds to solve all the linear systems.


It took 1.9738e-02 seconds to compute the scattered field matrices for segment 1.


It took 1.9667e-02 seconds to compute the scattered field matrices for segment 2.


It took 1.9674e-02 seconds to compute the scattered field matrices for segment 3.


It took 1.9694e-02 seconds to compute the scattered field matrices for segment 4.


It took 7.4210e-05 seconds to compute the combined scattered fields in the observation points.


It took 2.0406e-02 seconds to compute the interior field matrices for segment 1.


It took 2.0299e-02 seconds to compute the interior field matrices for segment 2.


It took 2.0367e-02 seconds to compute the interior field matrices for segment 3.


It took 2.0332e-02 seconds to compute the interior field matrices for segment 4.


It took 7.4602e-05 seconds to compute the combined interior fields in the observation points.


It took 3.9689e-05 seconds to compute the combined incident fields in the observation points.

DESTRUCTED!
n_test:  	594
n_top:  	73
n_right:  	224
n_bottom:	73
n_left:  	224
n_int:  	578
n_ext:  	598
n_obs:  	90000
n:      	90000
We are computing on the device!

It took 9.032160e-04 seconds to setup the segments!


It took 2.5220e-01 seconds to solve the linear system for segment 3.


It took 3.2222e-01 seconds to solve the linear system for segment 1.


It took 3.2280e-01 seconds to solve the linear system for segment 2.


It took 3.2380e-01 seconds to solve the linear system for segment 4.


It took 3.2398e-01 seconds to solve all the linear systems.


It took 1.9765e-02 seconds to compute the scattered field matrices for segment 1.


It took 1.9695e-02 seconds to compute the scattered field matrices for segment 2.


It took 1.9644e-02 seconds to compute the scattered field matrices for segment 3.


It took 1.9684e-02 seconds to compute the scattered field matrices for segment 4.


It took 1.6460e-04 seconds to compute the combined scattered fields in the observation points.


It took 6.1993e-05 seconds to compute the combined incident fields in the observation points.


It took 2.3975e-01 seconds to solve the linear system for segment 3.


It took 2.9984e-01 seconds to solve the linear system for segment 2.


It took 3.0991e-01 seconds to solve the linear system for segment 4.


It took 3.1121e-01 seconds to solve the linear system for segment 1.


It took 3.1132e-01 seconds to solve all the linear systems.


It took 1.9746e-02 seconds to compute the scattered field matrices for segment 1.


It took 1.9684e-02 seconds to compute the scattered field matrices for segment 2.


It took 1.9706e-02 seconds to compute the scattered field matrices for segment 3.


It took 1.9669e-02 seconds to compute the scattered field matrices for segment 4.


It took 7.6524e-05 seconds to compute the combined scattered fields in the observation points.


It took 4.3044e-05 seconds to compute the combined incident fields in the observation points.

DESTRUCTED!
n_test:  	564
n_top:  	58
n_right:  	224
n_bottom:	58
n_left:  	224
n_int:  	548
n_ext:  	568
n_obs:  	90000
n:      	90000
We are computing on the device!

It took 1.245956e-03 seconds to setup the segments!


It took 3.4278e-01 seconds to solve the linear system for segment 5.


It took 3.5534e-01 seconds to solve the linear system for segment 3.


It took 3.8360e-01 seconds to solve the linear system for segment 4.


It took 3.9346e-01 seconds to solve the linear system for segment 2.


It took 3.9457e-01 seconds to solve the linear system for segment 1.


It took 3.9504e-01 seconds to solve all the linear systems.


It took 1.6313e-02 seconds to compute the scattered field matrices for segment 1.


It took 1.6031e-02 seconds to compute the scattered field matrices for segment 2.


It took 1.5977e-02 seconds to compute the scattered field matrices for segment 3.


It took 1.6011e-02 seconds to compute the scattered field matrices for segment 4.


It took 1.5905e-02 seconds to compute the scattered field matrices for segment 5.


It took 2.9420e-04 seconds to compute the combined scattered fields in the observation points.


It took 1.6128e-02 seconds to compute the interior field matrices for segment 1.


It took 1.6078e-02 seconds to compute the interior field matrices for segment 2.


It took 1.6084e-02 seconds to compute the interior field matrices for segment 3.


It took 1.6061e-02 seconds to compute the interior field matrices for segment 4.


It took 1.6020e-02 seconds to compute the interior field matrices for segment 5.


It took 9.1135e-05 seconds to compute the combined interior fields in the observation points.


It took 1.1603e-04 seconds to compute the combined incident fields in the observation points.


It took 3.3008e-01 seconds to solve the linear system for segment 3.


It took 3.3762e-01 seconds to solve the linear system for segment 5.


It took 3.4740e-01 seconds to solve the linear system for segment 4.


It took 3.6570e-01 seconds to solve the linear system for segment 2.


It took 3.6688e-01 seconds to solve the linear system for segment 1.


It took 3.6700e-01 seconds to solve all the linear systems.


It took 1.6028e-02 seconds to compute the scattered field matrices for segment 1.


It took 1.5987e-02 seconds to compute the scattered field matrices for segment 2.


It took 1.5971e-02 seconds to compute the scattered field matrices for segment 3.


It took 1.5934e-02 seconds to compute the scattered field matrices for segment 4.


It took 1.5931e-02 seconds to compute the scattered field matrices for segment 5.


It took 9.3960e-05 seconds to compute the combined scattered fields in the observation points.


It took 1.6101e-02 seconds to compute the interior field matrices for segment 1.


It took 1.6106e-02 seconds to compute the interior field matrices for segment 2.


It took 1.6106e-02 seconds to compute the interior field matrices for segment 3.


It took 1.6118e-02 seconds to compute the interior field matrices for segment 4.


It took 1.6125e-02 seconds to compute the interior field matrices for segment 5.


It took 9.2968e-05 seconds to compute the combined interior fields in the observation points.


It took 4.6079e-05 seconds to compute the combined incident fields in the observation points.

DESTRUCTED!
n_test:  	564
n_top:  	58
n_right:  	224
n_bottom:	58
n_left:  	224
n_int:  	548
n_ext:  	568
n_obs:  	90000
n:      	90000
We are computing on the device!

It took 1.023124e-03 seconds to setup the segments!


It took 3.3477e-01 seconds to solve the linear system for segment 3.


It took 3.4332e-01 seconds to solve the linear system for segment 5.


It took 3.8214e-01 seconds to solve the linear system for segment 2.


It took 3.8479e-01 seconds to solve the linear system for segment 4.


It took 3.8859e-01 seconds to solve the linear system for segment 1.


It took 3.8875e-01 seconds to solve all the linear systems.


It took 1.6098e-02 seconds to compute the scattered field matrices for segment 1.


It took 1.6002e-02 seconds to compute the scattered field matrices for segment 2.


It took 1.5965e-02 seconds to compute the scattered field matrices for segment 3.


It took 1.5938e-02 seconds to compute the scattered field matrices for segment 4.


It took 1.5908e-02 seconds to compute the scattered field matrices for segment 5.


It took 1.8372e-04 seconds to compute the combined scattered fields in the observation points.


It took 6.1491e-05 seconds to compute the combined incident fields in the observation points.


It took 3.0563e-01 seconds to solve the linear system for segment 5.


It took 3.6393e-01 seconds to solve the linear system for segment 3.


It took 3.6577e-01 seconds to solve the linear system for segment 1.


It took 3.6754e-01 seconds to solve the linear system for segment 2.


It took 3.7335e-01 seconds to solve the linear system for segment 4.


It took 3.7347e-01 seconds to solve all the linear systems.


It took 1.6010e-02 seconds to compute the scattered field matrices for segment 1.


It took 1.6020e-02 seconds to compute the scattered field matrices for segment 2.


It took 1.5984e-02 seconds to compute the scattered field matrices for segment 3.


It took 1.5953e-02 seconds to compute the scattered field matrices for segment 4.


It took 1.5919e-02 seconds to compute the scattered field matrices for segment 5.


It took 9.1587e-05 seconds to compute the combined scattered fields in the observation points.


It took 4.0620e-05 seconds to compute the combined incident fields in the observation points.

DESTRUCTED!
n_test:  	1044
n_top:  	298
n_right:  	224
n_bottom:	298
n_left:  	224
n_int:  	1028
n_ext:  	1048
n_obs:  	90000
n:      	90000
We are computing on the device!

It took 6.122221e-04 seconds to setup the segments!


It took 1.6335e-01 seconds to solve the linear system for segment 1.


It took 1.6339e-01 seconds to solve all the linear systems.


It took 3.0027e-02 seconds to compute the scattered field matrices for segment 1.


It took 3.4704e-04 seconds to compute the combined scattered fields in the observation points.


It took 2.9891e-02 seconds to compute the interior field matrices for segment 1.


It took 2.5177e-05 seconds to compute the combined interior fields in the observation points.


It took 9.1487e-05 seconds to compute the combined incident fields in the observation points.


It took 1.4040e-01 seconds to solve the linear system for segment 1.


It took 1.4042e-01 seconds to solve all the linear systems.


It took 2.9977e-02 seconds to compute the scattered field matrices for segment 1.


It took 2.6660e-05 seconds to compute the combined scattered fields in the observation points.


It took 2.9866e-02 seconds to compute the interior field matrices for segment 1.


It took 2.3415e-05 seconds to compute the combined interior fields in the observation points.


It took 4.1021e-05 seconds to compute the combined incident fields in the observation points.

DESTRUCTED!
n_test:  	1044
n_top:  	298
n_right:  	224
n_bottom:	298
n_left:  	224
n_int:  	1028
n_ext:  	1048
n_obs:  	90000
n:      	90000
We are computing on the device!

It took 4.226698e-04 seconds to setup the segments!


It took 1.4243e-01 seconds to solve the linear system for segment 1.


It took 1.4245e-01 seconds to solve all the linear systems.


It took 2.9954e-02 seconds to compute the scattered field matrices for segment 1.


It took 6.9904e-05 seconds to compute the combined scattered fields in the observation points.


It took 6.3515e-05 seconds to compute the combined incident fields in the observation points.


It took 1.4062e-01 seconds to solve the linear system for segment 1.


It took 1.4066e-01 seconds to solve all the linear systems.


It took 2.9954e-02 seconds to compute the scattered field matrices for segment 1.


It took 2.5208e-05 seconds to compute the combined scattered fields in the observation points.


It took 4.2944e-05 seconds to compute the combined incident fields in the observation points.

DESTRUCTED!
n_test:  	744
n_top:  	148
n_right:  	224
n_bottom:	148
n_left:  	224
n_int:  	728
n_ext:  	748
n_obs:  	90000
n:      	90000
We are computing on the device!

It took 8.065610e-04 seconds to setup the segments!


It took 2.1301e-01 seconds to solve the linear system for segment 1.


It took 2.1405e-01 seconds to solve the linear system for segment 2.


It took 2.1432e-01 seconds to solve all the linear systems.


It took 2.0904e-02 seconds to compute the scattered field matrices for segment 1.


It took 2.0813e-02 seconds to compute the scattered field matrices for segment 2.


It took 3.6072e-04 seconds to compute the combined scattered fields in the observation points.


It took 2.1958e-02 seconds to compute the interior field matrices for segment 1.


It took 2.1948e-02 seconds to compute the interior field matrices for segment 2.


It took 4.3244e-05 seconds to compute the combined interior fields in the observation points.


It took 1.1258e-04 seconds to compute the combined incident fields in the observation points.


It took 1.9223e-01 seconds to solve the linear system for segment 1.


It took 1.9335e-01 seconds to solve the linear system for segment 2.


It took 1.9350e-01 seconds to solve all the linear systems.


It took 2.0839e-02 seconds to compute the scattered field matrices for segment 1.


It took 2.0762e-02 seconds to compute the scattered field matrices for segment 2.


It took 4.2563e-05 seconds to compute the combined scattered fields in the observation points.


It took 2.1878e-02 seconds to compute the interior field matrices for segment 1.


It took 2.1886e-02 seconds to compute the interior field matrices for segment 2.


It took 4.0840e-05 seconds to compute the combined interior fields in the observation points.


It took 4.2413e-05 seconds to compute the combined incident fields in the observation points.

DESTRUCTED!
n_test:  	744
n_top:  	148
n_right:  	224
n_bottom:	148
n_left:  	224
n_int:  	728
n_ext:  	748
n_obs:  	90000
n:      	90000
We are computing on the device!

It took 5.834892e-04 seconds to setup the segments!


It took 1.9186e-01 seconds to solve the linear system for segment 2.


It took 1.9304e-01 seconds to solve the linear system for segment 1.


It took 1.9324e-01 seconds to solve all the linear systems.


It took 2.0818e-02 seconds to compute the scattered field matrices for segment 1.


It took 2.0690e-02 seconds to compute the scattered field matrices for segment 2.


It took 1.0280e-04 seconds to compute the combined scattered fields in the observation points.


It took 6.1472e-05 seconds to compute the combined incident fields in the observation points.


It took 1.6297e-01 seconds to solve the linear system for segment 1.


It took 1.9462e-01 seconds to solve the linear system for segment 2.


It took 1.9475e-01 seconds to solve all the linear systems.


It took 2.0760e-02 seconds to compute the scattered field matrices for segment 1.


It took 2.0773e-02 seconds to compute the scattered field matrices for segment 2.


It took 4.2002e-05 seconds to compute the combined scattered fields in the observation points.


It took 4.2203e-05 seconds to compute the combined incident fields in the observation points.

DESTRUCTED!
n_test:  	644
n_top:  	98
n_right:  	224
n_bottom:	98
n_left:  	224
n_int:  	628
n_ext:  	648
n_obs:  	90000
n:      	90000
We are computing on the device!

It took 9.630041e-04 seconds to setup the segments!


It took 2.3207e-01 seconds to solve the linear system for segment 3.


It took 2.9021e-01 seconds to solve the linear system for segment 1.


It took 2.9141e-01 seconds to solve the linear system for segment 2.


It took 2.9173e-01 seconds to solve all the linear systems.


It took 1.8667e-02 seconds to compute the scattered field matrices for segment 1.


It took 1.8466e-02 seconds to compute the scattered field matrices for segment 2.


It took 1.8530e-02 seconds to compute the scattered field matrices for segment 3.


It took 4.2568e-04 seconds to compute the combined scattered fields in the observation points.


It took 1.8455e-02 seconds to compute the interior field matrices for segment 1.


It took 1.8503e-02 seconds to compute the interior field matrices for segment 2.


It took 1.8488e-02 seconds to compute the interior field matrices for segment 3.


It took 5.8577e-05 seconds to compute the combined interior fields in the observation points.


It took 1.1084e-04 seconds to compute the combined incident fields in the observation points.


It took 1.8772e-01 seconds to solve the linear system for segment 3.


It took 2.4786e-01 seconds to solve the linear system for segment 1.


It took 2.4936e-01 seconds to solve the linear system for segment 2.


It took 2.4950e-01 seconds to solve all the linear systems.


It took 1.8481e-02 seconds to compute the scattered field matrices for segment 1.


It took 1.8442e-02 seconds to compute the scattered field matrices for segment 2.


It took 1.8438e-02 seconds to compute the scattered field matrices for segment 3.


It took 6.6979e-05 seconds to compute the combined scattered fields in the observation points.


It took 1.8374e-02 seconds to compute the interior field matrices for segment 1.


It took 1.8444e-02 seconds to compute the interior field matrices for segment 2.


It took 1.8484e-02 seconds to compute the interior field matrices for segment 3.


It took 5.9098e-05 seconds to compute the combined interior fields in the observation points.


It took 4.1972e-05 seconds to compute the combined incident fields in the observation points.

DESTRUCTED!
n_test:  	644
n_top:  	98
n_right:  	224
n_bottom:	98
n_left:  	224
n_int:  	628
n_ext:  	648
n_obs:  	90000
n:      	90000
We are computing on the device!

It took 7.431170e-04 seconds to setup the segments!


It took 2.1225e-01 seconds to solve the linear system for segment 3.


It took 2.6074e-01 seconds to solve the linear system for segment 2.


It took 2.6127e-01 seconds to solve the linear system for segment 1.


It took 2.6147e-01 seconds to solve all the linear systems.


It took 1.8537e-02 seconds to compute the scattered field matrices for segment 1.


It took 1.8444e-02 seconds to compute the scattered field matrices for segment 2.


It took 1.8467e-02 seconds to compute the scattered field matrices for segment 3.


It took 1.2978e-04 seconds to compute the combined scattered fields in the observation points.


It took 5.9168e-05 seconds to compute the combined incident fields in the observation points.


It took 1.9441e-01 seconds to solve the linear system for segment 3.


It took 2.4277e-01 seconds to solve the linear system for segment 1.


It took 2.4421e-01 seconds to solve the linear system for segment 2.


It took 2.4429e-01 seconds to solve all the linear systems.


It took 1.8503e-02 seconds to compute the scattered field matrices for segment 1.


It took 1.8419e-02 seconds to compute the scattered field matrices for segment 2.


It took 1.8511e-02 seconds to compute the scattered field matrices for segment 3.


It took 6.0220e-05 seconds to compute the combined scattered fields in the observation points.


It took 4.0981e-05 seconds to compute the combined incident fields in the observation points.

DESTRUCTED!
n_test:  	594
n_top:  	73
n_right:  	224
n_bottom:	73
n_left:  	224
n_int:  	578
n_ext:  	598
n_obs:  	90000
n:      	90000
We are computing on the device!

It took 1.109993e-03 seconds to setup the segments!


It took 2.7118e-01 seconds to solve the linear system for segment 3.


It took 3.4257e-01 seconds to solve the linear system for segment 4.


It took 3.4457e-01 seconds to solve the linear system for segment 2.


It took 3.4554e-01 seconds to solve the linear system for segment 1.


It took 3.4592e-01 seconds to solve all the linear systems.


It took 2.0407e-02 seconds to compute the scattered field matrices for segment 1.


It took 1.9712e-02 seconds to compute the scattered field matrices for segment 2.


It took 1.9687e-02 seconds to compute the scattered field matrices for segment 3.


It took 1.9701e-02 seconds to compute the scattered field matrices for segment 4.


It took 5.2943e-04 seconds to compute the combined scattered fields in the observation points.


It took 2.0435e-02 seconds to compute the interior field matrices for segment 1.


It took 2.0411e-02 seconds to compute the interior field matrices for segment 2.


It took 2.0368e-02 seconds to compute the interior field matrices for segment 3.


It took 2.0343e-02 seconds to compute the interior field matrices for segment 4.


It took 7.5152e-05 seconds to compute the combined interior fields in the observation points.


It took 1.2764e-04 seconds to compute the combined incident fields in the observation points.


It took 2.2517e-01 seconds to solve the linear system for segment 3.


It took 2.9785e-01 seconds to solve the linear system for segment 1.


It took 3.0589e-01 seconds to solve the linear system for segment 2.


It took 3.0781e-01 seconds to solve the linear system for segment 4.


It took 3.0800e-01 seconds to solve all the linear systems.


It took 1.9751e-02 seconds to compute the scattered field matrices for segment 1.


It took 1.9679e-02 seconds to compute the scattered field matrices for segment 2.


It took 1.9645e-02 seconds to compute the scattered field matrices for segment 3.


It took 1.9677e-02 seconds to compute the scattered field matrices for segment 4.


It took 7.6494e-05 seconds to compute the combined scattered fields in the observation points.


It took 2.0328e-02 seconds to compute the interior field matrices for segment 1.


It took 2.0341e-02 seconds to compute the interior field matrices for segment 2.


It took 2.0376e-02 seconds to compute the interior field matrices for segment 3.


It took 2.0378e-02 seconds to compute the interior field matrices for segment 4.


It took 7.6744e-05 seconds to compute the combined interior fields in the observation points.


It took 4.2694e-05 seconds to compute the combined incident fields in the observation points.

DESTRUCTED!
n_test:  	594
n_top:  	73
n_right:  	224
n_bottom:	73
n_left:  	224
n_int:  	578
n_ext:  	598
n_obs:  	90000
n:      	90000
We are computing on the device!

It took 1.007151e-03 seconds to setup the segments!


It took 2.4632e-01 seconds to solve the linear system for segment 3.


It took 3.1372e-01 seconds to solve the linear system for segment 4.


It took 3.1513e-01 seconds to solve the linear system for segment 1.


It took 3.1612e-01 seconds to solve the linear system for segment 2.


It took 3.1633e-01 seconds to solve all the linear systems.


It took 1.9811e-02 seconds to compute the scattered field matrices for segment 1.


It took 1.9691e-02 seconds to compute the scattered field matrices for segment 2.


It took 1.9659e-02 seconds to compute the scattered field matrices for segment 3.


It took 1.9682e-02 seconds to compute the scattered field matrices for segment 4.


It took 1.6052e-04 seconds to compute the combined scattered fields in the observation points.


It took 6.3344e-05 seconds to compute the combined incident fields in the observation points.


It took 2.3143e-01 seconds to solve the linear system for segment 3.


It took 2.9731e-01 seconds to solve the linear system for segment 4.


It took 3.0172e-01 seconds to solve the linear system for segment 2.


It took 3.0910e-01 seconds to solve the linear system for segment 1.


It took 3.0921e-01 seconds to solve all the linear systems.


It took 1.9672e-02 seconds to compute the scattered field matrices for segment 1.


It took 1.9652e-02 seconds to compute the scattered field matrices for segment 2.


It took 1.9644e-02 seconds to compute the scattered field matrices for segment 3.


It took 1.9722e-02 seconds to compute the scattered field matrices for segment 4.


It took 7.6303e-05 seconds to compute the combined scattered fields in the observation points.


It took 4.1142e-05 seconds to compute the combined incident fields in the observation points.

DESTRUCTED!
n_test:  	564
n_top:  	58
n_right:  	224
n_bottom:	58
n_left:  	224
n_int:  	548
n_ext:  	568
n_obs:  	90000
n:      	90000
We are computing on the device!

It took 1.307960e-03 seconds to setup the segments!


It took 2.8579e-01 seconds to solve the linear system for segment 5.


It took 3.6626e-01 seconds to solve the linear system for segment 1.


It took 3.7443e-01 seconds to solve the linear system for segment 4.


It took 3.7551e-01 seconds to solve the linear system for segment 3.


It took 3.7648e-01 seconds to solve the linear system for segment 2.


It took 3.7698e-01 seconds to solve all the linear systems.


It took 1.6307e-02 seconds to compute the scattered field matrices for segment 1.


It took 1.6000e-02 seconds to compute the scattered field matrices for segment 2.


It took 1.5993e-02 seconds to compute the scattered field matrices for segment 3.


It took 1.5997e-02 seconds to compute the scattered field matrices for segment 4.


It took 1.5937e-02 seconds to compute the scattered field matrices for segment 5.


It took 3.0283e-04 seconds to compute the combined scattered fields in the observation points.


It took 1.6098e-02 seconds to compute the interior field matrices for segment 1.


It took 1.6082e-02 seconds to compute the interior field matrices for segment 2.


It took 1.6047e-02 seconds to compute the interior field matrices for segment 3.


It took 1.6102e-02 seconds to compute the interior field matrices for segment 4.


It took 1.6086e-02 seconds to compute the interior field matrices for segment 5.


It took 9.5862e-05 seconds to compute the combined interior fields in the observation points.


It took 1.2890e-04 seconds to compute the combined incident fields in the observation points.


It took 2.6575e-01 seconds to solve the linear system for segment 5.


It took 3.4727e-01 seconds to solve the linear system for segment 3.


It took 3.4794e-01 seconds to solve the linear system for segment 1.


It took 3.5544e-01 seconds to solve the linear system for segment 4.


It took 3.5674e-01 seconds to solve the linear system for segment 2.


It took 3.5687e-01 seconds to solve all the linear systems.


It took 1.5996e-02 seconds to compute the scattered field matrices for segment 1.


It took 1.6038e-02 seconds to compute the scattered field matrices for segment 2.


It took 1.6007e-02 seconds to compute the scattered field matrices for segment 3.


It took 1.5998e-02 seconds to compute the scattered field matrices for segment 4.


It took 1.5964e-02 seconds to compute the scattered field matrices for segment 5.


It took 9.5633e-05 seconds to compute the combined scattered fields in the observation points.


It took 1.6114e-02 seconds to compute the interior field matrices for segment 1.


It took 1.6071e-02 seconds to compute the interior field matrices for segment 2.


It took 1.6063e-02 seconds to compute the interior field matrices for segment 3.


It took 1.6055e-02 seconds to compute the interior field matrices for segment 4.


It took 1.6092e-02 seconds to compute the interior field matrices for segment 5.


It took 1.0105e-04 seconds to compute the combined interior fields in the observation points.


It took 4.2433e-05 seconds to compute the combined incident fields in the observation points.

DESTRUCTED!
n_test:  	564
n_top:  	58
n_right:  	224
n_bottom:	58
n_left:  	224
n_int:  	548
n_ext:  	568
n_obs:  	90000
n:      	90000
We are computing on the device!

It took 1.089884e-03 seconds to setup the segments!


It took 2.7317e-01 seconds to solve the linear system for segment 5.


It took 3.7257e-01 seconds to solve the linear system for segment 2.


It took 3.7412e-01 seconds to solve the linear system for segment 1.


It took 3.7753e-01 seconds to solve the linear system for segment 4.


It took 3.8450e-01 seconds to solve the linear system for segment 3.


It took 3.8472e-01 seconds to solve all the linear systems.


It took 1.6144e-02 seconds to compute the scattered field matrices for segment 1.


It took 1.5991e-02 seconds to compute the scattered field matrices for segment 2.


It took 1.6036e-02 seconds to compute the scattered field matrices for segment 3.


It took 1.5916e-02 seconds to compute the scattered field matrices for segment 4.


It took 1.5940e-02 seconds to compute the scattered field matrices for segment 5.


It took 2.5244e-04 seconds to compute the combined scattered fields in the observation points.


It took 6.9003e-05 seconds to compute the combined incident fields in the observation points.


It took 2.5200e-01 seconds to solve the linear system for segment 5.


It took 3.4035e-01 seconds to solve the linear system for segment 4.


It took 3.4834e-01 seconds to solve the linear system for segment 2.


It took 3.4981e-01 seconds to solve the linear system for segment 1.


It took 3.5007e-01 seconds to solve the linear system for segment 3.


It took 3.5022e-01 seconds to solve all the linear systems.


It took 1.6022e-02 seconds to compute the scattered field matrices for segment 1.


It took 1.6007e-02 seconds to compute the scattered field matrices for segment 2.


It took 1.5962e-02 seconds to compute the scattered field matrices for segment 3.


It took 1.5953e-02 seconds to compute the scattered field matrices for segment 4.


It took 1.5948e-02 seconds to compute the scattered field matrices for segment 5.


It took 9.6914e-05 seconds to compute the combined scattered fields in the observation points.


It took 4.2243e-05 seconds to compute the combined incident fields in the observation points.

DESTRUCTED!
n_test:  	1044
n_top:  	298
n_right:  	224
n_bottom:	298
n_left:  	224
n_int:  	1028
n_ext:  	1048
n_obs:  	90000
n:      	90000
We are computing on the device!

It took 6.128231e-04 seconds to setup the segments!


It took 1.6997e-01 seconds to solve the linear system for segment 1.


It took 1.7001e-01 seconds to solve all the linear systems.


It took 3.0166e-02 seconds to compute the scattered field matrices for segment 1.


It took 3.5562e-04 seconds to compute the combined scattered fields in the observation points.


It took 2.9959e-02 seconds to compute the interior field matrices for segment 1.


It took 2.3625e-05 seconds to compute the combined interior fields in the observation points.


It took 1.0125e-04 seconds to compute the combined incident fields in the observation points.


It took 1.3127e-01 seconds to solve the linear system for segment 1.


It took 1.3129e-01 seconds to solve all the linear systems.


It took 2.9937e-02 seconds to compute the scattered field matrices for segment 1.


It took 2.5769e-05 seconds to compute the combined scattered fields in the observation points.


It took 2.9830e-02 seconds to compute the interior field matrices for segment 1.


It took 2.3605e-05 seconds to compute the combined interior fields in the observation points.


It took 4.1292e-05 seconds to compute the combined incident fields in the observation points.

DESTRUCTED!
n_test:  	1044
n_top:  	298
n_right:  	224
n_bottom:	298
n_left:  	224
n_int:  	1028
n_ext:  	1048
n_obs:  	90000
n:      	90000
We are computing on the device!

It took 4.153589e-04 seconds to setup the segments!


It took 1.5382e-01 seconds to solve the linear system for segment 1.


It took 1.5384e-01 seconds to solve all the linear systems.


It took 3.0023e-02 seconds to compute the scattered field matrices for segment 1.


It took 7.6294e-05 seconds to compute the combined scattered fields in the observation points.


It took 6.3204e-05 seconds to compute the combined incident fields in the observation points.


It took 1.4062e-01 seconds to solve the linear system for segment 1.


It took 1.4065e-01 seconds to solve all the linear systems.


It took 2.9995e-02 seconds to compute the scattered field matrices for segment 1.


It took 2.6389e-05 seconds to compute the combined scattered fields in the observation points.


It took 4.3915e-05 seconds to compute the combined incident fields in the observation points.

DESTRUCTED!
n_test:  	744
n_top:  	148
n_right:  	224
n_bottom:	148
n_left:  	224
n_int:  	728
n_ext:  	748
n_obs:  	90000
n:      	90000
We are computing on the device!

It took 8.268210e-04 seconds to setup the segments!


It took 2.0636e-01 seconds to solve the linear system for segment 2.


It took 2.0759e-01 seconds to solve the linear system for segment 1.


It took 2.0786e-01 seconds to solve all the linear systems.


It took 2.0907e-02 seconds to compute the scattered field matrices for segment 1.


It took 2.0765e-02 seconds to compute the scattered field matrices for segment 2.


It took 2.2129e-04 seconds to compute the combined scattered fields in the observation points.


It took 2.2006e-02 seconds to compute the interior field matrices for segment 1.


It took 2.1993e-02 seconds to compute the interior field matrices for segment 2.


It took 9.2218e-05 seconds to compute the combined interior fields in the observation points.


It took 2.2497e-04 seconds to compute the combined incident fields in the observation points.


It took 1.8465e-01 seconds to solve the linear system for segment 1.


It took 1.8739e-01 seconds to solve the linear system for segment 2.


It took 1.8754e-01 seconds to solve all the linear systems.


It took 2.0809e-02 seconds to compute the scattered field matrices for segment 1.


It took 2.0757e-02 seconds to compute the scattered field matrices for segment 2.


It took 4.2443e-05 seconds to compute the combined scattered fields in the observation points.


It took 2.1861e-02 seconds to compute the interior field matrices for segment 1.


It took 2.1908e-02 seconds to compute the interior field matrices for segment 2.


It took 4.0821e-05 seconds to compute the combined interior fields in the observation points.


It took 4.0200e-05 seconds to compute the combined incident fields in the observation points.

DESTRUCTED!
n_test:  	744
n_top:  	148
n_right:  	224
n_bottom:	148
n_left:  	224
n_int:  	728
n_ext:  	748
n_obs:  	90000
n:      	90000
We are computing on the device!

It took 6.002251e-04 seconds to setup the segments!


It took 1.9235e-01 seconds to solve the linear system for segment 1.


It took 1.9354e-01 seconds to solve the linear system for segment 2.


It took 1.9373e-01 seconds to solve all the linear systems.


It took 2.0819e-02 seconds to compute the scattered field matrices for segment 1.


It took 2.0705e-02 seconds to compute the scattered field matrices for segment 2.


It took 1.0594e-04 seconds to compute the combined scattered fields in the observation points.


It took 6.7932e-05 seconds to compute the combined incident fields in the observation points.


It took 1.7042e-01 seconds to solve the linear system for segment 1.


It took 1.9230e-01 seconds to solve the linear system for segment 2.


It took 1.9241e-01 seconds to solve all the linear systems.


It took 2.0806e-02 seconds to compute the scattered field matrices for segment 1.


It took 2.0738e-02 seconds to compute the scattered field matrices for segment 2.


It took 4.8442e-05 seconds to compute the combined scattered fields in the observation points.


It took 4.1381e-05 seconds to compute the combined incident fields in the observation points.

DESTRUCTED!
n_test:  	644
n_top:  	98
n_right:  	224
n_bottom:	98
n_left:  	224
n_int:  	628
n_ext:  	648
n_obs:  	90000
n:      	90000
We are computing on the device!

It took 9.620429e-04 seconds to setup the segments!


It took 2.3346e-01 seconds to solve the linear system for segment 3.


It took 2.8402e-01 seconds to solve the linear system for segment 2.


It took 2.8514e-01 seconds to solve the linear system for segment 1.


It took 2.8542e-01 seconds to solve all the linear systems.


It took 1.8614e-02 seconds to compute the scattered field matrices for segment 1.


It took 1.8500e-02 seconds to compute the scattered field matrices for segment 2.


It took 1.8505e-02 seconds to compute the scattered field matrices for segment 3.


It took 3.8953e-04 seconds to compute the combined scattered fields in the observation points.


It took 1.8453e-02 seconds to compute the interior field matrices for segment 1.


It took 1.8501e-02 seconds to compute the interior field matrices for segment 2.


It took 1.8497e-02 seconds to compute the interior field matrices for segment 3.


It took 6.0290e-05 seconds to compute the combined interior fields in the observation points.


It took 1.2087e-04 seconds to compute the combined incident fields in the observation points.


It took 1.9674e-01 seconds to solve the linear system for segment 3.


It took 2.4652e-01 seconds to solve the linear system for segment 1.


It took 2.4782e-01 seconds to solve the linear system for segment 2.


It took 2.4796e-01 seconds to solve all the linear systems.


It took 1.8451e-02 seconds to compute the scattered field matrices for segment 1.


It took 1.8407e-02 seconds to compute the scattered field matrices for segment 2.


It took 1.8474e-02 seconds to compute the scattered field matrices for segment 3.


It took 5.9980e-05 seconds to compute the combined scattered fields in the observation points.


It took 1.8422e-02 seconds to compute the interior field matrices for segment 1.


It took 1.8500e-02 seconds to compute the interior field matrices for segment 2.


It took 1.8506e-02 seconds to compute the interior field matrices for segment 3.


It took 5.9559e-05 seconds to compute the combined interior fields in the observation points.


It took 4.0360e-05 seconds to compute the combined incident fields in the observation points.

DESTRUCTED!
n_test:  	644
n_top:  	98
n_right:  	224
n_bottom:	98
n_left:  	224
n_int:  	628
n_ext:  	648
n_obs:  	90000
n:      	90000
We are computing on the device!

It took 7.361672e-04 seconds to setup the segments!


It took 2.0408e-01 seconds to solve the linear system for segment 3.


It took 2.6051e-01 seconds to solve the linear system for segment 1.


It took 2.6188e-01 seconds to solve the linear system for segment 2.


It took 2.6209e-01 seconds to solve all the linear systems.


It took 1.8592e-02 seconds to compute the scattered field matrices for segment 1.


It took 1.8414e-02 seconds to compute the scattered field matrices for segment 2.


It took 1.8462e-02 seconds to compute the scattered field matrices for segment 3.


It took 1.3131e-04 seconds to compute the combined scattered fields in the observation points.


It took 6.0961e-05 seconds to compute the combined incident fields in the observation points.


It took 2.2268e-01 seconds to solve the linear system for segment 3.


It took 2.3541e-01 seconds to solve the linear system for segment 1.


It took 2.6327e-01 seconds to solve the linear system for segment 2.


It took 2.6341e-01 seconds to solve all the linear systems.


It took 1.8485e-02 seconds to compute the scattered field matrices for segment 1.


It took 1.8399e-02 seconds to compute the scattered field matrices for segment 2.


It took 1.8469e-02 seconds to compute the scattered field matrices for segment 3.


It took 5.8427e-05 seconds to compute the combined scattered fields in the observation points.


It took 4.0631e-05 seconds to compute the combined incident fields in the observation points.

DESTRUCTED!
n_test:  	594
n_top:  	73
n_right:  	224
n_bottom:	73
n_left:  	224
n_int:  	578
n_ext:  	598
n_obs:  	90000
n:      	90000
We are computing on the device!

It took 1.115482e-03 seconds to setup the segments!


It took 2.7276e-01 seconds to solve the linear system for segment 3.


It took 3.3433e-01 seconds to solve the linear system for segment 1.


It took 3.3631e-01 seconds to solve the linear system for segment 4.


It took 3.4240e-01 seconds to solve the linear system for segment 2.


It took 3.4284e-01 seconds to solve all the linear systems.


It took 1.9920e-02 seconds to compute the scattered field matrices for segment 1.


It took 1.9722e-02 seconds to compute the scattered field matrices for segment 2.


It took 1.9687e-02 seconds to compute the scattered field matrices for segment 3.


It took 1.9728e-02 seconds to compute the scattered field matrices for segment 4.


It took 4.8423e-04 seconds to compute the combined scattered fields in the observation points.


It took 2.0415e-02 seconds to compute the interior field matrices for segment 1.


It took 2.0410e-02 seconds to compute the interior field matrices for segment 2.


It took 2.0359e-02 seconds to compute the interior field matrices for segment 3.


It took 2.0383e-02 seconds to compute the interior field matrices for segment 4.


It took 7.5913e-05 seconds to compute the combined interior fields in the observation points.


It took 1.2921e-04 seconds to compute the combined incident fields in the observation points.


It took 2.5851e-01 seconds to solve the linear system for segment 3.


It took 3.1005e-01 seconds to solve the linear system for segment 2.


It took 3.1182e-01 seconds to solve the linear system for segment 1.


It took 3.1236e-01 seconds to solve the linear system for segment 4.


It took 3.1251e-01 seconds to solve all the linear systems.


It took 1.9751e-02 seconds to compute the scattered field matrices for segment 1.


It took 1.9688e-02 seconds to compute the scattered field matrices for segment 2.


It took 1.9662e-02 seconds to compute the scattered field matrices for segment 3.


It took 1.9738e-02 seconds to compute the scattered field matrices for segment 4.


It took 7.6904e-05 seconds to compute the combined scattered fields in the observation points.


It took 2.0360e-02 seconds to compute the interior field matrices for segment 1.


It took 2.0338e-02 seconds to compute the interior field matrices for segment 2.


It took 2.0325e-02 seconds to compute the interior field matrices for segment 3.


It took 2.0351e-02 seconds to compute the interior field matrices for segment 4.


It took 7.5973e-05 seconds to compute the combined interior fields in the observation points.


It took 4.1752e-05 seconds to compute the combined incident fields in the observation points.

DESTRUCTED!
n_test:  	594
n_top:  	73
n_right:  	224
n_bottom:	73
n_left:  	224
n_int:  	578
n_ext:  	598
n_obs:  	90000
n:      	90000
We are computing on the device!

It took 8.913279e-04 seconds to setup the segments!


It took 2.5980e-01 seconds to solve the linear system for segment 3.


It took 3.2105e-01 seconds to solve the linear system for segment 4.


It took 3.3072e-01 seconds to solve the linear system for segment 1.


It took 3.3292e-01 seconds to solve the linear system for segment 2.


It took 3.3312e-01 seconds to solve all the linear systems.


It took 1.9812e-02 seconds to compute the scattered field matrices for segment 1.


It took 1.9682e-02 seconds to compute the scattered field matrices for segment 2.


It took 1.9672e-02 seconds to compute the scattered field matrices for segment 3.


It took 1.9697e-02 seconds to compute the scattered field matrices for segment 4.


It took 1.5732e-04 seconds to compute the combined scattered fields in the observation points.


It took 6.2103e-05 seconds to compute the combined incident fields in the observation points.


It took 2.3558e-01 seconds to solve the linear system for segment 3.


It took 2.9361e-01 seconds to solve the linear system for segment 4.


It took 3.0042e-01 seconds to solve the linear system for segment 1.


It took 3.0143e-01 seconds to solve the linear system for segment 2.


It took 3.0153e-01 seconds to solve all the linear systems.


It took 1.9688e-02 seconds to compute the scattered field matrices for segment 1.


It took 1.9650e-02 seconds to compute the scattered field matrices for segment 2.


It took 1.9647e-02 seconds to compute the scattered field matrices for segment 3.


It took 1.9647e-02 seconds to compute the scattered field matrices for segment 4.


It took 7.7946e-05 seconds to compute the combined scattered fields in the observation points.


It took 4.2153e-05 seconds to compute the combined incident fields in the observation points.

DESTRUCTED!
n_test:  	564
n_top:  	58
n_right:  	224
n_bottom:	58
n_left:  	224
n_int:  	548
n_ext:  	568
n_obs:  	90000
n:      	90000
We are computing on the device!

It took 1.631090e-03 seconds to setup the segments!


It took 3.1243e-01 seconds to solve the linear system for segment 5.


It took 3.7478e-01 seconds to solve the linear system for segment 1.


It took 3.8372e-01 seconds to solve the linear system for segment 4.


It took 3.9241e-01 seconds to solve the linear system for segment 3.


It took 3.9375e-01 seconds to solve the linear system for segment 2.


It took 3.9435e-01 seconds to solve all the linear systems.


It took 1.6589e-02 seconds to compute the scattered field matrices for segment 1.


It took 1.6025e-02 seconds to compute the scattered field matrices for segment 2.


It took 1.6045e-02 seconds to compute the scattered field matrices for segment 3.


It took 1.5995e-02 seconds to compute the scattered field matrices for segment 4.


It took 1.5914e-02 seconds to compute the scattered field matrices for segment 5.


It took 4.0522e-04 seconds to compute the combined scattered fields in the observation points.


It took 1.6098e-02 seconds to compute the interior field matrices for segment 1.


It took 1.6103e-02 seconds to compute the interior field matrices for segment 2.


It took 1.6055e-02 seconds to compute the interior field matrices for segment 3.


It took 1.6089e-02 seconds to compute the interior field matrices for segment 4.


It took 1.6056e-02 seconds to compute the interior field matrices for segment 5.


It took 1.1626e-04 seconds to compute the combined interior fields in the observation points.


It took 1.7880e-04 seconds to compute the combined incident fields in the observation points.


It took 3.3441e-01 seconds to solve the linear system for segment 3.


It took 3.3630e-01 seconds to solve the linear system for segment 5.


It took 3.5506e-01 seconds to solve the linear system for segment 4.


It took 3.6777e-01 seconds to solve the linear system for segment 2.


It took 3.6889e-01 seconds to solve the linear system for segment 1.


It took 3.6899e-01 seconds to solve all the linear systems.


It took 1.5980e-02 seconds to compute the scattered field matrices for segment 1.


It took 1.6010e-02 seconds to compute the scattered field matrices for segment 2.


It took 1.6024e-02 seconds to compute the scattered field matrices for segment 3.


It took 1.5951e-02 seconds to compute the scattered field matrices for segment 4.


It took 1.5944e-02 seconds to compute the scattered field matrices for segment 5.


It took 1.1021e-04 seconds to compute the combined scattered fields in the observation points.


It took 1.6120e-02 seconds to compute the interior field matrices for segment 1.


It took 1.6078e-02 seconds to compute the interior field matrices for segment 2.


It took 1.6091e-02 seconds to compute the interior field matrices for segment 3.


It took 1.6153e-02 seconds to compute the interior field matrices for segment 4.


It took 1.6082e-02 seconds to compute the interior field matrices for segment 5.


It took 1.0678e-04 seconds to compute the combined interior fields in the observation points.


It took 4.9675e-05 seconds to compute the combined incident fields in the observation points.

DESTRUCTED!
n_test:  	564
n_top:  	58
n_right:  	224
n_bottom:	58
n_left:  	224
n_int:  	548
n_ext:  	568
n_obs:  	90000
n:      	90000
We are computing on the device!

It took 1.286607e-03 seconds to setup the segments!


It took 3.2361e-01 seconds to solve the linear system for segment 5.


It took 3.8261e-01 seconds to solve the linear system for segment 4.


It took 3.9451e-01 seconds to solve the linear system for segment 3.


It took 3.9583e-01 seconds to solve the linear system for segment 2.


It took 3.9617e-01 seconds to solve the linear system for segment 1.


It took 3.9643e-01 seconds to solve all the linear systems.


It took 1.6171e-02 seconds to compute the scattered field matrices for segment 1.


It took 1.6011e-02 seconds to compute the scattered field matrices for segment 2.


It took 1.5986e-02 seconds to compute the scattered field matrices for segment 3.


It took 1.5990e-02 seconds to compute the scattered field matrices for segment 4.


It took 1.5931e-02 seconds to compute the scattered field matrices for segment 5.


It took 2.3789e-04 seconds to compute the combined scattered fields in the observation points.


It took 7.3960e-05 seconds to compute the combined incident fields in the observation points.


It took 2.9722e-01 seconds to solve the linear system for segment 5.


It took 3.1775e-01 seconds to solve the linear system for segment 3.


It took 3.5863e-01 seconds to solve the linear system for segment 2.


It took 3.6026e-01 seconds to solve the linear system for segment 4.


It took 3.6642e-01 seconds to solve the linear system for segment 1.


It took 3.6654e-01 seconds to solve all the linear systems.


It took 1.6052e-02 seconds to compute the scattered field matrices for segment 1.


It took 1.5982e-02 seconds to compute the scattered field matrices for segment 2.


It took 1.5957e-02 seconds to compute the scattered field matrices for segment 3.


It took 1.6004e-02 seconds to compute the scattered field matrices for segment 4.


It took 1.5979e-02 seconds to compute the scattered field matrices for segment 5.


It took 1.0813e-04 seconds to compute the combined scattered fields in the observation points.


It took 5.0826e-05 seconds to compute the combined incident fields in the observation points.

DESTRUCTED!

------------------------------------------------------------
Sender: LSF System <lsfadmin@hpc.dtu.dk>
Subject: Job 23280277: <forward> in cluster <dcc> Done

Job <forward> was submitted from host <hpclogin1> by user <s194146> in cluster <dcc> at Wed Nov 27 21:30:29 2024
Job was executed on host(s) <64*n-62-12-81>, in queue <gpuh100>, as user <s194146> in cluster <dcc> at Wed Nov 27 21:30:29 2024
</zhome/00/b/147112> was used as the home directory.
</zhome/00/b/147112/bioscat/Scripts/main> was used as the working directory.
Started at Wed Nov 27 21:30:29 2024
Terminated at Wed Nov 27 21:39:30 2024
Results reported at Wed Nov 27 21:39:30 2024

Your job looked like:

------------------------------------------------------------
# LSBATCH: User input
#!/bin/bash
#BSUB -J forward # name
#BSUB -o outfiles/forward_%J.out # output file
#BSUB -q gpuh100
#BSUB -n 64 ## cores
#BSUB -R "rusage[mem=1GB]" 
#BSUB -W 24:00 # useable time in minutes
##BSUB -N # send mail when done
#BSUB -R "span[hosts=1]"
#BSUB -gpu "num=1:mode=exclusive_process"

module load gcc/12.3.0-binutils-2.40
module load cuda/12.2.2
# "Retinin2x2" or "demoleus2x2"

OMP_NUM_THREADS=64 python forward.py 1 1 0 demoleus2x2

OMP_NUM_THREADS=64 python forward.py 1 2 0 demoleus2x2

OMP_NUM_THREADS=64 python forward.py 1 3 0 demoleus2x2

OMP_NUM_THREADS=64 python forward.py 1 4 0 demoleus2x2

OMP_NUM_THREADS=64 python forward.py 1 5 0 demoleus2x2

OMP_NUM_THREADS=64 python forward.py 1 1 90 demoleus2x2

OMP_NUM_THREADS=64 python forward.py 1 2 90 demoleus2x2

OMP_NUM_THREADS=64 python forward.py 1 3 90 demoleus2x2

OMP_NUM_THREADS=64 python forward.py 1 4 90 demoleus2x2

OMP_NUM_THREADS=64 python forward.py 1 5 90 demoleus2x2

OMP_NUM_THREADS=64 python forward.py 1 1 0 Retinin2x2

OMP_NUM_THREADS=64 python forward.py 1 2 0 Retinin2x2

OMP_NUM_THREADS=64 python forward.py 1 3 0 Retinin2x2

OMP_NUM_THREADS=64 python forward.py 1 4 0 Retinin2x2

OMP_NUM_THREADS=64 python forward.py 1 5 0 Retinin2x2

OMP_NUM_THREADS=64 python forward.py 1 1 90 Retinin2x2

OMP_NUM_THREADS=64 python forward.py 1 2 90 Retinin2x2

OMP_NUM_THREADS=64 python forward.py 1 3 90 Retinin2x2

(... more ...)
------------------------------------------------------------

Successfully completed.

Resource usage summary:

    CPU time :                                   1698.00 sec.
    Max Memory :                                 230 MB
    Average Memory :                             204.50 MB
    Total Requested Memory :                     65536.00 MB
    Delta Memory :                               65306.00 MB
    Max Swap :                                   -
    Max Processes :                              4
    Max Threads :                                71
    Run time :                                   541 sec.
    Turnaround time :                            541 sec.

The output (if any) is above this job summary.

