Loaded module: gcc/12.3.0-binutils-2.40
Loaded module: cuda/12.2.2
n_test:  	1044
n_top:  	298
n_right:  	224
n_bottom:	298
n_left:  	224
n_int:  	1028
n_ext:  	1048
n_obs:  	90000
n:      	90000
We are computing on the device!

It took 7.044889e-04 seconds to setup the segments!


It took 2.3337e-01 seconds to solve the linear system for segment 1.


It took 2.3341e-01 seconds to solve all the linear systems.


It took 3.0190e-02 seconds to compute the scattered field matrices for segment 1.


It took 1.5924e-04 seconds to compute the combined scattered fields in the observation points.


It took 2.9902e-02 seconds to compute the interior field matrices for segment 1.


It took 2.6660e-05 seconds to compute the combined interior fields in the observation points.


It took 8.2403e-05 seconds to compute the combined incident fields in the observation points.


It took 1.3903e-01 seconds to solve the linear system for segment 1.


It took 1.3905e-01 seconds to solve all the linear systems.


It took 3.0049e-02 seconds to compute the scattered field matrices for segment 1.


It took 2.7561e-05 seconds to compute the combined scattered fields in the observation points.


It took 2.9799e-02 seconds to compute the interior field matrices for segment 1.


It took 2.6580e-05 seconds to compute the combined interior fields in the observation points.


It took 4.2954e-05 seconds to compute the combined incident fields in the observation points.

DESTRUCTED!
n_test:  	1044
n_top:  	298
n_right:  	224
n_bottom:	298
n_left:  	224
n_int:  	1028
n_ext:  	1048
n_obs:  	90000
n:      	90000
We are computing on the device!

It took 4.391542e-04 seconds to setup the segments!


It took 1.4566e-01 seconds to solve the linear system for segment 1.


It took 1.4568e-01 seconds to solve all the linear systems.


It took 3.0012e-02 seconds to compute the scattered field matrices for segment 1.


It took 7.6023e-05 seconds to compute the combined scattered fields in the observation points.


It took 2.9862e-02 seconds to compute the interior field matrices for segment 1.


It took 2.5128e-05 seconds to compute the combined interior fields in the observation points.


It took 8.4466e-05 seconds to compute the combined incident fields in the observation points.


It took 1.2811e-01 seconds to solve the linear system for segment 1.


It took 1.2813e-01 seconds to solve all the linear systems.


It took 3.0021e-02 seconds to compute the scattered field matrices for segment 1.


It took 2.6048e-05 seconds to compute the combined scattered fields in the observation points.


It took 2.9861e-02 seconds to compute the interior field matrices for segment 1.


It took 2.5678e-05 seconds to compute the combined interior fields in the observation points.


It took 4.3154e-05 seconds to compute the combined incident fields in the observation points.

DESTRUCTED!
n_test:  	744
n_top:  	148
n_right:  	224
n_bottom:	148
n_left:  	224
n_int:  	728
n_ext:  	748
n_obs:  	90000
n:      	90000
We are computing on the device!

It took 8.576079e-04 seconds to setup the segments!


It took 1.9392e-01 seconds to solve the linear system for segment 1.


It took 1.9497e-01 seconds to solve the linear system for segment 2.


It took 1.9529e-01 seconds to solve all the linear systems.


It took 2.0781e-02 seconds to compute the scattered field matrices for segment 1.


It took 2.0634e-02 seconds to compute the scattered field matrices for segment 2.


It took 2.1008e-04 seconds to compute the combined scattered fields in the observation points.


It took 2.1869e-02 seconds to compute the interior field matrices for segment 1.


It took 2.1879e-02 seconds to compute the interior field matrices for segment 2.


It took 4.3384e-05 seconds to compute the combined interior fields in the observation points.


It took 9.2098e-05 seconds to compute the combined incident fields in the observation points.


It took 1.7317e-01 seconds to solve the linear system for segment 2.


It took 1.7433e-01 seconds to solve the linear system for segment 1.


It took 1.7444e-01 seconds to solve all the linear systems.


It took 2.0787e-02 seconds to compute the scattered field matrices for segment 1.


It took 2.0773e-02 seconds to compute the scattered field matrices for segment 2.


It took 5.4231e-05 seconds to compute the combined scattered fields in the observation points.


It took 2.1893e-02 seconds to compute the interior field matrices for segment 1.


It took 2.1862e-02 seconds to compute the interior field matrices for segment 2.


It took 4.3635e-05 seconds to compute the combined interior fields in the observation points.


It took 6.8392e-05 seconds to compute the combined incident fields in the observation points.

DESTRUCTED!
n_test:  	744
n_top:  	148
n_right:  	224
n_bottom:	148
n_left:  	224
n_int:  	728
n_ext:  	748
n_obs:  	90000
n:      	90000
We are computing on the device!

It took 6.626770e-04 seconds to setup the segments!


It took 1.9006e-01 seconds to solve the linear system for segment 1.


It took 1.9204e-01 seconds to solve the linear system for segment 2.


It took 1.9222e-01 seconds to solve all the linear systems.


It took 2.0786e-02 seconds to compute the scattered field matrices for segment 1.


It took 2.0671e-02 seconds to compute the scattered field matrices for segment 2.


It took 1.6195e-04 seconds to compute the combined scattered fields in the observation points.


It took 2.1867e-02 seconds to compute the interior field matrices for segment 1.


It took 2.1933e-02 seconds to compute the interior field matrices for segment 2.


It took 5.0185e-05 seconds to compute the combined interior fields in the observation points.


It took 9.9679e-05 seconds to compute the combined incident fields in the observation points.


It took 1.6315e-01 seconds to solve the linear system for segment 1.


It took 1.6404e-01 seconds to solve the linear system for segment 2.


It took 1.6412e-01 seconds to solve all the linear systems.


It took 2.0789e-02 seconds to compute the scattered field matrices for segment 1.


It took 2.0677e-02 seconds to compute the scattered field matrices for segment 2.


It took 4.4516e-05 seconds to compute the combined scattered fields in the observation points.


It took 2.1853e-02 seconds to compute the interior field matrices for segment 1.


It took 2.1863e-02 seconds to compute the interior field matrices for segment 2.


It took 4.4837e-05 seconds to compute the combined interior fields in the observation points.


It took 4.2914e-05 seconds to compute the combined incident fields in the observation points.

DESTRUCTED!
n_test:  	644
n_top:  	98
n_right:  	224
n_bottom:	98
n_left:  	224
n_int:  	628
n_ext:  	648
n_obs:  	90000
n:      	90000
We are computing on the device!

It took 1.068712e-03 seconds to setup the segments!


It took 2.6670e-01 seconds to solve the linear system for segment 3.


It took 2.6905e-01 seconds to solve the linear system for segment 1.


It took 2.7012e-01 seconds to solve the linear system for segment 2.


It took 2.7045e-01 seconds to solve all the linear systems.


It took 1.8631e-02 seconds to compute the scattered field matrices for segment 1.


It took 1.8420e-02 seconds to compute the scattered field matrices for segment 2.


It took 1.8449e-02 seconds to compute the scattered field matrices for segment 3.


It took 5.0130e-04 seconds to compute the combined scattered fields in the observation points.


It took 1.8333e-02 seconds to compute the interior field matrices for segment 1.


It took 1.8433e-02 seconds to compute the interior field matrices for segment 2.


It took 1.8395e-02 seconds to compute the interior field matrices for segment 3.


It took 6.2864e-05 seconds to compute the combined interior fields in the observation points.


It took 1.1837e-04 seconds to compute the combined incident fields in the observation points.


It took 2.1935e-01 seconds to solve the linear system for segment 3.


It took 2.3865e-01 seconds to solve the linear system for segment 2.


It took 2.3967e-01 seconds to solve the linear system for segment 1.


It took 2.3983e-01 seconds to solve all the linear systems.


It took 1.8395e-02 seconds to compute the scattered field matrices for segment 1.


It took 1.8406e-02 seconds to compute the scattered field matrices for segment 2.


It took 1.8450e-02 seconds to compute the scattered field matrices for segment 3.


It took 6.3685e-05 seconds to compute the combined scattered fields in the observation points.


It took 1.8372e-02 seconds to compute the interior field matrices for segment 1.


It took 1.8402e-02 seconds to compute the interior field matrices for segment 2.


It took 1.8414e-02 seconds to compute the interior field matrices for segment 3.


It took 6.3335e-05 seconds to compute the combined interior fields in the observation points.


It took 4.2964e-05 seconds to compute the combined incident fields in the observation points.

DESTRUCTED!
n_test:  	644
n_top:  	98
n_right:  	224
n_bottom:	98
n_left:  	224
n_int:  	628
n_ext:  	648
n_obs:  	90000
n:      	90000
We are computing on the device!

It took 9.232450e-04 seconds to setup the segments!


It took 2.4538e-01 seconds to solve the linear system for segment 3.


It took 2.4710e-01 seconds to solve the linear system for segment 1.


It took 2.4738e-01 seconds to solve the linear system for segment 2.


It took 2.4765e-01 seconds to solve all the linear systems.


It took 1.8642e-02 seconds to compute the scattered field matrices for segment 1.


It took 1.8407e-02 seconds to compute the scattered field matrices for segment 2.


It took 1.8498e-02 seconds to compute the scattered field matrices for segment 3.


It took 1.5482e-04 seconds to compute the combined scattered fields in the observation points.


It took 1.8430e-02 seconds to compute the interior field matrices for segment 1.


It took 1.8450e-02 seconds to compute the interior field matrices for segment 2.


It took 1.8473e-02 seconds to compute the interior field matrices for segment 3.


It took 6.1732e-05 seconds to compute the combined interior fields in the observation points.


It took 1.0374e-04 seconds to compute the combined incident fields in the observation points.


It took 2.3407e-01 seconds to solve the linear system for segment 1.


It took 2.4279e-01 seconds to solve the linear system for segment 2.


It took 2.4566e-01 seconds to solve the linear system for segment 3.


It took 2.4578e-01 seconds to solve all the linear systems.


It took 1.8408e-02 seconds to compute the scattered field matrices for segment 1.


It took 1.8395e-02 seconds to compute the scattered field matrices for segment 2.


It took 1.8498e-02 seconds to compute the scattered field matrices for segment 3.


It took 6.3565e-05 seconds to compute the combined scattered fields in the observation points.


It took 1.8341e-02 seconds to compute the interior field matrices for segment 1.


It took 1.8404e-02 seconds to compute the interior field matrices for segment 2.


It took 1.8416e-02 seconds to compute the interior field matrices for segment 3.


It took 6.3134e-05 seconds to compute the combined interior fields in the observation points.


It took 4.4176e-05 seconds to compute the combined incident fields in the observation points.

DESTRUCTED!
n_test:  	594
n_top:  	73
n_right:  	224
n_bottom:	73
n_left:  	224
n_int:  	578
n_ext:  	598
n_obs:  	90000
n:      	90000
We are computing on the device!

It took 1.198585e-03 seconds to setup the segments!


It took 2.6159e-01 seconds to solve the linear system for segment 3.


It took 3.2153e-01 seconds to solve the linear system for segment 1.


It took 3.2347e-01 seconds to solve the linear system for segment 2.


It took 3.2963e-01 seconds to solve the linear system for segment 4.


It took 3.3001e-01 seconds to solve all the linear systems.


It took 1.9841e-02 seconds to compute the scattered field matrices for segment 1.


It took 1.9747e-02 seconds to compute the scattered field matrices for segment 2.


It took 1.9736e-02 seconds to compute the scattered field matrices for segment 3.


It took 1.9666e-02 seconds to compute the scattered field matrices for segment 4.


It took 4.9802e-04 seconds to compute the combined scattered fields in the observation points.


It took 2.0359e-02 seconds to compute the interior field matrices for segment 1.


It took 2.0400e-02 seconds to compute the interior field matrices for segment 2.


It took 2.0360e-02 seconds to compute the interior field matrices for segment 3.


It took 2.0345e-02 seconds to compute the interior field matrices for segment 4.


It took 9.5532e-05 seconds to compute the combined interior fields in the observation points.


It took 1.1742e-04 seconds to compute the combined incident fields in the observation points.


It took 2.3831e-01 seconds to solve the linear system for segment 3.


It took 3.0282e-01 seconds to solve the linear system for segment 1.


It took 3.0461e-01 seconds to solve the linear system for segment 2.


It took 3.0513e-01 seconds to solve the linear system for segment 4.


It took 3.0527e-01 seconds to solve all the linear systems.


It took 1.9711e-02 seconds to compute the scattered field matrices for segment 1.


It took 1.9648e-02 seconds to compute the scattered field matrices for segment 2.


It took 1.9605e-02 seconds to compute the scattered field matrices for segment 3.


It took 1.9692e-02 seconds to compute the scattered field matrices for segment 4.


It took 7.9468e-05 seconds to compute the combined scattered fields in the observation points.


It took 2.0345e-02 seconds to compute the interior field matrices for segment 1.


It took 2.0254e-02 seconds to compute the interior field matrices for segment 2.


It took 2.0268e-02 seconds to compute the interior field matrices for segment 3.


It took 2.0307e-02 seconds to compute the interior field matrices for segment 4.


It took 8.0149e-05 seconds to compute the combined interior fields in the observation points.


It took 4.4055e-05 seconds to compute the combined incident fields in the observation points.

DESTRUCTED!
n_test:  	594
n_top:  	73
n_right:  	224
n_bottom:	73
n_left:  	224
n_int:  	578
n_ext:  	598
n_obs:  	90000
n:      	90000
We are computing on the device!

It took 1.214518e-03 seconds to setup the segments!


It took 2.4918e-01 seconds to solve the linear system for segment 4.


It took 3.1971e-01 seconds to solve the linear system for segment 3.


It took 3.3429e-01 seconds to solve the linear system for segment 2.


It took 3.3737e-01 seconds to solve the linear system for segment 1.


It took 3.3762e-01 seconds to solve all the linear systems.


It took 1.9847e-02 seconds to compute the scattered field matrices for segment 1.


It took 1.9733e-02 seconds to compute the scattered field matrices for segment 2.


It took 1.9693e-02 seconds to compute the scattered field matrices for segment 3.


It took 1.9670e-02 seconds to compute the scattered field matrices for segment 4.


It took 2.7240e-04 seconds to compute the combined scattered fields in the observation points.


It took 2.0429e-02 seconds to compute the interior field matrices for segment 1.


It took 2.0339e-02 seconds to compute the interior field matrices for segment 2.


It took 2.0416e-02 seconds to compute the interior field matrices for segment 3.


It took 2.0359e-02 seconds to compute the interior field matrices for segment 4.


It took 8.1541e-05 seconds to compute the combined interior fields in the observation points.


It took 1.5965e-04 seconds to compute the combined incident fields in the observation points.


It took 2.1038e-01 seconds to solve the linear system for segment 4.


It took 2.8047e-01 seconds to solve the linear system for segment 3.


It took 2.8232e-01 seconds to solve the linear system for segment 1.


It took 2.8294e-01 seconds to solve the linear system for segment 2.


It took 2.8306e-01 seconds to solve all the linear systems.


It took 1.9734e-02 seconds to compute the scattered field matrices for segment 1.


It took 1.9630e-02 seconds to compute the scattered field matrices for segment 2.


It took 1.9642e-02 seconds to compute the scattered field matrices for segment 3.


It took 1.9765e-02 seconds to compute the scattered field matrices for segment 4.


It took 8.5487e-05 seconds to compute the combined scattered fields in the observation points.


It took 2.0378e-02 seconds to compute the interior field matrices for segment 1.


It took 2.0331e-02 seconds to compute the interior field matrices for segment 2.


It took 2.0342e-02 seconds to compute the interior field matrices for segment 3.


It took 2.0377e-02 seconds to compute the interior field matrices for segment 4.


It took 8.4375e-05 seconds to compute the combined interior fields in the observation points.


It took 5.3540e-05 seconds to compute the combined incident fields in the observation points.

DESTRUCTED!
n_test:  	564
n_top:  	58
n_right:  	224
n_bottom:	58
n_left:  	224
n_int:  	548
n_ext:  	568
n_obs:  	90000
n:      	90000
We are computing on the device!

It took 1.363030e-03 seconds to setup the segments!


It took 3.6547e-01 seconds to solve the linear system for segment 4.


It took 3.6985e-01 seconds to solve the linear system for segment 3.


It took 3.7042e-01 seconds to solve the linear system for segment 1.


It took 3.7646e-01 seconds to solve the linear system for segment 5.


It took 3.7839e-01 seconds to solve the linear system for segment 2.


It took 3.7899e-01 seconds to solve all the linear systems.


It took 1.6208e-02 seconds to compute the scattered field matrices for segment 1.


It took 1.5993e-02 seconds to compute the scattered field matrices for segment 2.


It took 1.6011e-02 seconds to compute the scattered field matrices for segment 3.


It took 1.6049e-02 seconds to compute the scattered field matrices for segment 4.


It took 1.5946e-02 seconds to compute the scattered field matrices for segment 5.


It took 5.1132e-04 seconds to compute the combined scattered fields in the observation points.


It took 1.6041e-02 seconds to compute the interior field matrices for segment 1.


It took 1.6060e-02 seconds to compute the interior field matrices for segment 2.


It took 1.6015e-02 seconds to compute the interior field matrices for segment 3.


It took 1.5996e-02 seconds to compute the interior field matrices for segment 4.


It took 1.5990e-02 seconds to compute the interior field matrices for segment 5.


It took 1.1415e-04 seconds to compute the combined interior fields in the observation points.


It took 1.1750e-04 seconds to compute the combined incident fields in the observation points.


It took 3.2601e-01 seconds to solve the linear system for segment 3.


It took 3.4054e-01 seconds to solve the linear system for segment 5.


It took 3.4871e-01 seconds to solve the linear system for segment 2.


It took 3.4933e-01 seconds to solve the linear system for segment 4.


It took 3.5027e-01 seconds to solve the linear system for segment 1.


It took 3.5040e-01 seconds to solve all the linear systems.


It took 1.6002e-02 seconds to compute the scattered field matrices for segment 1.


It took 1.5992e-02 seconds to compute the scattered field matrices for segment 2.


It took 1.5981e-02 seconds to compute the scattered field matrices for segment 3.


It took 1.5956e-02 seconds to compute the scattered field matrices for segment 4.


It took 1.5889e-02 seconds to compute the scattered field matrices for segment 5.


It took 1.0378e-04 seconds to compute the combined scattered fields in the observation points.


It took 1.6034e-02 seconds to compute the interior field matrices for segment 1.


It took 1.5971e-02 seconds to compute the interior field matrices for segment 2.


It took 1.6031e-02 seconds to compute the interior field matrices for segment 3.


It took 1.6026e-02 seconds to compute the interior field matrices for segment 4.


It took 1.6074e-02 seconds to compute the interior field matrices for segment 5.


It took 9.7124e-05 seconds to compute the combined interior fields in the observation points.


It took 4.2914e-05 seconds to compute the combined incident fields in the observation points.

DESTRUCTED!
n_test:  	564
n_top:  	58
n_right:  	224
n_bottom:	58
n_left:  	224
n_int:  	548
n_ext:  	568
n_obs:  	90000
n:      	90000
We are computing on the device!

It took 1.135581e-03 seconds to setup the segments!


It took 3.5058e-01 seconds to solve the linear system for segment 3.


It took 3.6229e-01 seconds to solve the linear system for segment 5.


It took 3.6288e-01 seconds to solve the linear system for segment 4.


It took 3.7080e-01 seconds to solve the linear system for segment 1.


It took 3.7276e-01 seconds to solve the linear system for segment 2.


It took 3.7297e-01 seconds to solve all the linear systems.


It took 1.6130e-02 seconds to compute the scattered field matrices for segment 1.


It took 1.6010e-02 seconds to compute the scattered field matrices for segment 2.


It took 1.5991e-02 seconds to compute the scattered field matrices for segment 3.


It took 1.5951e-02 seconds to compute the scattered field matrices for segment 4.


It took 1.5930e-02 seconds to compute the scattered field matrices for segment 5.


It took 2.3833e-04 seconds to compute the combined scattered fields in the observation points.


It took 1.6058e-02 seconds to compute the interior field matrices for segment 1.


It took 1.6036e-02 seconds to compute the interior field matrices for segment 2.


It took 1.6049e-02 seconds to compute the interior field matrices for segment 3.


It took 1.6046e-02 seconds to compute the interior field matrices for segment 4.


It took 1.6054e-02 seconds to compute the interior field matrices for segment 5.


It took 9.8406e-05 seconds to compute the combined interior fields in the observation points.


It took 1.2633e-04 seconds to compute the combined incident fields in the observation points.


It took 3.2958e-01 seconds to solve the linear system for segment 3.


It took 3.3909e-01 seconds to solve the linear system for segment 4.


It took 3.4697e-01 seconds to solve the linear system for segment 5.


It took 3.4967e-01 seconds to solve the linear system for segment 2.


It took 3.5052e-01 seconds to solve the linear system for segment 1.


It took 3.5061e-01 seconds to solve all the linear systems.


It took 1.6013e-02 seconds to compute the scattered field matrices for segment 1.


It took 1.5966e-02 seconds to compute the scattered field matrices for segment 2.


It took 1.5934e-02 seconds to compute the scattered field matrices for segment 3.


It took 1.5879e-02 seconds to compute the scattered field matrices for segment 4.


It took 1.5933e-02 seconds to compute the scattered field matrices for segment 5.


It took 9.9047e-05 seconds to compute the combined scattered fields in the observation points.


It took 1.6051e-02 seconds to compute the interior field matrices for segment 1.


It took 1.6006e-02 seconds to compute the interior field matrices for segment 2.


It took 1.6013e-02 seconds to compute the interior field matrices for segment 3.


It took 1.6066e-02 seconds to compute the interior field matrices for segment 4.


It took 1.6028e-02 seconds to compute the interior field matrices for segment 5.


It took 9.9118e-05 seconds to compute the combined interior fields in the observation points.


It took 4.6068e-05 seconds to compute the combined incident fields in the observation points.

DESTRUCTED!
n_test:  	1044
n_top:  	298
n_right:  	224
n_bottom:	298
n_left:  	224
n_int:  	1028
n_ext:  	1048
n_obs:  	90000
n:      	90000
We are computing on the device!

It took 6.332330e-04 seconds to setup the segments!


It took 1.6333e-01 seconds to solve the linear system for segment 1.


It took 1.6336e-01 seconds to solve all the linear systems.


It took 3.0175e-02 seconds to compute the scattered field matrices for segment 1.


It took 1.7375e-04 seconds to compute the combined scattered fields in the observation points.


It took 2.9874e-02 seconds to compute the interior field matrices for segment 1.


It took 2.5538e-05 seconds to compute the combined interior fields in the observation points.


It took 8.7440e-05 seconds to compute the combined incident fields in the observation points.


It took 1.3709e-01 seconds to solve the linear system for segment 1.


It took 1.3711e-01 seconds to solve all the linear systems.


It took 2.9994e-02 seconds to compute the scattered field matrices for segment 1.


It took 2.5898e-05 seconds to compute the combined scattered fields in the observation points.


It took 2.9824e-02 seconds to compute the interior field matrices for segment 1.


It took 2.5759e-05 seconds to compute the combined interior fields in the observation points.


It took 4.2704e-05 seconds to compute the combined incident fields in the observation points.

DESTRUCTED!
n_test:  	1044
n_top:  	298
n_right:  	224
n_bottom:	298
n_left:  	224
n_int:  	1028
n_ext:  	1048
n_obs:  	90000
n:      	90000
We are computing on the device!

It took 4.472760e-04 seconds to setup the segments!


It took 1.5251e-01 seconds to solve the linear system for segment 1.


It took 1.5253e-01 seconds to solve all the linear systems.


It took 3.0133e-02 seconds to compute the scattered field matrices for segment 1.


It took 8.1061e-05 seconds to compute the combined scattered fields in the observation points.


It took 2.9887e-02 seconds to compute the interior field matrices for segment 1.


It took 2.6430e-05 seconds to compute the combined interior fields in the observation points.


It took 8.2913e-05 seconds to compute the combined incident fields in the observation points.


It took 1.2924e-01 seconds to solve the linear system for segment 1.


It took 1.2926e-01 seconds to solve all the linear systems.


It took 3.0027e-02 seconds to compute the scattered field matrices for segment 1.


It took 2.7491e-05 seconds to compute the combined scattered fields in the observation points.


It took 2.9800e-02 seconds to compute the interior field matrices for segment 1.


It took 2.6329e-05 seconds to compute the combined interior fields in the observation points.


It took 4.5137e-05 seconds to compute the combined incident fields in the observation points.

DESTRUCTED!
n_test:  	744
n_top:  	148
n_right:  	224
n_bottom:	148
n_left:  	224
n_int:  	728
n_ext:  	748
n_obs:  	90000
n:      	90000
We are computing on the device!

It took 8.477431e-04 seconds to setup the segments!


It took 2.0597e-01 seconds to solve the linear system for segment 2.


It took 2.0800e-01 seconds to solve the linear system for segment 1.


It took 2.0826e-01 seconds to solve all the linear systems.


It took 2.0886e-02 seconds to compute the scattered field matrices for segment 1.


It took 2.0627e-02 seconds to compute the scattered field matrices for segment 2.


It took 2.0438e-04 seconds to compute the combined scattered fields in the observation points.


It took 2.1897e-02 seconds to compute the interior field matrices for segment 1.


It took 2.3435e-02 seconds to compute the interior field matrices for segment 2.


It took 1.0375e-04 seconds to compute the combined interior fields in the observation points.


It took 2.4348e-04 seconds to compute the combined incident fields in the observation points.


It took 1.8175e-01 seconds to solve the linear system for segment 2.


It took 1.8396e-01 seconds to solve the linear system for segment 1.


It took 1.8410e-01 seconds to solve all the linear systems.


It took 2.0764e-02 seconds to compute the scattered field matrices for segment 1.


It took 2.0722e-02 seconds to compute the scattered field matrices for segment 2.


It took 4.5017e-05 seconds to compute the combined scattered fields in the observation points.


It took 2.1881e-02 seconds to compute the interior field matrices for segment 1.


It took 2.1843e-02 seconds to compute the interior field matrices for segment 2.


It took 4.3996e-05 seconds to compute the combined interior fields in the observation points.


It took 4.5497e-05 seconds to compute the combined incident fields in the observation points.

DESTRUCTED!
n_test:  	744
n_top:  	148
n_right:  	224
n_bottom:	148
n_left:  	224
n_int:  	728
n_ext:  	748
n_obs:  	90000
n:      	90000
We are computing on the device!

It took 6.876739e-04 seconds to setup the segments!


It took 1.8245e-01 seconds to solve the linear system for segment 2.


It took 1.8355e-01 seconds to solve the linear system for segment 1.


It took 1.8372e-01 seconds to solve all the linear systems.


It took 2.0675e-02 seconds to compute the scattered field matrices for segment 1.


It took 2.0638e-02 seconds to compute the scattered field matrices for segment 2.


It took 1.1046e-04 seconds to compute the combined scattered fields in the observation points.


It took 2.1905e-02 seconds to compute the interior field matrices for segment 1.


It took 2.1924e-02 seconds to compute the interior field matrices for segment 2.


It took 4.3594e-05 seconds to compute the combined interior fields in the observation points.


It took 8.8732e-05 seconds to compute the combined incident fields in the observation points.


It took 1.7336e-01 seconds to solve the linear system for segment 1.


It took 1.7454e-01 seconds to solve the linear system for segment 2.


It took 1.7463e-01 seconds to solve all the linear systems.


It took 2.0713e-02 seconds to compute the scattered field matrices for segment 1.


It took 2.0640e-02 seconds to compute the scattered field matrices for segment 2.


It took 4.5138e-05 seconds to compute the combined scattered fields in the observation points.


It took 2.1835e-02 seconds to compute the interior field matrices for segment 1.


It took 2.1788e-02 seconds to compute the interior field matrices for segment 2.


It took 4.4196e-05 seconds to compute the combined interior fields in the observation points.


It took 4.5258e-05 seconds to compute the combined incident fields in the observation points.

DESTRUCTED!
n_test:  	644
n_top:  	98
n_right:  	224
n_bottom:	98
n_left:  	224
n_int:  	628
n_ext:  	648
n_obs:  	90000
n:      	90000
We are computing on the device!

It took 1.030846e-03 seconds to setup the segments!


It took 2.2606e-01 seconds to solve the linear system for segment 3.


It took 2.6758e-01 seconds to solve the linear system for segment 1.


It took 2.6856e-01 seconds to solve the linear system for segment 2.


It took 2.6885e-01 seconds to solve all the linear systems.


It took 1.8947e-02 seconds to compute the scattered field matrices for segment 1.


It took 1.8326e-02 seconds to compute the scattered field matrices for segment 2.


It took 1.8508e-02 seconds to compute the scattered field matrices for segment 3.


It took 2.5246e-04 seconds to compute the combined scattered fields in the observation points.


It took 1.8470e-02 seconds to compute the interior field matrices for segment 1.


It took 1.8487e-02 seconds to compute the interior field matrices for segment 2.


It took 1.8430e-02 seconds to compute the interior field matrices for segment 3.


It took 6.4997e-05 seconds to compute the combined interior fields in the observation points.


It took 1.2927e-04 seconds to compute the combined incident fields in the observation points.


It took 2.3747e-01 seconds to solve the linear system for segment 3.


It took 2.5602e-01 seconds to solve the linear system for segment 2.


It took 2.5804e-01 seconds to solve the linear system for segment 1.


It took 2.5818e-01 seconds to solve all the linear systems.


It took 1.8359e-02 seconds to compute the scattered field matrices for segment 1.


It took 1.8417e-02 seconds to compute the scattered field matrices for segment 2.


It took 1.8463e-02 seconds to compute the scattered field matrices for segment 3.


It took 6.2093e-05 seconds to compute the combined scattered fields in the observation points.


It took 1.8338e-02 seconds to compute the interior field matrices for segment 1.


It took 1.8408e-02 seconds to compute the interior field matrices for segment 2.


It took 1.8485e-02 seconds to compute the interior field matrices for segment 3.


It took 6.1551e-05 seconds to compute the combined interior fields in the observation points.


It took 4.8582e-05 seconds to compute the combined incident fields in the observation points.

DESTRUCTED!
Traceback (most recent call last):
  File "/zhome/00/b/147112/bioscat/Scripts/main/forward.py", line 210, in <module>
    segmentTest(num_segments=num_segments, beta = beta, protein_structure = protein_structure)
  File "/zhome/00/b/147112/bioscat/Scripts/main/forward.py", line 155, in segmentTest
    executeForward(x = X, y = Y, num_segments = num_segments, beta = beta, total_grid_points=grid_size, protein_structure = protein_structure, deviceComputation = True, location = location)
  File "/zhome/00/b/147112/bioscat/Scripts/main/forward.py", line 90, in executeForward
    data = np.loadtxt(filename)
  File "/usr/lib64/python3.9/site-packages/numpy/lib/npyio.py", line 1146, in loadtxt
    for x in read_data(_loadtxt_chunksize):
  File "/usr/lib64/python3.9/site-packages/numpy/lib/npyio.py", line 986, in read_data
    vals = split_line(line)
  File "/usr/lib64/python3.9/site-packages/numpy/lib/npyio.py", line 967, in split_line
    line = line.strip('\r\n')
KeyboardInterrupt

------------------------------------------------------------
Sender: LSF System <lsfadmin@hpc.dtu.dk>
Subject: Job 23280102: <forward> in cluster <dcc> Exited

Job <forward> was submitted from host <n-62-11-47> by user <s194146> in cluster <dcc> at Wed Nov 27 20:54:21 2024
Job was executed on host(s) <64*n-62-12-81>, in queue <gpuh100>, as user <s194146> in cluster <dcc> at Wed Nov 27 20:54:22 2024
</zhome/00/b/147112> was used as the home directory.
</zhome/00/b/147112/bioscat/Scripts/main> was used as the working directory.
Started at Wed Nov 27 20:54:22 2024
Terminated at Wed Nov 27 20:57:38 2024
Results reported at Wed Nov 27 20:57:38 2024

Your job looked like:

------------------------------------------------------------
# LSBATCH: User input
#!/bin/bash
#BSUB -J forward # name
#BSUB -o outfiles/forward_%J.out # output file
#BSUB -q gpuh100
#BSUB -n 64 ## cores
#BSUB -R "rusage[mem=1GB]" 
#BSUB -W 24:00 # useable time in minutes
##BSUB -N # send mail when done
#BSUB -R "span[hosts=1]"
#BSUB -gpu "num=1:mode=exclusive_process"

module load gcc/12.3.0-binutils-2.40
module load cuda/12.2.2
# "Retinin2x2" or "demoleus2x2"

OMP_NUM_THREADS=64 python forward.py 1 1 0 demoleus2x2

OMP_NUM_THREADS=64 python forward.py 1 2 0 demoleus2x2

OMP_NUM_THREADS=64 python forward.py 1 3 0 demoleus2x2

OMP_NUM_THREADS=64 python forward.py 1 4 0 demoleus2x2

OMP_NUM_THREADS=64 python forward.py 1 5 0 demoleus2x2

OMP_NUM_THREADS=64 python forward.py 1 1 90 demoleus2x2

OMP_NUM_THREADS=64 python forward.py 1 2 90 demoleus2x2

OMP_NUM_THREADS=64 python forward.py 1 3 90 demoleus2x2

OMP_NUM_THREADS=64 python forward.py 1 4 90 demoleus2x2

OMP_NUM_THREADS=64 python forward.py 1 5 90 demoleus2x2

OMP_NUM_THREADS=64 python forward.py 1 1 0 Retinin2x2

OMP_NUM_THREADS=64 python forward.py 1 2 0 Retinin2x2

OMP_NUM_THREADS=64 python forward.py 1 3 0 Retinin2x2

OMP_NUM_THREADS=64 python forward.py 1 4 0 Retinin2x2

OMP_NUM_THREADS=64 python forward.py 1 5 0 Retinin2x2

OMP_NUM_THREADS=64 python forward.py 1 1 90 Retinin2x2

OMP_NUM_THREADS=64 python forward.py 1 2 90 Retinin2x2

OMP_NUM_THREADS=64 python forward.py 1 3 90 Retinin2x2

(... more ...)
------------------------------------------------------------

TERM_OWNER: job killed by owner.
Exited with exit code 130.

Resource usage summary:

    CPU time :                                   635.00 sec.
    Max Memory :                                 254 MB
    Average Memory :                             228.50 MB
    Total Requested Memory :                     65536.00 MB
    Delta Memory :                               65282.00 MB
    Max Swap :                                   -
    Max Processes :                              4
    Max Threads :                                71
    Run time :                                   196 sec.
    Turnaround time :                            197 sec.

The output (if any) is above this job summary.

