Loaded module: gcc/12.3.0-binutils-2.40
Loaded module: cuda/12.2.2
n_test:  	1044
n_top:  	298
n_right:  	224
n_bottom:	298
n_left:  	224
n_int:  	1028
n_ext:  	1048
n_obs:  	90000
n:      	90000
We are computing on the device!

It took 6.434489e-04 seconds to setup the segments!


It took 1.6148e-01 seconds to solve the linear system for segment 1.


It took 1.6152e-01 seconds to solve all the linear systems.


It took 3.0164e-02 seconds to compute the scattered field matrices for segment 1.


It took 1.8833e-04 seconds to compute the combined scattered fields in the observation points.


It took 2.9916e-02 seconds to compute the interior field matrices for segment 1.


It took 3.6474e-05 seconds to compute the combined interior fields in the observation points.


It took 9.4611e-05 seconds to compute the combined incident fields in the observation points.


It took 1.3736e-01 seconds to solve the linear system for segment 1.


It took 1.3740e-01 seconds to solve all the linear systems.


It took 3.0026e-02 seconds to compute the scattered field matrices for segment 1.


It took 3.6545e-05 seconds to compute the combined scattered fields in the observation points.


It took 2.9847e-02 seconds to compute the interior field matrices for segment 1.


It took 3.4191e-05 seconds to compute the combined interior fields in the observation points.


It took 4.0910e-05 seconds to compute the combined incident fields in the observation points.

DESTRUCTED!
n_test:  	1044
n_top:  	298
n_right:  	224
n_bottom:	298
n_left:  	224
n_int:  	1028
n_ext:  	1048
n_obs:  	90000
n:      	90000
We are computing on the device!

It took 4.639311e-04 seconds to setup the segments!


It took 1.4333e-01 seconds to solve the linear system for segment 1.


It took 1.4335e-01 seconds to solve all the linear systems.


It took 3.0151e-02 seconds to compute the scattered field matrices for segment 1.


It took 9.1967e-05 seconds to compute the combined scattered fields in the observation points.


It took 2.9884e-02 seconds to compute the interior field matrices for segment 1.


It took 3.3290e-05 seconds to compute the combined interior fields in the observation points.


It took 8.2513e-05 seconds to compute the combined incident fields in the observation points.


It took 1.3661e-01 seconds to solve the linear system for segment 1.


It took 1.3664e-01 seconds to solve all the linear systems.


It took 3.0009e-02 seconds to compute the scattered field matrices for segment 1.


It took 3.3009e-05 seconds to compute the combined scattered fields in the observation points.


It took 2.9790e-02 seconds to compute the interior field matrices for segment 1.


It took 3.5573e-05 seconds to compute the combined interior fields in the observation points.


It took 4.0249e-05 seconds to compute the combined incident fields in the observation points.

DESTRUCTED!
n_test:  	744
n_top:  	148
n_right:  	224
n_bottom:	148
n_left:  	224
n_int:  	728
n_ext:  	748
n_obs:  	90000
n:      	90000
We are computing on the device!

It took 8.442372e-04 seconds to setup the segments!


It took 2.0033e-01 seconds to solve the linear system for segment 2.


It took 2.0176e-01 seconds to solve the linear system for segment 1.


It took 2.0196e-01 seconds to solve all the linear systems.


It took 2.0889e-02 seconds to compute the scattered field matrices for segment 1.


It took 2.0648e-02 seconds to compute the scattered field matrices for segment 2.


It took 4.1934e-04 seconds to compute the combined scattered fields in the observation points.


It took 2.1971e-02 seconds to compute the interior field matrices for segment 1.


It took 2.1851e-02 seconds to compute the interior field matrices for segment 2.


It took 4.5999e-05 seconds to compute the combined interior fields in the observation points.


It took 1.0852e-04 seconds to compute the combined incident fields in the observation points.


It took 1.7853e-01 seconds to solve the linear system for segment 1.


It took 1.8176e-01 seconds to solve the linear system for segment 2.


It took 1.8186e-01 seconds to solve all the linear systems.


It took 2.0719e-02 seconds to compute the scattered field matrices for segment 1.


It took 2.0762e-02 seconds to compute the scattered field matrices for segment 2.


It took 4.9003e-05 seconds to compute the combined scattered fields in the observation points.


It took 2.1837e-02 seconds to compute the interior field matrices for segment 1.


It took 2.1891e-02 seconds to compute the interior field matrices for segment 2.


It took 4.8893e-05 seconds to compute the combined interior fields in the observation points.


It took 4.1753e-05 seconds to compute the combined incident fields in the observation points.

DESTRUCTED!
n_test:  	744
n_top:  	148
n_right:  	224
n_bottom:	148
n_left:  	224
n_int:  	728
n_ext:  	748
n_obs:  	90000
n:      	90000
We are computing on the device!

It took 6.423071e-04 seconds to setup the segments!


It took 1.8877e-01 seconds to solve the linear system for segment 1.


It took 1.8989e-01 seconds to solve the linear system for segment 2.


It took 1.9011e-01 seconds to solve all the linear systems.


It took 2.0816e-02 seconds to compute the scattered field matrices for segment 1.


It took 2.0643e-02 seconds to compute the scattered field matrices for segment 2.


It took 1.3826e-04 seconds to compute the combined scattered fields in the observation points.


It took 2.1913e-02 seconds to compute the interior field matrices for segment 1.


It took 2.1922e-02 seconds to compute the interior field matrices for segment 2.


It took 4.7030e-05 seconds to compute the combined interior fields in the observation points.


It took 9.7355e-05 seconds to compute the combined incident fields in the observation points.


It took 1.6006e-01 seconds to solve the linear system for segment 1.


It took 1.8333e-01 seconds to solve the linear system for segment 2.


It took 1.8341e-01 seconds to solve all the linear systems.


It took 2.0754e-02 seconds to compute the scattered field matrices for segment 1.


It took 2.0724e-02 seconds to compute the scattered field matrices for segment 2.


It took 4.8983e-05 seconds to compute the combined scattered fields in the observation points.


It took 2.1839e-02 seconds to compute the interior field matrices for segment 1.


It took 2.1940e-02 seconds to compute the interior field matrices for segment 2.


It took 4.6098e-05 seconds to compute the combined interior fields in the observation points.


It took 3.9659e-05 seconds to compute the combined incident fields in the observation points.

DESTRUCTED!
n_test:  	644
n_top:  	98
n_right:  	224
n_bottom:	98
n_left:  	224
n_int:  	628
n_ext:  	648
n_obs:  	90000
n:      	90000
We are computing on the device!
alpha = 1.000000e-08alpha = 1.000000e-08alpha = 1.000000e-08
It took 1.030936e-03 seconds to setup the segments!


It took 2.1782e-01 seconds to solve the linear system for segment 3.


It took 2.6142e-01 seconds to solve the linear system for segment 2.


It took 2.6434e-01 seconds to solve the linear system for segment 1.


It took 2.6459e-01 seconds to solve all the linear systems.


It took 1.8675e-02 seconds to compute the scattered field matrices for segment 1.


It took 1.8402e-02 seconds to compute the scattered field matrices for segment 2.


It took 1.8453e-02 seconds to compute the scattered field matrices for segment 3.


It took 2.8191e-04 seconds to compute the combined scattered fields in the observation points.


It took 1.8411e-02 seconds to compute the interior field matrices for segment 1.


It took 1.8491e-02 seconds to compute the interior field matrices for segment 2.


It took 1.8459e-02 seconds to compute the interior field matrices for segment 3.


It took 6.4627e-05 seconds to compute the combined interior fields in the observation points.


It took 1.1141e-04 seconds to compute the combined incident fields in the observation points.


It took 2.1555e-01 seconds to solve the linear system for segment 3.


It took 2.4919e-01 seconds to solve the linear system for segment 2.


It took 2.5115e-01 seconds to solve the linear system for segment 1.


It took 2.5124e-01 seconds to solve all the linear systems.


It took 1.8371e-02 seconds to compute the scattered field matrices for segment 1.


It took 1.8448e-02 seconds to compute the scattered field matrices for segment 2.


It took 1.8493e-02 seconds to compute the scattered field matrices for segment 3.


It took 6.7400e-05 seconds to compute the combined scattered fields in the observation points.


It took 1.8292e-02 seconds to compute the interior field matrices for segment 1.


It took 1.8428e-02 seconds to compute the interior field matrices for segment 2.


It took 1.8531e-02 seconds to compute the interior field matrices for segment 3.


It took 6.1762e-05 seconds to compute the combined interior fields in the observation points.


It took 4.0109e-05 seconds to compute the combined incident fields in the observation points.

DESTRUCTED!
n_test:  	644
n_top:  	98
n_right:  	224
n_bottom:	98
n_left:  	224
n_int:  	628
n_ext:  	648
n_obs:  	90000
n:      	90000
We are computing on the device!
alpha = 1.000000e-08alpha = 1.000000e-08alpha = 1.000000e-08
It took 8.518582e-04 seconds to setup the segments!


It took 2.4983e-01 seconds to solve the linear system for segment 2.


It took 2.5171e-01 seconds to solve the linear system for segment 3.


It took 2.5290e-01 seconds to solve the linear system for segment 1.


It took 2.5311e-01 seconds to solve all the linear systems.


It took 1.8605e-02 seconds to compute the scattered field matrices for segment 1.


It took 1.8421e-02 seconds to compute the scattered field matrices for segment 2.


It took 1.8473e-02 seconds to compute the scattered field matrices for segment 3.


It took 1.6960e-04 seconds to compute the combined scattered fields in the observation points.


It took 1.8383e-02 seconds to compute the interior field matrices for segment 1.


It took 1.8455e-02 seconds to compute the interior field matrices for segment 2.


It took 1.8463e-02 seconds to compute the interior field matrices for segment 3.


It took 6.3184e-05 seconds to compute the combined interior fields in the observation points.


It took 1.1425e-04 seconds to compute the combined incident fields in the observation points.


It took 2.2454e-01 seconds to solve the linear system for segment 2.


It took 2.2763e-01 seconds to solve the linear system for segment 1.


It took 2.2852e-01 seconds to solve the linear system for segment 3.


It took 2.2858e-01 seconds to solve all the linear systems.


It took 1.8428e-02 seconds to compute the scattered field matrices for segment 1.


It took 1.8432e-02 seconds to compute the scattered field matrices for segment 2.


It took 1.8468e-02 seconds to compute the scattered field matrices for segment 3.


It took 7.0414e-05 seconds to compute the combined scattered fields in the observation points.


It took 1.8336e-02 seconds to compute the interior field matrices for segment 1.


It took 1.8439e-02 seconds to compute the interior field matrices for segment 2.


It took 1.8460e-02 seconds to compute the interior field matrices for segment 3.


It took 6.3505e-05 seconds to compute the combined interior fields in the observation points.


It took 4.1693e-05 seconds to compute the combined incident fields in the observation points.

DESTRUCTED!
n_test:  	594
n_top:  	73
n_right:  	224
n_bottom:	73
n_left:  	224
n_int:  	578
n_ext:  	598
n_obs:  	90000
n:      	90000
We are computing on the device!
alpha = 1.000000e-08alpha = 1.000000e-08alpha = 1.000000e-08alpha = 1.000000e-08
It took 1.177184e-03 seconds to setup the segments!


It took 2.8942e-01 seconds to solve the linear system for segment 1.


It took 2.9078e-01 seconds to solve the linear system for segment 2.


It took 3.0082e-01 seconds to solve the linear system for segment 3.


It took 3.0141e-01 seconds to solve the linear system for segment 4.


It took 3.0173e-01 seconds to solve all the linear systems.


It took 1.9878e-02 seconds to compute the scattered field matrices for segment 1.


It took 1.9800e-02 seconds to compute the scattered field matrices for segment 2.


It took 1.9676e-02 seconds to compute the scattered field matrices for segment 3.


It took 1.9633e-02 seconds to compute the scattered field matrices for segment 4.


It took 3.0946e-04 seconds to compute the combined scattered fields in the observation points.


It took 2.0372e-02 seconds to compute the interior field matrices for segment 1.


It took 2.0385e-02 seconds to compute the interior field matrices for segment 2.


It took 2.0347e-02 seconds to compute the interior field matrices for segment 3.


It took 2.0358e-02 seconds to compute the interior field matrices for segment 4.


It took 8.2633e-05 seconds to compute the combined interior fields in the observation points.


It took 1.1980e-04 seconds to compute the combined incident fields in the observation points.


It took 2.6684e-01 seconds to solve the linear system for segment 1.


It took 2.7576e-01 seconds to solve the linear system for segment 4.


It took 2.7868e-01 seconds to solve the linear system for segment 3.


It took 2.7923e-01 seconds to solve the linear system for segment 2.


It took 2.7933e-01 seconds to solve all the linear systems.


It took 1.9767e-02 seconds to compute the scattered field matrices for segment 1.


It took 1.9625e-02 seconds to compute the scattered field matrices for segment 2.


It took 1.9643e-02 seconds to compute the scattered field matrices for segment 3.


It took 1.9696e-02 seconds to compute the scattered field matrices for segment 4.


It took 8.1732e-05 seconds to compute the combined scattered fields in the observation points.


It took 2.0369e-02 seconds to compute the interior field matrices for segment 1.


It took 2.0311e-02 seconds to compute the interior field matrices for segment 2.


It took 2.0279e-02 seconds to compute the interior field matrices for segment 3.


It took 2.0402e-02 seconds to compute the interior field matrices for segment 4.


It took 8.0209e-05 seconds to compute the combined interior fields in the observation points.


It took 4.2413e-05 seconds to compute the combined incident fields in the observation points.

DESTRUCTED!
n_test:  	594
n_top:  	73
n_right:  	224
n_bottom:	73
n_left:  	224
n_int:  	578
n_ext:  	598
n_obs:  	90000
n:      	90000
We are computing on the device!
alpha = 1.000000e-08alpha = 1.000000e-08alpha = 1.000000e-08alpha = 1.000000e-08
It took 9.583770e-04 seconds to setup the segments!


It took 2.5725e-01 seconds to solve the linear system for segment 1.


It took 2.5845e-01 seconds to solve the linear system for segment 2.


It took 2.9671e-01 seconds to solve the linear system for segment 4.


It took 2.9711e-01 seconds to solve the linear system for segment 3.


It took 2.9735e-01 seconds to solve all the linear systems.


It took 1.9837e-02 seconds to compute the scattered field matrices for segment 1.


It took 1.9668e-02 seconds to compute the scattered field matrices for segment 2.


It took 1.9694e-02 seconds to compute the scattered field matrices for segment 3.


It took 1.9700e-02 seconds to compute the scattered field matrices for segment 4.


It took 2.2397e-04 seconds to compute the combined scattered fields in the observation points.


It took 2.0466e-02 seconds to compute the interior field matrices for segment 1.


It took 2.0387e-02 seconds to compute the interior field matrices for segment 2.


It took 2.0324e-02 seconds to compute the interior field matrices for segment 3.


It took 2.0373e-02 seconds to compute the interior field matrices for segment 4.


It took 7.9839e-05 seconds to compute the combined interior fields in the observation points.


It took 1.2626e-04 seconds to compute the combined incident fields in the observation points.


It took 2.5911e-01 seconds to solve the linear system for segment 1.


It took 2.6704e-01 seconds to solve the linear system for segment 2.


It took 2.7438e-01 seconds to solve the linear system for segment 3.


It took 2.7830e-01 seconds to solve the linear system for segment 4.


It took 2.7841e-01 seconds to solve all the linear systems.


It took 1.9722e-02 seconds to compute the scattered field matrices for segment 1.


It took 1.9686e-02 seconds to compute the scattered field matrices for segment 2.


It took 1.9680e-02 seconds to compute the scattered field matrices for segment 3.


It took 1.9699e-02 seconds to compute the scattered field matrices for segment 4.


It took 1.6012e-04 seconds to compute the combined scattered fields in the observation points.


It took 2.0388e-02 seconds to compute the interior field matrices for segment 1.


It took 2.0356e-02 seconds to compute the interior field matrices for segment 2.


It took 2.0352e-02 seconds to compute the interior field matrices for segment 3.


It took 2.0392e-02 seconds to compute the interior field matrices for segment 4.


It took 8.0430e-05 seconds to compute the combined interior fields in the observation points.


It took 6.4536e-05 seconds to compute the combined incident fields in the observation points.

DESTRUCTED!
n_test:  	564
n_top:  	58
n_right:  	224
n_bottom:	58
n_left:  	224
n_int:  	548
n_ext:  	568
n_obs:  	90000
n:      	90000
We are computing on the device!
alpha = 1.000000e-08alpha = 1.000000e-08alpha = 1.000000e-08alpha = 1.000000e-08alpha = 1.000000e-08
It took 1.348679e-03 seconds to setup the segments!


It took 2.7668e-01 seconds to solve the linear system for segment 5.


It took 3.5518e-01 seconds to solve the linear system for segment 3.


It took 3.5830e-01 seconds to solve the linear system for segment 1.


It took 3.5893e-01 seconds to solve the linear system for segment 2.


It took 3.6457e-01 seconds to solve the linear system for segment 4.


It took 3.6507e-01 seconds to solve all the linear systems.


It took 1.6324e-02 seconds to compute the scattered field matrices for segment 1.


It took 1.6022e-02 seconds to compute the scattered field matrices for segment 2.


It took 1.5968e-02 seconds to compute the scattered field matrices for segment 3.


It took 1.5998e-02 seconds to compute the scattered field matrices for segment 4.


It took 1.5923e-02 seconds to compute the scattered field matrices for segment 5.


It took 3.2514e-04 seconds to compute the combined scattered fields in the observation points.


It took 1.6024e-02 seconds to compute the interior field matrices for segment 1.


It took 1.6057e-02 seconds to compute the interior field matrices for segment 2.


It took 1.6028e-02 seconds to compute the interior field matrices for segment 3.


It took 1.6016e-02 seconds to compute the interior field matrices for segment 4.


It took 1.5992e-02 seconds to compute the interior field matrices for segment 5.


It took 1.0079e-04 seconds to compute the combined interior fields in the observation points.


It took 1.1567e-04 seconds to compute the combined incident fields in the observation points.


It took 2.4521e-01 seconds to solve the linear system for segment 5.


It took 3.2206e-01 seconds to solve the linear system for segment 4.


It took 3.2949e-01 seconds to solve the linear system for segment 1.


It took 3.3153e-01 seconds to solve the linear system for segment 3.


It took 3.3254e-01 seconds to solve the linear system for segment 2.


It took 3.3267e-01 seconds to solve all the linear systems.


It took 1.5999e-02 seconds to compute the scattered field matrices for segment 1.


It took 1.5968e-02 seconds to compute the scattered field matrices for segment 2.


It took 1.5939e-02 seconds to compute the scattered field matrices for segment 3.


It took 1.5982e-02 seconds to compute the scattered field matrices for segment 4.


It took 1.5871e-02 seconds to compute the scattered field matrices for segment 5.


It took 9.5082e-05 seconds to compute the combined scattered fields in the observation points.


It took 1.6068e-02 seconds to compute the interior field matrices for segment 1.


It took 1.6020e-02 seconds to compute the interior field matrices for segment 2.


It took 1.6050e-02 seconds to compute the interior field matrices for segment 3.


It took 1.6065e-02 seconds to compute the interior field matrices for segment 4.


It took 1.6032e-02 seconds to compute the interior field matrices for segment 5.


It took 9.6393e-05 seconds to compute the combined interior fields in the observation points.


It took 3.9208e-05 seconds to compute the combined incident fields in the observation points.

DESTRUCTED!
n_test:  	564
n_top:  	58
n_right:  	224
n_bottom:	58
n_left:  	224
n_int:  	548
n_ext:  	568
n_obs:  	90000
n:      	90000
We are computing on the device!
alpha = 1.000000e-08alpha = 1.000000e-08alpha = 1.000000e-08alpha = 1.000000e-08alpha = 1.000000e-08
It took 1.138957e-03 seconds to setup the segments!


It took 2.6376e-01 seconds to solve the linear system for segment 5.


It took 3.4253e-01 seconds to solve the linear system for segment 1.


It took 3.5447e-01 seconds to solve the linear system for segment 3.


It took 3.5624e-01 seconds to solve the linear system for segment 4.


It took 3.5905e-01 seconds to solve the linear system for segment 2.


It took 3.5928e-01 seconds to solve all the linear systems.


It took 1.6133e-02 seconds to compute the scattered field matrices for segment 1.


It took 1.5984e-02 seconds to compute the scattered field matrices for segment 2.


It took 1.5938e-02 seconds to compute the scattered field matrices for segment 3.


It took 1.5994e-02 seconds to compute the scattered field matrices for segment 4.


It took 1.5908e-02 seconds to compute the scattered field matrices for segment 5.


It took 2.2224e-04 seconds to compute the combined scattered fields in the observation points.


It took 1.6050e-02 seconds to compute the interior field matrices for segment 1.


It took 1.6053e-02 seconds to compute the interior field matrices for segment 2.


It took 1.6055e-02 seconds to compute the interior field matrices for segment 3.


It took 1.6060e-02 seconds to compute the interior field matrices for segment 4.


It took 1.6031e-02 seconds to compute the interior field matrices for segment 5.


It took 9.6854e-05 seconds to compute the combined interior fields in the observation points.


It took 1.1106e-04 seconds to compute the combined incident fields in the observation points.


It took 2.5160e-01 seconds to solve the linear system for segment 5.


It took 3.3449e-01 seconds to solve the linear system for segment 1.


It took 3.3685e-01 seconds to solve the linear system for segment 2.


It took 3.3721e-01 seconds to solve the linear system for segment 4.


It took 3.3818e-01 seconds to solve the linear system for segment 3.


It took 3.3830e-01 seconds to solve all the linear systems.


It took 1.6007e-02 seconds to compute the scattered field matrices for segment 1.


It took 1.5956e-02 seconds to compute the scattered field matrices for segment 2.


It took 1.5976e-02 seconds to compute the scattered field matrices for segment 3.


It took 1.5925e-02 seconds to compute the scattered field matrices for segment 4.


It took 1.5927e-02 seconds to compute the scattered field matrices for segment 5.


It took 1.0039e-04 seconds to compute the combined scattered fields in the observation points.


It took 1.6053e-02 seconds to compute the interior field matrices for segment 1.


It took 1.6065e-02 seconds to compute the interior field matrices for segment 2.


It took 1.6061e-02 seconds to compute the interior field matrices for segment 3.


It took 1.6089e-02 seconds to compute the interior field matrices for segment 4.


It took 1.6088e-02 seconds to compute the interior field matrices for segment 5.


It took 9.7645e-05 seconds to compute the combined interior fields in the observation points.


It took 4.0640e-05 seconds to compute the combined incident fields in the observation points.

DESTRUCTED!

------------------------------------------------------------
Sender: LSF System <lsfadmin@hpc.dtu.dk>
Subject: Job 23278223: <forward> in cluster <dcc> Done

Job <forward> was submitted from host <n-62-11-47> by user <s194146> in cluster <dcc> at Wed Nov 27 18:04:12 2024
Job was executed on host(s) <64*n-62-12-81>, in queue <gpuh100>, as user <s194146> in cluster <dcc> at Wed Nov 27 18:04:13 2024
</zhome/00/b/147112> was used as the home directory.
</zhome/00/b/147112/bioscat/Scripts/main> was used as the working directory.
Started at Wed Nov 27 18:04:13 2024
Terminated at Wed Nov 27 18:06:28 2024
Results reported at Wed Nov 27 18:06:28 2024

Your job looked like:

------------------------------------------------------------
# LSBATCH: User input
#!/bin/bash
#BSUB -J forward # name
#BSUB -o outfiles/forward_%J.out # output file
#BSUB -q gpuh100
#BSUB -n 64 ## cores
#BSUB -R "rusage[mem=1GB]" 
#BSUB -W 24:00 # useable time in minutes
##BSUB -N # send mail when done
#BSUB -R "span[hosts=1]"
#BSUB -gpu "num=1:mode=exclusive_process"

module load gcc/12.3.0-binutils-2.40
module load cuda/12.2.2
# "Retinin2x2" or "demoleus2x2"

OMP_NUM_THREADS=64 python forward.py 1 1 0 demoleus2x2

OMP_NUM_THREADS=64 python forward.py 1 2 0 demoleus2x2

OMP_NUM_THREADS=64 python forward.py 1 3 0 demoleus2x2

OMP_NUM_THREADS=64 python forward.py 1 4 0 demoleus2x2

OMP_NUM_THREADS=64 python forward.py 1 5 0 demoleus2x2
------------------------------------------------------------

Successfully completed.

Resource usage summary:

    CPU time :                                   427.00 sec.
    Max Memory :                                 281 MB
    Average Memory :                             271.50 MB
    Total Requested Memory :                     65536.00 MB
    Delta Memory :                               65255.00 MB
    Max Swap :                                   -
    Max Processes :                              4
    Max Threads :                                71
    Run time :                                   135 sec.
    Turnaround time :                            136 sec.

The output (if any) is above this job summary.

