Loaded module: gcc/12.3.0-binutils-2.40
Loaded module: cuda/12.2.2
n_test:  	1044
n_top:  	298
n_right:  	224
n_bottom:	298
n_left:  	224
n_int:  	1028
n_ext:  	1048
n_obs:  	90000
n:      	90000
We are computing on the device!

It took 6.786112e-04 seconds to setup the segments!


It took 1.7802e-01 seconds to solve the linear system for segment 1.


It took 1.7806e-01 seconds to solve all the linear systems.


It took 3.1234e-02 seconds to compute the scattered field matrices for segment 1.


It took 1.7194e-04 seconds to compute the combined scattered fields in the observation points.


It took 2.9859e-02 seconds to compute the interior field matrices for segment 1.


It took 2.6570e-05 seconds to compute the combined interior fields in the observation points.


It took 1.0756e-04 seconds to compute the combined incident fields in the observation points.


It took 1.4128e-01 seconds to solve the linear system for segment 1.


It took 1.4131e-01 seconds to solve all the linear systems.


It took 3.0075e-02 seconds to compute the scattered field matrices for segment 1.


It took 2.9744e-05 seconds to compute the combined scattered fields in the observation points.


It took 2.9799e-02 seconds to compute the interior field matrices for segment 1.


It took 2.6249e-05 seconds to compute the combined interior fields in the observation points.


It took 4.4716e-05 seconds to compute the combined incident fields in the observation points.

DESTRUCTED!
n_test:  	1044
n_top:  	298
n_right:  	224
n_bottom:	298
n_left:  	224
n_int:  	1028
n_ext:  	1048
n_obs:  	90000
n:      	90000
We are computing on the device!

It took 4.612959e-04 seconds to setup the segments!


It took 1.5080e-01 seconds to solve the linear system for segment 1.


It took 1.5083e-01 seconds to solve all the linear systems.


It took 3.0052e-02 seconds to compute the scattered field matrices for segment 1.


It took 8.3104e-05 seconds to compute the combined scattered fields in the observation points.


It took 2.9947e-02 seconds to compute the interior field matrices for segment 1.


It took 2.6650e-05 seconds to compute the combined interior fields in the observation points.


It took 8.3985e-05 seconds to compute the combined incident fields in the observation points.


It took 1.4965e-01 seconds to solve the linear system for segment 1.


It took 1.4968e-01 seconds to solve all the linear systems.


It took 3.0053e-02 seconds to compute the scattered field matrices for segment 1.


It took 2.8643e-05 seconds to compute the combined scattered fields in the observation points.


It took 2.9857e-02 seconds to compute the interior field matrices for segment 1.


It took 2.7460e-05 seconds to compute the combined interior fields in the observation points.


It took 4.3896e-05 seconds to compute the combined incident fields in the observation points.

DESTRUCTED!
n_test:  	744
n_top:  	148
n_right:  	224
n_bottom:	148
n_left:  	224
n_int:  	728
n_ext:  	748
n_obs:  	90000
n:      	90000
We are computing on the device!

It took 8.927202e-04 seconds to setup the segments!


It took 2.0116e-01 seconds to solve the linear system for segment 1.


It took 2.0507e-01 seconds to solve the linear system for segment 2.


It took 2.0542e-01 seconds to solve all the linear systems.


It took 2.1065e-02 seconds to compute the scattered field matrices for segment 1.


It took 2.0640e-02 seconds to compute the scattered field matrices for segment 2.


It took 2.3590e-04 seconds to compute the combined scattered fields in the observation points.


It took 2.1906e-02 seconds to compute the interior field matrices for segment 1.


It took 2.1900e-02 seconds to compute the interior field matrices for segment 2.


It took 4.7621e-05 seconds to compute the combined interior fields in the observation points.


It took 1.0974e-04 seconds to compute the combined incident fields in the observation points.


It took 1.8060e-01 seconds to solve the linear system for segment 1.


It took 1.8270e-01 seconds to solve the linear system for segment 2.


It took 1.8282e-01 seconds to solve all the linear systems.


It took 2.0725e-02 seconds to compute the scattered field matrices for segment 1.


It took 2.0752e-02 seconds to compute the scattered field matrices for segment 2.


It took 4.5348e-05 seconds to compute the combined scattered fields in the observation points.


It took 2.1884e-02 seconds to compute the interior field matrices for segment 1.


It took 2.1836e-02 seconds to compute the interior field matrices for segment 2.


It took 4.6989e-05 seconds to compute the combined interior fields in the observation points.


It took 4.5828e-05 seconds to compute the combined incident fields in the observation points.

DESTRUCTED!
n_test:  	744
n_top:  	148
n_right:  	224
n_bottom:	148
n_left:  	224
n_int:  	728
n_ext:  	748
n_obs:  	90000
n:      	90000
We are computing on the device!

It took 6.626858e-04 seconds to setup the segments!


It took 1.9654e-01 seconds to solve the linear system for segment 1.


It took 1.9767e-01 seconds to solve the linear system for segment 2.


It took 1.9787e-01 seconds to solve all the linear systems.


It took 2.0786e-02 seconds to compute the scattered field matrices for segment 1.


It took 2.0688e-02 seconds to compute the scattered field matrices for segment 2.


It took 1.1016e-04 seconds to compute the combined scattered fields in the observation points.


It took 2.1920e-02 seconds to compute the interior field matrices for segment 1.


It took 2.1905e-02 seconds to compute the interior field matrices for segment 2.


It took 4.5047e-05 seconds to compute the combined interior fields in the observation points.


It took 9.1486e-05 seconds to compute the combined incident fields in the observation points.


It took 1.8033e-01 seconds to solve the linear system for segment 1.


It took 1.8239e-01 seconds to solve the linear system for segment 2.


It took 1.8253e-01 seconds to solve all the linear systems.


It took 2.0722e-02 seconds to compute the scattered field matrices for segment 1.


It took 2.0764e-02 seconds to compute the scattered field matrices for segment 2.


It took 5.0435e-05 seconds to compute the combined scattered fields in the observation points.


It took 2.1880e-02 seconds to compute the interior field matrices for segment 1.


It took 2.1939e-02 seconds to compute the interior field matrices for segment 2.


It took 4.5438e-05 seconds to compute the combined interior fields in the observation points.


It took 4.6689e-05 seconds to compute the combined incident fields in the observation points.

DESTRUCTED!
n_test:  	644
n_top:  	98
n_right:  	224
n_bottom:	98
n_left:  	224
n_int:  	628
n_ext:  	648
n_obs:  	90000
n:      	90000
We are computing on the device!

It took 1.063224e-03 seconds to setup the segments!


It took 2.5296e-01 seconds to solve the linear system for segment 1.


It took 2.5351e-01 seconds to solve the linear system for segment 3.


It took 2.5998e-01 seconds to solve the linear system for segment 2.


It took 2.6031e-01 seconds to solve all the linear systems.


It took 1.8588e-02 seconds to compute the scattered field matrices for segment 1.


It took 1.8426e-02 seconds to compute the scattered field matrices for segment 2.


It took 1.8503e-02 seconds to compute the scattered field matrices for segment 3.


It took 4.0804e-04 seconds to compute the combined scattered fields in the observation points.


It took 1.8442e-02 seconds to compute the interior field matrices for segment 1.


It took 1.8502e-02 seconds to compute the interior field matrices for segment 2.


It took 1.8373e-02 seconds to compute the interior field matrices for segment 3.


It took 6.3755e-05 seconds to compute the combined interior fields in the observation points.


It took 1.3827e-04 seconds to compute the combined incident fields in the observation points.


It took 2.2691e-01 seconds to solve the linear system for segment 2.


It took 2.2994e-01 seconds to solve the linear system for segment 1.


It took 2.3113e-01 seconds to solve the linear system for segment 3.


It took 2.3124e-01 seconds to solve all the linear systems.


It took 1.8403e-02 seconds to compute the scattered field matrices for segment 1.


It took 1.8384e-02 seconds to compute the scattered field matrices for segment 2.


It took 1.8468e-02 seconds to compute the scattered field matrices for segment 3.


It took 6.4506e-05 seconds to compute the combined scattered fields in the observation points.


It took 1.8364e-02 seconds to compute the interior field matrices for segment 1.


It took 1.8383e-02 seconds to compute the interior field matrices for segment 2.


It took 1.8469e-02 seconds to compute the interior field matrices for segment 3.


It took 6.4096e-05 seconds to compute the combined interior fields in the observation points.


It took 4.8432e-05 seconds to compute the combined incident fields in the observation points.

DESTRUCTED!
n_test:  	644
n_top:  	98
n_right:  	224
n_bottom:	98
n_left:  	224
n_int:  	628
n_ext:  	648
n_obs:  	90000
n:      	90000
We are computing on the device!

It took 8.446579e-04 seconds to setup the segments!


It took 2.5103e-01 seconds to solve the linear system for segment 2.


It took 2.5773e-01 seconds to solve the linear system for segment 3.


It took 2.6035e-01 seconds to solve the linear system for segment 1.


It took 2.6053e-01 seconds to solve all the linear systems.


It took 1.8473e-02 seconds to compute the scattered field matrices for segment 1.


It took 1.8400e-02 seconds to compute the scattered field matrices for segment 2.


It took 1.8466e-02 seconds to compute the scattered field matrices for segment 3.


It took 1.3377e-04 seconds to compute the combined scattered fields in the observation points.


It took 1.8431e-02 seconds to compute the interior field matrices for segment 1.


It took 1.8468e-02 seconds to compute the interior field matrices for segment 2.


It took 1.8418e-02 seconds to compute the interior field matrices for segment 3.


It took 6.2003e-05 seconds to compute the combined interior fields in the observation points.


It took 1.0377e-04 seconds to compute the combined incident fields in the observation points.


It took 2.2112e-01 seconds to solve the linear system for segment 3.


It took 2.2706e-01 seconds to solve the linear system for segment 1.


It took 2.2952e-01 seconds to solve the linear system for segment 2.


It took 2.2966e-01 seconds to solve all the linear systems.


It took 1.8430e-02 seconds to compute the scattered field matrices for segment 1.


It took 1.8450e-02 seconds to compute the scattered field matrices for segment 2.


It took 1.8434e-02 seconds to compute the scattered field matrices for segment 3.


It took 6.4907e-05 seconds to compute the combined scattered fields in the observation points.


It took 1.8324e-02 seconds to compute the interior field matrices for segment 1.


It took 1.8413e-02 seconds to compute the interior field matrices for segment 2.


It took 1.8477e-02 seconds to compute the interior field matrices for segment 3.


It took 6.3745e-05 seconds to compute the combined interior fields in the observation points.


It took 4.3715e-05 seconds to compute the combined incident fields in the observation points.

DESTRUCTED!
n_test:  	594
n_top:  	73
n_right:  	224
n_bottom:	73
n_left:  	224
n_int:  	578
n_ext:  	598
n_obs:  	90000
n:      	90000
We are computing on the device!

It took 1.244804e-03 seconds to setup the segments!


It took 2.9299e-01 seconds to solve the linear system for segment 2.


It took 2.9447e-01 seconds to solve the linear system for segment 4.


It took 3.0014e-01 seconds to solve the linear system for segment 3.


It took 3.0297e-01 seconds to solve the linear system for segment 1.


It took 3.0338e-01 seconds to solve all the linear systems.


It took 1.9812e-02 seconds to compute the scattered field matrices for segment 1.


It took 1.9824e-02 seconds to compute the scattered field matrices for segment 2.


It took 1.9676e-02 seconds to compute the scattered field matrices for segment 3.


It took 1.9672e-02 seconds to compute the scattered field matrices for segment 4.


It took 4.5237e-04 seconds to compute the combined scattered fields in the observation points.


It took 2.0409e-02 seconds to compute the interior field matrices for segment 1.


It took 2.0399e-02 seconds to compute the interior field matrices for segment 2.


It took 2.0400e-02 seconds to compute the interior field matrices for segment 3.


It took 2.0349e-02 seconds to compute the interior field matrices for segment 4.


It took 9.5893e-05 seconds to compute the combined interior fields in the observation points.


It took 1.1987e-04 seconds to compute the combined incident fields in the observation points.


It took 2.7618e-01 seconds to solve the linear system for segment 2.


It took 2.8611e-01 seconds to solve the linear system for segment 1.


It took 2.8910e-01 seconds to solve the linear system for segment 4.


It took 2.8969e-01 seconds to solve the linear system for segment 3.


It took 2.8981e-01 seconds to solve all the linear systems.


It took 1.9702e-02 seconds to compute the scattered field matrices for segment 1.


It took 1.9664e-02 seconds to compute the scattered field matrices for segment 2.


It took 1.9711e-02 seconds to compute the scattered field matrices for segment 3.


It took 1.9649e-02 seconds to compute the scattered field matrices for segment 4.


It took 8.6940e-05 seconds to compute the combined scattered fields in the observation points.


It took 2.0340e-02 seconds to compute the interior field matrices for segment 1.


It took 2.0317e-02 seconds to compute the interior field matrices for segment 2.


It took 2.0336e-02 seconds to compute the interior field matrices for segment 3.


It took 2.0295e-02 seconds to compute the interior field matrices for segment 4.


It took 8.4425e-05 seconds to compute the combined interior fields in the observation points.


It took 4.6089e-05 seconds to compute the combined incident fields in the observation points.

DESTRUCTED!
n_test:  	594
n_top:  	73
n_right:  	224
n_bottom:	73
n_left:  	224
n_int:  	578
n_ext:  	598
n_obs:  	90000
n:      	90000
We are computing on the device!

It took 1.018988e-03 seconds to setup the segments!


It took 2.7567e-01 seconds to solve the linear system for segment 3.


It took 2.8070e-01 seconds to solve the linear system for segment 1.


It took 2.8403e-01 seconds to solve the linear system for segment 2.


It took 2.8928e-01 seconds to solve the linear system for segment 4.


It took 2.8954e-01 seconds to solve all the linear systems.


It took 1.9733e-02 seconds to compute the scattered field matrices for segment 1.


It took 1.9658e-02 seconds to compute the scattered field matrices for segment 2.


It took 1.9677e-02 seconds to compute the scattered field matrices for segment 3.


It took 1.9673e-02 seconds to compute the scattered field matrices for segment 4.


It took 1.7038e-04 seconds to compute the combined scattered fields in the observation points.


It took 2.0393e-02 seconds to compute the interior field matrices for segment 1.


It took 2.0359e-02 seconds to compute the interior field matrices for segment 2.


It took 2.0331e-02 seconds to compute the interior field matrices for segment 3.


It took 2.0363e-02 seconds to compute the interior field matrices for segment 4.


It took 8.3434e-05 seconds to compute the combined interior fields in the observation points.


It took 1.0792e-04 seconds to compute the combined incident fields in the observation points.


It took 2.9213e-01 seconds to solve the linear system for segment 1.


It took 2.9272e-01 seconds to solve the linear system for segment 3.


It took 2.9414e-01 seconds to solve the linear system for segment 4.


It took 2.9919e-01 seconds to solve the linear system for segment 2.


It took 2.9931e-01 seconds to solve all the linear systems.


It took 1.9719e-02 seconds to compute the scattered field matrices for segment 1.


It took 1.9710e-02 seconds to compute the scattered field matrices for segment 2.


It took 1.9659e-02 seconds to compute the scattered field matrices for segment 3.


It took 1.9640e-02 seconds to compute the scattered field matrices for segment 4.


It took 8.3133e-05 seconds to compute the combined scattered fields in the observation points.


It took 2.0323e-02 seconds to compute the interior field matrices for segment 1.


It took 2.0318e-02 seconds to compute the interior field matrices for segment 2.


It took 2.0320e-02 seconds to compute the interior field matrices for segment 3.


It took 2.0389e-02 seconds to compute the interior field matrices for segment 4.


It took 8.1422e-05 seconds to compute the combined interior fields in the observation points.


It took 5.2148e-05 seconds to compute the combined incident fields in the observation points.

DESTRUCTED!
n_test:  	564
n_top:  	58
n_right:  	224
n_bottom:	58
n_left:  	224
n_int:  	548
n_ext:  	568
n_obs:  	90000
n:      	90000
We are computing on the device!

It took 1.371142e-03 seconds to setup the segments!


It took 2.9820e-01 seconds to solve the linear system for segment 5.


It took 3.6894e-01 seconds to solve the linear system for segment 2.


It took 3.7177e-01 seconds to solve the linear system for segment 1.


It took 3.7294e-01 seconds to solve the linear system for segment 4.


It took 3.7959e-01 seconds to solve the linear system for segment 3.


It took 3.8007e-01 seconds to solve all the linear systems.


It took 1.6238e-02 seconds to compute the scattered field matrices for segment 1.


It took 1.5973e-02 seconds to compute the scattered field matrices for segment 2.


It took 1.6047e-02 seconds to compute the scattered field matrices for segment 3.


It took 1.5985e-02 seconds to compute the scattered field matrices for segment 4.


It took 1.5919e-02 seconds to compute the scattered field matrices for segment 5.


It took 5.3262e-04 seconds to compute the combined scattered fields in the observation points.


It took 1.6033e-02 seconds to compute the interior field matrices for segment 1.


It took 1.6068e-02 seconds to compute the interior field matrices for segment 2.


It took 1.6049e-02 seconds to compute the interior field matrices for segment 3.


It took 1.6088e-02 seconds to compute the interior field matrices for segment 4.


It took 1.6009e-02 seconds to compute the interior field matrices for segment 5.


It took 1.1448e-04 seconds to compute the combined interior fields in the observation points.


It took 1.5410e-04 seconds to compute the combined incident fields in the observation points.


It took 2.6679e-01 seconds to solve the linear system for segment 5.


It took 3.4068e-01 seconds to solve the linear system for segment 2.


It took 3.4436e-01 seconds to solve the linear system for segment 4.


It took 3.4950e-01 seconds to solve the linear system for segment 3.


It took 3.5044e-01 seconds to solve the linear system for segment 1.


It took 3.5060e-01 seconds to solve all the linear systems.


It took 1.5999e-02 seconds to compute the scattered field matrices for segment 1.


It took 1.5995e-02 seconds to compute the scattered field matrices for segment 2.


It took 1.5938e-02 seconds to compute the scattered field matrices for segment 3.


It took 1.6006e-02 seconds to compute the scattered field matrices for segment 4.


It took 1.5876e-02 seconds to compute the scattered field matrices for segment 5.


It took 1.0237e-04 seconds to compute the combined scattered fields in the observation points.


It took 1.6027e-02 seconds to compute the interior field matrices for segment 1.


It took 1.6017e-02 seconds to compute the interior field matrices for segment 2.


It took 1.6046e-02 seconds to compute the interior field matrices for segment 3.


It took 1.6084e-02 seconds to compute the interior field matrices for segment 4.


It took 1.6110e-02 seconds to compute the interior field matrices for segment 5.


It took 9.8677e-05 seconds to compute the combined interior fields in the observation points.


It took 4.5688e-05 seconds to compute the combined incident fields in the observation points.

DESTRUCTED!
n_test:  	564
n_top:  	58
n_right:  	224
n_bottom:	58
n_left:  	224
n_int:  	548
n_ext:  	568
n_obs:  	90000
n:      	90000
We are computing on the device!

It took 1.246988e-03 seconds to setup the segments!


It took 2.7940e-01 seconds to solve the linear system for segment 5.


It took 3.5941e-01 seconds to solve the linear system for segment 2.


It took 3.6340e-01 seconds to solve the linear system for segment 1.


It took 3.6715e-01 seconds to solve the linear system for segment 3.


It took 3.6920e-01 seconds to solve the linear system for segment 4.


It took 3.6940e-01 seconds to solve all the linear systems.


It took 1.6191e-02 seconds to compute the scattered field matrices for segment 1.


It took 1.5976e-02 seconds to compute the scattered field matrices for segment 2.


It took 1.5968e-02 seconds to compute the scattered field matrices for segment 3.


It took 1.5948e-02 seconds to compute the scattered field matrices for segment 4.


It took 1.5889e-02 seconds to compute the scattered field matrices for segment 5.


It took 2.3836e-04 seconds to compute the combined scattered fields in the observation points.


It took 1.6058e-02 seconds to compute the interior field matrices for segment 1.


It took 1.6064e-02 seconds to compute the interior field matrices for segment 2.


It took 1.6058e-02 seconds to compute the interior field matrices for segment 3.


It took 1.6005e-02 seconds to compute the interior field matrices for segment 4.


It took 1.6010e-02 seconds to compute the interior field matrices for segment 5.


It took 9.9768e-05 seconds to compute the combined interior fields in the observation points.


It took 1.0696e-04 seconds to compute the combined incident fields in the observation points.


It took 2.6661e-01 seconds to solve the linear system for segment 5.


It took 3.3945e-01 seconds to solve the linear system for segment 2.


It took 3.4013e-01 seconds to solve the linear system for segment 1.


It took 3.4900e-01 seconds to solve the linear system for segment 4.


It took 3.4985e-01 seconds to solve the linear system for segment 3.


It took 3.4997e-01 seconds to solve all the linear systems.


It took 1.5996e-02 seconds to compute the scattered field matrices for segment 1.


It took 1.5962e-02 seconds to compute the scattered field matrices for segment 2.


It took 1.5942e-02 seconds to compute the scattered field matrices for segment 3.


It took 1.5955e-02 seconds to compute the scattered field matrices for segment 4.


It took 1.5967e-02 seconds to compute the scattered field matrices for segment 5.


It took 1.0228e-04 seconds to compute the combined scattered fields in the observation points.


It took 1.6062e-02 seconds to compute the interior field matrices for segment 1.


It took 1.6038e-02 seconds to compute the interior field matrices for segment 2.


It took 1.6063e-02 seconds to compute the interior field matrices for segment 3.


It took 1.6027e-02 seconds to compute the interior field matrices for segment 4.


It took 1.6049e-02 seconds to compute the interior field matrices for segment 5.


It took 1.0097e-04 seconds to compute the combined interior fields in the observation points.


It took 4.5678e-05 seconds to compute the combined incident fields in the observation points.

DESTRUCTED!

------------------------------------------------------------
Sender: LSF System <lsfadmin@hpc.dtu.dk>
Subject: Job 23278190: <forward> in cluster <dcc> Done

Job <forward> was submitted from host <n-62-11-47> by user <s194146> in cluster <dcc> at Wed Nov 27 17:54:05 2024
Job was executed on host(s) <64*n-62-12-81>, in queue <gpuh100>, as user <s194146> in cluster <dcc> at Wed Nov 27 17:54:07 2024
</zhome/00/b/147112> was used as the home directory.
</zhome/00/b/147112/bioscat/Scripts/main> was used as the working directory.
Started at Wed Nov 27 17:54:07 2024
Terminated at Wed Nov 27 17:56:22 2024
Results reported at Wed Nov 27 17:56:22 2024

Your job looked like:

------------------------------------------------------------
# LSBATCH: User input
#!/bin/bash
#BSUB -J forward # name
#BSUB -o outfiles/forward_%J.out # output file
#BSUB -q gpuh100
#BSUB -n 64 ## cores
#BSUB -R "rusage[mem=1GB]" 
#BSUB -W 24:00 # useable time in minutes
##BSUB -N # send mail when done
#BSUB -R "span[hosts=1]"
#BSUB -gpu "num=1:mode=exclusive_process"

module load gcc/12.3.0-binutils-2.40
module load cuda/12.2.2
# "Retinin2x2" or "demoleus2x2"

OMP_NUM_THREADS=64 python forward.py 1 1 0 demoleus2x2

OMP_NUM_THREADS=64 python forward.py 1 2 0 demoleus2x2

OMP_NUM_THREADS=64 python forward.py 1 3 0 demoleus2x2

OMP_NUM_THREADS=64 python forward.py 1 4 0 demoleus2x2

OMP_NUM_THREADS=64 python forward.py 1 5 0 demoleus2x2
------------------------------------------------------------

Successfully completed.

Resource usage summary:

    CPU time :                                   425.00 sec.
    Max Memory :                                 247 MB
    Average Memory :                             244.50 MB
    Total Requested Memory :                     65536.00 MB
    Delta Memory :                               65289.00 MB
    Max Swap :                                   -
    Max Processes :                              4
    Max Threads :                                71
    Run time :                                   135 sec.
    Turnaround time :                            137 sec.

The output (if any) is above this job summary.

