Loaded module: gcc/12.3.0-binutils-2.40
Loaded module: cuda/12.2.2
n_test:  	1044
n_top:  	298
n_right:  	224
n_bottom:	298
n_left:  	224
n_int:  	1028
n_ext:  	1048
n_obs:  	90000
n:      	90000
We are computing on the device!

It took 6.547151e-04 seconds to setup the segments!


It took 1.6507e-01 seconds to solve the linear system for segment 1.


It took 1.6510e-01 seconds to solve all the linear systems.


It took 3.2279e-02 seconds to compute the scattered field matrices for segment 1.


It took 1.7375e-04 seconds to compute the combined scattered fields in the observation points.


It took 2.9945e-02 seconds to compute the interior field matrices for segment 1.


It took 2.7141e-05 seconds to compute the combined interior fields in the observation points.


It took 9.7856e-05 seconds to compute the combined incident fields in the observation points.


It took 1.3645e-01 seconds to solve the linear system for segment 1.


It took 1.3648e-01 seconds to solve all the linear systems.


It took 3.0045e-02 seconds to compute the scattered field matrices for segment 1.


It took 2.7892e-05 seconds to compute the combined scattered fields in the observation points.


It took 2.9826e-02 seconds to compute the interior field matrices for segment 1.


It took 2.6380e-05 seconds to compute the combined interior fields in the observation points.


It took 4.4897e-05 seconds to compute the combined incident fields in the observation points.

DESTRUCTED!
n_test:  	1044
n_top:  	298
n_right:  	224
n_bottom:	298
n_left:  	224
n_int:  	1028
n_ext:  	1048
n_obs:  	90000
n:      	90000
We are computing on the device!

It took 4.704101e-04 seconds to setup the segments!


It took 1.5415e-01 seconds to solve the linear system for segment 1.


It took 1.5417e-01 seconds to solve all the linear systems.


It took 3.0053e-02 seconds to compute the scattered field matrices for segment 1.


It took 8.2884e-05 seconds to compute the combined scattered fields in the observation points.


It took 2.9849e-02 seconds to compute the interior field matrices for segment 1.


It took 3.4772e-05 seconds to compute the combined interior fields in the observation points.


It took 8.6359e-05 seconds to compute the combined incident fields in the observation points.


It took 1.2863e-01 seconds to solve the linear system for segment 1.


It took 1.2865e-01 seconds to solve all the linear systems.


It took 3.0023e-02 seconds to compute the scattered field matrices for segment 1.


It took 2.8253e-05 seconds to compute the combined scattered fields in the observation points.


It took 2.9853e-02 seconds to compute the interior field matrices for segment 1.


It took 2.8703e-05 seconds to compute the combined interior fields in the observation points.


It took 4.5057e-05 seconds to compute the combined incident fields in the observation points.

DESTRUCTED!
n_test:  	744
n_top:  	148
n_right:  	224
n_bottom:	148
n_left:  	224
n_int:  	728
n_ext:  	748
n_obs:  	90000
n:      	90000
We are computing on the device!

It took 8.751040e-04 seconds to setup the segments!


It took 2.0763e-01 seconds to solve the linear system for segment 1.


It took 2.0826e-01 seconds to solve the linear system for segment 2.


It took 2.0853e-01 seconds to solve all the linear systems.


It took 2.0885e-02 seconds to compute the scattered field matrices for segment 1.


It took 2.0750e-02 seconds to compute the scattered field matrices for segment 2.


It took 3.7147e-04 seconds to compute the combined scattered fields in the observation points.


It took 2.1940e-02 seconds to compute the interior field matrices for segment 1.


It took 2.1852e-02 seconds to compute the interior field matrices for segment 2.


It took 4.9624e-05 seconds to compute the combined interior fields in the observation points.


It took 1.0297e-04 seconds to compute the combined incident fields in the observation points.


It took 1.8239e-01 seconds to solve the linear system for segment 1.


It took 1.8518e-01 seconds to solve the linear system for segment 2.


It took 1.8533e-01 seconds to solve all the linear systems.


It took 2.0738e-02 seconds to compute the scattered field matrices for segment 1.


It took 2.0744e-02 seconds to compute the scattered field matrices for segment 2.


It took 4.4826e-05 seconds to compute the combined scattered fields in the observation points.


It took 2.1868e-02 seconds to compute the interior field matrices for segment 1.


It took 2.1856e-02 seconds to compute the interior field matrices for segment 2.


It took 4.3555e-05 seconds to compute the combined interior fields in the observation points.


It took 4.4366e-05 seconds to compute the combined incident fields in the observation points.

DESTRUCTED!
Traceback (most recent call last):
  File "/zhome/00/b/147112/bioscat/Scripts/main/forward.py", line 208, in <module>
    segmentTest(num_segments=num_segments, beta = beta, protein_structure = protein_structure)
  File "/zhome/00/b/147112/bioscat/Scripts/main/forward.py", line 153, in segmentTest
    executeForward(x = X, y = Y, num_segments = num_segments, beta = beta, total_grid_points=grid_size, protein_structure = protein_structure, deviceComputation = True, location = location)
  File "/zhome/00/b/147112/bioscat/Scripts/main/forward.py", line 43, in executeForward
    c_func.executeForward(x_arr, y_arr, n, protein_structure_encoded, num_segments,total_grid_points, ctypes.c_double(beta*math.pi/180), ctypes.c_double(lambd), int(deviceComputation))
KeyboardInterrupt

------------------------------------------------------------
Sender: LSF System <lsfadmin@hpc.dtu.dk>
Subject: Job 23278240: <forward> in cluster <dcc> Exited

Job <forward> was submitted from host <n-62-11-47> by user <s194146> in cluster <dcc> at Wed Nov 27 18:08:19 2024
Job was executed on host(s) <64*n-62-12-81>, in queue <gpuh100>, as user <s194146> in cluster <dcc> at Wed Nov 27 18:08:20 2024
</zhome/00/b/147112> was used as the home directory.
</zhome/00/b/147112/bioscat/Scripts/main> was used as the working directory.
Started at Wed Nov 27 18:08:20 2024
Terminated at Wed Nov 27 18:08:51 2024
Results reported at Wed Nov 27 18:08:51 2024

Your job looked like:

------------------------------------------------------------
# LSBATCH: User input
#!/bin/bash
#BSUB -J forward # name
#BSUB -o outfiles/forward_%J.out # output file
#BSUB -q gpuh100
#BSUB -n 64 ## cores
#BSUB -R "rusage[mem=1GB]" 
#BSUB -W 24:00 # useable time in minutes
##BSUB -N # send mail when done
#BSUB -R "span[hosts=1]"
#BSUB -gpu "num=1:mode=exclusive_process"

module load gcc/12.3.0-binutils-2.40
module load cuda/12.2.2
# "Retinin2x2" or "demoleus2x2"

OMP_NUM_THREADS=64 python forward.py 1 1 0 demoleus2x2

OMP_NUM_THREADS=64 python forward.py 1 2 0 demoleus2x2

OMP_NUM_THREADS=64 python forward.py 1 3 0 demoleus2x2

OMP_NUM_THREADS=64 python forward.py 1 4 0 demoleus2x2

OMP_NUM_THREADS=64 python forward.py 1 5 0 demoleus2x2

OMP_NUM_THREADS=64 python forward.py 1 1 90 demoleus2x2

OMP_NUM_THREADS=64 python forward.py 1 2 90 demoleus2x2

OMP_NUM_THREADS=64 python forward.py 1 3 90 demoleus2x2

OMP_NUM_THREADS=64 python forward.py 1 4 90 demoleus2x2

OMP_NUM_THREADS=64 python forward.py 1 5 90 demoleus2x2

OMP_NUM_THREADS=64 python forward.py 1 1 0 Retinin2x2

OMP_NUM_THREADS=64 python forward.py 1 2 0 Retinin2x2

OMP_NUM_THREADS=64 python forward.py 1 3 0 Retinin2x2

OMP_NUM_THREADS=64 python forward.py 1 4 0 Retinin2x2

OMP_NUM_THREADS=64 python forward.py 1 5 0 Retinin2x2

OMP_NUM_THREADS=64 python forward.py 1 1 90 Retinin2x2

OMP_NUM_THREADS=64 python forward.py 1 2 90 Retinin2x2

OMP_NUM_THREADS=64 python forward.py 1 3 90 Retinin2x2

(... more ...)
------------------------------------------------------------

TERM_OWNER: job killed by owner.
Exited with exit code 130.

Resource usage summary:

    CPU time :                                   86.00 sec.
    Max Memory :                                 256 MB
    Average Memory :                             204.00 MB
    Total Requested Memory :                     65536.00 MB
    Delta Memory :                               65280.00 MB
    Max Swap :                                   -
    Max Processes :                              4
    Max Threads :                                71
    Run time :                                   31 sec.
    Turnaround time :                            32 sec.

The output (if any) is above this job summary.

