Loaded module: gcc/12.3.0-binutils-2.40
Loaded module: cuda/12.2.2
Memory allocation failed.
Memory allocation failed.
Memory allocation failed.
Memory allocation failed.
Memory allocation failed.
Error opening file: No such file or directory
Error opening file: No such file or directory
Error opening file: No such file or directory
Error opening file: No such file or directory
Memory allocation failed.
Memory allocation failed.
Error opening file: ../../../../../../../work3/s194146/bioscatdata/Data/artificial_data/comsol/angle_resolved/Retinin2x2/phi.txt
Error opening file: ../../../../../../../work3/s194146/bioscatdata/Data/artificial_data/comsol/angle_resolved/Retinin2x2/lambdas.txt
Error opening file: ../../../../../../../work3/s194146/bioscatdata/Data/artificial_data/comsol/angle_resolved/Retinin2x2/betas.txt
(n_obs, n_lambdas, n_beta) = (0, 0, 0)
File: ../../../../../../../work3/s194146/bioscatdata/Data/artificial_data/comsol/angle_resolved/Retinin2x2/reflectance.txt
File: ../../../../../../../work3/s194146/bioscatdata/Data/artificial_data/comsol/angle_resolved/Retinin2x2/lambdas.txt
File: ../../../../../../../work3/s194146/bioscatdata/Data/artificial_data/comsol/angle_resolved/Retinin2x2/betas.txt
File: ../../../../../../../work3/s194146/bioscatdata/Data/artificial_data/comsol/angle_resolved/Retinin2x2/phi.txt
--------------------------------------
We are computing curves on device!
--------------------------------------

Initialization and allocation: 0.0339 seconds

log(det) =-2.853400e+02 
Computing covariance matrix: 0.0004 seconds

Computing inverse of covariance matrix: 0.1577 seconds

Cholesky factorization successful.

Cholesky factorization: 0.0227 seconds

Failed to free memory on device: invalid argument
Failed to free memory on device: invalid argument
Failed to free memory on device: invalid argument
Gaussian Process freed!
Failed to free memory on device: invalid argument
Failed to free memory on device: invalid argument

------------------------------------------------------------
Sender: LSF System <lsfadmin@hpc.dtu.dk>
Subject: Job 23444744: <inverse> in cluster <dcc> Done

Job <inverse> was submitted from host <n-62-11-47> by user <s194146> in cluster <dcc> at Sun Dec 15 12:51:26 2024
Job was executed on host(s) <8*n-62-12-89>, in queue <gpuh100>, as user <s194146> in cluster <dcc> at Sun Dec 15 12:51:27 2024
</zhome/00/b/147112> was used as the home directory.
</zhome/00/b/147112/bioscat/Scripts/main> was used as the working directory.
Started at Sun Dec 15 12:51:27 2024
Terminated at Sun Dec 15 12:54:21 2024
Results reported at Sun Dec 15 12:54:21 2024

Your job looked like:

------------------------------------------------------------
# LSBATCH: User input
#!/bin/bash
#BSUB -J inverse # name
#BSUB -o outfiles/inverse_%J.out # output file
#BSUB -q gpuh100
#BSUB -n 8 ## cores
#BSUB -R "rusage[mem=1GB]" 
#BSUB -W 4:00 # useable time in minutes
##BSUB -N # send mail when done
#BSUB -R "span[hosts=1]"
#BSUB -gpu "num=1:mode=exclusive_process"

module load gcc/12.3.0-binutils-2.40
module load cuda/12.2.2

ELL="0.04 0.07 0.1";
TAU="0.5 0.7 0.9";
P="1 2 3";

tau=0.7
ell=0.7
p=2

OMP_NUM_THREADS=64 python inverse.py 1 Retinin2x2 angle_resolved $p $tau $ell
------------------------------------------------------------

Successfully completed.

Resource usage summary:

    CPU time :                                   41.00 sec.
    Max Memory :                                 175 MB
    Average Memory :                             171.25 MB
    Total Requested Memory :                     8192.00 MB
    Delta Memory :                               8017.00 MB
    Max Swap :                                   -
    Max Processes :                              4
    Max Threads :                                9
    Run time :                                   218 sec.
    Turnaround time :                            175 sec.

The output (if any) is above this job summary.

