Loaded module: gcc/12.3.0-binutils-2.40
Loaded module: cuda/12.2.2
2
angle_resolved
squaredExponentialParameterTest/demoleus2x2_tau_0.7_ell_0.10_delta_0.005_gamma_1e5
(n_obs, n_lambdas, n_beta) = (200, 4, 10)
--------------------------------------
We are computing curves on device!
--------------------------------------

Initialization and allocation: 0.0309 seconds

log(det) =-4.280099e+02 
Computing covariance matrix: 0.0003 seconds

Computing inverse of covariance matrix: 0.0441 seconds

Cholesky factorization successful.

Cholesky factorization: 0.0056 seconds

Gaussian Process freed!
angle_resolved
squaredExponentialParameterTest/Retinin2x2_tau_0.7_ell_0.10_delta_0.005_gamma_1e5
(n_obs, n_lambdas, n_beta) = (200, 4, 10)
--------------------------------------
We are computing curves on device!
--------------------------------------

Initialization and allocation: 0.0354 seconds

log(det) =-4.280099e+02 
Computing covariance matrix: 0.0003 seconds

Computing inverse of covariance matrix: 0.0447 seconds

Cholesky factorization successful.

Cholesky factorization: 0.0058 seconds

Gaussian Process freed!

------------------------------------------------------------
Sender: LSF System <lsfadmin@hpc.dtu.dk>
Subject: Job 23469060: <inverseSE> in cluster <dcc> Done

Job <inverseSE> was submitted from host <n-62-11-47> by user <s194146> in cluster <dcc> at Wed Dec 18 12:38:43 2024
Job was executed on host(s) <4*n-62-12-81>, in queue <gpuh100>, as user <s194146> in cluster <dcc> at Thu Dec 19 01:41:55 2024
</zhome/00/b/147112> was used as the home directory.
</zhome/00/b/147112/bioscat/Scripts/main> was used as the working directory.
Started at Thu Dec 19 01:41:55 2024
Terminated at Thu Dec 19 13:22:34 2024
Results reported at Thu Dec 19 13:22:34 2024

Your job looked like:

------------------------------------------------------------
# LSBATCH: User input
#!/bin/bash
#BSUB -J inverseSE # name
#BSUB -o outfiles/inverse_%J.out # output file
#BSUB -q gpuh100
#BSUB -n 4 ## cores
#BSUB -R "rusage[mem=1GB]" 
#BSUB -W 24:00 # useable time in minutes
##BSUB -N # send mail when done
#BSUB -R "span[hosts=1]"
#BSUB -gpu "num=1:mode=exclusive_process"

module load gcc/12.3.0-binutils-2.40
module load cuda/12.2.2

num_execution=2
echo $num_execution

if [ $num_execution == 1 ];
then
    python inverse.py 2 demoleus2x2 angle_resolved 0.7 0.07
    python inverse.py 2 Retinin2x2 angle_resolved 0.7 0.07
fi

if [ $num_execution == 2 ];
then
    python inverse.py 2 demoleus2x2 angle_resolved 0.7 0.1
    python inverse.py 2 Retinin2x2 angle_resolved 0.7 0.1
fi

if [ $num_execution == 3 ];
then
    python inverse.py 2 demoleus2x2 angle_resolved 0.7 0.04
    python inverse.py 2 Retinin2x2 angle_resolved 0.7 0.04
fi

if [ $num_execution == 4 ];
then
    python inverse.py 2 demoleus2x2 angle_resolved 0.5 0.07
    python inverse.py 2 Retinin2x2 angle_resolved 0.5 0.07
fi
if [ $num_execution == 5 ];
then
    python inverse.py 2 demoleus2x2 angle_resolved 0.9 0.07
    python inverse.py 2 Retinin2x2 angle_resolved 0.9 0.07
fi

## ELL="0.04 0.07 0.1";
## TAU="0.5 0.7 0.9";

## for ell in $ELL;

(... more ...)
------------------------------------------------------------

Successfully completed.

Resource usage summary:

    CPU time :                                   40241.00 sec.
    Max Memory :                                 229 MB
    Average Memory :                             225.66 MB
    Total Requested Memory :                     4096.00 MB
    Delta Memory :                               3867.00 MB
    Max Swap :                                   -
    Max Processes :                              4
    Max Threads :                                9
    Run time :                                   42041 sec.
    Turnaround time :                            89031 sec.

The output (if any) is above this job summary.

