Loaded module: gcc/12.3.0-binutils-2.40
Loaded module: cuda/12.2.2
Error opening output file 1: ../../../../../../../work3/s194146/bioscatdata/Results/inverse/demoleus2x2/maternParameterTest/Retinin2x2_tau_0.7_ell_0.70_p_2_delta_0.01_gamma_100000.0_output.txt

------------------------------------------------------------
Sender: LSF System <lsfadmin@hpc.dtu.dk>
Subject: Job 23444764: <inverse> in cluster <dcc> Done

Job <inverse> was submitted from host <n-62-11-47> by user <s194146> in cluster <dcc> at Sun Dec 15 13:08:38 2024
Job was executed on host(s) <8*n-62-12-89>, in queue <gpuh100>, as user <s194146> in cluster <dcc> at Sun Dec 15 13:08:40 2024
</zhome/00/b/147112> was used as the home directory.
</zhome/00/b/147112/bioscat/Scripts/main> was used as the working directory.
Started at Sun Dec 15 13:08:40 2024
Terminated at Sun Dec 15 13:08:43 2024
Results reported at Sun Dec 15 13:08:43 2024

Your job looked like:

------------------------------------------------------------
# LSBATCH: User input
#!/bin/bash
#BSUB -J inverse # name
#BSUB -o outfiles/inverse_%J.out # output file
#BSUB -q gpuh100
#BSUB -n 8 ## cores
#BSUB -R "rusage[mem=1GB]" 
#BSUB -W 4:00 # useable time in minutes
##BSUB -N # send mail when done
#BSUB -R "span[hosts=1]"
#BSUB -gpu "num=1:mode=exclusive_process"

module load gcc/12.3.0-binutils-2.40
module load cuda/12.2.2

ELL="0.04 0.07 0.1";
TAU="0.5 0.7 0.9";
P="1 2 3";

tau=0.7
ell=0.7
p=2

OMP_NUM_THREADS=64 python inverse.py 1 Retinin2x2 demoleus2x2 $p $tau $ell
------------------------------------------------------------

Successfully completed.

Resource usage summary:

    CPU time :                                   1.31 sec.
    Max Memory :                                 -
    Average Memory :                             -
    Total Requested Memory :                     8192.00 MB
    Delta Memory :                               -
    Max Swap :                                   -
    Max Processes :                              -
    Max Threads :                                -
    Run time :                                   47 sec.
    Turnaround time :                            5 sec.

The output (if any) is above this job summary.

