
------------------------------------------------------------
Sender: LSF System <lsfadmin@hpc.dtu.dk>
Subject: Job 23445340: <inverse> in cluster <dcc> Exited

Job <inverse> was submitted from host <n-62-11-47> by user <s194146> in cluster <dcc> at Sun Dec 15 17:21:48 2024
Job was executed on host(s) <4*n-62-12-89>, in queue <gpuh100>, as user <s194146> in cluster <dcc> at Sun Dec 15 17:31:45 2024
</zhome/00/b/147112> was used as the home directory.
</zhome/00/b/147112/bioscat/Scripts/main> was used as the working directory.
Started at Sun Dec 15 17:31:45 2024
Terminated at Sun Dec 15 17:31:46 2024
Results reported at Sun Dec 15 17:31:46 2024
Cannot open your job file: /zhome/00/b/147112/.lsbatch/1734279708.23445340
TERM_OWNER: job killed by owner.
Exited with signal termination: 2.

Resource usage summary:

    CPU time :                                   0.04 sec.
    Max Memory :                                 1 MB
    Average Memory :                             1.00 MB
    Total Requested Memory :                     4096.00 MB
    Delta Memory :                               4095.00 MB
    Max Swap :                                   -
    Max Processes :                              1
    Max Threads :                                1
    Run time :                                   3 sec.
    Turnaround time :                            598 sec.

The output (if any) is above this job summary.

