Loaded module: gcc/12.3.0-binutils-2.40
Loaded module: cuda/12.2.2
Terminated

------------------------------------------------------------
Sender: LSF System <lsfadmin@hpc.dtu.dk>
Subject: Job 23445368: <inverse> in cluster <dcc> Exited

Job <inverse> was submitted from host <hpclogin1> by user <s194146> in cluster <dcc> at Sun Dec 15 17:39:42 2024
Job was executed on host(s) <4*n-62-12-89>, in queue <gpuh100>, as user <s194146> in cluster <dcc> at Sun Dec 15 17:39:44 2024
</zhome/00/b/147112> was used as the home directory.
</zhome/00/b/147112/bioscat/Scripts/main> was used as the working directory.
Started at Sun Dec 15 17:39:44 2024
Terminated at Sun Dec 15 21:53:35 2024
Results reported at Sun Dec 15 21:53:35 2024

Your job looked like:

------------------------------------------------------------
# LSBATCH: User input
#!/bin/bash
#BSUB -J inverse # name
#BSUB -o outfiles/inverse_%J.out # output file
#BSUB -q gpuh100
#BSUB -n 4 ## cores
#BSUB -R "rusage[mem=1GB]" 
#BSUB -W 24:00 # useable time in minutes
##BSUB -N # send mail when done
#BSUB -R "span[hosts=1]"
#BSUB -gpu "num=1:mode=exclusive_process"

module load gcc/12.3.0-binutils-2.40
module load cuda/12.2.2

#python inverse.py 2 demoleus2x2 angle_resolved 0.7 0.07

python inverse.py 2 demoleus2x2 angle_resolved 0.7 0.1

#python inverse.py 2 demoleus2x2 angle_resolved 0.7 0.04

#python inverse.py 2 demoleus2x2 angle_resolved 0.5 0.07

#python inverse.py 2 demoleus2x2 angle_resolved 0.9 0.07

## ELL="0.04 0.07 0.1";
## TAU="0.5 0.7 0.9";

## for ell in $ELL;
## do
##     for tau in $TAU;
##     do
##         OMP_NUM_THREADS=64 python inverse.py 2 demoleus2x2 angle_resolved $tau $ell
##     done
## done
------------------------------------------------------------

TERM_OWNER: job killed by owner.
Exited with exit code 143.

Resource usage summary:

    CPU time :                                   14621.00 sec.
    Max Memory :                                 226 MB
    Average Memory :                             223.14 MB
    Total Requested Memory :                     4096.00 MB
    Delta Memory :                               3870.00 MB
    Max Swap :                                   -
    Max Processes :                              4
    Max Threads :                                9
    Run time :                                   15282 sec.
    Turnaround time :                            15233 sec.

The output (if any) is above this job summary.

