Loaded module: gcc/12.3.0-binutils-2.40
Loaded module: cuda/12.2.2
1
Traceback (most recent call last):
  File "/zhome/00/b/147112/bioscat/Scripts/main/inverse.py", line 134, in <module>
    maternDecayTest(protein_structure, datatype, delta = 0.1, gamma = 1e5, decay_rate=1e-3)
  File "/zhome/00/b/147112/bioscat/Scripts/main/inverse.py", line 82, in maternDecayTest
    executeInverse(testTypeName = 'maternDecayTest', p = p, tau = tau, ell = ell, gamma = gamma, delta = delta, datatype = datatype, total_grid_points=300, maxiter=20000, covfunc = "matern", protein_structure = protein_structure, decay_rate=decay_rate, fine_tuning = False) 
  File "/zhome/00/b/147112/bioscat/Scripts/main/inverse.py", line 31, in executeInverse
    filename = f"{testTypeName}/{protein_structure}/chain_{int(chainNum)}_{spec}_delta_{delta}_gamma_{gamma:.0e}".replace("+0", "")
NameError: name 'chainNum' is not defined
Traceback (most recent call last):
  File "/zhome/00/b/147112/bioscat/Scripts/main/inverse.py", line 134, in <module>
    maternDecayTest(protein_structure, datatype, delta = 0.1, gamma = 1e5, decay_rate=1e-3)
  File "/zhome/00/b/147112/bioscat/Scripts/main/inverse.py", line 82, in maternDecayTest
    executeInverse(testTypeName = 'maternDecayTest', p = p, tau = tau, ell = ell, gamma = gamma, delta = delta, datatype = datatype, total_grid_points=300, maxiter=20000, covfunc = "matern", protein_structure = protein_structure, decay_rate=decay_rate, fine_tuning = False) 
  File "/zhome/00/b/147112/bioscat/Scripts/main/inverse.py", line 31, in executeInverse
    filename = f"{testTypeName}/{protein_structure}/chain_{int(chainNum)}_{spec}_delta_{delta}_gamma_{gamma:.0e}".replace("+0", "")
NameError: name 'chainNum' is not defined

------------------------------------------------------------
Sender: LSF System <lsfadmin@hpc.dtu.dk>
Subject: Job 23495918: <invDecayM> in cluster <dcc> Done

Job <invDecayM> was submitted from host <hpclogin1> by user <s194146> in cluster <dcc> at Wed Dec 25 12:45:57 2024
Job was executed on host(s) <4*n-62-12-81>, in queue <gpuh100>, as user <s194146> in cluster <dcc> at Wed Dec 25 12:45:57 2024
</zhome/00/b/147112> was used as the home directory.
</zhome/00/b/147112/bioscat/Scripts/main> was used as the working directory.
Started at Wed Dec 25 12:45:57 2024
Terminated at Wed Dec 25 12:46:00 2024
Results reported at Wed Dec 25 12:46:00 2024

Your job looked like:

------------------------------------------------------------
# LSBATCH: User input
#!/bin/bash
#BSUB -J invDecayM # name
#BSUB -o outfiles/inverse_%J.out # output file
#BSUB -q gpuh100
#BSUB -n 4 ## cores
#BSUB -R "rusage[mem=1GB]" 
#BSUB -W 24:00 # useable time in minutes
##BSUB -N # send mail when done
#BSUB -R "span[hosts=1]"
#BSUB -gpu "num=1:mode=exclusive_process"

module load gcc/12.3.0-binutils-2.40
module load cuda/12.2.2

num_execution=1
echo $num_execution

if [ $num_execution == 1 ];
then
    python inverse.py 3 Retinin2x2 angle_resolved 0.1 1e-3
    python inverse.py 3 demoleus2x2 angle_resolved 0.1 1e-3
fi

if [ $num_execution == 2 ];
then
    python inverse.py 3 Retinin2x2 angle_resolved 0.3 1e-3
    python inverse.py 3 demoleus2x2 angle_resolved 0.3 1e-3
fi
if [ $num_execution == 3 ];
then
    python inverse.py 3 Retinin2x2 angle_resolved 0.1 1e-2
    python inverse.py 3 demoleus2x2 angle_resolved 0.1 1e-2
fi

if [ $num_execution == 4 ];
then
    python inverse.py 3 Retinin2x2 angle_resolved 0.3 1e-2
    python inverse.py 3 demoleus2x2 angle_resolved 0.3 1e-2
fi


------------------------------------------------------------

Successfully completed.

Resource usage summary:

    CPU time :                                   1.23 sec.
    Max Memory :                                 -
    Average Memory :                             -
    Total Requested Memory :                     4096.00 MB
    Delta Memory :                               -
    Max Swap :                                   -
    Max Processes :                              -
    Max Threads :                                -
    Run time :                                   63 sec.
    Turnaround time :                            3 sec.

The output (if any) is above this job summary.

