Loaded module: gcc/12.3.0-binutils-2.40
Loaded module: cuda/12.2.2
7
angle_resolved
maternParameterTest/Retinin2x2_tau_0.7_ell_0.10_p_2_delta_0.005_gamma_1e5
(n_obs, n_lambdas, n_beta) = (200, 4, 10)
--------------------------------------
We are computing curves on device!
--------------------------------------

Initialization and allocation: 0.0285 seconds

log(det) =-4.280099e+02 
Computing covariance matrix: 0.0004 seconds

Computing inverse of covariance matrix: 0.0404 seconds

Cholesky factorization successful.

Cholesky factorization: 0.0108 seconds

Gaussian Process freed!
angle_resolved
maternParameterTest/demoleus2x2_tau_0.7_ell_0.10_p_2_delta_0.005_gamma_1e5
(n_obs, n_lambdas, n_beta) = (200, 4, 10)
--------------------------------------
We are computing curves on device!
--------------------------------------

Initialization and allocation: 0.0289 seconds

log(det) =-4.280099e+02 
Computing covariance matrix: 0.0004 seconds

Computing inverse of covariance matrix: 0.0479 seconds

Cholesky factorization successful.

Cholesky factorization: 0.0076 seconds

Gaussian Process freed!

------------------------------------------------------------
Sender: LSF System <lsfadmin@hpc.dtu.dk>
Subject: Job 23469056: <inverseM> in cluster <dcc> Done

Job <inverseM> was submitted from host <n-62-11-47> by user <s194146> in cluster <dcc> at Wed Dec 18 12:38:09 2024
Job was executed on host(s) <8*n-62-12-88>, in queue <gpuh100>, as user <s194146> in cluster <dcc> at Wed Dec 18 13:58:53 2024
</zhome/00/b/147112> was used as the home directory.
</zhome/00/b/147112/bioscat/Scripts/main> was used as the working directory.
Started at Wed Dec 18 13:58:53 2024
Terminated at Thu Dec 19 01:49:44 2024
Results reported at Thu Dec 19 01:49:44 2024

Your job looked like:

------------------------------------------------------------
# LSBATCH: User input
#!/bin/bash
#BSUB -J inverseM # name
#BSUB -o outfiles/inverse_%J.out # output file
#BSUB -q gpuh100
#BSUB -n 8 ## cores
#BSUB -R "rusage[mem=1GB]" 
#BSUB -W 24:00 # useable time in minutes
##BSUB -N # send mail when done
#BSUB -R "span[hosts=1]"
#BSUB -gpu "num=1:mode=exclusive_process"

module load gcc/12.3.0-binutils-2.40
module load cuda/12.2.2

num_execution=7
echo $num_execution

if [ $num_execution == 1 ];
then
    python inverse.py 1 Retinin2x2 angle_resolved 2 0.7 0.07
    python inverse.py 1 demoleus2x2 angle_resolved 2 0.7 0.07
fi

if [ $num_execution == 2 ];
then
    python inverse.py 1 Retinin2x2 angle_resolved 1 0.7 0.07
    python inverse.py 1 demoleus2x2 angle_resolved 1 0.7 0.07
fi
if [ $num_execution == 3 ];
then
    python inverse.py 1 Retinin2x2 angle_resolved 3 0.7 0.07
    python inverse.py 1 demoleus2x2 angle_resolved 3 0.7 0.07
fi

if [ $num_execution == 4 ];
then
    python inverse.py 1 Retinin2x2 angle_resolved 2 0.5 0.07
    python inverse.py 1 demoleus2x2 angle_resolved 2 0.5 0.07
fi
if [ $num_execution == 5 ];
then
    python inverse.py 1 Retinin2x2 angle_resolved 2 0.9 0.07
    python inverse.py 1 demoleus2x2 angle_resolved 2 0.9 0.07
fi

if [ $num_execution == 6 ];
then
    python inverse.py 1 Retinin2x2 angle_resolved 2 0.7 0.04
    python inverse.py 1 demoleus2x2 angle_resolved 2 0.7 0.04
fi

(... more ...)
------------------------------------------------------------

Successfully completed.

Resource usage summary:

    CPU time :                                   40676.00 sec.
    Max Memory :                                 227 MB
    Average Memory :                             223.19 MB
    Total Requested Memory :                     8192.00 MB
    Delta Memory :                               7965.00 MB
    Max Swap :                                   -
    Max Processes :                              4
    Max Threads :                                9
    Run time :                                   42651 sec.
    Turnaround time :                            47495 sec.

The output (if any) is above this job summary.

