Loaded module: gcc/12.3.0-binutils-2.40
Loaded module: cuda/12.2.2
2
Directory '../../../../../../../work3/s194146/bioscatdata/Results/inverse/angle_resolved/maternParameterTest' already exists.
Directory '../../../../../../../work3/s194146/bioscatdata/Results/inverse/angle_resolved/maternParameterTest/demoleus2x2' already exists.
Directory '../../../../../../../work3/s194146/bioscatdata/Results/inverse/angle_resolved/maternParameterTest/demoleus2x2/tau_0.7_ell_0.07_p_2_delta_0.005_gamma_1e5' already exists.
angle_resolved
maternParameterTest/demoleus2x2/tau_0.7_ell_0.07_p_2_delta_0.005_gamma_1e5/chain_1
(n_obs, n_lambdas, n_beta) = (200, 4, 19)
--------------------------------------
We are computing curves on device!
--------------------------------------

Initialization and allocation: 0.0280 seconds

log(det) =-2.853400e+02 
Computing covariance matrix: 0.0004 seconds

Computing inverse of covariance matrix: 0.0293 seconds

Cholesky factorization successful.

Cholesky factorization: 0.0037 seconds

Gaussian Process freed!
Terminated

------------------------------------------------------------
Sender: LSF System <lsfadmin@hpc.dtu.dk>
Subject: Job 23498704: <inverseM> in cluster <dcc> Exited

Job <inverseM> was submitted from host <n-62-11-47> by user <s194146> in cluster <dcc> at Sun Dec 29 12:30:25 2024
Job was executed on host(s) <4*n-62-12-88>, in queue <gpuh100>, as user <s194146> in cluster <dcc> at Sun Dec 29 12:30:27 2024
</zhome/00/b/147112> was used as the home directory.
</zhome/00/b/147112/bioscat/Scripts/main> was used as the working directory.
Started at Sun Dec 29 12:30:27 2024
Terminated at Sun Dec 29 15:59:18 2024
Results reported at Sun Dec 29 15:59:18 2024

Your job looked like:

------------------------------------------------------------
# LSBATCH: User input
#!/bin/bash
#BSUB -J inverseM # name
#BSUB -o outfiles/inverse_%J.out # output file
#BSUB -q gpuh100
#BSUB -n 4 ## cores
#BSUB -R "rusage[mem=1GB]" 
#BSUB -W 24:00 # useable time in minutes
##BSUB -N # send mail when done
#BSUB -R "span[hosts=1]"
#BSUB -gpu "num=1:mode=exclusive_process"

module load gcc/12.3.0-binutils-2.40
module load cuda/12.2.2

num_execution=2
chainNum=1
echo $num_execution

if [ $num_execution == 1 ];
then

    python inverse.py 1 $chainNum Retinin2x2 angle_resolved 2 0.7 0.07
    python inverse.py 1 $chainNum Retinin2x2 angle_resolved 1 0.7 0.07
    python inverse.py 1 $chainNum Retinin2x2 angle_resolved 3 0.7 0.07
    python inverse.py 1 $chainNum Retinin2x2 angle_resolved 2 0.5 0.07
    python inverse.py 1 $chainNum Retinin2x2 angle_resolved 2 0.9 0.07
    python inverse.py 1 $chainNum Retinin2x2 angle_resolved 2 0.7 0.04
    python inverse.py 1 $chainNum Retinin2x2 angle_resolved 2 0.7 0.1
fi

if [ $num_execution == 2 ];
then
    python inverse.py 1 $chainNum demoleus2x2 angle_resolved 2 0.7 0.07
    python inverse.py 1 $chainNum demoleus2x2 angle_resolved 1 0.7 0.07
    python inverse.py 1 $chainNum demoleus2x2 angle_resolved 3 0.7 0.07
    python inverse.py 1 $chainNum demoleus2x2 angle_resolved 2 0.5 0.07
    python inverse.py 1 $chainNum demoleus2x2 angle_resolved 2 0.9 0.07
    python inverse.py 1 $chainNum demoleus2x2 angle_resolved 2 0.7 0.04
    python inverse.py 1 $chainNum demoleus2x2 angle_resolved 2 0.7 0.1

fi

exit

if [ $num_execution == 1 ];
then
    python inverse.py 1 $chainNum Retinin2x2 angle_resolved 2 0.7 0.07
    python inverse.py 1 $chainNum demoleus2x2 angle_resolved 2 0.7 0.07
fi


(... more ...)
------------------------------------------------------------

TERM_OWNER: job killed by owner.
Exited with exit code 143.

Resource usage summary:

    CPU time :                                   12070.00 sec.
    Max Memory :                                 207 MB
    Average Memory :                             202.46 MB
    Total Requested Memory :                     4096.00 MB
    Delta Memory :                               3889.00 MB
    Max Swap :                                   -
    Max Processes :                              4
    Max Threads :                                9
    Run time :                                   12553 sec.
    Turnaround time :                            12533 sec.

The output (if any) is above this job summary.

