Loaded module: gcc/12.3.0-binutils-2.40
Loaded module: cuda/12.2.2
1
Traceback (most recent call last):
  File "/zhome/00/b/147112/bioscat/Scripts/main/inverse.py", line 135, in <module>
    maternParameterTest(protein_structure, datatype, p = p, tau = tau, ell = ell)
  File "/zhome/00/b/147112/bioscat/Scripts/main/inverse.py", line 85, in maternParameterTest
    executeInverse(testTypeName = 'maternParameterTest', p = p, tau = tau, ell = ell, gamma = gamma, delta = delta, datatype = datatype, total_grid_points=300, maxiter=20000, covfunc = "matern", protein_structure = protein_structure, decay_rate=0, fine_tuning = False) 
  File "/zhome/00/b/147112/bioscat/Scripts/main/inverse.py", line 30, in executeInverse
    os.mkdir(directory_name)
FileNotFoundError: [Errno 2] No such file or directory: 'maternParameterTest/Retinin2x2/tau_0.7_ell_0.07_p_2_delta_0.005_gamma_1e5/chain_1'
Traceback (most recent call last):
  File "/zhome/00/b/147112/bioscat/Scripts/main/inverse.py", line 135, in <module>
    maternParameterTest(protein_structure, datatype, p = p, tau = tau, ell = ell)
  File "/zhome/00/b/147112/bioscat/Scripts/main/inverse.py", line 85, in maternParameterTest
    executeInverse(testTypeName = 'maternParameterTest', p = p, tau = tau, ell = ell, gamma = gamma, delta = delta, datatype = datatype, total_grid_points=300, maxiter=20000, covfunc = "matern", protein_structure = protein_structure, decay_rate=0, fine_tuning = False) 
  File "/zhome/00/b/147112/bioscat/Scripts/main/inverse.py", line 30, in executeInverse
    os.mkdir(directory_name)
FileNotFoundError: [Errno 2] No such file or directory: 'maternParameterTest/demoleus2x2/tau_0.7_ell_0.07_p_2_delta_0.005_gamma_1e5/chain_1'

------------------------------------------------------------
Sender: LSF System <lsfadmin@hpc.dtu.dk>
Subject: Job 23497161: <inverseM> in cluster <dcc> Done

Job <inverseM> was submitted from host <hpclogin1> by user <s194146> in cluster <dcc> at Sat Dec 28 12:50:34 2024
Job was executed on host(s) <4*n-62-12-88>, in queue <gpuh100>, as user <s194146> in cluster <dcc> at Sat Dec 28 12:50:35 2024
</zhome/00/b/147112> was used as the home directory.
</zhome/00/b/147112/bioscat/Scripts/main> was used as the working directory.
Started at Sat Dec 28 12:50:35 2024
Terminated at Sat Dec 28 12:50:37 2024
Results reported at Sat Dec 28 12:50:37 2024

Your job looked like:

------------------------------------------------------------
# LSBATCH: User input
#!/bin/bash
#BSUB -J inverseM # name
#BSUB -o outfiles/inverse_%J.out # output file
#BSUB -q gpuh100
#BSUB -n 4 ## cores
#BSUB -R "rusage[mem=1GB]" 
#BSUB -W 24:00 # useable time in minutes
##BSUB -N # send mail when done
#BSUB -R "span[hosts=1]"
#BSUB -gpu "num=1:mode=exclusive_process"

module load gcc/12.3.0-binutils-2.40
module load cuda/12.2.2

num_execution=1
chainNum=1
echo $num_execution

if [ $num_execution == 1 ];
then
    python inverse.py 1 $chainNum Retinin2x2 angle_resolved 2 0.7 0.07
    python inverse.py 1 $chainNum demoleus2x2 angle_resolved 2 0.7 0.07
fi

if [ $num_execution == 2 ];
then
    python inverse.py 1 $chainNum Retinin2x2 angle_resolved 1 0.7 0.07
    python inverse.py 1 $chainNum demoleus2x2 angle_resolved 1 0.7 0.07
fi
if [ $num_execution == 3 ];
then
    python inverse.py 1 $chainNum Retinin2x2 angle_resolved 3 0.7 0.07
    python inverse.py 1 $chainNum demoleus2x2 angle_resolved 3 0.7 0.07
fi

if [ $num_execution == 4 ];
then
    python inverse.py 1 $chainNum Retinin2x2 angle_resolved 2 0.5 0.07
    python inverse.py 1 $chainNum demoleus2x2 angle_resolved 2 0.5 0.07
fi
if [ $num_execution == 5 ];
then
    python inverse.py 1 $chainNum Retinin2x2 angle_resolved 2 0.9 0.07
    python inverse.py 1 $chainNum demoleus2x2 angle_resolved 2 0.9 0.07
fi

if [ $num_execution == 6 ];
then
    python inverse.py 1 $chainNum Retinin2x2 angle_resolved 2 0.7 0.04
    python inverse.py 1 $chainNum demoleus2x2 angle_resolved 2 0.7 0.04

(... more ...)
------------------------------------------------------------

Successfully completed.

Resource usage summary:

    CPU time :                                   1.22 sec.
    Max Memory :                                 2 MB
    Average Memory :                             1.67 MB
    Total Requested Memory :                     4096.00 MB
    Delta Memory :                               4094.00 MB
    Max Swap :                                   -
    Max Processes :                              1
    Max Threads :                                1
    Run time :                                   93 sec.
    Turnaround time :                            3 sec.

The output (if any) is above this job summary.

