Loaded module: gcc/12.3.0-binutils-2.40
Loaded module: cuda/12.2.2
1
Directory '../../../../../../../work3/s194146/bioscatdata/Results/inverse/angle_resolved/squaredExponentialParameterTest' already exists.
Directory '../../../../../../../work3/s194146/bioscatdata/Results/inverse/angle_resolved/squaredExponentialParameterTest/demoleus2x2' already exists.
Directory '../../../../../../../work3/s194146/bioscatdata/Results/inverse/angle_resolved/squaredExponentialParameterTest/demoleus2x2/tau_0.7_ell_0.07_delta_0.005_gamma_5e4' created successfully.
angle_resolved
squaredExponentialParameterTest/demoleus2x2/tau_0.7_ell_0.07_delta_0.005_gamma_5e4/chain_1
(n_obs, n_lambdas, n_beta) = (200, 4, 19)
--------------------------------------
We are computing curves on device!
--------------------------------------

Initialization and allocation: 0.0264 seconds

log(det) =-2.140050e+02 
Computing covariance matrix: 0.0003 seconds

Computing inverse of covariance matrix: 0.0297 seconds

Cholesky factorization successful.

Cholesky factorization: 0.0179 seconds

Gaussian Process freed!
Terminated

------------------------------------------------------------
Sender: LSF System <lsfadmin@hpc.dtu.dk>
Subject: Job 23498493: <inverseSE> in cluster <dcc> Exited

Job <inverseSE> was submitted from host <n-62-11-47> by user <s194146> in cluster <dcc> at Sat Dec 28 18:49:54 2024
Job was executed on host(s) <4*n-62-12-88>, in queue <gpuh100>, as user <s194146> in cluster <dcc> at Sun Dec 29 07:47:59 2024
</zhome/00/b/147112> was used as the home directory.
</zhome/00/b/147112/bioscat/Scripts/main> was used as the working directory.
Started at Sun Dec 29 07:47:59 2024
Terminated at Sun Dec 29 11:22:14 2024
Results reported at Sun Dec 29 11:22:14 2024

Your job looked like:

------------------------------------------------------------
# LSBATCH: User input
#!/bin/bash
#BSUB -J inverseSE # name
#BSUB -o outfiles/inverse_%J.out # output file
#BSUB -q gpuh100
#BSUB -n 4 ## cores
#BSUB -R "rusage[mem=1GB]" 
#BSUB -W 24:00 # useable time in minutes
##BSUB -N # send mail when done
#BSUB -R "span[hosts=1]"
#BSUB -gpu "num=1:mode=exclusive_process"

module load gcc/12.3.0-binutils-2.40
module load cuda/12.2.2

num_execution=1
chainNum=1
echo $num_execution

if [ $num_execution == 1 ];
then
    python inverse.py 2 $chainNum demoleus2x2 angle_resolved 0.7 0.07
    python inverse.py 2 $chainNum Retinin2x2 angle_resolved 0.7 0.07
fi

if [ $num_execution == 2 ];
then
    python inverse.py 2 $chainNum demoleus2x2 angle_resolved 0.7 0.1
    python inverse.py 2 $chainNum Retinin2x2 angle_resolved 0.7 0.1
fi

if [ $num_execution == 3 ];
then
    python inverse.py 2 $chainNum demoleus2x2 angle_resolved 0.7 0.04
    python inverse.py 2 $chainNum Retinin2x2 angle_resolved 0.7 0.04
fi

if [ $num_execution == 4 ];
then
    python inverse.py 2 $chainNum demoleus2x2 angle_resolved 0.5 0.07
    python inverse.py 2 $chainNum Retinin2x2 angle_resolved 0.5 0.07
fi
if [ $num_execution == 5 ];
then
    python inverse.py 2 $chainNum demoleus2x2 angle_resolved 0.9 0.07
    python inverse.py 2 $chainNum Retinin2x2 angle_resolved 0.9 0.07
fi

## ELL="0.04 0.07 0.1";
## TAU="0.5 0.7 0.9";


(... more ...)
------------------------------------------------------------

TERM_OWNER: job killed by owner.
Exited with exit code 143.

Resource usage summary:

    CPU time :                                   12393.00 sec.
    Max Memory :                                 216 MB
    Average Memory :                             204.50 MB
    Total Requested Memory :                     4096.00 MB
    Delta Memory :                               3880.00 MB
    Max Swap :                                   -
    Max Processes :                              4
    Max Threads :                                9
    Run time :                                   12855 sec.
    Turnaround time :                            59540 sec.

The output (if any) is above this job summary.

