Loaded module: gcc/12.3.0-binutils-2.40
Loaded module: cuda/12.2.2
3
angle_resolved
maternParameterTest/Retinin2x2_tau_0.7_ell_0.07_p_3_delta_0.005_gamma_1e5
(n_obs, n_lambdas, n_beta) = (200, 4, 10)
--------------------------------------
We are computing curves on device!
--------------------------------------

Initialization and allocation: 0.0352 seconds

log(det) =-4.280099e+02 
Computing covariance matrix: 0.0004 seconds

Computing inverse of covariance matrix: 0.0450 seconds

Cholesky factorization successful.

Cholesky factorization: 0.0057 seconds

Gaussian Process freed!
angle_resolved
maternParameterTest/demoleus2x2_tau_0.7_ell_0.07_p_3_delta_0.005_gamma_1e5
(n_obs, n_lambdas, n_beta) = (200, 4, 10)
--------------------------------------
We are computing curves on device!
--------------------------------------

Initialization and allocation: 0.0308 seconds

log(det) =-4.280099e+02 
Computing covariance matrix: 0.0003 seconds

Computing inverse of covariance matrix: 0.0333 seconds

Cholesky factorization successful.

Cholesky factorization: 0.0164 seconds

Gaussian Process freed!

------------------------------------------------------------
Sender: LSF System <lsfadmin@hpc.dtu.dk>
Subject: Job 23473563: <inverseM> in cluster <dcc> Done

Job <inverseM> was submitted from host <n-62-11-47> by user <s194146> in cluster <dcc> at Wed Dec 18 14:01:26 2024
Job was executed on host(s) <4*n-62-12-88>, in queue <gpuh100>, as user <s194146> in cluster <dcc> at Thu Dec 19 13:36:50 2024
</zhome/00/b/147112> was used as the home directory.
</zhome/00/b/147112/bioscat/Scripts/main> was used as the working directory.
Started at Thu Dec 19 13:36:50 2024
Terminated at Fri Dec 20 01:21:55 2024
Results reported at Fri Dec 20 01:21:55 2024

Your job looked like:

------------------------------------------------------------
# LSBATCH: User input
#!/bin/bash
#BSUB -J inverseM # name
#BSUB -o outfiles/inverse_%J.out # output file
#BSUB -q gpuh100
#BSUB -n 4 ## cores
#BSUB -R "rusage[mem=1GB]" 
#BSUB -W 24:00 # useable time in minutes
##BSUB -N # send mail when done
#BSUB -R "span[hosts=1]"
#BSUB -gpu "num=1:mode=exclusive_process"

module load gcc/12.3.0-binutils-2.40
module load cuda/12.2.2

num_execution=3
echo $num_execution

if [ $num_execution == 1 ];
then
    python inverse.py 1 Retinin2x2 angle_resolved 2 0.7 0.07
    python inverse.py 1 demoleus2x2 angle_resolved 2 0.7 0.07
fi

if [ $num_execution == 2 ];
then
    python inverse.py 1 Retinin2x2 angle_resolved 1 0.7 0.07
    python inverse.py 1 demoleus2x2 angle_resolved 1 0.7 0.07
fi
if [ $num_execution == 3 ];
then
    python inverse.py 1 Retinin2x2 angle_resolved 3 0.7 0.07
    python inverse.py 1 demoleus2x2 angle_resolved 3 0.7 0.07
fi

if [ $num_execution == 4 ];
then
    python inverse.py 1 Retinin2x2 angle_resolved 2 0.5 0.07
    python inverse.py 1 demoleus2x2 angle_resolved 2 0.5 0.07
fi
if [ $num_execution == 5 ];
then
    python inverse.py 1 Retinin2x2 angle_resolved 2 0.9 0.07
    python inverse.py 1 demoleus2x2 angle_resolved 2 0.9 0.07
fi

if [ $num_execution == 6 ];
then
    python inverse.py 1 Retinin2x2 angle_resolved 2 0.7 0.04
    python inverse.py 1 demoleus2x2 angle_resolved 2 0.7 0.04
fi

(... more ...)
------------------------------------------------------------

Successfully completed.

Resource usage summary:

    CPU time :                                   40539.00 sec.
    Max Memory :                                 231 MB
    Average Memory :                             225.70 MB
    Total Requested Memory :                     4096.00 MB
    Delta Memory :                               3865.00 MB
    Max Swap :                                   -
    Max Processes :                              4
    Max Threads :                                9
    Run time :                                   42305 sec.
    Turnaround time :                            127229 sec.

The output (if any) is above this job summary.

