Loaded module: gcc/12.3.0-binutils-2.40
Loaded module: cuda/12.2.2
Terminated

------------------------------------------------------------
Sender: LSF System <lsfadmin@hpc.dtu.dk>
Subject: Job 23496651: <prof->h32> in cluster <dcc> Exited

Job <prof->h32> was submitted from host <n-62-11-47> by user <s194146> in cluster <dcc> at Fri Dec 27 12:21:56 2024
Job was executed on host(s) <32*n-62-12-81>, in queue <gpuh100>, as user <s194146> in cluster <dcc> at Fri Dec 27 12:29:20 2024
</zhome/00/b/147112> was used as the home directory.
</zhome/00/b/147112/bioscat/Scripts/main> was used as the working directory.
Started at Fri Dec 27 12:29:20 2024
Terminated at Fri Dec 27 12:29:37 2024
Results reported at Fri Dec 27 12:29:37 2024

Your job looked like:

------------------------------------------------------------
# LSBATCH: User input
#!/bin/bash
#BSUB -J prof->h32 # name
#BSUB -o outfiles/profile_forward_%J.out # output file
#BSUB -q gpuh100
#BSUB -n 32 ## cores
#BSUB -R "rusage[mem=8GB]" 
#BSUB -W 24:00 # useable time in minutes
##BSUB -N # send mail when done
#BSUB -R "span[hosts=1]"
#BSUB -gpu "num=1:mode=exclusive_process"

module load gcc/12.3.0-binutils-2.40
module load cuda/12.2.2

OMP_NUM_THREADS=32 python profileForward.py 2 32

------------------------------------------------------------

TERM_OWNER: job killed by owner.
Exited with exit code 143.

Resource usage summary:

    CPU time :                                   331.00 sec.
    Max Memory :                                 221 MB
    Average Memory :                             221.00 MB
    Total Requested Memory :                     262144.00 MB
    Delta Memory :                               261923.00 MB
    Max Swap :                                   -
    Max Processes :                              4
    Max Threads :                                40
    Run time :                                   17 sec.
    Turnaround time :                            461 sec.

The output (if any) is above this job summary.

