Loaded module: gcc/12.3.0-binutils-2.40
Loaded module: cuda/12.2.2
1
1
1
1
1
1
1
1
1
1

------------------------------------------------------------
Sender: LSF System <lsfadmin@hpc.dtu.dk>
Subject: Job 23497152: <prof->h01> in cluster <dcc> Done

Job <prof->h01> was submitted from host <hpclogin1> by user <s194146> in cluster <dcc> at Sat Dec 28 12:46:49 2024
Job was executed on host(s) <8*n-62-12-88>, in queue <gpuh100>, as user <s194146> in cluster <dcc> at Sat Dec 28 12:46:51 2024
</zhome/00/b/147112> was used as the home directory.
</zhome/00/b/147112/bioscat/Scripts/main> was used as the working directory.
Started at Sat Dec 28 12:46:51 2024
Terminated at Sun Dec 29 00:28:31 2024
Results reported at Sun Dec 29 00:28:31 2024

Your job looked like:

------------------------------------------------------------
# LSBATCH: User input
#!/bin/bash
#BSUB -J prof->h01 # name
#BSUB -o outfiles/profile_forward_%J.out # output file
#BSUB -q gpuh100
#BSUB -n 8 ## cores
#BSUB -R "rusage[mem=8GB]" 
#BSUB -W 24:00 # useable time in minutes
##BSUB -N # send mail when done
#BSUB -R "span[hosts=1]"
#BSUB -gpu "num=1:mode=exclusive_process"

module load gcc/12.3.0-binutils-2.40
module load cuda/12.2.2

OMP_NUM_THREADS=1 python profileForward.py 2 1

------------------------------------------------------------

Successfully completed.

Resource usage summary:

    CPU time :                                   42868.00 sec.
    Max Memory :                                 944 MB
    Average Memory :                             648.71 MB
    Total Requested Memory :                     65536.00 MB
    Delta Memory :                               64592.00 MB
    Max Swap :                                   -
    Max Processes :                              4
    Max Threads :                                9
    Run time :                                   42155 sec.
    Turnaround time :                            42102 sec.

The output (if any) is above this job summary.

