Loaded module: gcc/12.3.0-binutils-2.40
Loaded module: cuda/12.2.2
  File "/zhome/00/b/147112/bioscat/Scripts/main/profileForward.py", line 64
    for total_grid_points in range(550,1050,50):
IndentationError: expected an indented block

------------------------------------------------------------
Sender: LSF System <lsfadmin@hpc.dtu.dk>
Subject: Job 23491882: <prof->h01> in cluster <dcc> Exited

Job <prof->h01> was submitted from host <hpclogin1> by user <s194146> in cluster <dcc> at Mon Dec 23 17:07:41 2024
Job was executed on host(s) <16*n-62-12-89>, in queue <gpuh100>, as user <s194146> in cluster <dcc> at Mon Dec 23 21:13:56 2024
</zhome/00/b/147112> was used as the home directory.
</zhome/00/b/147112/bioscat/Scripts/main> was used as the working directory.
Started at Mon Dec 23 21:13:56 2024
Terminated at Mon Dec 23 21:13:59 2024
Results reported at Mon Dec 23 21:13:59 2024

Your job looked like:

------------------------------------------------------------
# LSBATCH: User input
#!/bin/bash
#BSUB -J prof->h01 # name
#BSUB -o outfiles/profile_forward_%J.out # output file
#BSUB -q gpuh100
#BSUB -n 16 ## cores
#BSUB -R "rusage[mem=8GB]" 
#BSUB -W 24:00 # useable time in minutes
##BSUB -N # send mail when done
#BSUB -R "span[hosts=1]"
#BSUB -gpu "num=1:mode=exclusive_process"

module load gcc/12.3.0-binutils-2.40
module load cuda/12.2.2

OMP_NUM_THREADS=1 python profileForward.py 2 1

------------------------------------------------------------

Exited with exit code 1.

Resource usage summary:

    CPU time :                                   0.68 sec.
    Max Memory :                                 -
    Average Memory :                             -
    Total Requested Memory :                     131072.00 MB
    Delta Memory :                               -
    Max Swap :                                   -
    Max Processes :                              -
    Max Threads :                                -
    Run time :                                   3 sec.
    Turnaround time :                            14778 sec.

The output (if any) is above this job summary.

