Loaded module: gcc/12.3.0-binutils-2.40
Loaded module: cuda/12.2.2
56
56
56
56
56
56
56
56
56
56
56
56
56
56
56
56
56
56
56
56
56
56
56
56
56
56
56
56
56
56
56
56
56
56
56
56
56
56
56
56
56
56
56
56
56
56
56
56
56
56
56
56
56
56
56
56
56
56
56
56
56
56
56
56
56
56
56
56
56
56
56
56
56
56
56
56
56
56
56
56
56
56
56
56
56
56
56
56
56
56
56
56
56
56
56
56
56
56
56
56
56
56
56
56
56
56
56
56
56
56
56
56
56
56
56
56
56
56
56
56
56
56
56
56
56
56
56
56
56
56
56
56
56
56
56
56
56
56
56
56
56
56
56
56
56
56
56
56
56
56
56
56
56
56
56
56
56
56
56
56
56
56
56
56
56
56
56
56
56
56
56
56
56
56
56
56
56
56
56
56
56
56
56
56
56
56
56
56
56
56
56
56
56
56
56
56
56
56
56
56
56
56
56
56
56
56
56
56
56
56
56
56
56
56
56
56
56
56
56
56
56
56
56
56
56
56
56
56
56
56
56
56
56
56
56
56
56
56
56
56
56
56
56
56
56
56
56
56
56
56
56
56
56
56
56
56
56
56
56
56
56
56
56
56
56
56
56
56
56
56
56
56
56
56
56
56
56
56
56
56
56
56
56
56
56
56
56
56
56
56
56
56
56
56
56
56
56
56
56
56

------------------------------------------------------------
Sender: LSF System <lsfadmin@hpc.dtu.dk>
Subject: Job 23491254: <prof->h56> in cluster <dcc> Done

Job <prof->h56> was submitted from host <n-62-11-47> by user <s194146> in cluster <dcc> at Sun Dec 22 15:50:05 2024
Job was executed on host(s) <56*n-62-12-81>, in queue <gpuh100>, as user <s194146> in cluster <dcc> at Mon Dec 23 13:22:15 2024
</zhome/00/b/147112> was used as the home directory.
</zhome/00/b/147112/bioscat/Scripts/main> was used as the working directory.
Started at Mon Dec 23 13:22:15 2024
Terminated at Tue Dec 24 02:25:58 2024
Results reported at Tue Dec 24 02:25:58 2024

Your job looked like:

------------------------------------------------------------
# LSBATCH: User input
#!/bin/bash
#BSUB -J prof->h56 # name
#BSUB -o outfiles/profile_forward_%J.out # output file
#BSUB -q gpuh100
#BSUB -n 56 ## cores
#BSUB -R "rusage[mem=8GB]" 
#BSUB -W 24:00 # useable time in minutes
##BSUB -N # send mail when done
#BSUB -R "span[hosts=1]"
#BSUB -gpu "num=1:mode=exclusive_process"

module load gcc/12.3.0-binutils-2.40
module load cuda/12.2.2

OMP_NUM_THREADS=56 python profileForward.py 2 56

------------------------------------------------------------

Successfully completed.

Resource usage summary:

    CPU time :                                   2446234.00 sec.
    Max Memory :                                 6046 MB
    Average Memory :                             3640.92 MB
    Total Requested Memory :                     458752.00 MB
    Delta Memory :                               452706.00 MB
    Max Swap :                                   -
    Max Processes :                              4
    Max Threads :                                64
    Run time :                                   47022 sec.
    Turnaround time :                            124553 sec.

The output (if any) is above this job summary.

