Loaded module: gcc/12.3.0-binutils-2.40
Loaded module: cuda/12.2.2
1
1
1
1
1
1
1
1
1
1
1
1
1
1
1
1
1
1
1
1
1
1
1
1

------------------------------------------------------------
Sender: LSF System <lsfadmin@hpc.dtu.dk>
Subject: Job 23496124: <prof->h01> in cluster <dcc> Done

Job <prof->h01> was submitted from host <hpclogin1> by user <s194146> in cluster <dcc> at Wed Dec 25 22:52:33 2024
Job was executed on host(s) <16*n-62-12-81>, in queue <gpuh100>, as user <s194146> in cluster <dcc> at Wed Dec 25 22:52:35 2024
</zhome/00/b/147112> was used as the home directory.
</zhome/00/b/147112/bioscat/Scripts/main> was used as the working directory.
Started at Wed Dec 25 22:52:35 2024
Terminated at Thu Dec 26 13:43:15 2024
Results reported at Thu Dec 26 13:43:15 2024

Your job looked like:

------------------------------------------------------------
# LSBATCH: User input
#!/bin/bash
#BSUB -J prof->h01 # name
#BSUB -o outfiles/profile_forward_%J.out # output file
#BSUB -q gpuh100
#BSUB -n 16 ## cores
#BSUB -R "rusage[mem=8GB]" 
#BSUB -W 24:00 # useable time in minutes
##BSUB -N # send mail when done
#BSUB -R "span[hosts=1]"
#BSUB -gpu "num=1:mode=exclusive_process"

module load gcc/12.3.0-binutils-2.40
module load cuda/12.2.2

OMP_NUM_THREADS=1 python profileForward.py 2 1

------------------------------------------------------------

Successfully completed.

Resource usage summary:

    CPU time :                                   54812.00 sec.
    Max Memory :                                 1178 MB
    Average Memory :                             731.74 MB
    Total Requested Memory :                     131072.00 MB
    Delta Memory :                               129894.00 MB
    Max Swap :                                   -
    Max Processes :                              4
    Max Threads :                                9
    Run time :                                   53483 sec.
    Turnaround time :                            53442 sec.

The output (if any) is above this job summary.

