Loaded module: gcc/12.3.0-binutils-2.40
Loaded module: cuda/12.2.2
40
40
40
40
40
40
40
40
40
40
40
40
40
40
40
40
40
40
40
40

------------------------------------------------------------
Sender: LSF System <lsfadmin@hpc.dtu.dk>
Subject: Job 23496664: <prof->h40> in cluster <dcc> Done

Job <prof->h40> was submitted from host <n-62-11-47> by user <s194146> in cluster <dcc> at Fri Dec 27 12:30:21 2024
Job was executed on host(s) <40*n-62-12-81>, in queue <gpuh100>, as user <s194146> in cluster <dcc> at Fri Dec 27 14:09:24 2024
</zhome/00/b/147112> was used as the home directory.
</zhome/00/b/147112/bioscat/Scripts/main> was used as the working directory.
Started at Fri Dec 27 14:09:24 2024
Terminated at Fri Dec 27 15:51:10 2024
Results reported at Fri Dec 27 15:51:10 2024

Your job looked like:

------------------------------------------------------------
# LSBATCH: User input
#!/bin/bash
#BSUB -J prof->h40 # name
#BSUB -o outfiles/profile_forward_%J.out # output file
#BSUB -q gpuh100
#BSUB -n 40 ## cores
#BSUB -R "rusage[mem=8GB]" 
#BSUB -W 24:00 # useable time in minutes
##BSUB -N # send mail when done
#BSUB -R "span[hosts=1]"
#BSUB -gpu "num=1:mode=exclusive_process"

module load gcc/12.3.0-binutils-2.40
module load cuda/12.2.2

OMP_NUM_THREADS=40 python profileForward.py 2 40

------------------------------------------------------------

Successfully completed.

Resource usage summary:

    CPU time :                                   223326.00 sec.
    Max Memory :                                 1211 MB
    Average Memory :                             850.47 MB
    Total Requested Memory :                     327680.00 MB
    Delta Memory :                               326469.00 MB
    Max Swap :                                   -
    Max Processes :                              4
    Max Threads :                                48
    Run time :                                   6107 sec.
    Turnaround time :                            12049 sec.

The output (if any) is above this job summary.

