Loaded module: gcc/12.3.0-binutils-2.40
Loaded module: cuda/12.2.2

------------------------------------------------------------
Sender: LSF System <lsfadmin@hpc.dtu.dk>
Subject: Job 23491246: <prof->d> in cluster <dcc> Done

Job <prof->d> was submitted from host <n-62-11-47> by user <s194146> in cluster <dcc> at Sun Dec 22 15:48:58 2024
Job was executed on host(s) <4*n-62-12-88>, in queue <gpuh100>, as user <s194146> in cluster <dcc> at Sun Dec 22 15:49:00 2024
</zhome/00/b/147112> was used as the home directory.
</zhome/00/b/147112/bioscat/Scripts/main> was used as the working directory.
Started at Sun Dec 22 15:49:00 2024
Terminated at Sun Dec 22 22:52:11 2024
Results reported at Sun Dec 22 22:52:11 2024

Your job looked like:

------------------------------------------------------------
# LSBATCH: User input
#!/bin/bash
#BSUB -J prof->d # name
#BSUB -o outfiles/profile_forward_%J.out # output file
#BSUB -q gpuh100
#BSUB -n 4 ## cores
#BSUB -R "rusage[mem=8GB]" 
#BSUB -W 24:00 # useable time in minutes
##BSUB -N # send mail when done
#BSUB -R "span[hosts=1]"
#BSUB -gpu "num=1:mode=exclusive_process"

module load gcc/12.3.0-binutils-2.40
module load cuda/12.2.2

python profileForward.py 1
------------------------------------------------------------

Successfully completed.

Resource usage summary:

    CPU time :                                   31271.00 sec.
    Max Memory :                                 332 MB
    Average Memory :                             240.04 MB
    Total Requested Memory :                     32768.00 MB
    Delta Memory :                               32436.00 MB
    Max Swap :                                   -
    Max Processes :                              4
    Max Threads :                                9
    Run time :                                   25410 sec.
    Turnaround time :                            25393 sec.

The output (if any) is above this job summary.

