Loaded module: gcc/12.3.0-binutils-2.40
Loaded module: cuda/12.2.2
48
48
48
48
48
48
48
48
48
48
48
48
48
48
48
48
48
48
48
48

------------------------------------------------------------
Sender: LSF System <lsfadmin@hpc.dtu.dk>
Subject: Job 23496665: <prof->h48> in cluster <dcc> Done

Job <prof->h48> was submitted from host <n-62-11-47> by user <s194146> in cluster <dcc> at Fri Dec 27 12:30:23 2024
Job was executed on host(s) <48*n-62-12-89>, in queue <gpuh100>, as user <s194146> in cluster <dcc> at Fri Dec 27 14:50:25 2024
</zhome/00/b/147112> was used as the home directory.
</zhome/00/b/147112/bioscat/Scripts/main> was used as the working directory.
Started at Fri Dec 27 14:50:25 2024
Terminated at Fri Dec 27 16:33:11 2024
Results reported at Fri Dec 27 16:33:11 2024

Your job looked like:

------------------------------------------------------------
# LSBATCH: User input
#!/bin/bash
#BSUB -J prof->h48 # name
#BSUB -o outfiles/profile_forward_%J.out # output file
#BSUB -q gpuh100
#BSUB -n 48 ## cores
#BSUB -R "rusage[mem=8GB]" 
#BSUB -W 24:00 # useable time in minutes
##BSUB -N # send mail when done
#BSUB -R "span[hosts=1]"
#BSUB -gpu "num=1:mode=exclusive_process"

module load gcc/12.3.0-binutils-2.40
module load cuda/12.2.2

OMP_NUM_THREADS=48 python profileForward.py 2 48
------------------------------------------------------------

Successfully completed.

Resource usage summary:

    CPU time :                                   262654.00 sec.
    Max Memory :                                 1231 MB
    Average Memory :                             864.22 MB
    Total Requested Memory :                     393216.00 MB
    Delta Memory :                               391985.00 MB
    Max Swap :                                   -
    Max Processes :                              4
    Max Threads :                                56
    Run time :                                   6275 sec.
    Turnaround time :                            14568 sec.

The output (if any) is above this job summary.

