ERROR: Unable to locate a modulefile for 'gcc/12.3.0-binutils-2.40'
ERROR: Unable to locate a modulefile for 'cuda/12.2.2'
Traceback (most recent call last):
  File "/zhome/00/b/147112/bioscat/Scripts/main/profileForward.py", line 68, in <module>
    executeProfileForward(total_grid_points=total_grid_points,obs_grid=obs_grid,deviceComputation=deviceComputation)
  File "/zhome/00/b/147112/bioscat/Scripts/main/profileForward.py", line 37, in executeProfileForward
    c_func = ctypes.CDLL(so_file)
  File "/usr/lib64/python3.9/ctypes/__init__.py", line 374, in __init__
    self._handle = _dlopen(self._name, mode)
OSError: libcusolver.so.11: cannot open shared object file: No such file or directory

------------------------------------------------------------
Sender: LSF System <lsfadmin@hpc.dtu.dk>
Subject: Job 23497210: <prof->h64> in cluster <dcc> Exited

Job <prof->h64> was submitted from host <hpclogin1> by user <s194146> in cluster <dcc> at Sat Dec 28 14:27:17 2024
Job was executed on host(s) <64*n-62-12-81>, in queue <gpuh100>, as user <s194146> in cluster <dcc> at Sun Dec 29 03:05:16 2024
</zhome/00/b/147112> was used as the home directory.
</zhome/00/b/147112/bioscat/Scripts/main> was used as the working directory.
Started at Sun Dec 29 03:05:16 2024
Terminated at Sun Dec 29 03:05:18 2024
Results reported at Sun Dec 29 03:05:18 2024

Your job looked like:

------------------------------------------------------------
# LSBATCH: User input
#!/bin/bash
#BSUB -J prof->h64 # name
#BSUB -o outfiles/profile_forward_%J.out # output file
#BSUB -q gpuh100
#BSUB -n 64 ## cores
#BSUB -R "rusage[mem=8GB]" 
#BSUB -W 24:00 # useable time in minutes
##BSUB -N # send mail when done
#BSUB -R "span[hosts=1]"
#BSUB -gpu "num=1:mode=exclusive_process"

module load gcc/12.3.0-binutils-2.40
module load cuda/12.2.2

OMP_NUM_THREADS=64 python profileForward.py 2 64

------------------------------------------------------------

Exited with exit code 1.

Resource usage summary:

    CPU time :                                   1.14 sec.
    Max Memory :                                 -
    Average Memory :                             -
    Total Requested Memory :                     524288.00 MB
    Delta Memory :                               -
    Max Swap :                                   -
    Max Processes :                              -
    Max Threads :                                -
    Run time :                                   2 sec.
    Turnaround time :                            45481 sec.

The output (if any) is above this job summary.

