Loaded module: gcc/12.3.0-binutils-2.40
Loaded module: cuda/12.2.2
8
8
8
Terminated

------------------------------------------------------------
Sender: LSF System <lsfadmin@hpc.dtu.dk>
Subject: Job 23496649: <prof->h08> in cluster <dcc> Exited

Job <prof->h08> was submitted from host <n-62-11-47> by user <s194146> in cluster <dcc> at Fri Dec 27 12:21:50 2024
Job was executed on host(s) <8*n-62-12-88>, in queue <gpuh100>, as user <s194146> in cluster <dcc> at Fri Dec 27 12:21:50 2024
</zhome/00/b/147112> was used as the home directory.
</zhome/00/b/147112/bioscat/Scripts/main> was used as the working directory.
Started at Fri Dec 27 12:21:50 2024
Terminated at Fri Dec 27 12:29:24 2024
Results reported at Fri Dec 27 12:29:24 2024

Your job looked like:

------------------------------------------------------------
# LSBATCH: User input
#!/bin/bash
#BSUB -J prof->h08 # name
#BSUB -o outfiles/profile_forward_%J.out # output file
#BSUB -q gpuh100
#BSUB -n 8 ## cores
#BSUB -R "rusage[mem=8GB]" 
#BSUB -W 24:00 # useable time in minutes
##BSUB -N # send mail when done
#BSUB -R "span[hosts=1]"
#BSUB -gpu "num=1:mode=exclusive_process"

module load gcc/12.3.0-binutils-2.40
module load cuda/12.2.2

OMP_NUM_THREADS=8 python profileForward.py 2 8

------------------------------------------------------------

TERM_OWNER: job killed by owner.
Exited with exit code 143.

Resource usage summary:

    CPU time :                                   3320.00 sec.
    Max Memory :                                 260 MB
    Average Memory :                             229.83 MB
    Total Requested Memory :                     65536.00 MB
    Delta Memory :                               65276.00 MB
    Max Swap :                                   -
    Max Processes :                              4
    Max Threads :                                16
    Run time :                                   528 sec.
    Turnaround time :                            454 sec.

The output (if any) is above this job summary.

